2018-08-30 02:13:15 notify
2018-08-30 02:13:15 trade_status=TRADE_SUCCESS
2018-08-30 02:13:15 out_order_no=76086120180830021154
2018-08-30 02:13:15 total_fee=5.00
2018-08-30 02:13:15 pay_type=zfbh5
2018-08-30 02:13:15 sign=8d9d0ca169a08828c709979059b3fbe4
2018-08-30 02:13:15 trade_no=M2018083095151583188
2018-08-30 02:13:15 signtext=760861201808300211545.00TRADE_SUCCESS5338500136217969VnT8sIUd2xXP5WpcddMrA47vIeybIg5
2018-08-30 02:13:15 mysign=8d9d0ca169a08828c709979059b3fbe4
2018-08-30 02:13:15 successat 1
2018-08-30 02:13:17 trade_status=TRADE_SUCCESS
2018-08-30 02:13:17 out_order_no=76086120180830021154
2018-08-30 02:13:17 total_fee=5.00
2018-08-30 02:13:17 sign=8d9d0ca169a08828c709979059b3fbe4
2018-08-30 02:13:17 trade_no=M2018083095151583188
2018-08-30 02:13:17 pay_type=zfbh5
2018-08-30 02:13:17 signtext=760861201808300211545.00TRADE_SUCCESS5338500136217969VnT8sIUd2xXP5WpcddMrA47vIeybIg5
2018-08-30 02:13:17 mysign=8d9d0ca169a08828c709979059b3fbe4
2018-08-30 02:14:17 trade_status=TRADE_SUCCESS
2018-08-30 02:14:17 out_order_no=76086120180830021154
2018-08-30 02:14:17 total_fee=5.00
2018-08-30 02:14:17 sign=8d9d0ca169a08828c709979059b3fbe4
2018-08-30 02:14:17 trade_no=M2018083095151583188
2018-08-30 02:14:17 pay_type=zfbh5
2018-08-30 02:14:17 signtext=760861201808300211545.00TRADE_SUCCESS5338500136217969VnT8sIUd2xXP5WpcddMrA47vIeybIg5
2018-08-30 02:14:17 mysign=8d9d0ca169a08828c709979059b3fbe4
2018-08-30 02:14:17 trade_status=TRADE_SUCCESS
2018-08-30 02:14:17 out_order_no=76086120180830021154
2018-08-30 02:14:17 total_fee=5.00
2018-08-30 02:14:17 sign=8d9d0ca169a08828c709979059b3fbe4
2018-08-30 02:14:17 trade_no=M2018083095151583188
2018-08-30 02:14:17 pay_type=zfbh5
2018-08-30 02:14:17 signtext=760861201808300211545.00TRADE_SUCCESS5338500136217969VnT8sIUd2xXP5WpcddMrA47vIeybIg5
2018-08-30 02:14:17 mysign=8d9d0ca169a08828c709979059b3fbe4
2018-08-30 02:24:20 notify
2018-08-30 02:24:20 trade_status=TRADE_SUCCESS
2018-08-30 02:24:20 out_order_no=76086120180830021154
2018-08-30 02:24:20 total_fee=5.00
2018-08-30 02:24:20 pay_type=zfbh5
2018-08-30 02:24:20 sign=8d9d0ca169a08828c709979059b3fbe4
2018-08-30 02:24:20 trade_no=M2018083095151583188
2018-08-30 02:24:20 signtext=760861201808300211545.00TRADE_SUCCESS5338500136217969VnT8sIUd2xXP5WpcddMrA47vIeybIg5
2018-08-30 02:24:20 mysign=8d9d0ca169a08828c709979059b3fbe4
2018-08-30 02:24:20 successat 0
