2018-07-16 23:43:31 notify
2018-07-16 23:43:31 request方法
2018-07-16 23:43:31 memberid=10083
2018-07-16 23:43:31 orderid=90882720180717114313
2018-07-16 23:43:31 transaction_id=20180717114314505350
2018-07-16 23:43:31 amount=1.0000
2018-07-16 23:43:31 datetime=20180717114331
2018-07-16 23:43:31 returncode=00
2018-07-16 23:43:31 sign=EFF93C2BC3F5198B57CBC6F129D29A15
2018-07-16 23:43:31 attach=
2018-07-16 23:43:31 post方法
2018-07-16 23:43:31 memberid=10083
2018-07-16 23:43:31 orderid=90882720180717114313
2018-07-16 23:43:31 transaction_id=20180717114314505350
2018-07-16 23:43:31 amount=1.0000
2018-07-16 23:43:31 datetime=20180717114331
2018-07-16 23:43:31 returncode=00
2018-07-16 23:43:31 sign=EFF93C2BC3F5198B57CBC6F129D29A15
2018-07-16 23:43:31 attach=
2018-07-16 23:43:31 input方法
2018-07-16 23:43:31 memberid=10083&orderid=90882720180717114313&transaction_id=20180717114314505350&amount=1.0000&datetime=20180717114331&returncode=00&sign=EFF93C2BC3F5198B57CBC6F129D29A15&attach=
2018-07-16 23:43:31 memberid=10083
2018-07-16 23:43:31 orderid=90882720180717114313
2018-07-16 23:43:31 transaction_id=20180717114314505350
2018-07-16 23:43:31 amount=1.0000
2018-07-16 23:43:31 datetime=20180717114331
2018-07-16 23:43:31 returncode=00
2018-07-16 23:43:31 sign=EFF93C2BC3F5198B57CBC6F129D29A15
2018-07-16 23:43:31 attach=
2018-07-16 23:43:31 signtext=amount=1.0000&datetime=20180717114331&memberid=10083&orderid=90882720180717114313&returncode=00&transaction_id=20180717114314505350&key=h5e2cs46om9nvc4gtf90es7ef6c8u1de
2018-07-16 23:43:31 mysign=EFF93C2BC3F5198B57CBC6F129D29A15
2018-07-16 23:43:31 okat 1
2018-07-16 23:43:32 notify
2018-07-16 23:43:32 request方法
2018-07-16 23:43:32 memberid=10083
2018-07-16 23:43:32 orderid=90882720180717114313
2018-07-16 23:43:32 transaction_id=20180717114314505350
2018-07-16 23:43:32 amount=1.0000
2018-07-16 23:43:32 datetime=20180717114331
2018-07-16 23:43:32 returncode=00
2018-07-16 23:43:32 sign=EFF93C2BC3F5198B57CBC6F129D29A15
2018-07-16 23:43:32 attach=
2018-07-16 23:43:32 post方法
2018-07-16 23:43:32 memberid=10083
2018-07-16 23:43:32 orderid=90882720180717114313
2018-07-16 23:43:32 transaction_id=20180717114314505350
2018-07-16 23:43:32 amount=1.0000
2018-07-16 23:43:32 datetime=20180717114331
2018-07-16 23:43:32 returncode=00
2018-07-16 23:43:32 sign=EFF93C2BC3F5198B57CBC6F129D29A15
2018-07-16 23:43:32 attach=
2018-07-16 23:43:32 input方法
2018-07-16 23:43:32 memberid=10083&orderid=90882720180717114313&transaction_id=20180717114314505350&amount=1.0000&datetime=20180717114331&returncode=00&sign=EFF93C2BC3F5198B57CBC6F129D29A15&attach=
2018-07-16 23:43:32 memberid=10083
2018-07-16 23:43:32 orderid=90882720180717114313
2018-07-16 23:43:32 transaction_id=20180717114314505350
2018-07-16 23:43:32 amount=1.0000
2018-07-16 23:43:32 datetime=20180717114331
2018-07-16 23:43:32 returncode=00
2018-07-16 23:43:32 sign=EFF93C2BC3F5198B57CBC6F129D29A15
2018-07-16 23:43:32 attach=
2018-07-16 23:43:32 signtext=amount=1.0000&datetime=20180717114331&memberid=10083&orderid=90882720180717114313&returncode=00&transaction_id=20180717114314505350&key=h5e2cs46om9nvc4gtf90es7ef6c8u1de
2018-07-16 23:43:32 mysign=EFF93C2BC3F5198B57CBC6F129D29A15
2018-07-16 23:43:32 okat 0
2018-07-16 23:43:45 return
2018-07-16 23:43:45 return:memberid=10083
2018-07-16 23:43:45 return:orderid=90882720180717114313
2018-07-16 23:43:45 return:transaction_id=20180717114314505350
2018-07-16 23:43:45 return:amount=1.0000
2018-07-16 23:43:45 return:datetime=20180717114345
2018-07-16 23:43:45 return:returncode=00
2018-07-16 23:43:45 return:sign=E37E8EC1835172C80A728A6506A5BB13
2018-07-16 23:43:45 return:attach=
2018-07-16 23:43:45 return:signtext=amount=1.0000&datetime=20180717114345&memberid=10083&orderid=90882720180717114313&returncode=00&transaction_id=20180717114314505350&key=h5e2cs46om9nvc4gtf90es7ef6c8u1de
2018-07-16 23:43:45 return:mysign=E37E8EC1835172C80A728A6506A5BB13
