2018-07-16 02:13:58 request方法
2018-07-16 02:13:58 success=true
2018-07-16 02:13:58 orderNumber=84907620180716141307
2018-07-16 02:13:58 money=1
2018-07-16 02:13:58 payDate=1531721636000
2018-07-16 02:13:58 signature=2C97E9F7F6B6F241232134146268830B
2018-07-16 02:13:58 post方法
2018-07-16 02:13:58 success=true
2018-07-16 02:13:58 orderNumber=84907620180716141307
2018-07-16 02:13:58 money=1
2018-07-16 02:13:58 payDate=1531721636000
2018-07-16 02:13:58 signature=2C97E9F7F6B6F241232134146268830B
2018-07-16 02:13:58 input方法
2018-07-16 02:13:58 success=true&orderNumber=84907620180716141307&money=1&payDate=1531721636000&signature=2C97E9F7F6B6F241232134146268830B
2018-07-16 02:13:58 success=true
2018-07-16 02:13:58 orderNumber=84907620180716141307
2018-07-16 02:13:58 money=1
2018-07-16 02:13:58 payDate=1531721636000
2018-07-16 02:13:58 signature=2C97E9F7F6B6F241232134146268830B
2018-07-16 02:13:58 =========
2018-07-16 02:13:58 signtext===true&84907620180716141307&1&1531721636000&FA3D573629D6FD2B66407B45AE787FC3
2018-07-16 02:13:58 mysign===2C97E9F7F6B6F241232134146268830B
2018-07-16 02:13:58 SUCCESSat 1
