2018-09-11 05:33:59 request方法
2018-09-11 05:33:59 orderPrice=5.00
2018-09-11 05:33:59 orderTime=20180911053331
2018-09-11 05:33:59 outTradeNo=70114420180911053331
2018-09-11 05:33:59 payKey=24b2deba13a542ecb75a66901db099e4
2018-09-11 05:33:59 productName=productName
2018-09-11 05:33:59 productType=20000303
2018-09-11 05:33:59 successTime=20180911173358
2018-09-11 05:33:59 tradeStatus=SUCCESS
2018-09-11 05:33:59 trxNo=SF77772018091110302408
2018-09-11 05:33:59 sign=8B7CEC11053E7227F0C32CADA4BE8E92
2018-09-11 05:33:59 post方法
2018-09-11 05:33:59 input方法
2018-09-11 05:33:59 
2018-09-11 05:33:59 orderPrice=5.00
2018-09-11 05:33:59 orderTime=20180911053331
2018-09-11 05:33:59 outTradeNo=70114420180911053331
2018-09-11 05:33:59 payKey=24b2deba13a542ecb75a66901db099e4
2018-09-11 05:33:59 productName=productName
2018-09-11 05:33:59 productType=20000303
2018-09-11 05:33:59 successTime=20180911173358
2018-09-11 05:33:59 tradeStatus=SUCCESS
2018-09-11 05:33:59 trxNo=SF77772018091110302408
2018-09-11 05:33:59 sign=8B7CEC11053E7227F0C32CADA4BE8E92
2018-09-11 05:33:59 signtext=orderPrice=5.00&orderTime=20180911053331&outTradeNo=70114420180911053331&payKey=24b2deba13a542ecb75a66901db099e4&productName=productName&productType=20000303&successTime=20180911173358&tradeStatus=SUCCESS&trxNo=SF77772018091110302408&paySecret=3506c6d3fdbc40bd9fb66f0c1f522f04
2018-09-11 05:33:59 mysign=8B7CEC11053E7227F0C32CADA4BE8E92
2018-09-11 05:33:59 SUCCESSat 1
