2018-06-20 22:41:32 return--------------------------------------------------------------
2018-06-20 22:41:32 request方法
2018-06-20 22:41:32 status=success
2018-06-20 22:41:32 shid=10000001
2018-06-20 22:41:32 bb=1.0
2018-06-20 22:41:32 zftd=alapi
2018-06-20 22:41:32 ddh=47573220180620224100
2018-06-20 22:41:32 je=0.100
2018-06-20 22:41:32 ddmc=unicorn
2018-06-20 22:41:32 ddbz=itssofluffy
2018-06-20 22:41:32 ybtz=http://pay7.5566205.com/pay/yinshang/notify_url.php
2018-06-20 22:41:32 tbtz=http://pay7.5566205.com/pay/yinshang/return_url.php
2018-06-20 22:41:32 sign=ac26e82094ec1dcb4e11375300f514ec
2018-06-20 22:41:32 post方法
2018-06-20 22:41:32 status=success
2018-06-20 22:41:32 shid=10000001
2018-06-20 22:41:32 bb=1.0
2018-06-20 22:41:32 zftd=alapi
2018-06-20 22:41:32 ddh=47573220180620224100
2018-06-20 22:41:32 je=0.100
2018-06-20 22:41:32 ddmc=unicorn
2018-06-20 22:41:32 ddbz=itssofluffy
2018-06-20 22:41:32 ybtz=http://pay7.5566205.com/pay/yinshang/notify_url.php
2018-06-20 22:41:32 tbtz=http://pay7.5566205.com/pay/yinshang/return_url.php
2018-06-20 22:41:32 sign=ac26e82094ec1dcb4e11375300f514ec
2018-06-20 22:41:32 input方法
2018-06-20 22:41:32 
2018-06-20 22:41:32 status=success
2018-06-20 22:41:32 shid=10000001
2018-06-20 22:41:32 bb=1.0
2018-06-20 22:41:32 zftd=alapi
2018-06-20 22:41:32 ddh=47573220180620224100
2018-06-20 22:41:32 je=0.100
2018-06-20 22:41:32 ddmc=unicorn
2018-06-20 22:41:32 ddbz=itssofluffy
2018-06-20 22:41:32 ybtz=http://pay7.5566205.com/pay/yinshang/notify_url.php
2018-06-20 22:41:32 tbtz=http://pay7.5566205.com/pay/yinshang/return_url.php
2018-06-20 22:41:32 sign=ac26e82094ec1dcb4e11375300f514ec
2018-06-20 22:41:32 signtext=status=success&shid=10000001&bb=1.0&zftd=alapi&ddh=47573220180620224100&je=0.100&ddmc=unicorn&ddbz=itssofluffy&ybtz=http://pay7.5566205.com/pay/yinshang/notify_url.php&tbtz=http://pay7.5566205.com/pay/yinshang/return_url.php&z89mu331vh9jxhxeojy4o0w1okpe168c9w0q91t4
2018-06-20 22:41:32 mysign=ac26e82094ec1dcb4e11375300f514ec
2018-06-20 22:41:32 success at 1
