2018-08-30 02:31:10 notify
2018-08-30 02:31:10 trade_status=TRADE_SUCCESS
2018-08-30 02:31:10 out_order_no=37150620180830022834
2018-08-30 02:31:10 total_fee=5.00
2018-08-30 02:31:10 pay_type=zfbh5
2018-08-30 02:31:10 sign=95af63c1d62d3871ccb3f64b3a208a80
2018-08-30 02:31:10 trade_no=M2018083005147697949
2018-08-30 02:31:10 signtext=371506201808300228345.00TRADE_SUCCESS5338500136217969VnT8sIUd2xXP5WpcddMrA47vIeybIg5
2018-08-30 02:31:10 mysign=95af63c1d62d3871ccb3f64b3a208a80
2018-08-30 02:31:10 successat 1
2018-08-30 02:31:12 trade_status=TRADE_SUCCESS
2018-08-30 02:31:12 out_order_no=37150620180830022834
2018-08-30 02:31:12 total_fee=5.00
2018-08-30 02:31:12 sign=95af63c1d62d3871ccb3f64b3a208a80
2018-08-30 02:31:12 trade_no=M2018083005147697949
2018-08-30 02:31:12 pay_type=zfbh5
2018-08-30 02:31:12 signtext=371506201808300228345.00TRADE_SUCCESS5338500136217969VnT8sIUd2xXP5WpcddMrA47vIeybIg5
2018-08-30 02:31:12 mysign=95af63c1d62d3871ccb3f64b3a208a80
2018-08-30 02:32:12 trade_status=TRADE_SUCCESS
2018-08-30 02:32:12 out_order_no=37150620180830022834
2018-08-30 02:32:12 total_fee=5.00
2018-08-30 02:32:12 sign=95af63c1d62d3871ccb3f64b3a208a80
2018-08-30 02:32:12 trade_no=M2018083005147697949
2018-08-30 02:32:12 pay_type=zfbh5
2018-08-30 02:32:12 signtext=371506201808300228345.00TRADE_SUCCESS5338500136217969VnT8sIUd2xXP5WpcddMrA47vIeybIg5
2018-08-30 02:32:12 mysign=95af63c1d62d3871ccb3f64b3a208a80
2018-08-30 02:32:13 trade_status=TRADE_SUCCESS
2018-08-30 02:32:13 out_order_no=37150620180830022834
2018-08-30 02:32:13 total_fee=5.00
2018-08-30 02:32:13 sign=95af63c1d62d3871ccb3f64b3a208a80
2018-08-30 02:32:13 trade_no=M2018083005147697949
2018-08-30 02:32:13 pay_type=zfbh5
2018-08-30 02:32:13 signtext=371506201808300228345.00TRADE_SUCCESS5338500136217969VnT8sIUd2xXP5WpcddMrA47vIeybIg5
2018-08-30 02:32:13 mysign=95af63c1d62d3871ccb3f64b3a208a80
