2018-06-30 05:16:21 -----return
2018-06-30 05:16:21 partner=880014-----return
2018-06-30 05:16:21 ordernumber=47547920180630171542-----return
2018-06-30 05:16:21 orderstatus=1-----return
2018-06-30 05:16:21 paymoney=1.010-----return
2018-06-30 05:16:21 sysnumber=mb180630171520000-----return
2018-06-30 05:16:21 attach=-----return
2018-06-30 05:16:21 sign=820f4f339cfa85fcbd9552e95be2769c-----return
2018-06-30 05:16:21 signtext=partner=880014&ordernumber=47547920180630171542&orderstatus=1&paymoney=1.010f97cdd73c13cc8445b3dcdab8916b4af-----return
2018-06-30 05:16:21 mysign=820f4f339cfa85fcbd9552e95be2769c-----return
2018-06-30 05:16:25 request方法
2018-06-30 05:16:25 partner=880014
2018-06-30 05:16:25 ordernumber=47547920180630171542
2018-06-30 05:16:25 orderstatus=1
2018-06-30 05:16:25 paymoney=1.010
2018-06-30 05:16:25 sysnumber=mb180630171520000
2018-06-30 05:16:25 attach=
2018-06-30 05:16:25 sign=820f4f339cfa85fcbd9552e95be2769c
2018-06-30 05:16:25 post方法
2018-06-30 05:16:25 input方法
2018-06-30 05:16:25 
2018-06-30 05:16:25 partner=880014
2018-06-30 05:16:25 ordernumber=47547920180630171542
2018-06-30 05:16:25 orderstatus=1
2018-06-30 05:16:25 paymoney=1.010
2018-06-30 05:16:25 sysnumber=mb180630171520000
2018-06-30 05:16:25 attach=
2018-06-30 05:16:25 sign=820f4f339cfa85fcbd9552e95be2769c
2018-06-30 05:16:25 signtext=partner=880014&ordernumber=47547920180630171542&orderstatus=1&paymoney=1.010f97cdd73c13cc8445b3dcdab8916b4af
2018-06-30 05:16:25 mysign=820f4f339cfa85fcbd9552e95be2769c
2018-06-30 05:16:25 okat 0
