2018-07-07 03:48:26 request方法
2018-07-07 03:48:26 sign=611552b4db9c0a14173122c660027897
2018-07-07 03:48:26 result=S
2018-07-07 03:48:26 order_amount=1.00
2018-07-07 03:48:26 merchant_no=155805000019
2018-07-07 03:48:26 upstream_settle=0
2018-07-07 03:48:26 trace_id=3910330
2018-07-07 03:48:26 reserve=reserve
2018-07-07 03:48:26 original_amount=1.00
2018-07-07 03:48:26 pay_time=20180707154831
2018-07-07 03:48:26 order_no=77550820180707154709
2018-07-07 03:48:26 post方法
2018-07-07 03:48:26 sign=611552b4db9c0a14173122c660027897
2018-07-07 03:48:26 result=S
2018-07-07 03:48:26 order_amount=1.00
2018-07-07 03:48:26 merchant_no=155805000019
2018-07-07 03:48:26 upstream_settle=0
2018-07-07 03:48:26 trace_id=3910330
2018-07-07 03:48:26 reserve=reserve
2018-07-07 03:48:26 original_amount=1.00
2018-07-07 03:48:26 pay_time=20180707154831
2018-07-07 03:48:26 order_no=77550820180707154709
2018-07-07 03:48:26 input方法
2018-07-07 03:48:26 sign=611552b4db9c0a14173122c660027897&result=S&order_amount=1.00&merchant_no=155805000019&upstream_settle=0&trace_id=3910330&reserve=reserve&original_amount=1.00&pay_time=20180707154831&order_no=77550820180707154709
2018-07-07 03:48:26 sign=611552b4db9c0a14173122c660027897
2018-07-07 03:48:26 result=S
2018-07-07 03:48:26 order_amount=1.00
2018-07-07 03:48:26 merchant_no=155805000019
2018-07-07 03:48:26 upstream_settle=0
2018-07-07 03:48:26 trace_id=3910330
2018-07-07 03:48:26 reserve=reserve
2018-07-07 03:48:26 original_amount=1.00
2018-07-07 03:48:26 pay_time=20180707154831
2018-07-07 03:48:26 order_no=77550820180707154709
2018-07-07 03:48:26 signtext=merchant_no=155805000019&order_no=77550820180707154709&order_amount=1.00&original_amount=1.00&upstream_settle=0&result=S&pay_time=20180707154831&trace_id=3910330&reserve=reserve&key=qaeaeeq2-5t6u-88aa-was1-8806hak8768
2018-07-07 03:48:26 mysign=611552b4db9c0a14173122c660027897
2018-07-07 03:48:26 200at 1
