2018-07-06 06:30:13 request方法
2018-07-06 06:30:13 sign=2e1b8155079377cfec94c3698faa098e
2018-07-06 06:30:13 result=S
2018-07-06 06:30:13 order_amount=1.00
2018-07-06 06:30:13 merchant_no=155805000019
2018-07-06 06:30:13 upstream_settle=0
2018-07-06 06:30:13 trace_id=3856605
2018-07-06 06:30:13 reserve=reserve
2018-07-06 06:30:13 original_amount=1.00
2018-07-06 06:30:13 pay_time=20180706183013
2018-07-06 06:30:13 order_no=34694820180706182903
2018-07-06 06:30:13 post方法
2018-07-06 06:30:13 sign=2e1b8155079377cfec94c3698faa098e
2018-07-06 06:30:13 result=S
2018-07-06 06:30:13 order_amount=1.00
2018-07-06 06:30:13 merchant_no=155805000019
2018-07-06 06:30:13 upstream_settle=0
2018-07-06 06:30:13 trace_id=3856605
2018-07-06 06:30:13 reserve=reserve
2018-07-06 06:30:13 original_amount=1.00
2018-07-06 06:30:13 pay_time=20180706183013
2018-07-06 06:30:13 order_no=34694820180706182903
2018-07-06 06:30:13 input方法
2018-07-06 06:30:13 sign=2e1b8155079377cfec94c3698faa098e&result=S&order_amount=1.00&merchant_no=155805000019&upstream_settle=0&trace_id=3856605&reserve=reserve&original_amount=1.00&pay_time=20180706183013&order_no=34694820180706182903
2018-07-06 06:30:13 sign=2e1b8155079377cfec94c3698faa098e
2018-07-06 06:30:13 result=S
2018-07-06 06:30:13 order_amount=1.00
2018-07-06 06:30:13 merchant_no=155805000019
2018-07-06 06:30:13 upstream_settle=0
2018-07-06 06:30:13 trace_id=3856605
2018-07-06 06:30:13 reserve=reserve
2018-07-06 06:30:13 original_amount=1.00
2018-07-06 06:30:13 pay_time=20180706183013
2018-07-06 06:30:13 order_no=34694820180706182903
2018-07-06 06:30:13 signtext=merchant_no=155805000019&order_no=34694820180706182903&order_amount=1.00&original_amount=1.00&upstream_settle=0&result=S&pay_time=20180706183013&trace_id=3856605&reserve=reserve&key=qaeaeeq2-5t6u-88aa-was1-8806hak8768
2018-07-06 06:30:13 mysign=2e1b8155079377cfec94c3698faa098e
2018-07-06 06:30:13 200at 1
