2018-07-19 23:41:00 request方法
2018-07-19 23:41:00 mch_id=1528537196
2018-07-19 23:41:00 nonce=563d6d4468a84cd5a19798609990fe2f
2018-07-19 23:41:00 out_trade_no=53963320180720111108
2018-07-19 23:41:00 pay_time=20180720111157
2018-07-19 23:41:00 platform_trade_no=TA20180720111109195342
2018-07-19 23:41:00 result_code=SUCCESS
2018-07-19 23:41:00 sign=q+z65BuSYHK5kFHWYv3ZVP4oQqXDmySqpglet/PYiQ4u/PQGnq9rGWGN+mJsxSPgFW7gI/uSmcg4uZ6wqownATkx5zYxcCYLybVhgRoufrtvM3QOMyiXilpLzT3OnJaXOlAbD9EBWTMICv06xBw88ZFJ1oBM9p8UVn3hpsFBPKasrIaf/6LJxJBXdnP2mKcPVipY0Ut/bRRN8qPa5RSd1nEVPwvCVhAqTKfRe0Lq3QkLXfqPBdc20ict/f/cb/9BC5zTm2FAGdcJf6MyMPCk4rmovQHgcZO319P5Huq1F3SS+gdHsAtRhf/2JKwNfXAXVwWTN8KUMK2lDuSdEC/nqA==
2018-07-19 23:41:00 timestamp=1532058059
2018-07-19 23:41:00 total_fee=1000
2018-07-19 23:41:00 trade_no=0301180720000560208356047
2018-07-19 23:41:00 trade_type=QQSCAN
2018-07-19 23:41:00 post方法
2018-07-19 23:41:00 mch_id=1528537196
2018-07-19 23:41:00 nonce=563d6d4468a84cd5a19798609990fe2f
2018-07-19 23:41:00 out_trade_no=53963320180720111108
2018-07-19 23:41:00 pay_time=20180720111157
2018-07-19 23:41:00 platform_trade_no=TA20180720111109195342
2018-07-19 23:41:00 result_code=SUCCESS
2018-07-19 23:41:00 sign=q+z65BuSYHK5kFHWYv3ZVP4oQqXDmySqpglet/PYiQ4u/PQGnq9rGWGN+mJsxSPgFW7gI/uSmcg4uZ6wqownATkx5zYxcCYLybVhgRoufrtvM3QOMyiXilpLzT3OnJaXOlAbD9EBWTMICv06xBw88ZFJ1oBM9p8UVn3hpsFBPKasrIaf/6LJxJBXdnP2mKcPVipY0Ut/bRRN8qPa5RSd1nEVPwvCVhAqTKfRe0Lq3QkLXfqPBdc20ict/f/cb/9BC5zTm2FAGdcJf6MyMPCk4rmovQHgcZO319P5Huq1F3SS+gdHsAtRhf/2JKwNfXAXVwWTN8KUMK2lDuSdEC/nqA==
2018-07-19 23:41:00 timestamp=1532058059
2018-07-19 23:41:00 total_fee=1000
2018-07-19 23:41:00 trade_no=0301180720000560208356047
2018-07-19 23:41:00 trade_type=QQSCAN
2018-07-19 23:41:00 input方法
2018-07-19 23:41:00 mch_id=1528537196&nonce=563d6d4468a84cd5a19798609990fe2f&out_trade_no=53963320180720111108&pay_time=20180720111157&platform_trade_no=TA20180720111109195342&result_code=SUCCESS&sign=q%2Bz65BuSYHK5kFHWYv3ZVP4oQqXDmySqpglet%2FPYiQ4u%2FPQGnq9rGWGN%2BmJsxSPgFW7gI%2FuSmcg4uZ6wqownATkx5zYxcCYLybVhgRoufrtvM3QOMyiXilpLzT3OnJaXOlAbD9EBWTMICv06xBw88ZFJ1oBM9p8UVn3hpsFBPKasrIaf%2F6LJxJBXdnP2mKcPVipY0Ut%2FbRRN8qPa5RSd1nEVPwvCVhAqTKfRe0Lq3QkLXfqPBdc20ict%2Ff%2Fcb%2F9BC5zTm2FAGdcJf6MyMPCk4rmovQHgcZO319P5Huq1F3SS%2BgdHsAtRhf%2F2JKwNfXAXVwWTN8KUMK2lDuSdEC%2FnqA%3D%3D&timestamp=1532058059&total_fee=1000&trade_no=0301180720000560208356047&trade_type=QQSCAN
2018-07-19 23:41:00 mch_id=1528537196
2018-07-19 23:41:00 nonce=563d6d4468a84cd5a19798609990fe2f
2018-07-19 23:41:00 out_trade_no=53963320180720111108
2018-07-19 23:41:00 pay_time=20180720111157
2018-07-19 23:41:00 platform_trade_no=TA20180720111109195342
2018-07-19 23:41:00 result_code=SUCCESS
2018-07-19 23:41:00 sign=q+z65BuSYHK5kFHWYv3ZVP4oQqXDmySqpglet/PYiQ4u/PQGnq9rGWGN+mJsxSPgFW7gI/uSmcg4uZ6wqownATkx5zYxcCYLybVhgRoufrtvM3QOMyiXilpLzT3OnJaXOlAbD9EBWTMICv06xBw88ZFJ1oBM9p8UVn3hpsFBPKasrIaf/6LJxJBXdnP2mKcPVipY0Ut/bRRN8qPa5RSd1nEVPwvCVhAqTKfRe0Lq3QkLXfqPBdc20ict/f/cb/9BC5zTm2FAGdcJf6MyMPCk4rmovQHgcZO319P5Huq1F3SS+gdHsAtRhf/2JKwNfXAXVwWTN8KUMK2lDuSdEC/nqA==
2018-07-19 23:41:00 timestamp=1532058059
2018-07-19 23:41:00 total_fee=1000
2018-07-19 23:41:00 trade_no=0301180720000560208356047
2018-07-19 23:41:00 trade_type=QQSCAN
2018-07-19 23:41:00 signtext=mch_id=1528537196&nonce=563d6d4468a84cd5a19798609990fe2f&out_trade_no=53963320180720111108&pay_time=20180720111157&platform_trade_no=TA20180720111109195342&result_code=SUCCESS&timestamp=1532058059&total_fee=1000&trade_no=0301180720000560208356047&trade_type=QQSCAN
2018-07-19 23:41:00 mysign=a78dc00c1a77380ab2df5e23bc0015e4
2018-07-19 23:41:00 SUCCESSat 1
