2018-07-23 22:07:48 notify
2018-07-23 22:07:48 request方法
2018-07-23 22:07:48 status=0
2018-07-23 22:07:48 uid=874278
2018-07-23 22:07:48 from_order_id=23239520180724100732
2018-07-23 22:07:48 pay_type=3
2018-07-23 22:07:48 money=1.00
2018-07-23 22:07:48 pay_time=2018-07-24 10:07:48
2018-07-23 22:07:48 beizhu=yesOhyes
2018-07-23 22:07:48 sign=8dff7d2aa817200a27f63d4f388a4bf4
2018-07-23 22:07:48 post方法
2018-07-23 22:07:48 status=0
2018-07-23 22:07:48 uid=874278
2018-07-23 22:07:48 from_order_id=23239520180724100732
2018-07-23 22:07:48 pay_type=3
2018-07-23 22:07:48 money=1.00
2018-07-23 22:07:48 pay_time=2018-07-24 10:07:48
2018-07-23 22:07:48 beizhu=yesOhyes
2018-07-23 22:07:48 sign=8dff7d2aa817200a27f63d4f388a4bf4
2018-07-23 22:07:48 input方法
2018-07-23 22:07:48 status=0&uid=874278&from_order_id=23239520180724100732&pay_type=3&money=1.00&pay_time=2018-07-24+10%3A07%3A48&beizhu=yesOhyes&sign=8dff7d2aa817200a27f63d4f388a4bf4
2018-07-23 22:07:48 status=0
2018-07-23 22:07:48 uid=874278
2018-07-23 22:07:48 from_order_id=23239520180724100732
2018-07-23 22:07:48 pay_type=3
2018-07-23 22:07:48 money=1.00
2018-07-23 22:07:48 pay_time=2018-07-24 10:07:48
2018-07-23 22:07:48 beizhu=yesOhyes
2018-07-23 22:07:48 sign=8dff7d2aa817200a27f63d4f388a4bf4
2018-07-23 22:07:48 signtext=beizhu=yesOhyes&from_order_id=23239520180724100732&money=1.00&pay_time=2018-07-24 10:07:48&pay_type=3&status=0&uid=874278&4ebf98e8dbfa59cdc8bfe07d7474477a
2018-07-23 22:07:48 mysign=8dff7d2aa817200a27f63d4f388a4bf4
2018-07-23 22:07:48 SUCCESSat 1
