2018-09-17 22:46:57 notify
2018-09-17 22:46:57 request方法
2018-09-17 22:46:57 amount=1.00
2018-09-17 22:46:57 orderNo=72679420180918104615
2018-09-17 22:46:57 payTime=20180918104657
2018-09-17 22:46:57 accName=hk36990@163.com
2018-09-17 22:46:57 sign=619fe16f34b5ef5c08042df7100210d7
2018-09-17 22:46:57 merchant=158026
2018-09-17 22:46:57 remark=
2018-09-17 22:46:57 accFlag=2
2018-09-17 22:46:57 currentTime=20180918104657
2018-09-17 22:46:57 payType=alipay
2018-09-17 22:46:57 createTime=20180918104616
2018-09-17 22:46:57 systemNo=1041881057537818624
2018-09-17 22:46:57 payFlag=2
2018-09-17 22:46:57 post方法
2018-09-17 22:46:57 amount=1.00
2018-09-17 22:46:57 orderNo=72679420180918104615
2018-09-17 22:46:57 payTime=20180918104657
2018-09-17 22:46:57 accName=hk36990@163.com
2018-09-17 22:46:57 sign=619fe16f34b5ef5c08042df7100210d7
2018-09-17 22:46:57 merchant=158026
2018-09-17 22:46:57 remark=
2018-09-17 22:46:57 accFlag=2
2018-09-17 22:46:57 currentTime=20180918104657
2018-09-17 22:46:57 payType=alipay
2018-09-17 22:46:57 createTime=20180918104616
2018-09-17 22:46:57 systemNo=1041881057537818624
2018-09-17 22:46:57 payFlag=2
2018-09-17 22:46:57 input方法
2018-09-17 22:46:57 amount=1.00&orderNo=72679420180918104615&payTime=20180918104657&accName=hk36990%40163.com&sign=619fe16f34b5ef5c08042df7100210d7&merchant=158026&remark=&accFlag=2&currentTime=20180918104657&payType=alipay&createTime=20180918104616&systemNo=1041881057537818624&payFlag=2
2018-09-17 22:46:57 amount=1.00
2018-09-17 22:46:57 orderNo=72679420180918104615
2018-09-17 22:46:57 payTime=20180918104657
2018-09-17 22:46:57 accName=hk36990@163.com
2018-09-17 22:46:57 sign=619fe16f34b5ef5c08042df7100210d7
2018-09-17 22:46:57 merchant=158026
2018-09-17 22:46:57 remark=
2018-09-17 22:46:57 accFlag=2
2018-09-17 22:46:57 currentTime=20180918104657
2018-09-17 22:46:57 payType=alipay
2018-09-17 22:46:57 createTime=20180918104616
2018-09-17 22:46:57 systemNo=1041881057537818624
2018-09-17 22:46:57 payFlag=2
2018-09-17 22:46:57 signtext=accFlag=2&accName=hk36990@163.com&amount=1.00&createTime=20180918104616&currentTime=20180918104657&merchant=158026&orderNo=72679420180918104615&payFlag=2&payTime=20180918104657&payType=alipay&systemNo=1041881057537818624#f048618ef1504b31bb179374c8d256d2
2018-09-17 22:46:57 mysign=619fe16f34b5ef5c08042df7100210d7
2018-09-17 22:46:57 successat 1
2018-09-17 22:46:58 return:accFlag=2
2018-09-17 22:46:58 return:accName=hk36990@163.com
2018-09-17 22:46:58 return:amount=1.00
2018-09-17 22:46:58 return:createTime=20180918104616
2018-09-17 22:46:58 return:currentTime=20180918104658
2018-09-17 22:46:58 return:merchant=158026
2018-09-17 22:46:58 return:orderNo=72679420180918104615
2018-09-17 22:46:58 return:payFlag=2
2018-09-17 22:46:58 return:payTime=20180918104657
2018-09-17 22:46:58 return:payType=alipay
2018-09-17 22:46:58 return:remark=
2018-09-17 22:46:58 return:systemNo=1041881057537818624
2018-09-17 22:46:58 return:sign=c40621abf867ef87011757d7c1f69054
2018-09-17 22:46:58 signtext=accFlag=2&accName=hk36990@163.com&amount=1.00&createTime=20180918104616&currentTime=20180918104658&merchant=158026&orderNo=72679420180918104615&payFlag=2&payTime=20180918104657&payType=alipay&systemNo=1041881057537818624#f048618ef1504b31bb179374c8d256d2
2018-09-17 22:46:58 mysign=c40621abf867ef87011757d7c1f69054
