2018-07-17 05:46:53 notify
2018-07-17 05:46:53 input方法
2018-07-17 05:46:53 
2018-07-17 05:46:53 request方法
2018-07-17 05:46:53 status=1
2018-07-17 05:46:53 trade_no=2018071717460823523
2018-07-17 05:46:53 out_trade_no=85822820180717174635
2018-07-17 05:46:53 total_amount=1.00
2018-07-17 05:46:53 trade_type=alipaycode
2018-07-17 05:46:53 pay_time=
2018-07-17 05:46:53 sign=0e23e39502df12c624b6a56a60c59cad
2018-07-17 05:46:53 sign_type=MD5
2018-07-17 05:46:53 signtext=out_trade_no=85822820180717174635&status=1&total_amount=1.00&trade_no=2018071717460823523&trade_type=alipaycode&key=606962b49cf5f44d1207845301694d9c40b17ff1
2018-07-17 05:46:53 mysign=0e23e39502df12c624b6a56a60c59cad
2018-07-17 05:46:53 successat 1
2018-07-17 05:47:05 return
2018-07-17 05:47:05 input方法
2018-07-17 05:47:05 
2018-07-17 05:47:05 request方法
2018-07-17 05:47:05 status=1
2018-07-17 05:47:05 trade_no=2018071717460823523
2018-07-17 05:47:05 out_trade_no=85822820180717174635
2018-07-17 05:47:05 total_amount=1.00
2018-07-17 05:47:05 trade_type=alipaycode
2018-07-17 05:47:05 sign=0e23e39502df12c624b6a56a60c59cad
2018-07-17 05:47:05 sign_type=MD5
2018-07-17 05:47:05 signtext=out_trade_no=85822820180717174635&status=1&total_amount=1.00&trade_no=2018071717460823523&trade_type=alipaycode&key=606962b49cf5f44d1207845301694d9c40b17ff1
2018-07-17 05:47:05 mysign=0e23e39502df12c624b6a56a60c59cad
