2018-10-10 09:20:41 notify
2018-10-10 09:20:41 sErrorCode=1
2018-10-10 09:20:41 bType=2
2018-10-10 09:20:41 ForUserId=939193
2018-10-10 09:20:41 LinkID=74666420181010092005
2018-10-10 09:20:41 Moneys=1
2018-10-10 09:20:41 AssistStr=
2018-10-10 09:20:41 sign=53796c010d9b10369b52a0d04962e593
2018-10-10 09:20:41 signtext=serrorcode=1&btype=2&foruserid=939193&linkid=74666420181010092005&moneys=1&assiststr=&keyvalue=r80wvq9vx4jf3c6igaptknwx02nawszc
2018-10-10 09:20:41 mysign=53796c010d9b10369b52a0d04962e593
2018-10-10 09:20:41 successat 1
2018-10-10 09:20:43 return:sErrorCode=1
2018-10-10 09:20:43 return:bType=1
2018-10-10 09:20:43 return:ForUserId=939193
2018-10-10 09:20:43 return:LinkID=74666420181010092005
2018-10-10 09:20:43 return:Moneys=1
2018-10-10 09:20:43 return:AssistStr=
2018-10-10 09:20:43 return:sign=d3fdce3d3e3c8cd758a628cd98b55b83
2018-10-10 09:20:43 signtext=serrorcode=1&btype=1&foruserid=939193&linkid=74666420181010092005&moneys=1&assiststr=&keyvalue=r80wvq9vx4jf3c6igaptknwx02nawszc
2018-10-10 09:20:43 mysign=d3fdce3d3e3c8cd758a628cd98b55b83
