2018-08-19 22:25:22 notify
2018-08-19 22:25:22 amount=1.00
2018-08-19 22:25:22 orderNo=86152220180820102157
2018-08-19 22:25:22 payTime=20180820102237
2018-08-19 22:25:22 accName=2571353432@qq.com
2018-08-19 22:25:22 sign=bfe6a0cddc20b338dd1317be7bd3375d
2018-08-19 22:25:22 merchant=5600001
2018-08-19 22:25:22 remark=
2018-08-19 22:25:22 accFlag=1
2018-08-19 22:25:22 currentTime=20180820102522
2018-08-19 22:25:22 payType=alipay
2018-08-19 22:25:22 createTime=20180820102158
2018-08-19 22:25:22 systemNo=1031365694203101184
2018-08-19 22:25:22 payFlag=2
2018-08-19 22:25:22 signtext=accFlag=1&accName=2571353432@qq.com&amount=1.00&createTime=20180820102158&currentTime=20180820102522&merchant=5600001&orderNo=86152220180820102157&payFlag=2&payTime=20180820102237&payType=alipay&systemNo=1031365694203101184#d0f2bf2fbd764f1cb272d7fa13c033ce
2018-08-19 22:25:22 mysign=bfe6a0cddc20b338dd1317be7bd3375d
2018-08-19 22:25:22 successat 1
2018-08-19 22:26:56 notify
2018-08-19 22:26:56 amount=1.00
2018-08-19 22:26:56 orderNo=88183220180820102622
2018-08-19 22:26:56 payTime=20180820102647
2018-08-19 22:26:56 accName=m18695935116@163.com
2018-08-19 22:26:56 sign=5491400636aa883efd1125ee84604580
2018-08-19 22:26:56 merchant=5600001
2018-08-19 22:26:56 remark=
2018-08-19 22:26:56 accFlag=1
2018-08-19 22:26:56 currentTime=20180820102656
2018-08-19 22:26:56 payType=alipay
2018-08-19 22:26:56 createTime=20180820102623
2018-08-19 22:26:56 systemNo=1031366805492334592
2018-08-19 22:26:56 payFlag=2
2018-08-19 22:26:56 signtext=accFlag=1&accName=m18695935116@163.com&amount=1.00&createTime=20180820102623&currentTime=20180820102656&merchant=5600001&orderNo=88183220180820102622&payFlag=2&payTime=20180820102647&payType=alipay&systemNo=1031366805492334592#d0f2bf2fbd764f1cb272d7fa13c033ce
2018-08-19 22:26:56 mysign=5491400636aa883efd1125ee84604580
2018-08-19 22:26:56 successat 1
2018-08-19 22:29:06 return
