2018-07-16 02:29:57 notify
2018-07-16 02:29:57 request方法
2018-07-16 02:29:57 body=eyJhbW91bnQiOiIxLjAwMCIsIm1vZW55IjoiMC45NzUiLCJiYW5rY29kZSI6Ind4cGF5Iiwic2NlbmUiOiJzbSIsIm1lbWJlcmlkIjoyMzQ4LCJvcmRlcmlkIjoiNzM5MjE4MjAxODA3MTYxNDI5MzYiLCJyYW5kIjoidjMwOWowNTYzeDVoZndpMThnYjQwdzRhazJpZnpoaWMiLCJvbnR5cGUiOiIxMDIiLCJleHRlbmQiOm51bGwsInNpZ24iOiIyYjBiZTc4MTU4NzJmZDU4MzUwNjFiMGRjOTMyMTM1OSJ9
2018-07-16 02:29:57 post方法
2018-07-16 02:29:57 body=eyJhbW91bnQiOiIxLjAwMCIsIm1vZW55IjoiMC45NzUiLCJiYW5rY29kZSI6Ind4cGF5Iiwic2NlbmUiOiJzbSIsIm1lbWJlcmlkIjoyMzQ4LCJvcmRlcmlkIjoiNzM5MjE4MjAxODA3MTYxNDI5MzYiLCJyYW5kIjoidjMwOWowNTYzeDVoZndpMThnYjQwdzRhazJpZnpoaWMiLCJvbnR5cGUiOiIxMDIiLCJleHRlbmQiOm51bGwsInNpZ24iOiIyYjBiZTc4MTU4NzJmZDU4MzUwNjFiMGRjOTMyMTM1OSJ9
2018-07-16 02:29:57 input方法
2018-07-16 02:29:57 body=eyJhbW91bnQiOiIxLjAwMCIsIm1vZW55IjoiMC45NzUiLCJiYW5rY29kZSI6Ind4cGF5Iiwic2NlbmUiOiJzbSIsIm1lbWJlcmlkIjoyMzQ4LCJvcmRlcmlkIjoiNzM5MjE4MjAxODA3MTYxNDI5MzYiLCJyYW5kIjoidjMwOWowNTYzeDVoZndpMThnYjQwdzRhazJpZnpoaWMiLCJvbnR5cGUiOiIxMDIiLCJleHRlbmQiOm51bGwsInNpZ24iOiIyYjBiZTc4MTU4NzJmZDU4MzUwNjFiMGRjOTMyMTM1OSJ9
2018-07-16 02:29:57 amount=1.000
2018-07-16 02:29:57 moeny=0.975
2018-07-16 02:29:57 bankcode=wxpay
2018-07-16 02:29:57 scene=sm
2018-07-16 02:29:57 memberid=2348
2018-07-16 02:29:57 orderid=73921820180716142936
2018-07-16 02:29:57 rand=v309j0563x5hfwi18gb40w4ak2ifzhic
2018-07-16 02:29:57 ontype=102
2018-07-16 02:29:57 extend=
2018-07-16 02:29:57 sign=2b0be7815872fd5835061b0dc9321359
2018-07-16 02:29:57 signtext=amount=1.000&moeny=0.975&bankcode=wxpay&scene=sm&memberid=2348&orderid=73921820180716142936&rand=v309j0563x5hfwi18gb40w4ak2ifzhic&ontype=102&key=ac71d6c453d69ae28c13de79ec59578c
2018-07-16 02:29:57 mysign=2b0be7815872fd5835061b0dc9321359
2018-07-16 02:29:57 successat 1
