2018-08-09 01:39:49 request方法
2018-08-09 01:39:49 fxid=2018180
2018-08-09 01:39:49 fxddh=13071620180809013834
2018-08-09 01:39:49 fxorder=124be514c9c8358693f81c73
2018-08-09 01:39:49 fxdesc=fxdesc
2018-08-09 01:39:49 fxfee=1.00
2018-08-09 01:39:49 fxattch=
2018-08-09 01:39:49 fxstatus=1
2018-08-09 01:39:49 fxtime=1533793188
2018-08-09 01:39:49 fxsign=edb005a1af589b74d983b0fa5fe20990
2018-08-09 01:39:49 post方法
2018-08-09 01:39:49 fxid=2018180
2018-08-09 01:39:49 fxddh=13071620180809013834
2018-08-09 01:39:49 fxorder=124be514c9c8358693f81c73
2018-08-09 01:39:49 fxdesc=fxdesc
2018-08-09 01:39:49 fxfee=1.00
2018-08-09 01:39:49 fxattch=
2018-08-09 01:39:49 fxstatus=1
2018-08-09 01:39:49 fxtime=1533793188
2018-08-09 01:39:49 fxsign=edb005a1af589b74d983b0fa5fe20990
2018-08-09 01:39:49 input方法
2018-08-09 01:39:49 
2018-08-09 01:39:49 fxid=2018180
2018-08-09 01:39:49 fxddh=13071620180809013834
2018-08-09 01:39:49 fxorder=124be514c9c8358693f81c73
2018-08-09 01:39:49 fxdesc=fxdesc
2018-08-09 01:39:49 fxfee=1.00
2018-08-09 01:39:49 fxattch=
2018-08-09 01:39:49 fxstatus=1
2018-08-09 01:39:49 fxtime=1533793188
2018-08-09 01:39:49 fxsign=edb005a1af589b74d983b0fa5fe20990
2018-08-09 01:39:49 signtext=12018180130716201808090138341.00mZrLCqeGgOuHgJpWOwxwbmIbjNvkYVFZ
2018-08-09 01:39:49 mysign=edb005a1af589b74d983b0fa5fe20990
2018-08-09 01:39:49 successat 1
