2018-07-18 01:01:42 notify
2018-07-18 01:01:42 request方法
2018-07-18 01:01:42 fxid=2018153
2018-07-18 01:01:42 fxddh=74911320180718130102
2018-07-18 01:01:42 fxorder=4200000154201807182785411029
2018-07-18 01:01:42 fxdesc=iPhone
2018-07-18 01:01:42 fxfee=1.00
2018-07-18 01:01:42 fxattch=
2018-07-18 01:01:42 fxstatus=1
2018-07-18 01:01:42 fxtime=1531890102
2018-07-18 01:01:42 fxsign=4fa718476e8a2a0a0f2304f0653cfc2b
2018-07-18 01:01:42 post方法
2018-07-18 01:01:42 fxid=2018153
2018-07-18 01:01:42 fxddh=74911320180718130102
2018-07-18 01:01:42 fxorder=4200000154201807182785411029
2018-07-18 01:01:42 fxdesc=iPhone
2018-07-18 01:01:42 fxfee=1.00
2018-07-18 01:01:42 fxattch=
2018-07-18 01:01:42 fxstatus=1
2018-07-18 01:01:42 fxtime=1531890102
2018-07-18 01:01:42 fxsign=4fa718476e8a2a0a0f2304f0653cfc2b
2018-07-18 01:01:42 input方法
2018-07-18 01:01:42 
2018-07-18 01:01:42 fxid=2018153
2018-07-18 01:01:42 fxddh=74911320180718130102
2018-07-18 01:01:42 fxorder=4200000154201807182785411029
2018-07-18 01:01:42 fxdesc=iPhone
2018-07-18 01:01:42 fxfee=1.00
2018-07-18 01:01:42 fxattch=
2018-07-18 01:01:42 fxstatus=1
2018-07-18 01:01:42 fxtime=1531890102
2018-07-18 01:01:42 fxsign=4fa718476e8a2a0a0f2304f0653cfc2b
2018-07-18 01:01:42 signtext=12018153749113201807181301021.00YblfqfxruhstPTIStgFopHSKmZUEevSA
2018-07-18 01:01:42 mysign=4fa718476e8a2a0a0f2304f0653cfc2b
2018-07-18 01:01:42 successat 1
