2018-07-17 22:56:57 notify
2018-07-17 22:56:57 request方法
2018-07-17 22:56:57 fxid=2018153
2018-07-17 22:56:57 fxddh=62730620180718105634
2018-07-17 22:56:57 fxorder=2018071821001004900549515834
2018-07-17 22:56:57 fxdesc=iPhone
2018-07-17 22:56:57 fxfee=1.00
2018-07-17 22:56:57 fxattch=
2018-07-17 22:56:57 fxstatus=1
2018-07-17 22:56:57 fxtime=1531882617
2018-07-17 22:56:57 fxsign=973a1dfb2a2380cad0eca0dbb72840e3
2018-07-17 22:56:57 post方法
2018-07-17 22:56:57 fxid=2018153
2018-07-17 22:56:57 fxddh=62730620180718105634
2018-07-17 22:56:57 fxorder=2018071821001004900549515834
2018-07-17 22:56:57 fxdesc=iPhone
2018-07-17 22:56:57 fxfee=1.00
2018-07-17 22:56:57 fxattch=
2018-07-17 22:56:57 fxstatus=1
2018-07-17 22:56:57 fxtime=1531882617
2018-07-17 22:56:57 fxsign=973a1dfb2a2380cad0eca0dbb72840e3
2018-07-17 22:56:57 input方法
2018-07-17 22:56:57 
2018-07-17 22:56:57 fxid=2018153
2018-07-17 22:56:57 fxddh=62730620180718105634
2018-07-17 22:56:57 fxorder=2018071821001004900549515834
2018-07-17 22:56:57 fxdesc=iPhone
2018-07-17 22:56:57 fxfee=1.00
2018-07-17 22:56:57 fxattch=
2018-07-17 22:56:57 fxstatus=1
2018-07-17 22:56:57 fxtime=1531882617
2018-07-17 22:56:57 fxsign=973a1dfb2a2380cad0eca0dbb72840e3
2018-07-17 22:56:57 signtext=12018153627306201807181056341.00YblfqfxruhstPTIStgFopHSKmZUEevSA
2018-07-17 22:56:57 mysign=973a1dfb2a2380cad0eca0dbb72840e3
2018-07-17 22:56:57 successat 1
2018-07-17 22:58:28 notify
2018-07-17 22:58:28 request方法
2018-07-17 22:58:28 fxid=2018153
2018-07-17 22:58:28 fxddh=56379820180718105806
2018-07-17 22:58:28 fxorder=2018071821001004900547775800
2018-07-17 22:58:28 fxdesc=iPhone
2018-07-17 22:58:28 fxfee=1.00
2018-07-17 22:58:28 fxattch=
2018-07-17 22:58:28 fxstatus=1
2018-07-17 22:58:28 fxtime=1531882708
2018-07-17 22:58:28 fxsign=662e8f0f73cad875fe91ad66a04e8ad4
2018-07-17 22:58:28 post方法
2018-07-17 22:58:28 fxid=2018153
2018-07-17 22:58:28 fxddh=56379820180718105806
2018-07-17 22:58:28 fxorder=2018071821001004900547775800
2018-07-17 22:58:28 fxdesc=iPhone
2018-07-17 22:58:28 fxfee=1.00
2018-07-17 22:58:28 fxattch=
2018-07-17 22:58:28 fxstatus=1
2018-07-17 22:58:28 fxtime=1531882708
2018-07-17 22:58:28 fxsign=662e8f0f73cad875fe91ad66a04e8ad4
2018-07-17 22:58:28 input方法
2018-07-17 22:58:28 
2018-07-17 22:58:28 fxid=2018153
2018-07-17 22:58:28 fxddh=56379820180718105806
2018-07-17 22:58:28 fxorder=2018071821001004900547775800
2018-07-17 22:58:28 fxdesc=iPhone
2018-07-17 22:58:28 fxfee=1.00
2018-07-17 22:58:28 fxattch=
2018-07-17 22:58:28 fxstatus=1
2018-07-17 22:58:28 fxtime=1531882708
2018-07-17 22:58:28 fxsign=662e8f0f73cad875fe91ad66a04e8ad4
2018-07-17 22:58:28 signtext=12018153563798201807181058061.00YblfqfxruhstPTIStgFopHSKmZUEevSA
2018-07-17 22:58:28 mysign=662e8f0f73cad875fe91ad66a04e8ad4
2018-07-17 22:58:28 successat 1
