2018-07-27 04:22:03 notify
2018-07-27 04:22:03 fxid=2018136
2018-07-27 04:22:03 fxddh= 96753920180727162140
2018-07-27 04:22:03 fxorder=2018072721001004900587656020
2018-07-27 04:22:03 fxdesc=iPhone
2018-07-27 04:22:03 fxfee=1.00
2018-07-27 04:22:03 fxattch=
2018-07-27 04:22:03 fxstatus=1
2018-07-27 04:22:03 fxtime=1532679723
2018-07-27 04:22:03 fxsign=f2dae7e6c1ce9dbd4ee382fc46e5dbba
2018-07-27 04:22:03 signtext=12018136 967539201807271621401.00DWIiMbJmHbTYONNCYyMcOEeHpZKgrnix
2018-07-27 04:22:03 mysign=f2dae7e6c1ce9dbd4ee382fc46e5dbba
2018-07-27 04:22:03 successat 1
2018-07-27 04:23:24 notify
2018-07-27 04:23:24 fxid=2018136
2018-07-27 04:23:24 fxddh= 25242220180727160930
2018-07-27 04:23:24 fxorder=2018072721001004900587843698
2018-07-27 04:23:24 fxdesc=iPhone
2018-07-27 04:23:24 fxfee=10.00
2018-07-27 04:23:24 fxattch=
2018-07-27 04:23:24 fxstatus=1
2018-07-27 04:23:24 fxtime=1532678986
2018-07-27 04:23:24 fxsign=6ceb210b433a75fe5097625b631a58e3
2018-07-27 04:23:24 signtext=12018136 2524222018072716093010.00DWIiMbJmHbTYONNCYyMcOEeHpZKgrnix
2018-07-27 04:23:24 mysign=6ceb210b433a75fe5097625b631a58e3
2018-07-27 04:23:24 successat 1
