2018-08-19 22:33:23 notify
2018-08-19 22:33:23 amount=1.00
2018-08-19 22:33:23 orderNo=44422820180820103219
2018-08-19 22:33:23 payTime=20180820103311
2018-08-19 22:33:23 accName=317035239@qq.com
2018-08-19 22:33:23 sign=8300fc572c21682211a275689acda912
2018-08-19 22:33:23 merchant=5600001
2018-08-19 22:33:23 remark=
2018-08-19 22:33:23 accFlag=1
2018-08-19 22:33:23 currentTime=20180820103323
2018-08-19 22:33:23 payType=alipay
2018-08-19 22:33:23 createTime=20180820103220
2018-08-19 22:33:23 systemNo=1031368301583794176
2018-08-19 22:33:23 payFlag=2
2018-08-19 22:33:23 signtext=accFlag=1&accName=317035239@qq.com&amount=1.00&createTime=20180820103220&currentTime=20180820103323&merchant=5600001&orderNo=44422820180820103219&payFlag=2&payTime=20180820103311&payType=alipay&systemNo=1031368301583794176#d0f2bf2fbd764f1cb272d7fa13c033ce
2018-08-19 22:33:23 mysign=8300fc572c21682211a275689acda912
2018-08-19 22:33:23 successat 1
2018-08-19 22:33:24 return
2018-08-19 22:33:24 accFlag=1
2018-08-19 22:33:24 accName=317035239@qq.com
2018-08-19 22:33:24 amount=1.00
2018-08-19 22:33:24 createTime=20180820103220
2018-08-19 22:33:24 currentTime=20180820103324
2018-08-19 22:33:24 merchant=5600001
2018-08-19 22:33:24 orderNo=44422820180820103219
2018-08-19 22:33:24 payFlag=2
2018-08-19 22:33:24 payTime=20180820103311
2018-08-19 22:33:24 payType=alipay
2018-08-19 22:33:24 remark=
2018-08-19 22:33:24 systemNo=1031368301583794176
2018-08-19 22:33:24 sign=23bff7c55341618438f724921e777ff5
2018-08-19 22:33:24 signtext=accFlag=1&accName=317035239@qq.com&amount=1.00&createTime=20180820103220&currentTime=20180820103324&merchant=5600001&orderNo=44422820180820103219&payFlag=2&payTime=20180820103311&payType=alipay&systemNo=1031368301583794176#d0f2bf2fbd764f1cb272d7fa13c033ce
2018-08-19 22:33:24 mysign=23bff7c55341618438f724921e777ff5
