2018-10-11 00:05:26 request方法
2018-10-11 00:05:26 pay_memberid=11239
2018-10-11 00:05:26 out_trade_id=90174020181011000507
2018-10-11 00:05:26 orderstatus=1
2018-10-11 00:05:26 paymoney=1
2018-10-11 00:05:26 sign=64F1AF995C0A790C9EC815FAFB141C9B
2018-10-11 00:05:26 attach=
2018-10-11 00:05:26 post方法
2018-10-11 00:05:26 pay_memberid=11239
2018-10-11 00:05:26 out_trade_id=90174020181011000507
2018-10-11 00:05:26 orderstatus=1
2018-10-11 00:05:26 paymoney=1
2018-10-11 00:05:26 attach=
2018-10-11 00:05:26 sign=64F1AF995C0A790C9EC815FAFB141C9B
2018-10-11 00:05:26 input方法
2018-10-11 00:05:26 
2018-10-11 00:05:26 pay_memberid=11239
2018-10-11 00:05:26 out_trade_id=90174020181011000507
2018-10-11 00:05:26 orderstatus=1
2018-10-11 00:05:26 paymoney=1
2018-10-11 00:05:26 sign=64F1AF995C0A790C9EC815FAFB141C9B
2018-10-11 00:05:26 attach=
2018-10-11 00:05:26 signtext=pay_memberid=11239&out_trade_id=90174020181011000507&orderstatus=1&paymoney=1sij2jxpmeaplf3bkcp2vcdmy6fgqiw87
2018-10-11 00:05:26 mysign=64F1AF995C0A790C9EC815FAFB141C9B
2018-10-11 00:05:26 okat 1
