2018-08-08 04:51:32 request方法
2018-08-08 04:51:32 p1_MerId=1570
2018-08-08 04:51:32 r0_Cmd=Buy
2018-08-08 04:51:32 r1_Code=1
2018-08-08 04:51:32 r2_TrxId=201808081651067934
2018-08-08 04:51:32 r3_Amt=1.00
2018-08-08 04:51:32 r4_Cur=RMB
2018-08-08 04:51:32 r5_Pid=Pid
2018-08-08 04:51:32 r6_Order=18951420180808165106
2018-08-08 04:51:32 r7_Uid=
2018-08-08 04:51:32 r8_MP=MP
2018-08-08 04:51:32 r9_BType=2
2018-08-08 04:51:32 rp_PayDate=2018/8/8 16:51:32
2018-08-08 04:51:32 hmac=18bb1fcbc20c8decb015e91944ffefc1
2018-08-08 04:51:32 post方法
2018-08-08 04:51:32 input方法
2018-08-08 04:51:32 
2018-08-08 04:51:32 p1_MerId=1570
2018-08-08 04:51:32 r0_Cmd=Buy
2018-08-08 04:51:32 r1_Code=1
2018-08-08 04:51:32 r2_TrxId=201808081651067934
2018-08-08 04:51:32 r3_Amt=1.00
2018-08-08 04:51:32 r4_Cur=RMB
2018-08-08 04:51:32 r5_Pid=Pid
2018-08-08 04:51:32 r6_Order=18951420180808165106
2018-08-08 04:51:32 r7_Uid=
2018-08-08 04:51:32 r8_MP=MP
2018-08-08 04:51:32 r9_BType=2
2018-08-08 04:51:32 rp_PayDate=2018/8/8 16:51:32
2018-08-08 04:51:32 hmac=18bb1fcbc20c8decb015e91944ffefc1
2018-08-08 04:51:32 signtext=1570Buy12018080816510679341.00RMBPid18951420180808165106MP2
2018-08-08 04:51:32 mysign=18bb1fcbc20c8decb015e91944ffefc1
2018-08-08 04:51:32 successat 1
2018-08-08 04:51:32 request方法
2018-08-08 04:51:32 p1_MerId=1570
2018-08-08 04:51:32 r0_Cmd=Buy
2018-08-08 04:51:32 r1_Code=1
2018-08-08 04:51:32 r2_TrxId=201808081651067934
2018-08-08 04:51:32 r3_Amt=1.00
2018-08-08 04:51:32 r4_Cur=RMB
2018-08-08 04:51:32 r5_Pid=Pid
2018-08-08 04:51:32 r6_Order=18951420180808165106
2018-08-08 04:51:32 r7_Uid=
2018-08-08 04:51:32 r8_MP=MP
2018-08-08 04:51:32 r9_BType=1
2018-08-08 04:51:32 rp_PayDate=2018/8/8 16:51:32
2018-08-08 04:51:32 hmac=e4fdd42deeba33ab37fbff8a3324cb10
2018-08-08 04:51:32 post方法
2018-08-08 04:51:32 input方法
2018-08-08 04:51:32 
2018-08-08 04:51:32 p1_MerId=1570
2018-08-08 04:51:32 r0_Cmd=Buy
2018-08-08 04:51:32 r1_Code=1
2018-08-08 04:51:32 r2_TrxId=201808081651067934
2018-08-08 04:51:32 r3_Amt=1.00
2018-08-08 04:51:32 r4_Cur=RMB
2018-08-08 04:51:32 r5_Pid=Pid
2018-08-08 04:51:32 r6_Order=18951420180808165106
2018-08-08 04:51:32 r7_Uid=
2018-08-08 04:51:32 r8_MP=MP
2018-08-08 04:51:32 r9_BType=1
2018-08-08 04:51:32 rp_PayDate=2018/8/8 16:51:32
2018-08-08 04:51:32 hmac=e4fdd42deeba33ab37fbff8a3324cb10
2018-08-08 04:51:32 signtext=1570Buy12018080816510679341.00RMBPid18951420180808165106MP1
2018-08-08 04:51:32 mysign=e4fdd42deeba33ab37fbff8a3324cb10
2018-08-08 04:51:32 successat 0
2018-08-08 04:52:32 request方法
2018-08-08 04:52:32 p1_MerId=1570
2018-08-08 04:52:32 r0_Cmd=Buy
2018-08-08 04:52:32 r1_Code=1
2018-08-08 04:52:32 r2_TrxId=201808081651067934
2018-08-08 04:52:32 r3_Amt=1.00
2018-08-08 04:52:32 r4_Cur=RMB
2018-08-08 04:52:32 r5_Pid=Pid
2018-08-08 04:52:32 r6_Order=18951420180808165106
2018-08-08 04:52:32 r7_Uid=
2018-08-08 04:52:32 r8_MP=MP
2018-08-08 04:52:32 r9_BType=1
2018-08-08 04:52:32 rp_PayDate=2018/8/816:51:32
2018-08-08 04:52:32 hmac=e4fdd42deeba33ab37fbff8a3324cb10
2018-08-08 04:52:32 post方法
2018-08-08 04:52:32 input方法
2018-08-08 04:52:32 
2018-08-08 04:52:32 p1_MerId=1570
2018-08-08 04:52:32 r0_Cmd=Buy
2018-08-08 04:52:32 r1_Code=1
2018-08-08 04:52:32 r2_TrxId=201808081651067934
2018-08-08 04:52:32 r3_Amt=1.00
2018-08-08 04:52:32 r4_Cur=RMB
2018-08-08 04:52:32 r5_Pid=Pid
2018-08-08 04:52:32 r6_Order=18951420180808165106
2018-08-08 04:52:32 r7_Uid=
2018-08-08 04:52:32 r8_MP=MP
2018-08-08 04:52:32 r9_BType=1
2018-08-08 04:52:32 rp_PayDate=2018/8/816:51:32
2018-08-08 04:52:32 hmac=e4fdd42deeba33ab37fbff8a3324cb10
2018-08-08 04:52:32 signtext=1570Buy12018080816510679341.00RMBPid18951420180808165106MP1
2018-08-08 04:52:32 mysign=e4fdd42deeba33ab37fbff8a3324cb10
2018-08-08 04:52:32 successat 0
2018-08-08 04:52:32 request方法
2018-08-08 04:52:32 p1_MerId=1570
2018-08-08 04:52:32 r0_Cmd=Buy
2018-08-08 04:52:32 r1_Code=1
2018-08-08 04:52:32 r2_TrxId=201808081651067934
2018-08-08 04:52:32 r3_Amt=1.00
2018-08-08 04:52:32 r4_Cur=RMB
2018-08-08 04:52:32 r5_Pid=Pid
2018-08-08 04:52:32 r6_Order=18951420180808165106
2018-08-08 04:52:32 r7_Uid=
2018-08-08 04:52:32 r8_MP=MP
2018-08-08 04:52:32 r9_BType=1
2018-08-08 04:52:32 rp_PayDate=2018/8/8 16:52:32
2018-08-08 04:52:32 hmac=e4fdd42deeba33ab37fbff8a3324cb10
2018-08-08 04:52:32 post方法
2018-08-08 04:52:32 input方法
2018-08-08 04:52:32 
2018-08-08 04:52:32 p1_MerId=1570
2018-08-08 04:52:32 r0_Cmd=Buy
2018-08-08 04:52:32 r1_Code=1
2018-08-08 04:52:32 r2_TrxId=201808081651067934
2018-08-08 04:52:32 r3_Amt=1.00
2018-08-08 04:52:32 r4_Cur=RMB
2018-08-08 04:52:32 r5_Pid=Pid
2018-08-08 04:52:32 r6_Order=18951420180808165106
2018-08-08 04:52:32 r7_Uid=
2018-08-08 04:52:32 r8_MP=MP
2018-08-08 04:52:32 r9_BType=1
2018-08-08 04:52:32 rp_PayDate=2018/8/8 16:52:32
2018-08-08 04:52:32 hmac=e4fdd42deeba33ab37fbff8a3324cb10
2018-08-08 04:52:32 signtext=1570Buy12018080816510679341.00RMBPid18951420180808165106MP1
2018-08-08 04:52:32 mysign=e4fdd42deeba33ab37fbff8a3324cb10
2018-08-08 04:52:32 successat 0
2018-08-08 04:52:32 request方法
2018-08-08 04:52:32 p1_MerId=1570
2018-08-08 04:52:32 r0_Cmd=Buy
2018-08-08 04:52:32 r1_Code=1
2018-08-08 04:52:32 r2_TrxId=201808081651067934
2018-08-08 04:52:32 r3_Amt=1.00
2018-08-08 04:52:32 r4_Cur=RMB
2018-08-08 04:52:32 r5_Pid=Pid
2018-08-08 04:52:32 r6_Order=18951420180808165106
2018-08-08 04:52:32 r7_Uid=
2018-08-08 04:52:32 r8_MP=MP
2018-08-08 04:52:32 r9_BType=1
2018-08-08 04:52:32 rp_PayDate=2018/8/8 16:52:32
2018-08-08 04:52:32 hmac=e4fdd42deeba33ab37fbff8a3324cb10
2018-08-08 04:52:32 post方法
2018-08-08 04:52:32 input方法
2018-08-08 04:52:32 
2018-08-08 04:52:32 p1_MerId=1570
2018-08-08 04:52:32 r0_Cmd=Buy
2018-08-08 04:52:32 r1_Code=1
2018-08-08 04:52:32 r2_TrxId=201808081651067934
2018-08-08 04:52:32 r3_Amt=1.00
2018-08-08 04:52:32 r4_Cur=RMB
2018-08-08 04:52:32 r5_Pid=Pid
2018-08-08 04:52:32 r6_Order=18951420180808165106
2018-08-08 04:52:32 r7_Uid=
2018-08-08 04:52:32 r8_MP=MP
2018-08-08 04:52:32 r9_BType=1
2018-08-08 04:52:32 rp_PayDate=2018/8/8 16:52:32
2018-08-08 04:52:32 hmac=e4fdd42deeba33ab37fbff8a3324cb10
2018-08-08 04:52:32 signtext=1570Buy12018080816510679341.00RMBPid18951420180808165106MP1
2018-08-08 04:52:32 mysign=e4fdd42deeba33ab37fbff8a3324cb10
2018-08-08 04:52:32 successat 0
2018-08-08 04:52:32 request方法
2018-08-08 04:52:32 p1_MerId=1570
2018-08-08 04:52:32 r0_Cmd=Buy
2018-08-08 04:52:32 r1_Code=1
2018-08-08 04:52:32 r2_TrxId=201808081651067934
2018-08-08 04:52:32 r3_Amt=1.00
2018-08-08 04:52:32 r4_Cur=RMB
2018-08-08 04:52:32 r5_Pid=Pid
2018-08-08 04:52:32 r6_Order=18951420180808165106
2018-08-08 04:52:32 r7_Uid=
2018-08-08 04:52:32 r8_MP=MP
2018-08-08 04:52:32 r9_BType=1
2018-08-08 04:52:32 rp_PayDate=2018/8/8 16:52:32
2018-08-08 04:52:32 hmac=e4fdd42deeba33ab37fbff8a3324cb10
2018-08-08 04:52:32 post方法
2018-08-08 04:52:32 input方法
2018-08-08 04:52:32 
2018-08-08 04:52:32 p1_MerId=1570
2018-08-08 04:52:32 r0_Cmd=Buy
2018-08-08 04:52:32 r1_Code=1
2018-08-08 04:52:32 r2_TrxId=201808081651067934
2018-08-08 04:52:32 r3_Amt=1.00
2018-08-08 04:52:32 r4_Cur=RMB
2018-08-08 04:52:32 r5_Pid=Pid
2018-08-08 04:52:32 r6_Order=18951420180808165106
2018-08-08 04:52:32 r7_Uid=
2018-08-08 04:52:32 r8_MP=MP
2018-08-08 04:52:32 r9_BType=1
2018-08-08 04:52:32 rp_PayDate=2018/8/8 16:52:32
2018-08-08 04:52:32 hmac=e4fdd42deeba33ab37fbff8a3324cb10
2018-08-08 04:52:32 signtext=1570Buy12018080816510679341.00RMBPid18951420180808165106MP1
2018-08-08 04:52:32 mysign=e4fdd42deeba33ab37fbff8a3324cb10
2018-08-08 04:52:32 successat 0
