2018-08-08 06:41:12 request方法
2018-08-08 06:41:12 p1_MerId=1570
2018-08-08 06:41:12 r0_Cmd=Buy
2018-08-08 06:41:12 r1_Code=1
2018-08-08 06:41:12 r2_TrxId=201808081840475813
2018-08-08 06:41:12 r3_Amt=100.00
2018-08-08 06:41:12 r4_Cur=RMB
2018-08-08 06:41:12 r5_Pid=Pid
2018-08-08 06:41:12 r6_Order=36129320180808184047
2018-08-08 06:41:12 r7_Uid=
2018-08-08 06:41:12 r8_MP=MP
2018-08-08 06:41:12 r9_BType=2
2018-08-08 06:41:12 rp_PayDate=2018/8/8 18:41:12
2018-08-08 06:41:12 hmac=62858eb2cb067ba3a6ad9929dbf43a09
2018-08-08 06:41:12 post方法
2018-08-08 06:41:12 input方法
2018-08-08 06:41:12 
2018-08-08 06:41:12 p1_MerId=1570
2018-08-08 06:41:12 r0_Cmd=Buy
2018-08-08 06:41:12 r1_Code=1
2018-08-08 06:41:12 r2_TrxId=201808081840475813
2018-08-08 06:41:12 r3_Amt=100.00
2018-08-08 06:41:12 r4_Cur=RMB
2018-08-08 06:41:12 r5_Pid=Pid
2018-08-08 06:41:12 r6_Order=36129320180808184047
2018-08-08 06:41:12 r7_Uid=
2018-08-08 06:41:12 r8_MP=MP
2018-08-08 06:41:12 r9_BType=2
2018-08-08 06:41:12 rp_PayDate=2018/8/8 18:41:12
2018-08-08 06:41:12 hmac=62858eb2cb067ba3a6ad9929dbf43a09
2018-08-08 06:41:12 signtext=1570Buy1201808081840475813100.00RMBPid36129320180808184047MP2
2018-08-08 06:41:12 mysign=62858eb2cb067ba3a6ad9929dbf43a09
2018-08-08 06:41:12 successat 1
