2018-10-07 04:03:24 notify
2018-10-07 04:03:24 amount=1.00
2018-10-07 04:03:24 orderNo=45295720181007160253
2018-10-07 04:03:24 payTime=20181007160323
2018-10-07 04:03:24 accName=alipay
2018-10-07 04:03:24 sign=6583e61ac7b961dbd05494712d70216c
2018-10-07 04:03:24 merchant=866001
2018-10-07 04:03:24 remark=
2018-10-07 04:03:24 accFlag=1
2018-10-07 04:03:24 currentTime=20181007160324
2018-10-07 04:03:24 payType=alipay
2018-10-07 04:03:24 createTime=20181007160254
2018-10-07 04:03:24 systemNo=1048846108773580800
2018-10-07 04:03:24 payFlag=2
2018-10-07 04:03:24 signtext=accFlag=1&accName=alipay&amount=1.00&createTime=20181007160254&currentTime=20181007160324&merchant=866001&orderNo=45295720181007160253&payFlag=2&payTime=20181007160323&payType=alipay&systemNo=1048846108773580800#53021e2cae854d2e8fd32e2e89e5ec1c
2018-10-07 04:03:24 mysign=6583e61ac7b961dbd05494712d70216c
2018-10-07 04:03:24 successat 1
2018-10-07 04:03:25 accFlag=1
2018-10-07 04:03:25 accName=alipay
2018-10-07 04:03:25 amount=1.00
2018-10-07 04:03:25 createTime=20181007160254
2018-10-07 04:03:25 currentTime=20181007160325
2018-10-07 04:03:25 merchant=866001
2018-10-07 04:03:25 orderNo=45295720181007160253
2018-10-07 04:03:25 payFlag=2
2018-10-07 04:03:25 payTime=20181007160323
2018-10-07 04:03:25 payType=alipay
2018-10-07 04:03:25 remark=
2018-10-07 04:03:25 systemNo=1048846108773580800
2018-10-07 04:03:25 sign=d6af1f568fcb859f34ca86f7f49fd39c
2018-10-07 04:03:25 signtext=accFlag=1&accName=alipay&amount=1.00&createTime=20181007160254&currentTime=20181007160325&merchant=866001&orderNo=45295720181007160253&payFlag=2&payTime=20181007160323&payType=alipay&systemNo=1048846108773580800#53021e2cae854d2e8fd32e2e89e5ec1c
2018-10-07 04:03:25 mysign=d6af1f568fcb859f34ca86f7f49fd39c
