2018-07-09 22:57:29 request规
2018-07-09 22:57:29 orderid=53422120180710105623
2018-07-09 22:57:29 opstate=0
2018-07-09 22:57:29 ovalue=1.00
2018-07-09 22:57:29 systime=2018/07/10 10:57:28
2018-07-09 22:57:29 sysorderid=18071010562338010036
2018-07-09 22:57:29 completiontime=2018/07/10 10:57:28
2018-07-09 22:57:29 attach=
2018-07-09 22:57:29 msg=成功
2018-07-09 22:57:29 sign=996fc62c90bd3df832290672decb8d56
2018-07-09 22:57:29 post规
2018-07-09 22:57:29 input规
2018-07-09 22:57:29 
2018-07-09 22:57:29 orderid=53422120180710105623
2018-07-09 22:57:29 opstate=0
2018-07-09 22:57:29 ovalue=1.00
2018-07-09 22:57:29 systime=2018/07/10 10:57:28
2018-07-09 22:57:29 sysorderid=18071010562338010036
2018-07-09 22:57:29 completiontime=2018/07/10 10:57:28
2018-07-09 22:57:29 attach=
2018-07-09 22:57:29 msg=成功
2018-07-09 22:57:29 sign=996fc62c90bd3df832290672decb8d56
2018-07-09 22:57:29 signtext=orderid=53422120180710105623&opstate=0&ovalue=1.00c7b125d29cfd4c96ba59f8ccde4f9b58
2018-07-09 22:57:29 mysign=996fc62c90bd3df832290672decb8d56
2018-07-09 22:57:29 0at 1
2018-07-09 22:57:43 request规
2018-07-09 22:57:43 orderid=53422120180710105623
2018-07-09 22:57:43 opstate=0
2018-07-09 22:57:43 ovalue=1.00
2018-07-09 22:57:43 systime=2018/07/10 10:57:43
2018-07-09 22:57:43 sysorderid=18071010562338010036
2018-07-09 22:57:43 completiontime=2018/07/10 10:57:43
2018-07-09 22:57:43 attach=
2018-07-09 22:57:43 msg=成功
2018-07-09 22:57:43 sign=996fc62c90bd3df832290672decb8d56
2018-07-09 22:57:43 post规
2018-07-09 22:57:43 input规
2018-07-09 22:57:43 
2018-07-09 22:57:43 orderid=53422120180710105623
2018-07-09 22:57:43 opstate=0
2018-07-09 22:57:43 ovalue=1.00
2018-07-09 22:57:43 systime=2018/07/10 10:57:43
2018-07-09 22:57:43 sysorderid=18071010562338010036
2018-07-09 22:57:43 completiontime=2018/07/10 10:57:43
2018-07-09 22:57:43 attach=
2018-07-09 22:57:43 msg=成功
2018-07-09 22:57:43 sign=996fc62c90bd3df832290672decb8d56
2018-07-09 22:57:43 signtext=orderid=53422120180710105623&opstate=0&ovalue=1.00c7b125d29cfd4c96ba59f8ccde4f9b58
2018-07-09 22:57:43 mysign=996fc62c90bd3df832290672decb8d56
2018-07-09 22:57:43 0at 0
2018-07-09 22:57:43 ----------return
2018-07-09 22:57:43 orderid=53422120180710105623-----return
2018-07-09 22:57:43 opstate=0-----return
2018-07-09 22:57:43 ovalue=1.00-----return
2018-07-09 22:57:43 systime=2018/07/10 10:57:43-----return
2018-07-09 22:57:43 sysorderid=18071010562338010036-----return
2018-07-09 22:57:43 completiontime=2018/07/10 10:57:43-----return
2018-07-09 22:57:43 attach=-----return
2018-07-09 22:57:43 msg=成功-----return
2018-07-09 22:57:43 sign=996fc62c90bd3df832290672decb8d56-----return
2018-07-09 22:57:43 signtext=orderid=53422120180710105623&opstate=0&ovalue=1.00c7b125d29cfd4c96ba59f8ccde4f9b58-----return
2018-07-09 22:57:43 mysign=996fc62c90bd3df832290672decb8d56-----return
2018-07-09 22:58:44 ----------return
2018-07-09 23:01:26 request规
2018-07-09 23:01:26 orderid=53422120180710105623
2018-07-09 23:01:26 opstate=0
2018-07-09 23:01:26 ovalue=1.00
2018-07-09 23:01:26 systime=2018/07/10 11:01:26
2018-07-09 23:01:26 sysorderid=18071010562338010036
2018-07-09 23:01:26 completiontime=2018/07/10 11:01:26
2018-07-09 23:01:26 attach=
2018-07-09 23:01:26 msg=成功
2018-07-09 23:01:26 sign=996fc62c90bd3df832290672decb8d56
2018-07-09 23:01:26 post规
2018-07-09 23:01:26 input规
2018-07-09 23:01:26 
2018-07-09 23:01:26 orderid=53422120180710105623
2018-07-09 23:01:26 opstate=0
2018-07-09 23:01:26 ovalue=1.00
2018-07-09 23:01:26 systime=2018/07/10 11:01:26
2018-07-09 23:01:26 sysorderid=18071010562338010036
2018-07-09 23:01:26 completiontime=2018/07/10 11:01:26
2018-07-09 23:01:26 attach=
2018-07-09 23:01:26 msg=成功
2018-07-09 23:01:26 sign=996fc62c90bd3df832290672decb8d56
2018-07-09 23:01:26 signtext=orderid=53422120180710105623&opstate=0&ovalue=1.00c7b125d29cfd4c96ba59f8ccde4f9b58
2018-07-09 23:01:26 mysign=996fc62c90bd3df832290672decb8d56
2018-07-09 23:01:26 opstate=0at 0
