2018-07-03 02:10:38 status=1
2018-07-03 02:10:38 customerid=186
2018-07-03 02:10:38 sdpayno=2018070313581129721
2018-07-03 02:10:38 sdorderno=87780920180703015813
2018-07-03 02:10:38 total_fee=2.00
2018-07-03 02:10:38 paytype=kuaijie
2018-07-03 02:10:38 remark=
2018-07-03 02:10:38 sign=ff065550407efc32a4a1e2c9011cc70c
2018-07-03 02:11:53 status=1
2018-07-03 02:11:53 customerid=186
2018-07-03 02:11:53 sdpayno=2018070313581129721
2018-07-03 02:11:53 sdorderno=87780920180703015813
2018-07-03 02:11:53 total_fee=2.00
2018-07-03 02:11:53 paytype=kuaijie
2018-07-03 02:11:53 remark=
2018-07-03 02:11:53 sign=ff065550407efc32a4a1e2c9011cc70c
2018-07-03 02:15:14 status=1
2018-07-03 02:15:14 customerid=186
2018-07-03 02:15:14 sdpayno=2018070313581129721
2018-07-03 02:15:14 sdorderno=87780920180703015813
2018-07-03 02:15:14 total_fee=2.00
2018-07-03 02:15:14 paytype=kuaijie
2018-07-03 02:15:14 remark=
2018-07-03 02:15:14 sign=ff065550407efc32a4a1e2c9011cc70c
2018-07-03 02:15:14 signtext=customerid=186&status=1&sdpayno=2018070313581129721&sdorderno=87780920180703015813&total_fee=2.00&paytype=kuaijie&51d7ebc40f79ba396e9f047a25f5a01a2f4c5e5b
2018-07-03 02:15:14 mysign=ff065550407efc32a4a1e2c9011cc70c
2018-07-03 02:15:14 successat 1
