2018-10-25 22:59:47 return:money=1.00
2018-10-25 22:59:47 return:amount=1.00
2018-10-25 22:59:47 return:order=20181026105910154052275050773
2018-10-25 22:59:47 return:record=91442620181026105910
2018-10-25 22:59:47 return:remark=
2018-10-25 22:59:47 return:attach=
2018-10-25 22:59:47 return:sign=d6cfc44befd7f2559aa9b38ea42bf5fd
2018-10-25 22:59:47 signtext=1.009144262018102610591002b675eafa73de3ce4
2018-10-25 22:59:47 mysign=d6cfc44befd7f2559aa9b38ea42bf5fd
2018-10-25 22:59:49 key=[key]
2018-10-25 22:59:49 money=1.00
2018-10-25 22:59:49 amount=1.00
2018-10-25 22:59:49 order=20181026105910154052275050773
2018-10-25 22:59:49 record=91442620181026105910
2018-10-25 22:59:49 remark=177mh-zFIz47N
2018-10-25 22:59:49 sign=d6cfc44befd7f2559aa9b38ea42bf5fd
2018-10-25 22:59:49 signtext=1.009144262018102610591002b675eafa73de3ce4
2018-10-25 22:59:49 mysign=d6cfc44befd7f2559aa9b38ea42bf5fd
2018-10-25 22:59:49 okat 0
2018-10-25 22:59:49 key=[key]
2018-10-25 22:59:49 money=1.00
2018-10-25 22:59:49 amount=1.00
2018-10-25 22:59:49 order=20181026105910154052275050773
2018-10-25 22:59:49 record=91442620181026105910
2018-10-25 22:59:49 remark=177mh-zFIz47N
2018-10-25 22:59:49 sign=d6cfc44befd7f2559aa9b38ea42bf5fd
2018-10-25 22:59:49 signtext=1.009144262018102610591002b675eafa73de3ce4
2018-10-25 22:59:49 mysign=d6cfc44befd7f2559aa9b38ea42bf5fd
2018-10-25 22:59:49 okat 0
