2018-07-30 02:57:00 request方法
2018-07-30 02:57:00 res_code=00
2018-07-30 02:57:00 res_msg=success
2018-07-30 02:57:00 pay_money=1000
2018-07-30 02:57:00 mch_order_number=50700420180730145629
2018-07-30 02:57:00 zg_order_number=ZGI5B5EB5FB5B2D6146
2018-07-30 02:57:00 pay_time=2018-07-30 14:54:17
2018-07-30 02:57:00 mch_appid=B1000117
2018-07-30 02:57:00 order_status=3
2018-07-30 02:57:00 sign=C225E0532D311DB4F7C5116492400BB2
2018-07-30 02:57:00 post方法
2018-07-30 02:57:00 res_code=00
2018-07-30 02:57:00 res_msg=success
2018-07-30 02:57:00 pay_money=1000
2018-07-30 02:57:00 mch_order_number=50700420180730145629
2018-07-30 02:57:00 zg_order_number=ZGI5B5EB5FB5B2D6146
2018-07-30 02:57:00 pay_time=2018-07-30 14:54:17
2018-07-30 02:57:00 mch_appid=B1000117
2018-07-30 02:57:00 order_status=3
2018-07-30 02:57:00 sign=C225E0532D311DB4F7C5116492400BB2
2018-07-30 02:57:00 input方法
2018-07-30 02:57:00 res_code=00&res_msg=success&pay_money=1000&mch_order_number=50700420180730145629&zg_order_number=ZGI5B5EB5FB5B2D6146&pay_time=2018-07-30+14%3A54%3A17&mch_appid=B1000117&order_status=3&sign=C225E0532D311DB4F7C5116492400BB2
2018-07-30 02:57:00 res_code=00
2018-07-30 02:57:00 res_msg=success
2018-07-30 02:57:00 pay_money=1000
2018-07-30 02:57:00 mch_order_number=50700420180730145629
2018-07-30 02:57:00 zg_order_number=ZGI5B5EB5FB5B2D6146
2018-07-30 02:57:00 pay_time=2018-07-30 14:54:17
2018-07-30 02:57:00 mch_appid=B1000117
2018-07-30 02:57:00 order_status=3
2018-07-30 02:57:00 sign=C225E0532D311DB4F7C5116492400BB2
2018-07-30 02:57:00 signtext=mch_appid=B1000117&mch_order_number=50700420180730145629&order_status=3&pay_money=1000&pay_time=2018-07-30 14:54:17&res_code=00&res_msg=success&zg_order_number=ZGI5B5EB5FB5B2D61469d9f9688f4c247c398f102166e3dc7f0
2018-07-30 02:57:00 mysign=C225E0532D311DB4F7C5116492400BB2
2018-07-30 02:57:00 successat 1
