2018-09-16 22:40:21 notify
2018-09-16 22:40:21 orderNo=2018091712
2018-09-16 22:40:21 merchantOrderNo=66284220180917095801
2018-09-16 22:40:21 money=10.00
2018-09-16 22:40:21 payAmount=10.00
2018-09-16 22:40:21 sign=4ec29d43177bcf464ccd5d95bc90dd05
2018-09-16 22:40:21 payType=PXX_H5_WX
2018-09-16 22:40:21 signtext=2018091712&66284220180917095801&10.00&10.00&39D6A573EFAD667DF89113D71BABD0CC
2018-09-16 22:40:21 mysign=4ec29d43177bcf464ccd5d95bc90dd05
2018-09-16 22:40:21 okat 0
2018-09-16 22:40:22 notify
2018-09-16 22:40:22 orderNo=2018091712
2018-09-16 22:40:22 merchantOrderNo=66284220180917095801
2018-09-16 22:40:22 money=10.00
2018-09-16 22:40:22 payAmount=10.00
2018-09-16 22:40:22 sign=4ec29d43177bcf464ccd5d95bc90dd05
2018-09-16 22:40:22 payType=PXX_H5_WX
2018-09-16 22:40:22 signtext=2018091712&66284220180917095801&10.00&10.00&39D6A573EFAD667DF89113D71BABD0CC
2018-09-16 22:40:22 mysign=4ec29d43177bcf464ccd5d95bc90dd05
2018-09-16 22:40:22 okat 0
2018-09-16 23:06:13 notify
2018-09-16 23:06:13 orderNo=2018091717
2018-09-16 23:06:13 merchantOrderNo=34583720180917110552
2018-09-16 23:06:13 money=1.00
2018-09-16 23:06:13 payAmount=1.00
2018-09-16 23:06:13 sign=a29d3c249af1424dce7af82e6164f682
2018-09-16 23:06:13 payType=PXX_H5_WX
2018-09-16 23:06:13 signtext=2018091717&34583720180917110552&1.00&1.00&39D6A573EFAD667DF89113D71BABD0CC
2018-09-16 23:06:13 mysign=a29d3c249af1424dce7af82e6164f682
2018-09-16 23:06:13 okat 1
2018-09-16 23:06:13 notify
2018-09-16 23:06:13 orderNo=2018091717
2018-09-16 23:06:13 merchantOrderNo=34583720180917110552
2018-09-16 23:06:13 money=1.00
2018-09-16 23:06:13 payAmount=1.00
2018-09-16 23:06:13 sign=a29d3c249af1424dce7af82e6164f682
2018-09-16 23:06:13 payType=PXX_H5_WX
2018-09-16 23:06:13 signtext=2018091717&34583720180917110552&1.00&1.00&39D6A573EFAD667DF89113D71BABD0CC
2018-09-16 23:06:13 mysign=a29d3c249af1424dce7af82e6164f682
2018-09-16 23:06:13 okat 0
