2018-07-04 02:26:20 notify
2018-07-04 02:26:20 request方法
2018-07-04 02:26:20 user_id=71
2018-07-04 02:26:20 trade_no=1807043685214252914
2018-07-04 02:26:20 out_trade_no=43359220180704142604
2018-07-04 02:26:20 transaction_money=2.00
2018-07-04 02:26:20 datetime=2018-07-04 14:26:19
2018-07-04 02:26:20 transaction_id=
2018-07-04 02:26:20 returncode=00
2018-07-04 02:26:20 sign=131314DFAB8BDF5D7AF3061B85F6C980
2018-07-04 02:26:20 attach=
2018-07-04 02:26:20 post方法
2018-07-04 02:26:20 user_id=71
2018-07-04 02:26:20 trade_no=1807043685214252914
2018-07-04 02:26:20 out_trade_no=43359220180704142604
2018-07-04 02:26:20 transaction_money=2.00
2018-07-04 02:26:20 datetime=2018-07-04 14:26:19
2018-07-04 02:26:20 transaction_id=
2018-07-04 02:26:20 returncode=00
2018-07-04 02:26:20 sign=131314DFAB8BDF5D7AF3061B85F6C980
2018-07-04 02:26:20 attach=
2018-07-04 02:26:20 input方法
2018-07-04 02:26:20 user_id=71&trade_no=1807043685214252914&out_trade_no=43359220180704142604&transaction_money=2.00&datetime=2018-07-04+14%3A26%3A19&transaction_id=&returncode=00&sign=131314DFAB8BDF5D7AF3061B85F6C980&attach=
2018-07-04 02:26:20 user_id=71
2018-07-04 02:26:20 trade_no=1807043685214252914
2018-07-04 02:26:20 out_trade_no=43359220180704142604
2018-07-04 02:26:20 transaction_money=2.00
2018-07-04 02:26:20 datetime=2018-07-04 14:26:19
2018-07-04 02:26:20 transaction_id=
2018-07-04 02:26:20 returncode=00
2018-07-04 02:26:20 sign=131314DFAB8BDF5D7AF3061B85F6C980
2018-07-04 02:26:20 attach=
2018-07-04 02:26:20 signtext=datetime=2018-07-04 14:26:19&out_trade_no=43359220180704142604&returncode=00&trade_no=1807043685214252914&transaction_money=2.00&user_id=71&apikey=633c3a1d73d9d1015a416b73f8345033
2018-07-04 02:26:20 mysign=131314DFAB8BDF5D7AF3061B85F6C980
2018-07-04 02:26:20 OKat 1
