2018-07-01 05:22:14 request方法
2018-07-01 05:22:14 memberid=10007
2018-07-01 05:22:14 orderid=81298720180701172126
2018-07-01 05:22:14 amount=1.000
2018-07-01 05:22:14 datetime=20180701172214
2018-07-01 05:22:14 returncode=00
2018-07-01 05:22:14 sign=927FFEBD8651A5530CBB10AE6B40C80D
2018-07-01 05:22:14 reserved1=
2018-07-01 05:22:14 reserved2=
2018-07-01 05:22:14 reserved3=
2018-07-01 05:22:14 post方法
2018-07-01 05:22:14 input方法
2018-07-01 05:22:14 
2018-07-01 05:22:14 memberid=10007
2018-07-01 05:22:14 orderid=81298720180701172126
2018-07-01 05:22:14 amount=1.000
2018-07-01 05:22:14 datetime=20180701172214
2018-07-01 05:22:14 returncode=00
2018-07-01 05:22:14 sign=927FFEBD8651A5530CBB10AE6B40C80D
2018-07-01 05:22:14 reserved1=
2018-07-01 05:22:14 reserved2=
2018-07-01 05:22:14 reserved3=
2018-07-01 05:22:14 signtext=amount=>1.000&datetime=>20180701172214&memberid=>10007&orderid=>81298720180701172126&returncode=>00&key=ggeWq1BO6HpXmmfUYzA4y1yPkWHadj
2018-07-01 05:22:14 mysign=927FFEBD8651A5530CBB10AE6B40C80D
2018-07-01 05:22:14 OKat 1
