2018-09-21 05:13:32 notify
2018-09-21 05:13:32 request方法
2018-09-21 05:13:32 attach=
2018-09-21 05:13:32 mch_id=1000019
2018-09-21 05:13:32 time_end=00010101000000
2018-09-21 05:13:32 transtypeid=101269
2018-09-21 05:13:32 out_trade_no=12632220180921043908
2018-09-21 05:13:32 transaction_id=1809211639091765517427007136
2018-09-21 05:13:32 ordernumber=1809211639091765517427007136
2018-09-21 05:13:32 way=pay
2018-09-21 05:13:32 total_fee=100.00
2018-09-21 05:13:32 device_info=
2018-09-21 05:13:32 service=al
2018-09-21 05:13:32 result_code=0
2018-09-21 05:13:32 sign=1CB31F85EB2A0642A48B89A024296E48
2018-09-21 05:13:32 post方法
2018-09-21 05:13:32 input方法
2018-09-21 05:13:32 
2018-09-21 05:13:32 attach=
2018-09-21 05:13:32 mch_id=1000019
2018-09-21 05:13:32 time_end=00010101000000
2018-09-21 05:13:32 transtypeid=101269
2018-09-21 05:13:32 out_trade_no=12632220180921043908
2018-09-21 05:13:32 transaction_id=1809211639091765517427007136
2018-09-21 05:13:32 ordernumber=1809211639091765517427007136
2018-09-21 05:13:32 way=pay
2018-09-21 05:13:32 total_fee=100.00
2018-09-21 05:13:32 device_info=
2018-09-21 05:13:32 service=al
2018-09-21 05:13:32 result_code=0
2018-09-21 05:13:32 sign=1CB31F85EB2A0642A48B89A024296E48
2018-09-21 05:13:32 signtext=1000019000101010000001263222018092104390818092116390917655174270071361012691809211639091765517427007136100.00alpay0f0f58574d4704ee1b43fb8cd7a997210
2018-09-21 05:13:32 mysign=1CB31F85EB2A0642A48B89A024296E48
2018-09-21 05:13:32 SUCCESSat 0
