2018-09-01 04:18:41 notify
2018-09-01 04:18:41 memberid=10068
2018-09-01 04:18:41 orderid=17851320180901161657
2018-09-01 04:18:41 transaction_id=20180901161657575110
2018-09-01 04:18:41 amount=10.0000
2018-09-01 04:18:41 datetime=20180901161840
2018-09-01 04:18:41 returncode=00
2018-09-01 04:18:41 sign=98DE37CE5016A10E70BCA7E5440723D1
2018-09-01 04:18:41 attach=
2018-09-01 04:18:41 signtext=amount=10.0000&datetime=20180901161840&memberid=10068&orderid=17851320180901161657&returncode=00&transaction_id=20180901161657575110&key=zfymaktoley6pvi33ypiwggwkxeuq3lq
2018-09-01 04:18:41 mysign=98DE37CE5016A10E70BCA7E5440723D1
2018-09-01 04:18:41 OKat 1
2018-09-01 04:18:42 return
2018-09-01 04:18:42 memberid=10068
2018-09-01 04:18:42 orderid=17851320180901161657
2018-09-01 04:18:42 transaction_id=20180901161657575110
2018-09-01 04:18:42 amount=10.0000
2018-09-01 04:18:42 datetime=20180901161842
2018-09-01 04:18:42 returncode=00
2018-09-01 04:18:42 sign=684F5DD2D42325D5E2035F3C6745A675
2018-09-01 04:18:42 attach=
2018-09-01 04:18:42 signtext=amount=10.0000&datetime=20180901161842&memberid=10068&orderid=17851320180901161657&returncode=00&transaction_id=20180901161657575110&key=zfymaktoley6pvi33ypiwggwkxeuq3lq
2018-09-01 04:18:42 mysign=684F5DD2D42325D5E2035F3C6745A675
2018-09-01 04:18:51 notify
2018-09-01 04:18:51 memberid=10068
2018-09-01 04:18:51 orderid=17851320180901161657
2018-09-01 04:18:51 transaction_id=20180901161657575110
2018-09-01 04:18:51 amount=10.0000
2018-09-01 04:18:51 datetime=20180901161851
2018-09-01 04:18:51 returncode=00
2018-09-01 04:18:51 sign=BEF6E293D28DDE73E8B38A35282BACEF
2018-09-01 04:18:51 attach=
2018-09-01 04:18:51 signtext=amount=10.0000&datetime=20180901161851&memberid=10068&orderid=17851320180901161657&returncode=00&transaction_id=20180901161657575110&key=zfymaktoley6pvi33ypiwggwkxeuq3lq
2018-09-01 04:18:51 mysign=BEF6E293D28DDE73E8B38A35282BACEF
2018-09-01 04:18:51 OKat 0
2018-09-01 04:19:01 notify
2018-09-01 04:19:01 memberid=10068
2018-09-01 04:19:01 orderid=17851320180901161657
2018-09-01 04:19:01 transaction_id=20180901161657575110
2018-09-01 04:19:01 amount=10.0000
2018-09-01 04:19:01 datetime=20180901161901
2018-09-01 04:19:01 returncode=00
2018-09-01 04:19:01 sign=818672DF4A6F2FCD222AB7CF38C50359
2018-09-01 04:19:01 attach=
2018-09-01 04:19:01 signtext=amount=10.0000&datetime=20180901161901&memberid=10068&orderid=17851320180901161657&returncode=00&transaction_id=20180901161657575110&key=zfymaktoley6pvi33ypiwggwkxeuq3lq
2018-09-01 04:19:01 mysign=818672DF4A6F2FCD222AB7CF38C50359
2018-09-01 04:19:01 OKat 0
2018-09-01 04:19:12 notify
2018-09-01 04:19:12 memberid=10068
2018-09-01 04:19:12 orderid=17851320180901161657
2018-09-01 04:19:12 transaction_id=20180901161657575110
2018-09-01 04:19:12 amount=10.0000
2018-09-01 04:19:12 datetime=20180901161912
2018-09-01 04:19:12 returncode=00
2018-09-01 04:19:12 sign=BDDF159FFDE76E070751EA85982B1FF7
2018-09-01 04:19:12 attach=
2018-09-01 04:19:12 signtext=amount=10.0000&datetime=20180901161912&memberid=10068&orderid=17851320180901161657&returncode=00&transaction_id=20180901161657575110&key=zfymaktoley6pvi33ypiwggwkxeuq3lq
2018-09-01 04:19:12 mysign=BDDF159FFDE76E070751EA85982B1FF7
2018-09-01 04:19:12 OKat 0
2018-09-01 04:19:22 notify
2018-09-01 04:19:22 memberid=10068
2018-09-01 04:19:22 orderid=17851320180901161657
2018-09-01 04:19:22 transaction_id=20180901161657575110
2018-09-01 04:19:22 amount=10.0000
2018-09-01 04:19:22 datetime=20180901161922
2018-09-01 04:19:22 returncode=00
2018-09-01 04:19:22 sign=044BBF8567E27082C544B391B9C857DA
2018-09-01 04:19:22 attach=
2018-09-01 04:19:22 signtext=amount=10.0000&datetime=20180901161922&memberid=10068&orderid=17851320180901161657&returncode=00&transaction_id=20180901161657575110&key=zfymaktoley6pvi33ypiwggwkxeuq3lq
2018-09-01 04:19:22 mysign=044BBF8567E27082C544B391B9C857DA
2018-09-01 04:19:22 OKat 0
