2018-08-07 00:12:09 notify
2018-08-07 00:12:09 MerNo=1726697223
2018-08-07 00:12:09 Amount=1.00
2018-08-07 00:12:09 BillNo=70264820180807121145
2018-08-07 00:12:09 Succeed=88
2018-08-07 00:12:09 MD5info=223278722E6CF106941CB0D6B4964963
2018-08-07 00:12:09 Result=支付成功
2018-08-07 00:12:09 MerRemark=
2018-08-07 00:12:09 signtext=Amount=1.00&BillNo=70264820180807121145&MerNo=1726697223&Succeed=88&18628F3FC433E1529FA46D2DA49928A1
2018-08-07 00:12:09 SUCCESS at 1
2018-08-07 00:12:10 notify
2018-08-07 00:12:10 MerNo=1726697223
2018-08-07 00:12:10 Amount=1.00
2018-08-07 00:12:10 BillNo=70264820180807121145
2018-08-07 00:12:10 Succeed=88
2018-08-07 00:12:10 MD5info=223278722E6CF106941CB0D6B4964963
2018-08-07 00:12:10 Result=支付成功
2018-08-07 00:12:10 MerRemark=
2018-08-07 00:12:10 signtext=Amount=1.00&BillNo=70264820180807121145&MerNo=1726697223&Succeed=88&18628F3FC433E1529FA46D2DA49928A1
2018-08-07 00:12:10 SUCCESS at 0
2018-08-07 00:12:16 notify
2018-08-07 00:12:16 MerNo=1726697223
2018-08-07 00:12:16 Amount=1.00
2018-08-07 00:12:16 BillNo=70264820180807121145
2018-08-07 00:12:16 Succeed=88
2018-08-07 00:12:16 MD5info=223278722E6CF106941CB0D6B4964963
2018-08-07 00:12:16 Result=支付成功
2018-08-07 00:12:16 MerRemark=
2018-08-07 00:12:16 signtext=Amount=1.00&BillNo=70264820180807121145&MerNo=1726697223&Succeed=88&18628F3FC433E1529FA46D2DA49928A1
2018-08-07 00:12:16 SUCCESS at 0
2018-08-07 00:12:22 notify
2018-08-07 00:12:22 MerNo=1726697223
2018-08-07 00:12:22 Amount=1.00
2018-08-07 00:12:22 BillNo=70264820180807121145
2018-08-07 00:12:22 Succeed=88
2018-08-07 00:12:22 MD5info=223278722E6CF106941CB0D6B4964963
2018-08-07 00:12:22 Result=支付成功
2018-08-07 00:12:22 MerRemark=
2018-08-07 00:12:22 signtext=Amount=1.00&BillNo=70264820180807121145&MerNo=1726697223&Succeed=88&18628F3FC433E1529FA46D2DA49928A1
2018-08-07 00:12:22 SUCCESS at 0
