2018-09-10 05:43:35 notify
2018-09-10 05:43:35 request方法
2018-09-10 05:43:35 memberid=10023
2018-09-10 05:43:35 orderid=44560720180910054110
2018-09-10 05:43:35 transaction_id=20180910174111555256
2018-09-10 05:43:35 amount=10.4200
2018-09-10 05:43:35 datetime=20180910174335
2018-09-10 05:43:35 returncode=00
2018-09-10 05:43:35 sign=C1B8CF86EF92A0416E562B763A996824
2018-09-10 05:43:35 attach=
2018-09-10 05:43:35 post方法
2018-09-10 05:43:35 memberid=10023
2018-09-10 05:43:35 orderid=44560720180910054110
2018-09-10 05:43:35 transaction_id=20180910174111555256
2018-09-10 05:43:35 amount=10.4200
2018-09-10 05:43:35 datetime=20180910174335
2018-09-10 05:43:35 returncode=00
2018-09-10 05:43:35 sign=C1B8CF86EF92A0416E562B763A996824
2018-09-10 05:43:35 attach=
2018-09-10 05:43:35 input方法
2018-09-10 05:43:35 memberid=10023&orderid=44560720180910054110&transaction_id=20180910174111555256&amount=10.4200&datetime=20180910174335&returncode=00&sign=C1B8CF86EF92A0416E562B763A996824&attach=
2018-09-10 05:43:35 memberid=10023
2018-09-10 05:43:35 orderid=44560720180910054110
2018-09-10 05:43:35 transaction_id=20180910174111555256
2018-09-10 05:43:35 amount=10.4200
2018-09-10 05:43:35 datetime=20180910174335
2018-09-10 05:43:35 returncode=00
2018-09-10 05:43:35 sign=C1B8CF86EF92A0416E562B763A996824
2018-09-10 05:43:35 attach=
2018-09-10 05:43:35 signtext=amount=10.4200&datetime=20180910174335&memberid=10023&orderid=44560720180910054110&returncode=00&transaction_id=20180910174111555256&key=cfmufrx445zz2p32jt7v8f7rs6w3ebi0
2018-09-10 05:43:35 mysign=C1B8CF86EF92A0416E562B763A996824
2018-09-10 05:43:35 OKat 1
