2018-10-01 04:32:14 request方法
2018-10-01 04:32:14 appId=1538380651035731031
2018-10-01 04:32:14 outerTradeNo=153838265954243
2018-10-01 04:32:14 orderNo=26098120181001043059
2018-10-01 04:32:14 totalFee=50.00
2018-10-01 04:32:14 realprice=49.97
2018-10-01 04:32:14 sign=e00f7200980123f234e0c920a82c8f3e
2018-10-01 04:32:14 post方法
2018-10-01 04:32:14 appId=1538380651035731031
2018-10-01 04:32:14 outerTradeNo=153838265954243
2018-10-01 04:32:14 orderNo=26098120181001043059
2018-10-01 04:32:14 totalFee=50.00
2018-10-01 04:32:14 realprice=49.97
2018-10-01 04:32:14 sign=e00f7200980123f234e0c920a82c8f3e
2018-10-01 04:32:14 input方法
2018-10-01 04:32:14 
2018-10-01 04:32:14 appId=1538380651035731031
2018-10-01 04:32:14 outerTradeNo=153838265954243
2018-10-01 04:32:14 orderNo=26098120181001043059
2018-10-01 04:32:14 totalFee=50.00
2018-10-01 04:32:14 realprice=49.97
2018-10-01 04:32:14 sign=e00f7200980123f234e0c920a82c8f3e
2018-10-01 04:32:14 signtext=appId=1538380651035731031&orderNo=26098120181001043059&outerTradeNo=153838265954243&realprice=49.97&totalFee=50.00&key=4c3d430037758883aa2b97b2281f9864
2018-10-01 04:32:14 mysign=e00f7200980123f234e0c920a82c8f3e
2018-10-01 04:32:14 successat 1
