2018-08-29 03:49:33 notify
2018-08-29 03:49:33 {"MerchantNo":"51767832","OrderNo":"70352920180829154826","Amount":"25.00","Cur":"1","Status":"100","PayTime":"20180829154925","DealTime":"2018-08-2915:49:25","CodeMsg":null,"Sign":"7f64cfc8ba2fbff930f4e7c73fa5cf96"}
2018-08-29 03:49:33 MerchantNo=51767832
2018-08-29 03:49:33 OrderNo=70352920180829154826
2018-08-29 03:49:33 Amount=25.00
2018-08-29 03:49:33 Cur=1
2018-08-29 03:49:33 Status=100
2018-08-29 03:49:33 PayTime=20180829154925
2018-08-29 03:49:33 DealTime=2018-08-2915:49:25
2018-08-29 03:49:33 CodeMsg=
2018-08-29 03:49:33 Sign=7f64cfc8ba2fbff930f4e7c73fa5cf96
2018-08-29 03:49:33 signtext=FAE4D7E48241ACCC7035292018082915482625.00100AF71B5957CBD1FA5B048671493AC2294
2018-08-29 03:49:33 mysign=7f64cfc8ba2fbff930f4e7c73fa5cf96
2018-08-29 03:49:33 交易失败
2018-08-29 03:49:33 notify
2018-08-29 03:49:33 {"MerchantNo":"51767832","OrderNo":"70352920180829154826","Amount":"25.00","Cur":"1","Status":"100","PayTime":"20180829154925","DealTime":"2018-08-2915:49:25","CodeMsg":null,"Sign":"7f64cfc8ba2fbff930f4e7c73fa5cf96"}
2018-08-29 03:49:33 MerchantNo=51767832
2018-08-29 03:49:33 OrderNo=70352920180829154826
2018-08-29 03:49:33 Amount=25.00
2018-08-29 03:49:33 Cur=1
2018-08-29 03:49:33 Status=100
2018-08-29 03:49:33 PayTime=20180829154925
2018-08-29 03:49:33 DealTime=2018-08-2915:49:25
2018-08-29 03:49:33 CodeMsg=
2018-08-29 03:49:33 Sign=7f64cfc8ba2fbff930f4e7c73fa5cf96
2018-08-29 03:49:33 signtext=FAE4D7E48241ACCC7035292018082915482625.00100AF71B5957CBD1FA5B048671493AC2294
2018-08-29 03:49:33 mysign=7f64cfc8ba2fbff930f4e7c73fa5cf96
2018-08-29 03:49:33 交易失败
