2018-07-09 04:35:29 notify
2018-07-09 04:35:36 notify
2018-07-09 04:35:42 notify
2018-07-09 04:35:48 notify
2018-07-09 04:36:00 notify
2018-07-09 04:36:12 notify
2018-07-09 04:37:30 notify
2018-07-09 04:37:36 notify
2018-07-09 04:37:42 notify
2018-07-09 04:37:55 notify
2018-07-09 04:38:07 notify
2018-07-09 04:38:53 notify
2018-07-09 04:38:53 partner=33000138
2018-07-09 04:38:53 ordernumber=45188120180709043313
2018-07-09 04:38:53 orderstatus=1
2018-07-09 04:38:53 paymoney=1.0000
2018-07-09 04:38:53 sysnumber=XH180709163358640
2018-07-09 04:38:53 attach=
2018-07-09 04:38:53 sign=f75cffdc74dedac39dd765b7e4563fd8
2018-07-09 04:38:53 signtext=partner=33000138&ordernumber=45188120180709043313&orderstatus=1&paymoney=1.0000fd5f1f6edb3909752c4b0a3303bba813
2018-07-09 04:38:53 mysign=f75cffdc74dedac39dd765b7e4563fd8
2018-07-09 04:38:53 okat 1
2018-07-09 04:43:36 notify
2018-07-09 04:43:36 partner=33000138
2018-07-09 04:43:36 ordernumber=41541620180709035314
2018-07-09 04:43:36 orderstatus=1
2018-07-09 04:43:36 paymoney=1.0000
2018-07-09 04:43:36 sysnumber=XH180709155356940
2018-07-09 04:43:36 attach=
2018-07-09 04:43:36 sign=8f203e62ceb2fdf3b0a7cdbfb370eeec
2018-07-09 04:43:36 signtext=partner=33000138&ordernumber=41541620180709035314&orderstatus=1&paymoney=1.0000fd5f1f6edb3909752c4b0a3303bba813
2018-07-09 04:43:36 mysign=8f203e62ceb2fdf3b0a7cdbfb370eeec
2018-07-09 04:43:36 okat 0
