2018-07-16 21:19:19 notify
2018-07-16 21:19:19 eyJhcHBpZCI6IjY0ODg1MTExNCIsIm91dF90cmFkZV9ubyI6IjU5NDgyNDIwMTgwNzE2MDYwMTMwIiwidHJhZGVfbm8iOiI2MzE1MzE3MzUyOTA5MTU2IiwidGl0bGUiOiJwYXkiLCJtb25leSI6IjEwLjAwIiwic2lnbiI6IjkwMTI2MEJFOUI3OEVBMDlBNTVFM0EyMDc4NjgyNDQyIiwic3RhdHUiOiJzdWNjZXNzIn0=
2018-07-16 21:19:19 appid=648851114
2018-07-16 21:19:19 out_trade_no=59482420180716060130
2018-07-16 21:19:19 trade_no=6315317352909156
2018-07-16 21:19:19 title=pay
2018-07-16 21:19:19 money=10.00
2018-07-16 21:19:19 sign=901260BE9B78EA09A55E3A2078682442
2018-07-16 21:19:19 statu=success
2018-07-16 21:19:19 signtext=appid=648851114&out_trade_no=59482420180716060130&trade_no=6315317352909156&money=10.00&key=XL9qVJpUifrncg6E3doYlPveR1tQWh5G
2018-07-16 21:19:19 mysign=901260BE9B78EA09A55E3A2078682442
2018-07-16 21:19:19 successat 0
2018-07-16 21:30:31 notify
2018-07-16 21:30:31 eyJhcHBpZCI6IjY0ODg1MTExNCIsIm91dF90cmFkZV9ubyI6IjIxNDQ1NzIwMTgwNzE2MjEzMDExIiwidHJhZGVfbm8iOiI5MzE1MzE3OTEwMTEzNTI5IiwidGl0bGUiOiJwYXkiLCJtb25leSI6IjEuMDAiLCJzaWduIjoiRjkyNkFCQjhEQzVCNUJEQ0UyQkNBRkYwQTlDNTY0QjgiLCJzdGF0dSI6InN1Y2Nlc3MifQ==
2018-07-16 21:30:31 appid=648851114
2018-07-16 21:30:31 out_trade_no=21445720180716213011
2018-07-16 21:30:31 trade_no=9315317910113529
2018-07-16 21:30:31 title=pay
2018-07-16 21:30:31 money=1.00
2018-07-16 21:30:31 sign=F926ABB8DC5B5BDCE2BCAFF0A9C564B8
2018-07-16 21:30:31 statu=success
2018-07-16 21:30:31 signtext=appid=648851114&out_trade_no=21445720180716213011&trade_no=9315317910113529&money=1.00&key=XL9qVJpUifrncg6E3doYlPveR1tQWh5G
2018-07-16 21:30:31 mysign=F926ABB8DC5B5BDCE2BCAFF0A9C564B8
2018-07-16 21:30:31 successat 1
2018-07-16 21:30:34 notify
2018-07-16 21:30:34 eyJhcHBpZCI6IjY0ODg1MTExNCIsIm91dF90cmFkZV9ubyI6IjIxNDQ1NzIwMTgwNzE2MjEzMDExIiwidHJhZGVfbm8iOiI5MzE1MzE3OTEwMTEzNTI5IiwidGl0bGUiOiJwYXkiLCJtb25leSI6IjEuMDAiLCJzaWduIjoiRjkyNkFCQjhEQzVCNUJEQ0UyQkNBRkYwQTlDNTY0QjgiLCJzdGF0dSI6InN1Y2Nlc3MifQ==
2018-07-16 21:30:34 appid=648851114
2018-07-16 21:30:34 out_trade_no=21445720180716213011
2018-07-16 21:30:34 trade_no=9315317910113529
2018-07-16 21:30:34 title=pay
2018-07-16 21:30:34 money=1.00
2018-07-16 21:30:34 sign=F926ABB8DC5B5BDCE2BCAFF0A9C564B8
2018-07-16 21:30:34 statu=success
2018-07-16 21:30:34 signtext=appid=648851114&out_trade_no=21445720180716213011&trade_no=9315317910113529&money=1.00&key=XL9qVJpUifrncg6E3doYlPveR1tQWh5G
2018-07-16 21:30:34 mysign=F926ABB8DC5B5BDCE2BCAFF0A9C564B8
2018-07-16 21:30:34 successat 0
2018-07-16 21:30:34 return
2018-07-16 21:30:34 appid=648851114
2018-07-16 21:30:34 out_trade_no=21445720180716213011
2018-07-16 21:30:34 trade_no=9315317910113529
2018-07-16 21:30:34 title=pay
2018-07-16 21:30:34 money=1.00
2018-07-16 21:30:34 sign=F926ABB8DC5B5BDCE2BCAFF0A9C564B8
2018-07-16 21:30:34 statu=success
2018-07-16 21:30:34 signtext=appid=648851114&out_trade_no=21445720180716213011&trade_no=9315317910113529&money=1.00&key=XL9qVJpUifrncg6E3doYlPveR1tQWh5G
2018-07-16 21:30:34 mysign=F926ABB8DC5B5BDCE2BCAFF0A9C564B8
