2018-07-22 06:04:26 request方法
2018-07-22 06:04:26 memberid=10132
2018-07-22 06:04:26 orderid=26186420180722180403
2018-07-22 06:04:26 transaction_id=20180722180401495510
2018-07-22 06:04:26 amount=10.0000
2018-07-22 06:04:26 datetime=20180722180421
2018-07-22 06:04:26 returncode=00
2018-07-22 06:04:26 sign=4CAD977CA154D73B89CDBBF793278B56
2018-07-22 06:04:26 attach=
2018-07-22 06:04:26 post方法
2018-07-22 06:04:26 memberid=10132
2018-07-22 06:04:26 orderid=26186420180722180403
2018-07-22 06:04:26 transaction_id=20180722180401495510
2018-07-22 06:04:26 amount=10.0000
2018-07-22 06:04:26 datetime=20180722180421
2018-07-22 06:04:26 returncode=00
2018-07-22 06:04:26 sign=4CAD977CA154D73B89CDBBF793278B56
2018-07-22 06:04:26 attach=
2018-07-22 06:04:26 input方法
2018-07-22 06:04:26 memberid=10132&orderid=26186420180722180403&transaction_id=20180722180401495510&amount=10.0000&datetime=20180722180421&returncode=00&sign=4CAD977CA154D73B89CDBBF793278B56&attach=
2018-07-22 06:04:26 memberid=10132
2018-07-22 06:04:26 orderid=26186420180722180403
2018-07-22 06:04:26 transaction_id=20180722180401495510
2018-07-22 06:04:26 amount=10.0000
2018-07-22 06:04:26 datetime=20180722180421
2018-07-22 06:04:26 returncode=00
2018-07-22 06:04:26 sign=4CAD977CA154D73B89CDBBF793278B56
2018-07-22 06:04:26 attach=
2018-07-22 06:04:26 signtext=amount=10.0000&datetime=20180722180421&memberid=10132&orderid=26186420180722180403&returncode=00&transaction_id=20180722180401495510&key=pyok7kkarp9yuzzj9ccxqert0a0nwj98
2018-07-22 06:04:26 mysign=4CAD977CA154D73B89CDBBF793278B56
2018-07-22 06:04:26 OKat 1
2018-07-22 06:04:28 request方法
2018-07-22 06:04:28 memberid=10132
2018-07-22 06:04:28 orderid=26186420180722180403
2018-07-22 06:04:28 transaction_id=20180722180401495510
2018-07-22 06:04:28 amount=10.0000
2018-07-22 06:04:28 datetime=20180722180421
2018-07-22 06:04:28 returncode=00
2018-07-22 06:04:28 sign=4CAD977CA154D73B89CDBBF793278B56
2018-07-22 06:04:28 attach=
2018-07-22 06:04:28 post方法
2018-07-22 06:04:28 memberid=10132
2018-07-22 06:04:28 orderid=26186420180722180403
2018-07-22 06:04:28 transaction_id=20180722180401495510
2018-07-22 06:04:28 amount=10.0000
2018-07-22 06:04:28 datetime=20180722180421
2018-07-22 06:04:28 returncode=00
2018-07-22 06:04:28 sign=4CAD977CA154D73B89CDBBF793278B56
2018-07-22 06:04:28 attach=
2018-07-22 06:04:28 input方法
2018-07-22 06:04:28 memberid=10132&orderid=26186420180722180403&transaction_id=20180722180401495510&amount=10.0000&datetime=20180722180421&returncode=00&sign=4CAD977CA154D73B89CDBBF793278B56&attach=
2018-07-22 06:04:28 memberid=10132
2018-07-22 06:04:28 orderid=26186420180722180403
2018-07-22 06:04:28 transaction_id=20180722180401495510
2018-07-22 06:04:28 amount=10.0000
2018-07-22 06:04:28 datetime=20180722180421
2018-07-22 06:04:28 returncode=00
2018-07-22 06:04:28 sign=4CAD977CA154D73B89CDBBF793278B56
2018-07-22 06:04:28 attach=
2018-07-22 06:04:28 signtext=amount=10.0000&datetime=20180722180421&memberid=10132&orderid=26186420180722180403&returncode=00&transaction_id=20180722180401495510&key=pyok7kkarp9yuzzj9ccxqert0a0nwj98
2018-07-22 06:04:28 mysign=4CAD977CA154D73B89CDBBF793278B56
2018-07-22 06:04:28 OKat 0
