2018-10-03 09:33:04 {"appid":"LJBGDRFK","goods_name":"cGF5","currency_type":"CNY","out_trade_no":"44485820181003093140","pay_id":"WECHAT","payment":"1","pay_no":"201810032131419080543367","resp_code":"00","resp_desc":"\u652f\u4ed8\u6210\u529f","tran_amount":"96.80","sign_type":"MD5","version":"1.0","amount":"100.00","sign":"152689a96c00265de5fd7f9fc554bcb4"}
2018-10-03 09:33:04 appid=LJBGDRFK
2018-10-03 09:33:04 goods_name=cGF5
2018-10-03 09:33:04 currency_type=CNY
2018-10-03 09:33:04 out_trade_no=44485820181003093140
2018-10-03 09:33:04 pay_id=WECHAT
2018-10-03 09:33:04 payment=1
2018-10-03 09:33:04 pay_no=201810032131419080543367
2018-10-03 09:33:04 resp_code=00
2018-10-03 09:33:04 resp_desc=支付成功
2018-10-03 09:33:04 tran_amount=96.80
2018-10-03 09:33:04 sign_type=MD5
2018-10-03 09:33:04 version=1.0
2018-10-03 09:33:04 amount=100.00
2018-10-03 09:33:04 sign=152689a96c00265de5fd7f9fc554bcb4
2018-10-03 09:33:04 signtext=amount=100.00&appid=LJBGDRFK&currency_type=CNY&goods_name=cGF5&out_trade_no=44485820181003093140&pay_id=WECHAT&pay_no=201810032131419080543367&payment=1&resp_code=00&resp_desc=支付成功&sign_type=MD5&tran_amount=96.80&version=1.09abf3925806c2703e979a926350e6cfc
2018-10-03 09:33:04 mysign=152689a96c00265de5fd7f9fc554bcb4
2018-10-03 09:33:04 SUCCESSat 1
2018-10-03 09:33:06 -----return
2018-10-03 09:33:06 appid=LJBGDRFK-----return
2018-10-03 09:33:06 goods_name=cGF5-----return
2018-10-03 09:33:06 currency_type=CNY-----return
2018-10-03 09:33:06 out_trade_no=44485820181003093140-----return
2018-10-03 09:33:06 pay_id=WECHAT-----return
2018-10-03 09:33:06 payment=1-----return
2018-10-03 09:33:06 pay_no=201810032131419080543367-----return
2018-10-03 09:33:06 resp_code=00-----return
2018-10-03 09:33:06 resp_desc=支付成功-----return
2018-10-03 09:33:06 tran_amount=96.80-----return
2018-10-03 09:33:06 sign_type=MD5-----return
2018-10-03 09:33:06 version=1.0-----return
2018-10-03 09:33:06 amount=100.00-----return
2018-10-03 09:33:06 sign=152689a96c00265de5fd7f9fc554bcb4-----return
2018-10-03 09:33:06 signtext=amount=100.00&appid=LJBGDRFK&currency_type=CNY&goods_name=cGF5&out_trade_no=44485820181003093140&pay_id=WECHAT&pay_no=201810032131419080543367&payment=1&resp_code=00&resp_desc=支付成功&sign_type=MD5&tran_amount=96.80&version=1.09abf3925806c2703e979a926350e6cfc
2018-10-03 09:33:06 mysign=152689a96c00265de5fd7f9fc554bcb4
