2018-10-02 10:15:10 request方法
2018-10-02 10:15:10 post方法
2018-10-02 10:15:10 input方法
2018-10-02 10:15:10 {"appid":"7RZLYE7H","goods_name":"cGF5","currency_type":"CNY","out_trade_no":"74106720181002101400","pay_id":"WECHAT","payment":"1","pay_no":"201810022214013479946946","resp_code":"00","resp_desc":"\u652f\u4ed8\u6210\u529f","tran_amount":"96.80","sign_type":"MD5","version":"1.0","amount":"100.00","sign":"5db9cf0a0b4b38d85d3216bb7baf58e7"}
2018-10-02 10:15:10 {"appid":"7RZLYE7H","goods_name":"cGF5","currency_type":"CNY","out_trade_no":"74106720181002101400","pay_id":"WECHAT","payment":"1","pay_no":"201810022214013479946946","resp_code":"00","resp_desc":"\u652f\u4ed8\u6210\u529f","tran_amount":"96.80","sign_type":"MD5","version":"1.0","amount":"100.00","sign":"5db9cf0a0b4b38d85d3216bb7baf58e7"}
2018-10-02 10:15:10 appid=7RZLYE7H
2018-10-02 10:15:10 goods_name=cGF5
2018-10-02 10:15:10 currency_type=CNY
2018-10-02 10:15:10 out_trade_no=74106720181002101400
2018-10-02 10:15:10 pay_id=WECHAT
2018-10-02 10:15:10 payment=1
2018-10-02 10:15:10 pay_no=201810022214013479946946
2018-10-02 10:15:10 resp_code=00
2018-10-02 10:15:10 resp_desc=支付成功
2018-10-02 10:15:10 tran_amount=96.80
2018-10-02 10:15:10 sign_type=MD5
2018-10-02 10:15:10 version=1.0
2018-10-02 10:15:10 amount=100.00
2018-10-02 10:15:10 sign=5db9cf0a0b4b38d85d3216bb7baf58e7
2018-10-02 10:15:10 signtext=amount=100.00&appid=7RZLYE7H&currency_type=CNY&goods_name=cGF5&out_trade_no=74106720181002101400&pay_id=WECHAT&pay_no=201810022214013479946946&payment=1&resp_code=00&resp_desc=支付成功&sign_type=MD5&tran_amount=96.80&version=1.0f5fde174bab030541d625996ef325139
2018-10-02 10:15:10 mysign=5db9cf0a0b4b38d85d3216bb7baf58e7
2018-10-02 10:15:11 SUCCESSat 1
2018-10-02 10:15:15 -----return
2018-10-02 10:15:15 appid=7RZLYE7H-----return
2018-10-02 10:15:15 goods_name=cGF5-----return
2018-10-02 10:15:15 currency_type=CNY-----return
2018-10-02 10:15:15 out_trade_no=74106720181002101400-----return
2018-10-02 10:15:15 pay_id=WECHAT-----return
2018-10-02 10:15:15 payment=1-----return
2018-10-02 10:15:15 pay_no=201810022214013479946946-----return
2018-10-02 10:15:15 resp_code=00-----return
2018-10-02 10:15:15 resp_desc=支付成功-----return
2018-10-02 10:15:15 tran_amount=96.80-----return
2018-10-02 10:15:15 sign_type=MD5-----return
2018-10-02 10:15:15 version=1.0-----return
2018-10-02 10:15:15 amount=100.00-----return
2018-10-02 10:15:15 sign=5db9cf0a0b4b38d85d3216bb7baf58e7-----return
2018-10-02 10:15:15 signtext=amount=100.00&appid=7RZLYE7H&currency_type=CNY&goods_name=cGF5&out_trade_no=74106720181002101400&pay_id=WECHAT&pay_no=201810022214013479946946&payment=1&resp_code=00&resp_desc=支付成功&sign_type=MD5&tran_amount=96.80&version=1.0f5fde174bab030541d625996ef325139
2018-10-02 10:15:15 mysign=5db9cf0a0b4b38d85d3216bb7baf58e7
