2018-09-12 22:39:23 notify
2018-09-12 22:39:23 post方法
2018-09-12 22:39:23 info=aXkiZITgl4tP5c5rqY8BuRten2un+yx6QeYiCzgUgIqFfVEex0B1eT4xcsJNDF3GL8/IXQt006MCgTzhKBx8sDeJeh89g1l7WcKwrz4wGXm4QujbmFTLInaGUBtSgKaYUH4mxxlOJaKzKtWzh+GZcj8KtiW8a53rTpTpLvkUoXU=ebJ7iuohvLZDeovKpFSzJfoLL332EHGInWIG6sK9KYZidSaVVnX/KJK+gF5PGEzagXvVYBNqLGFKefbiTvQGlJgY7Xml5B1b1cmCbfHE8hdDHWs2d8sjYg4uxsWjA+BXHAxi3UEoGjLZCJFp9VqaxmQaS6D2PRwbfKhDJsoiC4k=
2018-09-12 22:39:23 order_id=29377920180913103824
2018-09-12 22:39:23 key=d30ad32b631f552386cce32f902842d3
2018-09-12 22:39:23 status=200
2018-09-12 22:39:23 money=10
2018-09-12 22:39:23 realprice=10
2018-09-12 22:39:23 rank=23
2018-09-12 22:39:23 {"status":200}at 1
2018-09-12 22:58:27 notify
2018-09-12 22:58:27 post方法
2018-09-12 22:58:27 info=HSv8mTycXaHBZP14nGcZz6Ua8gDJqBkTIHwYMXC3Jnh7n9v9Rwlug+eZj/mdCx44ate/lg3+mKnVTTcigbGD5BkSavosh0jrFHtuf7IlEpaeGMk0sPyxd6e5Zc1krAeJt8yiQ/gjM6nwa9XH2SXe6LrvGHJbhUdpF/LCcy+wMNs=dLYfroVqLnYJO3A3dBz99HiZ/dRj17jSGerazDssRJqw0dMHqA+26NhyCbaHQHfr6B5ho9uFYccnLU2Wy8MyzCDqsLdLDZJLXcesuRXbRLeN0G55HENIkMPCkv4X0PS284zGrX8VeoId2r+c84SVu6aAjtziYEoz3JbwD3je7vs=
2018-09-12 22:58:27 order_id=35409820180913105720
2018-09-12 22:58:27 key=2499a825ccf2fb1da4896954b898ddfa
2018-09-12 22:58:27 status=200
2018-09-12 22:58:27 money=10
2018-09-12 22:58:27 realprice=10
2018-09-12 22:58:27 rank=72
2018-09-12 22:58:27 {"status":200}at 0
