2018-08-24 04:55:22 request方法
2018-08-24 04:55:22 orderid=15727020180824045437
2018-08-24 04:55:22 opstate=0
2018-08-24 04:55:22 ovalue=0.95
2018-08-24 04:55:22 orderamt=1.00
2018-08-24 04:55:22 sysorderid=18082416544069010449
2018-08-24 04:55:22 completiontime=2018/08/24 16:55:24
2018-08-24 04:55:22 attach=
2018-08-24 04:55:22 msg=
2018-08-24 04:55:22 sign=f7b778b4e1ae1c26e9e4f8ecb90dc804
2018-08-24 04:55:22 post方法
2018-08-24 04:55:22 input方法
2018-08-24 04:55:22 
2018-08-24 04:55:22 orderid=15727020180824045437
2018-08-24 04:55:22 opstate=0
2018-08-24 04:55:22 ovalue=0.95
2018-08-24 04:55:22 orderamt=1.00
2018-08-24 04:55:22 sysorderid=18082416544069010449
2018-08-24 04:55:22 completiontime=2018/08/24 16:55:24
2018-08-24 04:55:22 attach=
2018-08-24 04:55:22 msg=
2018-08-24 04:55:22 sign=f7b778b4e1ae1c26e9e4f8ecb90dc804
2018-08-24 04:55:22 signtext=orderid=15727020180824045437&opstate=0&ovalue=0.95e8e4bac418d441ab9081e4092dd51544
2018-08-24 04:55:22 mysign=f7b778b4e1ae1c26e9e4f8ecb90dc804
2018-08-24 04:55:22 okat 1
2018-08-24 04:55:24 -----return
2018-08-24 04:55:24 orderid=15727020180824045437-----return
2018-08-24 04:55:24 opstate=0-----return
2018-08-24 04:55:24 ovalue=1.00-----return
2018-08-24 04:55:24 sysorderid=18082416544069010449-----return
2018-08-24 04:55:24 completiontime=2018/08/24 16:55:27-----return
2018-08-24 04:55:24 attach=-----return
2018-08-24 04:55:24 msg=-----return
2018-08-24 04:55:24 sign=215a601adc3fee5b47fe6c9f1d11abc3-----return
2018-08-24 04:55:24 signtext=orderid=15727020180824045437&opstate=0&ovalue=1.00e8e4bac418d441ab9081e4092dd51544
2018-08-24 04:55:24 mysign=215a601adc3fee5b47fe6c9f1d11abc3
