2018-08-24 05:29:01 notify
2018-08-24 05:29:01 request规
2018-08-24 05:29:01 P_UserId=1004180
2018-08-24 05:29:01 P_OrderId=86611720180824052822
2018-08-24 05:29:01 P_CardId=
2018-08-24 05:29:01 P_CardPass=
2018-08-24 05:29:01 P_FaceValue=1.00000
2018-08-24 05:29:01 P_ChannelId=21
2018-08-24 05:29:01 P_PayMoney=1.00
2018-08-24 05:29:01 P_Subject=
2018-08-24 05:29:01 P_Price=1.0000
2018-08-24 05:29:01 P_Quantity=0
2018-08-24 05:29:01 P_Description=
2018-08-24 05:29:01 P_Notic=
2018-08-24 05:29:01 P_ErrCode=0
2018-08-24 05:29:01 P_PostKey=11c49992813749fbd3f8f89382036a4c
2018-08-24 05:29:01 P_ErrMsg=支付成功
2018-08-24 05:29:01 post规
2018-08-24 05:29:01 input规
2018-08-24 05:29:01 
2018-08-24 05:29:03 notify
2018-08-24 05:29:03 request规
2018-08-24 05:29:03 P_UserId=1004180
2018-08-24 05:29:03 P_OrderId=86611720180824052822
2018-08-24 05:29:03 P_CardId=
2018-08-24 05:29:03 P_CardPass=
2018-08-24 05:29:03 P_FaceValue=1.00000
2018-08-24 05:29:03 P_ChannelId=21
2018-08-24 05:29:03 P_PayMoney=1.00
2018-08-24 05:29:03 P_Subject=
2018-08-24 05:29:03 P_Price=1.0000
2018-08-24 05:29:03 P_Quantity=0
2018-08-24 05:29:03 P_Description=
2018-08-24 05:29:03 P_Notic=
2018-08-24 05:29:03 P_ErrCode=0
2018-08-24 05:29:03 P_PostKey=11c49992813749fbd3f8f89382036a4c
2018-08-24 05:29:03 P_ErrMsg=支付成功
2018-08-24 05:29:03 post规
2018-08-24 05:29:03 input规
2018-08-24 05:29:03 
2018-08-24 05:32:06 notify
2018-08-24 05:32:06 request规
2018-08-24 05:32:06 P_UserId=1004180
2018-08-24 05:32:06 P_OrderId=86611720180824052822
2018-08-24 05:32:06 P_CardId=
2018-08-24 05:32:06 P_CardPass=
2018-08-24 05:32:06 P_FaceValue=1.00000
2018-08-24 05:32:06 P_ChannelId=21
2018-08-24 05:32:06 P_PayMoney=1.00
2018-08-24 05:32:06 P_Subject=
2018-08-24 05:32:06 P_Price=1.0000
2018-08-24 05:32:06 P_Quantity=0
2018-08-24 05:32:06 P_Description=
2018-08-24 05:32:06 P_Notic=
2018-08-24 05:32:06 P_ErrCode=0
2018-08-24 05:32:06 P_PostKey=11c49992813749fbd3f8f89382036a4c
2018-08-24 05:32:06 P_ErrMsg=支付成功
2018-08-24 05:32:06 post规
2018-08-24 05:32:06 input规
2018-08-24 05:32:06 
2018-08-24 05:35:04 notify
2018-08-24 05:35:04 request规
2018-08-24 05:35:04 P_UserId=1004180
2018-08-24 05:35:04 P_OrderId=86611720180824052822
2018-08-24 05:35:04 P_CardId=
2018-08-24 05:35:04 P_CardPass=
2018-08-24 05:35:04 P_FaceValue=1.00000
2018-08-24 05:35:04 P_ChannelId=21
2018-08-24 05:35:04 P_PayMoney=1.00
2018-08-24 05:35:04 P_Subject=
2018-08-24 05:35:04 P_Price=1.0000
2018-08-24 05:35:04 P_Quantity=0
2018-08-24 05:35:04 P_Description=
2018-08-24 05:35:04 P_Notic=
2018-08-24 05:35:04 P_ErrCode=0
2018-08-24 05:35:04 P_PostKey=11c49992813749fbd3f8f89382036a4c
2018-08-24 05:35:04 P_ErrMsg=支付成功
2018-08-24 05:35:04 post规
2018-08-24 05:35:04 input规
2018-08-24 05:35:04 
2018-08-24 05:38:07 notify
2018-08-24 05:38:07 request规
2018-08-24 05:38:07 P_UserId=1004180
2018-08-24 05:38:07 P_OrderId=86611720180824052822
2018-08-24 05:38:07 P_CardId=
2018-08-24 05:38:07 P_CardPass=
2018-08-24 05:38:07 P_FaceValue=1.00000
2018-08-24 05:38:07 P_ChannelId=21
2018-08-24 05:38:07 P_PayMoney=1.00
2018-08-24 05:38:07 P_Subject=
2018-08-24 05:38:07 P_Price=1.0000
2018-08-24 05:38:07 P_Quantity=0
2018-08-24 05:38:07 P_Description=
2018-08-24 05:38:07 P_Notic=
2018-08-24 05:38:07 P_ErrCode=0
2018-08-24 05:38:07 P_PostKey=11c49992813749fbd3f8f89382036a4c
2018-08-24 05:38:07 P_ErrMsg=支付成功
2018-08-24 05:38:07 post规
2018-08-24 05:38:07 input规
2018-08-24 05:38:07 
2018-08-24 05:40:05 notify
2018-08-24 05:40:05 request规
2018-08-24 05:40:05 P_UserId=1004180
2018-08-24 05:40:05 P_OrderId=56108820180824053859
2018-08-24 05:40:05 P_CardId=
2018-08-24 05:40:05 P_CardPass=
2018-08-24 05:40:05 P_FaceValue=1.00000
2018-08-24 05:40:05 P_ChannelId=21
2018-08-24 05:40:05 P_PayMoney=1.00
2018-08-24 05:40:05 P_Subject=
2018-08-24 05:40:05 P_Price=1.0000
2018-08-24 05:40:05 P_Quantity=0
2018-08-24 05:40:05 P_Description=
2018-08-24 05:40:05 P_Notic=
2018-08-24 05:40:05 P_ErrCode=0
2018-08-24 05:40:05 P_PostKey=77471ce269addaacdfc0ee33bda535cb
2018-08-24 05:40:05 P_ErrMsg=支付成功
2018-08-24 05:40:05 post规
2018-08-24 05:40:05 input规
2018-08-24 05:40:05 
