2018-08-26 22:52:01 notify
2018-08-26 22:52:01 P_UserId=1004180
2018-08-26 22:52:01 P_OrderId=62030520180826224449
2018-08-26 22:52:01 P_CardId=
2018-08-26 22:52:01 P_CardPass=
2018-08-26 22:52:01 P_FaceValue=1.00000
2018-08-26 22:52:01 P_ChannelId=21
2018-08-26 22:52:01 P_PayMoney=1.00
2018-08-26 22:52:01 P_Subject=
2018-08-26 22:52:01 P_Price=1.0000
2018-08-26 22:52:01 P_Quantity=0
2018-08-26 22:52:01 P_Description=
2018-08-26 22:52:01 P_Notic=
2018-08-26 22:52:01 P_ErrCode=0
2018-08-26 22:52:01 P_PostKey=5851c4e2687c85d2e64c86bf6a41a70e
2018-08-26 22:52:01 P_ErrMsg=支付成功
2018-08-26 22:52:01 signtext=1004180|62030520180826224449|||1.00000|21|1.00|0|5a279a0f36a846f5941ad7d2601afb87
2018-08-26 22:52:01 mysign=5851c4e2687c85d2e64c86bf6a41a70e
2018-08-26 22:52:01 successat 0
2018-08-26 22:52:04 notify
2018-08-26 22:52:04 P_UserId=1004180
2018-08-26 22:52:04 P_OrderId=62030520180826224449
2018-08-26 22:52:04 P_CardId=
2018-08-26 22:52:04 P_CardPass=
2018-08-26 22:52:04 P_FaceValue=1.00000
2018-08-26 22:52:04 P_ChannelId=21
2018-08-26 22:52:04 P_PayMoney=1.00
2018-08-26 22:52:04 P_Subject=
2018-08-26 22:52:04 P_Price=1.0000
2018-08-26 22:52:04 P_Quantity=0
2018-08-26 22:52:04 P_Description=
2018-08-26 22:52:04 P_Notic=
2018-08-26 22:52:04 P_ErrCode=0
2018-08-26 22:52:04 P_PostKey=5851c4e2687c85d2e64c86bf6a41a70e
2018-08-26 22:52:04 P_ErrMsg=支付成功
2018-08-26 22:52:04 signtext=1004180|62030520180826224449|||1.00000|21|1.00|0|5a279a0f36a846f5941ad7d2601afb87
2018-08-26 22:52:04 mysign=5851c4e2687c85d2e64c86bf6a41a70e
2018-08-26 22:52:04 successat 0
2018-08-26 22:54:02 return:P_UserId=1004180
2018-08-26 22:54:02 return:P_OrderId=37750620180826225336
2018-08-26 22:54:02 return:P_CardId=
2018-08-26 22:54:02 return:P_CardPass=
2018-08-26 22:54:02 return:P_FaceValue=1.00000
2018-08-26 22:54:02 return:P_ChannelId=21
2018-08-26 22:54:02 return:P_PayMoney=1.00
2018-08-26 22:54:02 return:P_Subject=
2018-08-26 22:54:02 return:P_Price=1.0000
2018-08-26 22:54:02 return:P_Quantity=0
2018-08-26 22:54:02 return:P_Description=
2018-08-26 22:54:02 return:P_Notic=
2018-08-26 22:54:02 return:P_ErrCode=0
2018-08-26 22:54:02 return:P_PostKey=e0f2d6ff40a797e12b10af3c6e074c81
2018-08-26 22:54:02 return:P_ErrMsg=支付成功
2018-08-26 22:54:02 signtext=1004180|37750620180826225336|||1.00000|21|1.00|0|5a279a0f36a846f5941ad7d2601afb87
2018-08-26 22:54:02 mysign=e0f2d6ff40a797e12b10af3c6e074c81
2018-08-26 22:55:02 notify
2018-08-26 22:55:02 P_UserId=1004180
2018-08-26 22:55:02 P_OrderId=37750620180826225336
2018-08-26 22:55:02 P_CardId=
2018-08-26 22:55:02 P_CardPass=
2018-08-26 22:55:02 P_FaceValue=1.00000
2018-08-26 22:55:02 P_ChannelId=21
2018-08-26 22:55:02 P_PayMoney=1.00
2018-08-26 22:55:02 P_Subject=
2018-08-26 22:55:02 P_Price=1.0000
2018-08-26 22:55:02 P_Quantity=0
2018-08-26 22:55:02 P_Description=
2018-08-26 22:55:02 P_Notic=
2018-08-26 22:55:02 P_ErrCode=0
2018-08-26 22:55:02 P_PostKey=e0f2d6ff40a797e12b10af3c6e074c81
2018-08-26 22:55:02 P_ErrMsg=支付成功
2018-08-26 22:55:02 signtext=1004180|37750620180826225336|||1.00000|21|1.00|0|5a279a0f36a846f5941ad7d2601afb87
2018-08-26 22:55:02 mysign=e0f2d6ff40a797e12b10af3c6e074c81
2018-08-26 22:55:02 successat 0
2018-08-26 22:55:03 return:P_UserId=1004180
2018-08-26 22:55:03 return:P_OrderId=37750620180826225336
2018-08-26 22:55:03 return:P_CardId=
2018-08-26 22:55:03 return:P_CardPass=
2018-08-26 22:55:03 return:P_FaceValue=1.00000
2018-08-26 22:55:03 return:P_ChannelId=21
2018-08-26 22:55:03 return:P_PayMoney=1.00
2018-08-26 22:55:03 return:P_Subject=
2018-08-26 22:55:03 return:P_Price=1.0000
2018-08-26 22:55:03 return:P_Quantity=0
2018-08-26 22:55:03 return:P_Description=
2018-08-26 22:55:03 return:P_Notic=
2018-08-26 22:55:03 return:P_ErrCode=0
2018-08-26 22:55:03 return:P_PostKey=e0f2d6ff40a797e12b10af3c6e074c81
2018-08-26 22:55:03 return:P_ErrMsg=?§??3é1|
2018-08-26 22:55:03 signtext=1004180|37750620180826225336|||1.00000|21|1.00|0|5a279a0f36a846f5941ad7d2601afb87
2018-08-26 22:55:03 mysign=e0f2d6ff40a797e12b10af3c6e074c81
2018-08-26 22:55:05 notify
2018-08-26 22:55:05 P_UserId=1004180
2018-08-26 22:55:05 P_OrderId=62030520180826224449
2018-08-26 22:55:05 P_CardId=
2018-08-26 22:55:05 P_CardPass=
2018-08-26 22:55:05 P_FaceValue=1.00000
2018-08-26 22:55:05 P_ChannelId=21
2018-08-26 22:55:05 P_PayMoney=1.00
2018-08-26 22:55:05 P_Subject=
2018-08-26 22:55:05 P_Price=1.0000
2018-08-26 22:55:05 P_Quantity=0
2018-08-26 22:55:05 P_Description=
2018-08-26 22:55:05 P_Notic=
2018-08-26 22:55:05 P_ErrCode=0
2018-08-26 22:55:05 P_PostKey=5851c4e2687c85d2e64c86bf6a41a70e
2018-08-26 22:55:05 P_ErrMsg=支付成功
2018-08-26 22:55:05 signtext=1004180|62030520180826224449|||1.00000|21|1.00|0|5a279a0f36a846f5941ad7d2601afb87
2018-08-26 22:55:05 mysign=5851c4e2687c85d2e64c86bf6a41a70e
2018-08-26 22:55:05 successat 0
