2018-07-22 23:11:46 notify
2018-07-22 23:11:46 request方法
2018-07-22 23:11:46 result=1
2018-07-22 23:11:46 pay_message=
2018-07-22 23:11:46 agent_id=2113384
2018-07-22 23:11:46 jnet_bill_no=H1807239476003AO
2018-07-22 23:11:46 agent_bill_id=68323020180723111106
2018-07-22 23:11:46 pay_type=20
2018-07-22 23:11:46 pay_amt=1.00
2018-07-22 23:11:46 remark=yesOhyes
2018-07-22 23:11:46 sign=9ff25fc715061ce403d19ae46134c0bc
2018-07-22 23:11:46 post方法
2018-07-22 23:11:46 input方法
2018-07-22 23:11:46 
2018-07-22 23:11:46 result=1
2018-07-22 23:11:46 pay_message=
2018-07-22 23:11:46 agent_id=2113384
2018-07-22 23:11:46 jnet_bill_no=H1807239476003AO
2018-07-22 23:11:46 agent_bill_id=68323020180723111106
2018-07-22 23:11:46 pay_type=20
2018-07-22 23:11:46 pay_amt=1.00
2018-07-22 23:11:46 remark=yesOhyes
2018-07-22 23:11:46 sign=9ff25fc715061ce403d19ae46134c0bc
2018-07-22 23:11:46 signtext=result=1&agent_id=2113384&jnet_bill_no=H1807239476003AO&agent_bill_id=68323020180723111106&pay_type=20&pay_amt=1.00&remark=yesOhyes&key=E54DBB32B5BD4C49AB6D6D9F
2018-07-22 23:11:46 mysign=9ff25fc715061ce403d19ae46134c0bc
2018-07-22 23:11:46 okat 1
