2018-09-11 13:22:39 notify
2018-09-11 13:22:39 input方法
2018-09-11 13:22:39 {"status":1,"data":{"customerid":8014,"total_fee":1000,"sdorderno":"95552420180911132148","orderno":"H18091201215129095","sign":"4246baca94c354e3075c28882fbeb5a9"},"msg":"95552420180911132148"}
2018-09-11 13:22:39 customerid=8014
2018-09-11 13:22:39 total_fee=1000
2018-09-11 13:22:39 sdorderno=95552420180911132148
2018-09-11 13:22:39 orderno=H18091201215129095
2018-09-11 13:22:39 sign=4246baca94c354e3075c28882fbeb5a9
2018-09-11 13:22:39 signtext=customerid=8014&total_fee=1000&sdorderno=95552420180911132148&orderno=H18091201215129095&key=E1roZsX6wQfFx1Xw7l2WlFAPzdrdvnhd
2018-09-11 13:22:39 mysign=4246baca94c354e3075c28882fbeb5a9
2018-09-11 13:22:39 successat 1
2018-09-11 22:07:30 notify
2018-09-11 22:07:30 input方法
2018-09-11 22:07:30 {"status":1,"data":{"customerid":8014,"total_fee":1000,"sdorderno":"26955720180911220707","orderno":"H18091210070923551","sign":"513857310e330708a74549f595674449"},"msg":"26955720180911220707"}
2018-09-11 22:07:30 customerid=8014
2018-09-11 22:07:30 total_fee=1000
2018-09-11 22:07:30 sdorderno=26955720180911220707
2018-09-11 22:07:30 orderno=H18091210070923551
2018-09-11 22:07:30 sign=513857310e330708a74549f595674449
2018-09-11 22:07:30 signtext=customerid=8014&total_fee=1000&sdorderno=26955720180911220707&orderno=H18091210070923551&key=E1roZsX6wQfFx1Xw7l2WlFAPzdrdvnhd
2018-09-11 22:07:30 mysign=513857310e330708a74549f595674449
2018-09-11 22:07:30 successat 1
