2018-08-28 04:23:24 request方法
2018-08-28 04:23:24 post方法
2018-08-28 04:23:24 input方法
2018-08-28 04:23:24 {"mchntOrderNo":"48030420180828135215","orderTime":"20180828135215","orderAmount":1000,"sysOrderNo":"0301180828004470374880829","payResult":2,"sign":"72715e8782861e722bccc3473446e933","mchntCode":"15222178vCA00447","channelCode":"alipay_qr"}
2018-08-28 04:23:24 {"mchntOrderNo":"48030420180828135215","orderTime":"20180828135215","orderAmount":1000,"sysOrderNo":"0301180828004470374880829","payResult":2,"sign":"72715e8782861e722bccc3473446e933","mchntCode":"15222178vCA00447","channelCode":"alipay_qr"}
2018-08-28 04:23:24 mchntOrderNo=48030420180828135215
2018-08-28 04:23:24 orderTime=20180828135215
2018-08-28 04:23:24 orderAmount=1000
2018-08-28 04:23:24 sysOrderNo=0301180828004470374880829
2018-08-28 04:23:24 payResult=2
2018-08-28 04:23:24 sign=72715e8782861e722bccc3473446e933
2018-08-28 04:23:24 mchntCode=15222178vCA00447
2018-08-28 04:23:24 channelCode=alipay_qr
2018-08-28 04:23:24 非法提交参数
2018-08-28 04:23:26 request方法
2018-08-28 04:23:26 post方法
2018-08-28 04:23:26 input方法
2018-08-28 04:23:26 {"mchntOrderNo":"48030420180828135215","orderTime":"20180828135215","orderAmount":1000,"sysOrderNo":"0301180828004470374880829","payResult":2,"sign":"72715e8782861e722bccc3473446e933","mchntCode":"15222178vCA00447","channelCode":"alipay_qr"}
2018-08-28 04:23:26 {"mchntOrderNo":"48030420180828135215","orderTime":"20180828135215","orderAmount":1000,"sysOrderNo":"0301180828004470374880829","payResult":2,"sign":"72715e8782861e722bccc3473446e933","mchntCode":"15222178vCA00447","channelCode":"alipay_qr"}
2018-08-28 04:23:26 mchntOrderNo=48030420180828135215
2018-08-28 04:23:26 orderTime=20180828135215
2018-08-28 04:23:26 orderAmount=1000
2018-08-28 04:23:26 sysOrderNo=0301180828004470374880829
2018-08-28 04:23:26 payResult=2
2018-08-28 04:23:26 sign=72715e8782861e722bccc3473446e933
2018-08-28 04:23:26 mchntCode=15222178vCA00447
2018-08-28 04:23:26 channelCode=alipay_qr
2018-08-28 04:23:26 非法提交参数
2018-08-28 04:23:30 request方法
2018-08-28 04:23:30 post方法
2018-08-28 04:23:30 input方法
2018-08-28 04:23:30 {"mchntOrderNo":"48030420180828135215","orderTime":"20180828135215","orderAmount":1000,"sysOrderNo":"0301180828004470374880829","payResult":2,"sign":"72715e8782861e722bccc3473446e933","mchntCode":"15222178vCA00447","channelCode":"alipay_qr"}
2018-08-28 04:23:30 {"mchntOrderNo":"48030420180828135215","orderTime":"20180828135215","orderAmount":1000,"sysOrderNo":"0301180828004470374880829","payResult":2,"sign":"72715e8782861e722bccc3473446e933","mchntCode":"15222178vCA00447","channelCode":"alipay_qr"}
2018-08-28 04:23:30 mchntOrderNo=48030420180828135215
2018-08-28 04:23:30 orderTime=20180828135215
2018-08-28 04:23:30 orderAmount=1000
2018-08-28 04:23:30 sysOrderNo=0301180828004470374880829
2018-08-28 04:23:30 payResult=2
2018-08-28 04:23:30 sign=72715e8782861e722bccc3473446e933
2018-08-28 04:23:30 mchntCode=15222178vCA00447
2018-08-28 04:23:30 channelCode=alipay_qr
2018-08-28 04:23:30 非法提交参数
2018-08-28 04:23:36 request方法
2018-08-28 04:23:36 post方法
2018-08-28 04:23:36 input方法
2018-08-28 04:23:36 {"mchntOrderNo":"48030420180828135215","orderTime":"20180828135215","orderAmount":1000,"sysOrderNo":"0301180828004470374880829","payResult":2,"sign":"72715e8782861e722bccc3473446e933","mchntCode":"15222178vCA00447","channelCode":"alipay_qr"}
2018-08-28 04:23:36 {"mchntOrderNo":"48030420180828135215","orderTime":"20180828135215","orderAmount":1000,"sysOrderNo":"0301180828004470374880829","payResult":2,"sign":"72715e8782861e722bccc3473446e933","mchntCode":"15222178vCA00447","channelCode":"alipay_qr"}
2018-08-28 04:23:36 mchntOrderNo=48030420180828135215
2018-08-28 04:23:36 orderTime=20180828135215
2018-08-28 04:23:36 orderAmount=1000
2018-08-28 04:23:36 sysOrderNo=0301180828004470374880829
2018-08-28 04:23:36 payResult=2
2018-08-28 04:23:36 sign=72715e8782861e722bccc3473446e933
2018-08-28 04:23:36 mchntCode=15222178vCA00447
2018-08-28 04:23:36 channelCode=alipay_qr
2018-08-28 04:23:36 非法提交参数
2018-08-28 04:23:44 request方法
2018-08-28 04:23:44 post方法
2018-08-28 04:23:44 input方法
2018-08-28 04:23:44 {"mchntOrderNo":"48030420180828135215","orderTime":"20180828135215","orderAmount":1000,"sysOrderNo":"0301180828004470374880829","payResult":2,"sign":"72715e8782861e722bccc3473446e933","mchntCode":"15222178vCA00447","channelCode":"alipay_qr"}
2018-08-28 04:23:44 {"mchntOrderNo":"48030420180828135215","orderTime":"20180828135215","orderAmount":1000,"sysOrderNo":"0301180828004470374880829","payResult":2,"sign":"72715e8782861e722bccc3473446e933","mchntCode":"15222178vCA00447","channelCode":"alipay_qr"}
2018-08-28 04:23:44 mchntOrderNo=48030420180828135215
2018-08-28 04:23:44 orderTime=20180828135215
2018-08-28 04:23:44 orderAmount=1000
2018-08-28 04:23:44 sysOrderNo=0301180828004470374880829
2018-08-28 04:23:44 payResult=2
2018-08-28 04:23:44 sign=72715e8782861e722bccc3473446e933
2018-08-28 04:23:44 mchntCode=15222178vCA00447
2018-08-28 04:23:44 channelCode=alipay_qr
2018-08-28 04:23:44 非法提交参数
