2018-07-18 04:12:42 notify
2018-07-18 04:12:42 post方法
2018-07-18 04:12:42 payId=1019462513592487936
2018-07-18 04:12:42 prdOrdNo=41431320180718020258
2018-07-18 04:12:42 transType=008
2018-07-18 04:12:42 orderAmount=20000
2018-07-18 04:12:42 signType=MD5
2018-07-18 04:12:42 merId=00000000518919
2018-07-18 04:12:42 versionId=1.0
2018-07-18 04:12:42 payTime=20180718145704
2018-07-18 04:12:42 orderStatus=01
2018-07-18 04:12:42 synNotifyUrl=http://pay7.5566205.com/pay/95jinfu/return_url.php
2018-07-18 04:12:42 signData=90F2767F089A7518EF90F7CE2BEBBED8
2018-07-18 04:12:42 asynNotifyUrl=http://pay7.5566205.com/pay/95jinfu/notify_url.php
2018-07-18 04:12:42 signtext=asynNotifyUrl=http://pay7.5566205.com/pay/95jinfu/notify_url.php&merId=00000000518919&orderAmount=20000&orderStatus=01&payId=1019462513592487936&payTime=20180718145704&prdOrdNo=41431320180718020258&signType=MD5&synNotifyUrl=http://pay7.5566205.com/pay/95jinfu/return_url.php&transType=008&versionId=1.0&key=3RuIb3u1YhXc
2018-07-18 04:12:42 mysign=90F2767F089A7518EF90F7CE2BEBBED8
2018-07-18 04:12:42 SUCCESSat 0
2018-07-18 04:42:58 notify
2018-07-18 04:42:58 post方法
2018-07-18 04:42:58 payId=1019501849369235456
2018-07-18 04:42:58 prdOrdNo=30533820180718043916
2018-07-18 04:42:58 transType=008
2018-07-18 04:42:58 orderAmount=20000
2018-07-18 04:42:58 signType=MD5
2018-07-18 04:42:58 merId=00000000518919
2018-07-18 04:42:58 versionId=1.0
2018-07-18 04:42:58 payTime=20180718164258
2018-07-18 04:42:58 orderStatus=01
2018-07-18 04:42:58 synNotifyUrl=http://pay7.5566205.com/pay/95jinfu/return_url.php
2018-07-18 04:42:58 signData=4EEE36609ECF25F43C70FEFB4177CAA3
2018-07-18 04:42:58 asynNotifyUrl=http://pay7.5566205.com/pay/95jinfu/notify_url.php
2018-07-18 04:42:58 signtext=asynNotifyUrl=http://pay7.5566205.com/pay/95jinfu/notify_url.php&merId=00000000518919&orderAmount=20000&orderStatus=01&payId=1019501849369235456&payTime=20180718164258&prdOrdNo=30533820180718043916&signType=MD5&synNotifyUrl=http://pay7.5566205.com/pay/95jinfu/return_url.php&transType=008&versionId=1.0&key=3RuIb3u1YhXc
2018-07-18 04:42:58 mysign=4EEE36609ECF25F43C70FEFB4177CAA3
2018-07-18 04:42:58 SUCCESSat 1
2018-07-18 04:50:21 notify
2018-07-18 04:50:21 post方法
2018-07-18 04:50:21 payId=1019501849369235456
2018-07-18 04:50:21 prdOrdNo=30533820180718043916
2018-07-18 04:50:21 transType=008
2018-07-18 04:50:21 orderAmount=20000
2018-07-18 04:50:21 signType=MD5
2018-07-18 04:50:21 merId=00000000518919
2018-07-18 04:50:21 versionId=1.0
2018-07-18 04:50:21 payTime=20180718164258
2018-07-18 04:50:21 orderStatus=01
2018-07-18 04:50:21 synNotifyUrl=http://pay7.5566205.com/pay/95jinfu/return_url.php
2018-07-18 04:50:21 signData=4EEE36609ECF25F43C70FEFB4177CAA3
2018-07-18 04:50:21 asynNotifyUrl=http://pay7.5566205.com/pay/95jinfu/notify_url.php
2018-07-18 04:50:21 signtext=asynNotifyUrl=http://pay7.5566205.com/pay/95jinfu/notify_url.php&merId=00000000518919&orderAmount=20000&orderStatus=01&payId=1019501849369235456&payTime=20180718164258&prdOrdNo=30533820180718043916&signType=MD5&synNotifyUrl=http://pay7.5566205.com/pay/95jinfu/return_url.php&transType=008&versionId=1.0&key=3RuIb3u1YhXc
2018-07-18 04:50:21 mysign=4EEE36609ECF25F43C70FEFB4177CAA3
2018-07-18 04:50:21 SUCCESSat 0
