2018-09-13 02:30:54 request方法
2018-09-13 02:30:54 status=1
2018-09-13 02:30:54 trade_no=2018091313432543324
2018-09-13 02:30:54 out_trade_no=17357120180913134325
2018-09-13 02:30:54 total_amount=1.00
2018-09-13 02:30:54 trade_type=gateway
2018-09-13 02:30:54 sign=32a64c7370a622af447e3df35dcb7e8d
2018-09-13 02:30:54 sign_type=MD5
2018-09-13 02:30:54 post方法
2018-09-13 02:30:54 status=1
2018-09-13 02:30:54 trade_no=2018091313432543324
2018-09-13 02:30:54 out_trade_no=17357120180913134325
2018-09-13 02:30:54 total_amount=1.00
2018-09-13 02:30:54 trade_type=gateway
2018-09-13 02:30:54 sign=32a64c7370a622af447e3df35dcb7e8d
2018-09-13 02:30:54 sign_type=MD5
2018-09-13 02:30:54 input方法
2018-09-13 02:30:54 
2018-09-13 02:30:54 status=1
2018-09-13 02:30:54 trade_no=2018091313432543324
2018-09-13 02:30:54 out_trade_no=17357120180913134325
2018-09-13 02:30:54 total_amount=1.00
2018-09-13 02:30:54 trade_type=gateway
2018-09-13 02:30:54 sign=32a64c7370a622af447e3df35dcb7e8d
2018-09-13 02:30:54 sign_type=MD5
2018-09-13 02:30:54 signtext=out_trade_no=17357120180913134325&status=1&total_amount=1.00&trade_no=2018091313432543324&trade_type=gateway&key=d1b178a98429fb979f4fde57cf0bf67032c530af
2018-09-13 02:30:54 mysign=32a64c7370a622af447e3df35dcb7e8d
2018-09-13 02:30:54 successat 0
