2018-09-13 01:49:29 request方法
2018-09-13 01:49:29 status=1
2018-09-13 01:49:29 trade_no=2018091313432543324
2018-09-13 01:49:29 out_trade_no=17357120180913134325
2018-09-13 01:49:29 total_amount=1.00
2018-09-13 01:49:29 trade_type=gateway
2018-09-13 01:49:29 sign=32a64c7370a622af447e3df35dcb7e8d
2018-09-13 01:49:29 sign_type=MD5
2018-09-13 01:49:29 post方法
2018-09-13 01:49:29 status=1
2018-09-13 01:49:29 trade_no=2018091313432543324
2018-09-13 01:49:29 out_trade_no=17357120180913134325
2018-09-13 01:49:29 total_amount=1.00
2018-09-13 01:49:29 trade_type=gateway
2018-09-13 01:49:29 sign=32a64c7370a622af447e3df35dcb7e8d
2018-09-13 01:49:29 sign_type=MD5
2018-09-13 01:49:29 input方法
2018-09-13 01:49:29 
2018-09-13 01:49:29 status=1
2018-09-13 01:49:29 trade_no=2018091313432543324
2018-09-13 01:49:29 out_trade_no=17357120180913134325
2018-09-13 01:49:29 total_amount=1.00
2018-09-13 01:49:29 trade_type=gateway
2018-09-13 01:49:29 sign=32a64c7370a622af447e3df35dcb7e8d
2018-09-13 01:49:29 sign_type=MD5
2018-09-13 01:49:29 signtext=out_trade_no=17357120180913134325&status=1&total_amount=1.00&trade_no=2018091313432543324&trade_type=gateway&key=d1b178a98429fb979f4fde57cf0bf67032c530af
2018-09-13 01:49:29 mysign=32a64c7370a622af447e3df35dcb7e8d
2018-09-13 01:49:29 successat 1
