2018-10-11 01:43:03 notify
2018-10-11 01:43:03 payId=1050251576796606464
2018-10-11 01:43:03 prdOrdNo=78316820181011130743
2018-10-11 01:43:03 transType=008
2018-10-11 01:43:03 orderAmount=2000
2018-10-11 01:43:03 signType=MD5
2018-10-11 01:43:03 merId=YF10100114
2018-10-11 01:43:03 versionId=1.1
2018-10-11 01:43:03 payTime=20181011130814
2018-10-11 01:43:03 orderStatus=01
2018-10-11 01:43:03 synNotifyUrl=http://pay7.5566205.com/pay/lzpay/return_url.php
2018-10-11 01:43:03 signData=B8CDCF72B74AA23D276757AFC1018D29
2018-10-11 01:43:03 asynNotifyUrl=http://pay7.5566205.com/pay/lzpay/notify_url.php
2018-10-11 01:43:03 signtext=asynNotifyUrl=http://pay7.5566205.com/pay/lzpay/notify_url.php&merId=YF10100114&orderAmount=2000&orderStatus=01&payId=1050251576796606464&payTime=20181011130814&prdOrdNo=78316820181011130743&signType=MD5&synNotifyUrl=http://pay7.5566205.com/pay/lzpay/return_url.php&transType=008&versionId=1.1&key=9P9SIMbwGZn6
2018-10-11 01:43:03 mysign=B8CDCF72B74AA23D276757AFC1018D29
2018-10-11 01:43:03 SUCCESSat 0
2018-10-11 01:45:01 notify
2018-10-11 01:45:01 payId=1050251576796606464
2018-10-11 01:45:01 prdOrdNo=78316820181011130743
2018-10-11 01:45:01 transType=008
2018-10-11 01:45:01 orderAmount=2000
2018-10-11 01:45:01 signType=MD5
2018-10-11 01:45:01 merId=YF10100114
2018-10-11 01:45:01 versionId=1.1
2018-10-11 01:45:01 payTime=20181011130814
2018-10-11 01:45:01 orderStatus=01
2018-10-11 01:45:01 synNotifyUrl=http://pay7.5566205.com/pay/lzpay/return_url.php
2018-10-11 01:45:01 signData=B8CDCF72B74AA23D276757AFC1018D29
2018-10-11 01:45:01 asynNotifyUrl=http://pay7.5566205.com/pay/lzpay/notify_url.php
2018-10-11 01:45:01 signtext=asynNotifyUrl=http://pay7.5566205.com/pay/lzpay/notify_url.php&merId=YF10100114&orderAmount=2000&orderStatus=01&payId=1050251576796606464&payTime=20181011130814&prdOrdNo=78316820181011130743&signType=MD5&synNotifyUrl=http://pay7.5566205.com/pay/lzpay/return_url.php&transType=008&versionId=1.1&key=9P9SIMbwGZn6
2018-10-11 01:45:01 mysign=B8CDCF72B74AA23D276757AFC1018D29
2018-10-11 01:45:01 SUCCESSat 0
2018-10-11 02:04:52 notify
2018-10-11 02:04:52 payId=1050251576796606464
2018-10-11 02:04:52 prdOrdNo=78316820181011130743
2018-10-11 02:04:52 transType=008
2018-10-11 02:04:52 orderAmount=2000
2018-10-11 02:04:52 signType=MD5
2018-10-11 02:04:52 merId=YF10100114
2018-10-11 02:04:52 versionId=1.1
2018-10-11 02:04:52 payTime=20181011130814
2018-10-11 02:04:52 orderStatus=01
2018-10-11 02:04:52 synNotifyUrl=http://pay7.5566205.com/pay/lzpay/return_url.php
2018-10-11 02:04:52 signData=B8CDCF72B74AA23D276757AFC1018D29
2018-10-11 02:04:52 asynNotifyUrl=http://pay7.5566205.com/pay/lzpay/notify_url.php
2018-10-11 02:04:52 signtext=asynNotifyUrl=http://pay7.5566205.com/pay/lzpay/notify_url.php&merId=YF10100114&orderAmount=2000&orderStatus=01&payId=1050251576796606464&payTime=20181011130814&prdOrdNo=78316820181011130743&signType=MD5&synNotifyUrl=http://pay7.5566205.com/pay/lzpay/return_url.php&transType=008&versionId=1.1&key=9P9SIMbwGZn6
2018-10-11 02:04:52 mysign=B8CDCF72B74AA23D276757AFC1018D29
2018-10-11 02:04:52 SUCCESSat 0
