2018-09-10 06:02:15 request方法
2018-09-10 06:02:15 platform_trade_no=153657359248399
2018-09-10 06:02:15 orderid=47669320180910055952
2018-09-10 06:02:15 orderuid=100013
2018-09-10 06:02:15 price=1
2018-09-10 06:02:15 key=d633f2822d3a7765588be52ffb3336d9
2018-09-10 06:02:15 post方法
2018-09-10 06:02:15 platform_trade_no=153657359248399
2018-09-10 06:02:15 orderid=47669320180910055952
2018-09-10 06:02:15 orderuid=100013
2018-09-10 06:02:15 price=1
2018-09-10 06:02:15 key=d633f2822d3a7765588be52ffb3336d9
2018-09-10 06:02:15 input方法
2018-09-10 06:02:15 platform_trade_no=153657359248399&orderid=47669320180910055952&orderuid=100013&price=1&key=d633f2822d3a7765588be52ffb3336d9
2018-09-10 06:02:15 platform_trade_no=153657359248399
2018-09-10 06:02:15 orderid=47669320180910055952
2018-09-10 06:02:15 orderuid=100013
2018-09-10 06:02:15 price=1
2018-09-10 06:02:15 key=d633f2822d3a7765588be52ffb3336d9
2018-09-10 06:02:15 signtext=4766932018091005595210001315365735924839917ca07e137d62bd0e8a5598459e2b7e1a
2018-09-10 06:02:15 mysign=d633f2822d3a7765588be52ffb3336d9
2018-09-10 06:02:15 OKat 1
