2018-09-10 05:34:57 notify
2018-09-10 05:34:57 request方法
2018-09-10 05:34:57 memberid=10023
2018-09-10 05:34:57 orderid=48875420180910053405
2018-09-10 05:34:57 transaction_id=20180910173405100101
2018-09-10 05:34:57 amount=10.2200
2018-09-10 05:34:57 datetime=20180910173457
2018-09-10 05:34:57 returncode=00
2018-09-10 05:34:57 sign=5582602CDB275624391565261E1E5A51
2018-09-10 05:34:57 attach=
2018-09-10 05:34:57 post方法
2018-09-10 05:34:57 memberid=10023
2018-09-10 05:34:57 orderid=48875420180910053405
2018-09-10 05:34:57 transaction_id=20180910173405100101
2018-09-10 05:34:57 amount=10.2200
2018-09-10 05:34:57 datetime=20180910173457
2018-09-10 05:34:57 returncode=00
2018-09-10 05:34:57 sign=5582602CDB275624391565261E1E5A51
2018-09-10 05:34:57 attach=
2018-09-10 05:34:57 input方法
2018-09-10 05:34:57 memberid=10023&orderid=48875420180910053405&transaction_id=20180910173405100101&amount=10.2200&datetime=20180910173457&returncode=00&sign=5582602CDB275624391565261E1E5A51&attach=
2018-09-10 05:34:57 memberid=10023
2018-09-10 05:34:57 orderid=48875420180910053405
2018-09-10 05:34:57 transaction_id=20180910173405100101
2018-09-10 05:34:57 amount=10.2200
2018-09-10 05:34:57 datetime=20180910173457
2018-09-10 05:34:57 returncode=00
2018-09-10 05:34:57 sign=5582602CDB275624391565261E1E5A51
2018-09-10 05:34:57 attach=
2018-09-10 05:34:57 signtext=amount=10.2200&datetime=20180910173457&memberid=10023&orderid=48875420180910053405&returncode=00&transaction_id=20180910173405100101&key=cfmufrx445zz2p32jt7v8f7rs6w3ebi0
2018-09-10 05:34:57 mysign=5582602CDB275624391565261E1E5A51
2018-09-10 05:34:57 OKat 1
