2018-09-15 05:02:29 notify
2018-09-15 05:02:29 p1_MerId=1564
2018-09-15 05:02:29 r0_Cmd=Buy
2018-09-15 05:02:29 r1_Code=1
2018-09-15 05:02:29 r2_TrxId=201809151656282531
2018-09-15 05:02:29 r3_Amt=1.00
2018-09-15 05:02:29 r4_Cur=RMB
2018-09-15 05:02:29 r5_Pid=Pid
2018-09-15 05:02:29 r6_Order=37695220180915165625
2018-09-15 05:02:29 r7_Uid=
2018-09-15 05:02:29 r8_MP=MP
2018-09-15 05:02:29 r9_BType=2
2018-09-15 05:02:29 rp_PayDate=2018/9/15 17:02:31
2018-09-15 05:02:29 hmac=310cea2608d34336e98c9207f3569d1f
2018-09-15 05:02:29 signtext=1564Buy12018091516562825311.00RMBPid37695220180915165625MP2
2018-09-15 05:02:29 mysign=310cea2608d34336e98c9207f3569d1f
2018-09-15 05:02:29 successat 1
2018-09-15 05:03:12 notify
2018-09-15 05:03:12 p1_MerId=1564
2018-09-15 05:03:12 r0_Cmd=Buy
2018-09-15 05:03:12 r1_Code=1
2018-09-15 05:03:12 r2_TrxId=201809151651433979
2018-09-15 05:03:12 r3_Amt=1.00
2018-09-15 05:03:12 r4_Cur=RMB
2018-09-15 05:03:12 r5_Pid=Pid
2018-09-15 05:03:12 r6_Order=45788120180915165140
2018-09-15 05:03:12 r7_Uid=
2018-09-15 05:03:12 r8_MP=MP
2018-09-15 05:03:12 r9_BType=2
2018-09-15 05:03:12 rp_PayDate=2018/9/15 17:03:15
2018-09-15 05:03:12 hmac=dcad334501d22a097b19e3c33457a631
2018-09-15 05:03:12 signtext=1564Buy12018091516514339791.00RMBPid45788120180915165140MP2
2018-09-15 05:03:12 mysign=dcad334501d22a097b19e3c33457a631
2018-09-15 05:03:12 successat 1
