2018-09-22 05:47:33 orderid=74634020180922054707
2018-09-22 05:47:33 opstate=0
2018-09-22 05:47:33 ovalue=10
2018-09-22 05:47:33 systime=2018/09/22 17:46:00
2018-09-22 05:47:33 sysorderid=1809221745360170161
2018-09-22 05:47:33 completiontime=2018/09/22 17:46:00
2018-09-22 05:47:33 attach=
2018-09-22 05:47:33 msg=
2018-09-22 05:47:33 sign=4a530fe9ce2426276d063976cb4a7232
2018-09-22 05:47:33 signtext=orderid=74634020180922054707&opstate=0&ovalue=10677a844bea1a436ab7c7b58eed1408b9
2018-09-22 05:47:33 mysign=4a530fe9ce2426276d063976cb4a7232
2018-09-22 05:47:33 opstate=0at 1
2018-09-22 05:47:34 -----return
2018-09-22 05:47:34 orderid=74634020180922054707-----return
2018-09-22 05:47:34 opstate=-----return
2018-09-22 05:47:34 ovalue=10.00-----return
2018-09-22 05:47:34 systime=2018/09/22 17:46:00-----return
2018-09-22 05:47:34 sysorderid=1809221745360170161-----return
2018-09-22 05:47:34 completiontime=2018/09/22 17:46:00-----return
2018-09-22 05:47:34 attach=-----return
2018-09-22 05:47:34 msg=-----return
2018-09-22 05:47:34 sign=18af99a5d4791ba7104a92c7677358c9-----return
2018-09-22 05:47:34 signtext=orderid=74634020180922054707&opstate=&ovalue=10.00677a844bea1a436ab7c7b58eed1408b9
2018-09-22 05:47:34 mysign=18af99a5d4791ba7104a92c7677358c9
2018-09-22 05:48:34 -----return
2018-09-22 05:48:34 orderid=74634020180922054707-----return
2018-09-22 05:48:34 opstate=-----return
2018-09-22 05:48:34 ovalue=10.00-----return
2018-09-22 05:48:34 systime=2018/09/22 17:46:00-----return
2018-09-22 05:48:34 sysorderid=1809221745360170161-----return
2018-09-22 05:48:34 completiontime=2018/09/22 17:46:00-----return
2018-09-22 05:48:34 attach=-----return
2018-09-22 05:48:34 msg=-----return
2018-09-22 05:48:34 sign=18af99a5d4791ba7104a92c7677358c9-----return
2018-09-22 05:48:34 signtext=orderid=74634020180922054707&opstate=&ovalue=10.00677a844bea1a436ab7c7b58eed1408b9
2018-09-22 05:48:34 mysign=18af99a5d4791ba7104a92c7677358c9
2018-09-22 05:48:34 -----return
2018-09-22 05:48:34 orderid=74634020180922054707-----return
2018-09-22 05:48:34 opstate=-----return
2018-09-22 05:48:34 ovalue=10.00-----return
2018-09-22 05:48:34 systime=2018/09/22 17:46:00-----return
2018-09-22 05:48:34 sysorderid=1809221745360170161-----return
2018-09-22 05:48:34 completiontime=2018/09/22 17:46:00-----return
2018-09-22 05:48:34 attach=-----return
2018-09-22 05:48:34 msg=-----return
2018-09-22 05:48:34 sign=18af99a5d4791ba7104a92c7677358c9-----return
2018-09-22 05:48:34 signtext=orderid=74634020180922054707&opstate=&ovalue=10.00677a844bea1a436ab7c7b58eed1408b9
2018-09-22 05:48:34 mysign=18af99a5d4791ba7104a92c7677358c9
