2018-07-21 23:39:32 request方法
2018-07-21 23:39:32 p1_MerId=2802
2018-07-21 23:39:32 r0_Cmd=Buy
2018-07-21 23:39:32 r1_Code=1
2018-07-21 23:39:32 r2_TrxId=GM2018072211381045133890
2018-07-21 23:39:32 r3_Amt=1.00
2018-07-21 23:39:32 r4_Cur=RMB
2018-07-21 23:39:32 r5_Pid=Pid
2018-07-21 23:39:32 r6_Order=62808020180722113810
2018-07-21 23:39:32 r7_Uid=
2018-07-21 23:39:32 r8_MP=MP
2018-07-21 23:39:32 r9_BType=2
2018-07-21 23:39:32 rp_PayDate=2018/7/22 11:39:32
2018-07-21 23:39:32 sign=x5djz6KpApmHRferOHRy7te7gOoh7Mmc6YO5oC66c2NgK7ztk7pqwEFyD4cwUj9egp4oY4*Ymc2quEUoAARoEMFrFrQpjDfcdcQ3K0rhM-X*UPf5VdelY8rUZKi85dgjV3bBxbsjw9aPyNCRIsck92TK65ty2NaIBS9*yWEUWuM=
2018-07-21 23:39:32 post方法
2018-07-21 23:39:32 input方法
2018-07-21 23:39:32 
2018-07-21 23:39:32 p1_MerId=2802
2018-07-21 23:39:32 r0_Cmd=Buy
2018-07-21 23:39:32 r1_Code=1
2018-07-21 23:39:32 r2_TrxId=GM2018072211381045133890
2018-07-21 23:39:32 r3_Amt=1.00
2018-07-21 23:39:32 r4_Cur=RMB
2018-07-21 23:39:32 r5_Pid=Pid
2018-07-21 23:39:32 r6_Order=62808020180722113810
2018-07-21 23:39:32 r7_Uid=
2018-07-21 23:39:32 r8_MP=MP
2018-07-21 23:39:32 r9_BType=2
2018-07-21 23:39:32 rp_PayDate=2018/7/22 11:39:32
2018-07-21 23:39:32 sign=x5djz6KpApmHRferOHRy7te7gOoh7Mmc6YO5oC66c2NgK7ztk7pqwEFyD4cwUj9egp4oY4*Ymc2quEUoAARoEMFrFrQpjDfcdcQ3K0rhM-X*UPf5VdelY8rUZKi85dgjV3bBxbsjw9aPyNCRIsck92TK65ty2NaIBS9*yWEUWuM=
2018-07-21 23:39:32 签名不正确！
