2018-07-19 01:11:59 request方法
2018-07-19 01:11:59 status=1
2018-07-19 01:11:59 customerid=10931
2018-07-19 01:11:59 sdpayno=2018071913101339013
2018-07-19 01:11:59 sdorderno=31730920180719131012
2018-07-19 01:11:59 total_fee=1.00
2018-07-19 01:11:59 paytype=alipay
2018-07-19 01:11:59 remark=test
2018-07-19 01:11:59 sign=88dfbfff337c8db5824815c6792581dc
2018-07-19 01:11:59 post方法
2018-07-19 01:11:59 status=1
2018-07-19 01:11:59 customerid=10931
2018-07-19 01:11:59 sdpayno=2018071913101339013
2018-07-19 01:11:59 sdorderno=31730920180719131012
2018-07-19 01:11:59 total_fee=1.00
2018-07-19 01:11:59 paytype=alipay
2018-07-19 01:11:59 remark=test
2018-07-19 01:11:59 sign=88dfbfff337c8db5824815c6792581dc
2018-07-19 01:11:59 input方法
2018-07-19 01:23:27 request方法
2018-07-19 01:23:27 status=1
2018-07-19 01:23:27 customerid=10931
2018-07-19 01:23:27 sdpayno=2018071913225637319
2018-07-19 01:23:27 sdorderno=47888520180719132256
2018-07-19 01:23:27 total_fee=1.00
2018-07-19 01:23:27 paytype=alipay
2018-07-19 01:23:27 remark=test
2018-07-19 01:23:27 sign=3187e0a3aa69481b175a51ad888fec55
2018-07-19 01:23:27 post方法
2018-07-19 01:23:27 status=1
2018-07-19 01:23:27 customerid=10931
2018-07-19 01:23:27 sdpayno=2018071913225637319
2018-07-19 01:23:27 sdorderno=47888520180719132256
2018-07-19 01:23:27 total_fee=1.00
2018-07-19 01:23:27 paytype=alipay
2018-07-19 01:23:27 remark=test
2018-07-19 01:23:27 sign=3187e0a3aa69481b175a51ad888fec55
2018-07-19 01:23:27 input方法
2018-07-19 01:23:27 非法提交参数
