2018-08-24 05:07:35 request方法
2018-08-24 05:07:35 orderid=31651220180824050639
2018-08-24 05:07:35 opstate=0
2018-08-24 05:07:35 ovalue=0.99
2018-08-24 05:07:35 orderamt=1.00
2018-08-24 05:07:35 sysorderid=18082417064255010774
2018-08-24 05:07:35 completiontime=2018/08/24 17:07:37
2018-08-24 05:07:35 attach=
2018-08-24 05:07:35 msg=
2018-08-24 05:07:35 sign=b39f94c195c0db09c0d21875d710af50
2018-08-24 05:07:35 post方法
2018-08-24 05:07:35 input方法
2018-08-24 05:07:35 
2018-08-24 05:07:35 orderid=31651220180824050639
2018-08-24 05:07:35 opstate=0
2018-08-24 05:07:35 ovalue=0.99
2018-08-24 05:07:35 orderamt=1.00
2018-08-24 05:07:35 sysorderid=18082417064255010774
2018-08-24 05:07:35 completiontime=2018/08/24 17:07:37
2018-08-24 05:07:35 attach=
2018-08-24 05:07:35 msg=
2018-08-24 05:07:35 sign=b39f94c195c0db09c0d21875d710af50
2018-08-24 05:07:35 signtext=orderid=31651220180824050639&opstate=0&ovalue=0.99e8e4bac418d441ab9081e4092dd51544
2018-08-24 05:07:35 mysign=b39f94c195c0db09c0d21875d710af50
2018-08-24 05:07:35 okat 1
2018-08-24 05:07:37 -----return
2018-08-24 05:07:37 orderid=31651220180824050639-----return
2018-08-24 05:07:37 opstate=0-----return
2018-08-24 05:07:37 ovalue=1.00-----return
2018-08-24 05:07:37 sysorderid=18082417064255010774-----return
2018-08-24 05:07:37 completiontime=2018/08/24 17:07:40-----return
2018-08-24 05:07:37 attach=-----return
2018-08-24 05:07:37 msg=-----return
2018-08-24 05:07:37 sign=8828aa8291675cdc30003bac8d14f6a3-----return
2018-08-24 05:07:37 signtext=orderid=31651220180824050639&opstate=0&ovalue=1.00e8e4bac418d441ab9081e4092dd51544
2018-08-24 05:07:37 mysign=8828aa8291675cdc30003bac8d14f6a3
2018-08-24 05:08:37 -----return
2018-08-24 05:08:37 orderid=31651220180824050639-----return
2018-08-24 05:08:37 opstate=0-----return
2018-08-24 05:08:37 ovalue=1.00-----return
2018-08-24 05:08:37 sysorderid=18082417064255010774-----return
2018-08-24 05:08:37 completiontime=2018/08/24 17:08:39-----return
2018-08-24 05:08:37 attach=-----return
2018-08-24 05:08:37 msg=-----return
2018-08-24 05:08:37 sign=8828aa8291675cdc30003bac8d14f6a3-----return
2018-08-24 05:08:37 signtext=orderid=31651220180824050639&opstate=0&ovalue=1.00e8e4bac418d441ab9081e4092dd51544
2018-08-24 05:08:37 mysign=8828aa8291675cdc30003bac8d14f6a3
2018-08-24 05:08:37 -----return
2018-08-24 05:08:42 -----return
2018-08-24 05:08:42 orderid=31651220180824050639-----return
2018-08-24 05:08:42 opstate=0-----return
2018-08-24 05:08:42 ovalue=1.00-----return
2018-08-24 05:08:42 sysorderid=18082417064255010774-----return
2018-08-24 05:08:42 completiontime=2018/08/24 17:07:40-----return
2018-08-24 05:08:42 attach=-----return
2018-08-24 05:08:42 msg=-----return
2018-08-24 05:08:42 sign=8828aa8291675cdc30003bac8d14f6a3-----return
2018-08-24 05:08:42 signtext=orderid=31651220180824050639&opstate=0&ovalue=1.00e8e4bac418d441ab9081e4092dd51544
2018-08-24 05:08:42 mysign=8828aa8291675cdc30003bac8d14f6a3
