2018-09-17 23:02:33 notify
2018-09-17 23:02:33 request方法
2018-09-17 23:02:33 amount=1.00
2018-09-17 23:02:33 orderNo=94445420180918110210
2018-09-17 23:02:33 payTime=20180918110232
2018-09-17 23:02:33 accName=hk36990@163.com
2018-09-17 23:02:33 sign=a2976d6b7e92427488de882498bc04b2
2018-09-17 23:02:33 merchant=158026
2018-09-17 23:02:33 remark=
2018-09-17 23:02:33 accFlag=2
2018-09-17 23:02:33 currentTime=20180918110232
2018-09-17 23:02:33 payType=alipay
2018-09-17 23:02:33 createTime=20180918110211
2018-09-17 23:02:33 systemNo=1041885061516886016
2018-09-17 23:02:33 payFlag=2
2018-09-17 23:02:33 post方法
2018-09-17 23:02:33 amount=1.00
2018-09-17 23:02:33 orderNo=94445420180918110210
2018-09-17 23:02:33 payTime=20180918110232
2018-09-17 23:02:33 accName=hk36990@163.com
2018-09-17 23:02:33 sign=a2976d6b7e92427488de882498bc04b2
2018-09-17 23:02:33 merchant=158026
2018-09-17 23:02:33 remark=
2018-09-17 23:02:33 accFlag=2
2018-09-17 23:02:33 currentTime=20180918110232
2018-09-17 23:02:33 payType=alipay
2018-09-17 23:02:33 createTime=20180918110211
2018-09-17 23:02:33 systemNo=1041885061516886016
2018-09-17 23:02:33 payFlag=2
2018-09-17 23:02:33 input方法
2018-09-17 23:02:33 amount=1.00&orderNo=94445420180918110210&payTime=20180918110232&accName=hk36990%40163.com&sign=a2976d6b7e92427488de882498bc04b2&merchant=158026&remark=&accFlag=2&currentTime=20180918110232&payType=alipay&createTime=20180918110211&systemNo=1041885061516886016&payFlag=2
2018-09-17 23:02:33 amount=1.00
2018-09-17 23:02:33 orderNo=94445420180918110210
2018-09-17 23:02:33 payTime=20180918110232
2018-09-17 23:02:33 accName=hk36990@163.com
2018-09-17 23:02:33 sign=a2976d6b7e92427488de882498bc04b2
2018-09-17 23:02:33 merchant=158026
2018-09-17 23:02:33 remark=
2018-09-17 23:02:33 accFlag=2
2018-09-17 23:02:33 currentTime=20180918110232
2018-09-17 23:02:33 payType=alipay
2018-09-17 23:02:33 createTime=20180918110211
2018-09-17 23:02:33 systemNo=1041885061516886016
2018-09-17 23:02:33 payFlag=2
2018-09-17 23:02:33 signtext=accFlag=2&accName=hk36990@163.com&amount=1.00&createTime=20180918110211&currentTime=20180918110232&merchant=158026&orderNo=94445420180918110210&payFlag=2&payTime=20180918110232&payType=alipay&systemNo=1041885061516886016#f048618ef1504b31bb179374c8d256d2
2018-09-17 23:02:33 mysign=a2976d6b7e92427488de882498bc04b2
2018-09-17 23:02:33 successat 1
