2018-08-18 05:37:57 request方法
2018-08-18 05:37:57 memberid=10008765
2018-08-18 05:37:57 orderid=82502720180818051616
2018-08-18 05:37:57 transaction_id=20180818171620524897
2018-08-18 05:37:57 amount=10.00
2018-08-18 05:37:57 datetime=20180818173757
2018-08-18 05:37:57 returncode=00
2018-08-18 05:37:57 sign=FFC77B3A2BD51DEDF47540839144D998
2018-08-18 05:37:57 attach=
2018-08-18 05:37:57 post方法
2018-08-18 05:37:57 memberid=10008765
2018-08-18 05:37:57 orderid=82502720180818051616
2018-08-18 05:37:57 transaction_id=20180818171620524897
2018-08-18 05:37:57 amount=10.00
2018-08-18 05:37:57 datetime=20180818173757
2018-08-18 05:37:57 returncode=00
2018-08-18 05:37:57 sign=FFC77B3A2BD51DEDF47540839144D998
2018-08-18 05:37:57 attach=
2018-08-18 05:37:57 input方法
2018-08-18 05:37:57 memberid=10008765&orderid=82502720180818051616&transaction_id=20180818171620524897&amount=10.00&datetime=20180818173757&returncode=00&sign=FFC77B3A2BD51DEDF47540839144D998&attach=
2018-08-18 05:37:57 memberid=10008765
2018-08-18 05:37:57 orderid=82502720180818051616
2018-08-18 05:37:57 transaction_id=20180818171620524897
2018-08-18 05:37:57 amount=10.00
2018-08-18 05:37:57 datetime=20180818173757
2018-08-18 05:37:57 returncode=00
2018-08-18 05:37:57 sign=FFC77B3A2BD51DEDF47540839144D998
2018-08-18 05:37:57 attach=
2018-08-18 05:37:57 signtext=amount=10.00&datetime=20180818173757&memberid=10008765&orderid=82502720180818051616&returncode=00&transaction_id=20180818171620524897&key=h6a2pwcfbdv4qhgsgp90cuj8n35uea7c
2018-08-18 05:37:57 mysign=FFC77B3A2BD51DEDF47540839144D998
2018-08-18 05:37:57 okat 1
