2018-08-20 22:27:03 request方法
2018-08-20 22:27:03 memberid=10008766
2018-08-20 22:27:03 orderid=66188920180820222613
2018-08-20 22:27:03 transaction_id=20180821102615555250
2018-08-20 22:27:03 amount=1.00
2018-08-20 22:27:03 datetime=20180821102703
2018-08-20 22:27:03 returncode=00
2018-08-20 22:27:03 sign=8DD57A30873DE29C260329DD8738ABC8
2018-08-20 22:27:03 attach=
2018-08-20 22:27:03 post方法
2018-08-20 22:27:03 memberid=10008766
2018-08-20 22:27:03 orderid=66188920180820222613
2018-08-20 22:27:03 transaction_id=20180821102615555250
2018-08-20 22:27:03 amount=1.00
2018-08-20 22:27:03 datetime=20180821102703
2018-08-20 22:27:03 returncode=00
2018-08-20 22:27:03 sign=8DD57A30873DE29C260329DD8738ABC8
2018-08-20 22:27:03 attach=
2018-08-20 22:27:03 input方法
2018-08-20 22:27:03 memberid=10008766&orderid=66188920180820222613&transaction_id=20180821102615555250&amount=1.00&datetime=20180821102703&returncode=00&sign=8DD57A30873DE29C260329DD8738ABC8&attach=
2018-08-20 22:27:03 memberid=10008766
2018-08-20 22:27:03 orderid=66188920180820222613
2018-08-20 22:27:03 transaction_id=20180821102615555250
2018-08-20 22:27:03 amount=1.00
2018-08-20 22:27:03 datetime=20180821102703
2018-08-20 22:27:03 returncode=00
2018-08-20 22:27:03 sign=8DD57A30873DE29C260329DD8738ABC8
2018-08-20 22:27:03 attach=
2018-08-20 22:27:03 signtext=amount=1.00&datetime=20180821102703&memberid=10008766&orderid=66188920180820222613&returncode=00&transaction_id=20180821102615555250&key=f9zho7uafawp39ufx9g8vorefkfzdsar
2018-08-20 22:27:03 mysign=8DD57A30873DE29C260329DD8738ABC8
2018-08-20 22:27:03 okat 1
