2018-08-25 04:43:10 request方法
2018-08-25 04:43:10 memberid=10019
2018-08-25 04:43:10 orderid=72577620180825044210
2018-08-25 04:43:10 transaction_id=20180825164211514854
2018-08-25 04:43:10 amount=1.0000
2018-08-25 04:43:10 datetime=20180825164310
2018-08-25 04:43:10 returncode=00
2018-08-25 04:43:10 sign=55539BD69FC65BC91895E0DBF1C5A611
2018-08-25 04:43:10 attach=
2018-08-25 04:43:10 post方法
2018-08-25 04:43:10 memberid=10019
2018-08-25 04:43:10 orderid=72577620180825044210
2018-08-25 04:43:10 transaction_id=20180825164211514854
2018-08-25 04:43:10 amount=1.0000
2018-08-25 04:43:10 datetime=20180825164310
2018-08-25 04:43:10 returncode=00
2018-08-25 04:43:10 sign=55539BD69FC65BC91895E0DBF1C5A611
2018-08-25 04:43:10 attach=
2018-08-25 04:43:10 input方法
2018-08-25 04:43:10 memberid=10019&orderid=72577620180825044210&transaction_id=20180825164211514854&amount=1.0000&datetime=20180825164310&returncode=00&sign=55539BD69FC65BC91895E0DBF1C5A611&attach=
2018-08-25 04:43:10 memberid=10019
2018-08-25 04:43:10 orderid=72577620180825044210
2018-08-25 04:43:10 transaction_id=20180825164211514854
2018-08-25 04:43:10 amount=1.0000
2018-08-25 04:43:10 datetime=20180825164310
2018-08-25 04:43:10 returncode=00
2018-08-25 04:43:10 sign=55539BD69FC65BC91895E0DBF1C5A611
2018-08-25 04:43:10 attach=
2018-08-25 04:43:10 signtext=amount=1.0000&datetime=20180825164310&memberid=10019&orderid=72577620180825044210&returncode=00&transaction_id=20180825164211514854&key=cc06fejn2sf2cetqwjp7rgnfleit7cw9
2018-08-25 04:43:10 mysign=55539BD69FC65BC91895E0DBF1C5A611
2018-08-25 04:43:10 OKat 1
2018-08-25 04:43:11 -----return
2018-08-25 04:43:11 memberid=10019-----return
2018-08-25 04:43:11 orderid=72577620180825044210-----return
2018-08-25 04:43:11 transaction_id=20180825164211514854-----return
2018-08-25 04:43:11 amount=1.0000-----return
2018-08-25 04:43:11 datetime=20180825164311-----return
2018-08-25 04:43:11 returncode=00-----return
2018-08-25 04:43:11 sign=F47C2A0FE1A084FBCA98829BF2F2C280-----return
2018-08-25 04:43:11 attach=-----return
2018-08-25 04:43:11 signtext=amount=1.0000&datetime=20180825164311&memberid=10019&orderid=72577620180825044210&returncode=00&transaction_id=20180825164211514854&key=cc06fejn2sf2cetqwjp7rgnfleit7cw9
2018-08-25 04:43:11 mysign=F47C2A0FE1A084FBCA98829BF2F2C280
2018-08-25 04:44:11 -----return
