2018-07-23 05:53:37 memberid=10005
2018-07-23 05:53:37 orderid=52792420180723175251
2018-07-23 05:53:37 transaction_id=20180723175238545699
2018-07-23 05:53:37 amount=1.0000
2018-07-23 05:53:37 datetime=20180723175321
2018-07-23 05:53:37 returncode=00
2018-07-23 05:53:37 sign=D6E377F01188018DAC1891F6819821E4
2018-07-23 05:53:37 attach=
2018-07-23 05:53:37 signtext=amount=1.0000&datetime=20180723175321&memberid=10005&orderid=52792420180723175251&returncode=00&transaction_id=20180723175238545699&key=87qlzmyf6q0zxrsx1hwczjnhr1yoq0p2
2018-07-23 05:53:37 mysign=D6E377F01188018DAC1891F6819821E4
2018-07-23 05:53:37 OKat 1
2018-07-23 05:53:37 memberid=10005
2018-07-23 05:53:37 orderid=52792420180723175251
2018-07-23 05:53:37 transaction_id=20180723175238545699
2018-07-23 05:53:37 amount=1.0000
2018-07-23 05:53:37 datetime=20180723175321
2018-07-23 05:53:37 returncode=00
2018-07-23 05:53:37 sign=D6E377F01188018DAC1891F6819821E4
2018-07-23 05:53:37 attach=
2018-07-23 05:53:37 signtext=amount=1.0000&datetime=20180723175321&memberid=10005&orderid=52792420180723175251&returncode=00&transaction_id=20180723175238545699&key=87qlzmyf6q0zxrsx1hwczjnhr1yoq0p2
2018-07-23 05:53:37 mysign=D6E377F01188018DAC1891F6819821E4
2018-07-23 05:53:37 OKat 0
