2018-08-16 23:21:26 request方法
2018-08-16 23:21:26 plat_order_no=
2018-08-16 23:21:26 sign=41c93d9a40910486814afe74276b23b7
2018-08-16 23:21:26 return_msg=支付成功
2018-08-16 23:21:26 pay_time=20180817112121
2018-08-16 23:21:26 pay_status=success
2018-08-16 23:21:26 money=2.00
2018-08-16 23:21:26 cust_no=gl00032739
2018-08-16 23:21:26 trade_no=201808171120391027929304
2018-08-16 23:21:26 pay_channel=01
2018-08-16 23:21:26 attach=null
2018-08-16 23:21:26 order_id=c43e62dc5da04a249c40f178d2c51b11
2018-08-16 23:21:26 return_code=SUCCESS
2018-08-16 23:21:26 mch_order_no=99556720180816232039
2018-08-16 23:21:26 post方法
2018-08-16 23:21:26 plat_order_no=
2018-08-16 23:21:26 sign=41c93d9a40910486814afe74276b23b7
2018-08-16 23:21:26 return_msg=支付成功
2018-08-16 23:21:26 pay_time=20180817112121
2018-08-16 23:21:26 pay_status=success
2018-08-16 23:21:26 money=2.00
2018-08-16 23:21:26 cust_no=gl00032739
2018-08-16 23:21:26 trade_no=201808171120391027929304
2018-08-16 23:21:26 pay_channel=01
2018-08-16 23:21:26 attach=null
2018-08-16 23:21:26 order_id=c43e62dc5da04a249c40f178d2c51b11
2018-08-16 23:21:26 return_code=SUCCESS
2018-08-16 23:21:26 mch_order_no=99556720180816232039
2018-08-16 23:21:26 input方法
2018-08-16 23:21:26 plat_order_no=&sign=41c93d9a40910486814afe74276b23b7&return_msg=%E6%94%AF%E4%BB%98%E6%88%90%E5%8A%9F&pay_time=20180817112121&pay_status=success&money=2.00&cust_no=gl00032739&trade_no=201808171120391027929304&pay_channel=01&attach=null&order_id=c43e62dc5da04a249c40f178d2c51b11&return_code=SUCCESS&mch_order_no=99556720180816232039
2018-08-16 23:21:26 plat_order_no=
2018-08-16 23:21:26 sign=41c93d9a40910486814afe74276b23b7
2018-08-16 23:21:26 return_msg=支付成功
2018-08-16 23:21:26 pay_time=20180817112121
2018-08-16 23:21:26 pay_status=success
2018-08-16 23:21:26 money=2.00
2018-08-16 23:21:26 cust_no=gl00032739
2018-08-16 23:21:26 trade_no=201808171120391027929304
2018-08-16 23:21:26 pay_channel=01
2018-08-16 23:21:26 attach=null
2018-08-16 23:21:26 order_id=c43e62dc5da04a249c40f178d2c51b11
2018-08-16 23:21:26 return_code=SUCCESS
2018-08-16 23:21:26 mch_order_no=99556720180816232039
2018-08-16 23:21:26 signtext=attach=null&cust_no=gl00032739&mch_order_no=99556720180816232039&money=2.00&order_id=c43e62dc5da04a249c40f178d2c51b11&pay_channel=01&pay_status=success&pay_time=20180817112121&return_code=SUCCESS&return_msg=支付成功&trade_no=2018081711203910279293041fbcf2d407ed45b1937ee12de4f5323c
2018-08-16 23:21:26 mysign=db31b8047b909ee2e9f2f1ea151a2568
2018-08-16 23:21:26 签名不正确！
2018-08-16 23:21:38 request方法
2018-08-16 23:21:38 attach=
2018-08-16 23:21:38 cust_no=gl00032739
2018-08-16 23:21:38 mch_order_no=99556720180816232039
2018-08-16 23:21:38 money=2
2018-08-16 23:21:38 order_id=c43e62dc5da04a249c40f178d2c51b11
2018-08-16 23:21:38 pay_channel=01
2018-08-16 23:21:38 pay_status=success
2018-08-16 23:21:38 pay_time=
2018-08-16 23:21:38 plat_order_no=
2018-08-16 23:21:38 return_code=SUCCESS
2018-08-16 23:21:38 return_msg=支付成功
2018-08-16 23:21:38 trade_no=201808171120391027929304
2018-08-16 23:21:38 sign=730aee45bd1776b3d51f4663bf570197
2018-08-16 23:21:38 post方法
2018-08-16 23:21:38 attach=
2018-08-16 23:21:38 cust_no=gl00032739
2018-08-16 23:21:38 mch_order_no=99556720180816232039
2018-08-16 23:21:38 money=2
2018-08-16 23:21:38 order_id=c43e62dc5da04a249c40f178d2c51b11
2018-08-16 23:21:38 pay_channel=01
2018-08-16 23:21:38 pay_status=success
2018-08-16 23:21:38 pay_time=
2018-08-16 23:21:38 plat_order_no=
2018-08-16 23:21:38 return_code=SUCCESS
2018-08-16 23:21:38 return_msg=支付成功
2018-08-16 23:21:38 trade_no=201808171120391027929304
2018-08-16 23:21:38 sign=730aee45bd1776b3d51f4663bf570197
2018-08-16 23:21:38 input方法
2018-08-16 23:21:38 attach=&cust_no=gl00032739&mch_order_no=99556720180816232039&money=2&order_id=c43e62dc5da04a249c40f178d2c51b11&pay_channel=01&pay_status=success&pay_time=&plat_order_no=&return_code=SUCCESS&return_msg=%E6%94%AF%E4%BB%98%E6%88%90%E5%8A%9F&trade_no=201808171120391027929304&sign=730aee45bd1776b3d51f4663bf570197
2018-08-16 23:21:38 attach=
2018-08-16 23:21:38 cust_no=gl00032739
2018-08-16 23:21:38 mch_order_no=99556720180816232039
2018-08-16 23:21:38 money=2
2018-08-16 23:21:38 order_id=c43e62dc5da04a249c40f178d2c51b11
2018-08-16 23:21:38 pay_channel=01
2018-08-16 23:21:38 pay_status=success
2018-08-16 23:21:38 pay_time=
2018-08-16 23:21:38 plat_order_no=
2018-08-16 23:21:38 return_code=SUCCESS
2018-08-16 23:21:38 return_msg=支付成功
2018-08-16 23:21:38 trade_no=201808171120391027929304
2018-08-16 23:21:38 sign=730aee45bd1776b3d51f4663bf570197
2018-08-16 23:21:38 signtext=cust_no=gl00032739&mch_order_no=99556720180816232039&money=2&order_id=c43e62dc5da04a249c40f178d2c51b11&pay_channel=01&pay_status=success&return_code=SUCCESS&return_msg=支付成功&trade_no=2018081711203910279293041fbcf2d407ed45b1937ee12de4f5323c
2018-08-16 23:21:38 mysign=730aee45bd1776b3d51f4663bf570197
2018-08-16 23:21:38 ”success”at 1
