2018-08-16 23:21:26 request方法
2018-08-16 23:21:26 plat_order_no=
2018-08-16 23:21:26 sign=41c93d9a40910486814afe74276b23b7
2018-08-16 23:21:26 return_msg=支付成功
2018-08-16 23:21:26 pay_time=20180817112121
2018-08-16 23:21:26 pay_status=success
2018-08-16 23:21:26 money=2.00
2018-08-16 23:21:26 cust_no=gl00032739
2018-08-16 23:21:26 trade_no=201808171120391027929304
2018-08-16 23:21:26 pay_channel=01
2018-08-16 23:21:26 attach=null
2018-08-16 23:21:26 order_id=c43e62dc5da04a249c40f178d2c51b11
2018-08-16 23:21:26 return_code=SUCCESS
2018-08-16 23:21:26 mch_order_no=99556720180816232039
2018-08-16 23:21:26 post方法
2018-08-16 23:21:26 plat_order_no=
2018-08-16 23:21:26 sign=41c93d9a40910486814afe74276b23b7
2018-08-16 23:21:26 return_msg=支付成功
2018-08-16 23:21:26 pay_time=20180817112121
2018-08-16 23:21:26 pay_status=success
2018-08-16 23:21:26 money=2.00
2018-08-16 23:21:26 cust_no=gl00032739
2018-08-16 23:21:26 trade_no=201808171120391027929304
2018-08-16 23:21:26 pay_channel=01
2018-08-16 23:21:26 attach=null
2018-08-16 23:21:26 order_id=c43e62dc5da04a249c40f178d2c51b11
2018-08-16 23:21:26 return_code=SUCCESS
2018-08-16 23:21:26 mch_order_no=99556720180816232039
2018-08-16 23:21:26 input方法
2018-08-16 23:21:26 plat_order_no=&sign=41c93d9a40910486814afe74276b23b7&return_msg=%E6%94%AF%E4%BB%98%E6%88%90%E5%8A%9F&pay_time=20180817112121&pay_status=success&money=2.00&cust_no=gl00032739&trade_no=201808171120391027929304&pay_channel=01&attach=null&order_id=c43e62dc5da04a249c40f178d2c51b11&return_code=SUCCESS&mch_order_no=99556720180816232039
2018-08-16 23:21:26 plat_order_no=
2018-08-16 23:21:26 sign=41c93d9a40910486814afe74276b23b7
2018-08-16 23:21:26 return_msg=支付成功
2018-08-16 23:21:26 pay_time=20180817112121
2018-08-16 23:21:26 pay_status=success
2018-08-16 23:21:26 money=2.00
2018-08-16 23:21:26 cust_no=gl00032739
2018-08-16 23:21:26 trade_no=201808171120391027929304
2018-08-16 23:21:26 pay_channel=01
2018-08-16 23:21:26 attach=null
2018-08-16 23:21:26 order_id=c43e62dc5da04a249c40f178d2c51b11
2018-08-16 23:21:26 return_code=SUCCESS
2018-08-16 23:21:26 mch_order_no=99556720180816232039
2018-08-16 23:21:26 signtext=attach=null&cust_no=gl00032739&mch_order_no=99556720180816232039&money=2.00&order_id=c43e62dc5da04a249c40f178d2c51b11&pay_channel=01&pay_status=success&pay_time=20180817112121&return_code=SUCCESS&return_msg=支付成功&trade_no=2018081711203910279293041fbcf2d407ed45b1937ee12de4f5323c
2018-08-16 23:21:26 mysign=db31b8047b909ee2e9f2f1ea151a2568
2018-08-16 23:21:26 签名不正确！
2018-08-16 23:21:38 request方法
2018-08-16 23:21:38 attach=
2018-08-16 23:21:38 cust_no=gl00032739
2018-08-16 23:21:38 mch_order_no=99556720180816232039
2018-08-16 23:21:38 money=2
2018-08-16 23:21:38 order_id=c43e62dc5da04a249c40f178d2c51b11
2018-08-16 23:21:38 pay_channel=01
2018-08-16 23:21:38 pay_status=success
2018-08-16 23:21:38 pay_time=
2018-08-16 23:21:38 plat_order_no=
2018-08-16 23:21:38 return_code=SUCCESS
2018-08-16 23:21:38 return_msg=支付成功
2018-08-16 23:21:38 trade_no=201808171120391027929304
2018-08-16 23:21:38 sign=730aee45bd1776b3d51f4663bf570197
2018-08-16 23:21:38 post方法
2018-08-16 23:21:38 attach=
2018-08-16 23:21:38 cust_no=gl00032739
2018-08-16 23:21:38 mch_order_no=99556720180816232039
2018-08-16 23:21:38 money=2
2018-08-16 23:21:38 order_id=c43e62dc5da04a249c40f178d2c51b11
2018-08-16 23:21:38 pay_channel=01
2018-08-16 23:21:38 pay_status=success
2018-08-16 23:21:38 pay_time=
2018-08-16 23:21:38 plat_order_no=
2018-08-16 23:21:38 return_code=SUCCESS
2018-08-16 23:21:38 return_msg=支付成功
2018-08-16 23:21:38 trade_no=201808171120391027929304
2018-08-16 23:21:38 sign=730aee45bd1776b3d51f4663bf570197
2018-08-16 23:21:38 input方法
2018-08-16 23:21:38 attach=&cust_no=gl00032739&mch_order_no=99556720180816232039&money=2&order_id=c43e62dc5da04a249c40f178d2c51b11&pay_channel=01&pay_status=success&pay_time=&plat_order_no=&return_code=SUCCESS&return_msg=%E6%94%AF%E4%BB%98%E6%88%90%E5%8A%9F&trade_no=201808171120391027929304&sign=730aee45bd1776b3d51f4663bf570197
2018-08-16 23:21:38 attach=
2018-08-16 23:21:38 cust_no=gl00032739
2018-08-16 23:21:38 mch_order_no=99556720180816232039
2018-08-16 23:21:38 money=2
2018-08-16 23:21:38 order_id=c43e62dc5da04a249c40f178d2c51b11
2018-08-16 23:21:38 pay_channel=01
2018-08-16 23:21:38 pay_status=success
2018-08-16 23:21:38 pay_time=
2018-08-16 23:21:38 plat_order_no=
2018-08-16 23:21:38 return_code=SUCCESS
2018-08-16 23:21:38 return_msg=支付成功
2018-08-16 23:21:38 trade_no=201808171120391027929304
2018-08-16 23:21:38 sign=730aee45bd1776b3d51f4663bf570197
2018-08-16 23:21:38 signtext=cust_no=gl00032739&mch_order_no=99556720180816232039&money=2&order_id=c43e62dc5da04a249c40f178d2c51b11&pay_channel=01&pay_status=success&return_code=SUCCESS&return_msg=支付成功&trade_no=2018081711203910279293041fbcf2d407ed45b1937ee12de4f5323c
2018-08-16 23:21:38 mysign=730aee45bd1776b3d51f4663bf570197
2018-08-16 23:21:38 ”success”at 1
2018-08-16 23:25:10 request方法
2018-08-16 23:25:10 plat_order_no=
2018-08-16 23:25:10 sign=41c93d9a40910486814afe74276b23b7
2018-08-16 23:25:10 return_msg=支付成功
2018-08-16 23:25:10 pay_time=20180817112121
2018-08-16 23:25:10 pay_status=success
2018-08-16 23:25:10 money=2.00
2018-08-16 23:25:10 cust_no=gl00032739
2018-08-16 23:25:10 trade_no=201808171120391027929304
2018-08-16 23:25:10 pay_channel=01
2018-08-16 23:25:10 attach=null
2018-08-16 23:25:10 order_id=c43e62dc5da04a249c40f178d2c51b11
2018-08-16 23:25:10 return_code=SUCCESS
2018-08-16 23:25:10 mch_order_no=99556720180816232039
2018-08-16 23:25:10 post方法
2018-08-16 23:25:10 plat_order_no=
2018-08-16 23:25:10 sign=41c93d9a40910486814afe74276b23b7
2018-08-16 23:25:10 return_msg=支付成功
2018-08-16 23:25:10 pay_time=20180817112121
2018-08-16 23:25:10 pay_status=success
2018-08-16 23:25:10 money=2.00
2018-08-16 23:25:10 cust_no=gl00032739
2018-08-16 23:25:10 trade_no=201808171120391027929304
2018-08-16 23:25:10 pay_channel=01
2018-08-16 23:25:10 attach=null
2018-08-16 23:25:10 order_id=c43e62dc5da04a249c40f178d2c51b11
2018-08-16 23:25:10 return_code=SUCCESS
2018-08-16 23:25:10 mch_order_no=99556720180816232039
2018-08-16 23:25:10 input方法
2018-08-16 23:25:10 plat_order_no=&sign=41c93d9a40910486814afe74276b23b7&return_msg=%E6%94%AF%E4%BB%98%E6%88%90%E5%8A%9F&pay_time=20180817112121&pay_status=success&money=2.00&cust_no=gl00032739&trade_no=201808171120391027929304&pay_channel=01&attach=null&order_id=c43e62dc5da04a249c40f178d2c51b11&return_code=SUCCESS&mch_order_no=99556720180816232039
2018-08-16 23:25:10 plat_order_no=
2018-08-16 23:25:10 sign=41c93d9a40910486814afe74276b23b7
2018-08-16 23:25:10 return_msg=支付成功
2018-08-16 23:25:10 pay_time=20180817112121
2018-08-16 23:25:10 pay_status=success
2018-08-16 23:25:10 money=2.00
2018-08-16 23:25:10 cust_no=gl00032739
2018-08-16 23:25:10 trade_no=201808171120391027929304
2018-08-16 23:25:10 pay_channel=01
2018-08-16 23:25:10 attach=null
2018-08-16 23:25:10 order_id=c43e62dc5da04a249c40f178d2c51b11
2018-08-16 23:25:10 return_code=SUCCESS
2018-08-16 23:25:10 mch_order_no=99556720180816232039
2018-08-16 23:25:10 signtext=attach=null&cust_no=gl00032739&mch_order_no=99556720180816232039&money=2.00&order_id=c43e62dc5da04a249c40f178d2c51b11&pay_channel=01&pay_status=success&pay_time=20180817112121&return_code=SUCCESS&return_msg=支付成功&trade_no=2018081711203910279293041fbcf2d407ed45b1937ee12de4f5323c
2018-08-16 23:25:10 mysign=db31b8047b909ee2e9f2f1ea151a2568
2018-08-16 23:25:10 签名不正确！
2018-08-16 23:25:11 request方法
2018-08-16 23:25:11 plat_order_no=
2018-08-16 23:25:11 sign=41c93d9a40910486814afe74276b23b7
2018-08-16 23:25:11 return_msg=支付成功
2018-08-16 23:25:11 pay_time=20180817112121
2018-08-16 23:25:11 pay_status=success
2018-08-16 23:25:11 money=2.00
2018-08-16 23:25:11 cust_no=gl00032739
2018-08-16 23:25:11 trade_no=201808171120391027929304
2018-08-16 23:25:11 pay_channel=01
2018-08-16 23:25:11 attach=null
2018-08-16 23:25:11 order_id=c43e62dc5da04a249c40f178d2c51b11
2018-08-16 23:25:11 return_code=SUCCESS
2018-08-16 23:25:11 mch_order_no=99556720180816232039
2018-08-16 23:25:11 post方法
2018-08-16 23:25:11 plat_order_no=
2018-08-16 23:25:11 sign=41c93d9a40910486814afe74276b23b7
2018-08-16 23:25:11 return_msg=支付成功
2018-08-16 23:25:11 pay_time=20180817112121
2018-08-16 23:25:11 pay_status=success
2018-08-16 23:25:11 money=2.00
2018-08-16 23:25:11 cust_no=gl00032739
2018-08-16 23:25:11 trade_no=201808171120391027929304
2018-08-16 23:25:11 pay_channel=01
2018-08-16 23:25:11 attach=null
2018-08-16 23:25:11 order_id=c43e62dc5da04a249c40f178d2c51b11
2018-08-16 23:25:11 return_code=SUCCESS
2018-08-16 23:25:11 mch_order_no=99556720180816232039
2018-08-16 23:25:11 input方法
2018-08-16 23:25:11 plat_order_no=&sign=41c93d9a40910486814afe74276b23b7&return_msg=%E6%94%AF%E4%BB%98%E6%88%90%E5%8A%9F&pay_time=20180817112121&pay_status=success&money=2.00&cust_no=gl00032739&trade_no=201808171120391027929304&pay_channel=01&attach=null&order_id=c43e62dc5da04a249c40f178d2c51b11&return_code=SUCCESS&mch_order_no=99556720180816232039
2018-08-16 23:25:11 plat_order_no=
2018-08-16 23:25:11 sign=41c93d9a40910486814afe74276b23b7
2018-08-16 23:25:11 return_msg=支付成功
2018-08-16 23:25:11 pay_time=20180817112121
2018-08-16 23:25:11 pay_status=success
2018-08-16 23:25:11 money=2.00
2018-08-16 23:25:11 cust_no=gl00032739
2018-08-16 23:25:11 trade_no=201808171120391027929304
2018-08-16 23:25:11 pay_channel=01
2018-08-16 23:25:11 attach=null
2018-08-16 23:25:11 order_id=c43e62dc5da04a249c40f178d2c51b11
2018-08-16 23:25:11 return_code=SUCCESS
2018-08-16 23:25:11 mch_order_no=99556720180816232039
2018-08-16 23:25:11 signtext=attach=null&cust_no=gl00032739&mch_order_no=99556720180816232039&money=2.00&order_id=c43e62dc5da04a249c40f178d2c51b11&pay_channel=01&pay_status=success&pay_time=20180817112121&return_code=SUCCESS&return_msg=支付成功&trade_no=2018081711203910279293041fbcf2d407ed45b1937ee12de4f5323c
2018-08-16 23:25:11 mysign=db31b8047b909ee2e9f2f1ea151a2568
2018-08-16 23:25:11 签名不正确！
2018-08-16 23:25:13 request方法
2018-08-16 23:25:13 plat_order_no=
2018-08-16 23:25:13 sign=41c93d9a40910486814afe74276b23b7
2018-08-16 23:25:13 return_msg=支付成功
2018-08-16 23:25:13 pay_time=20180817112121
2018-08-16 23:25:13 pay_status=success
2018-08-16 23:25:13 money=2.00
2018-08-16 23:25:13 cust_no=gl00032739
2018-08-16 23:25:13 trade_no=201808171120391027929304
2018-08-16 23:25:13 pay_channel=01
2018-08-16 23:25:13 attach=null
2018-08-16 23:25:13 order_id=c43e62dc5da04a249c40f178d2c51b11
2018-08-16 23:25:13 return_code=SUCCESS
2018-08-16 23:25:13 mch_order_no=99556720180816232039
2018-08-16 23:25:13 post方法
2018-08-16 23:25:13 plat_order_no=
2018-08-16 23:25:13 sign=41c93d9a40910486814afe74276b23b7
2018-08-16 23:25:13 return_msg=支付成功
2018-08-16 23:25:13 pay_time=20180817112121
2018-08-16 23:25:13 pay_status=success
2018-08-16 23:25:13 money=2.00
2018-08-16 23:25:13 cust_no=gl00032739
2018-08-16 23:25:13 trade_no=201808171120391027929304
2018-08-16 23:25:13 pay_channel=01
2018-08-16 23:25:13 attach=null
2018-08-16 23:25:13 order_id=c43e62dc5da04a249c40f178d2c51b11
2018-08-16 23:25:13 return_code=SUCCESS
2018-08-16 23:25:13 mch_order_no=99556720180816232039
2018-08-16 23:25:13 input方法
2018-08-16 23:25:13 plat_order_no=&sign=41c93d9a40910486814afe74276b23b7&return_msg=%E6%94%AF%E4%BB%98%E6%88%90%E5%8A%9F&pay_time=20180817112121&pay_status=success&money=2.00&cust_no=gl00032739&trade_no=201808171120391027929304&pay_channel=01&attach=null&order_id=c43e62dc5da04a249c40f178d2c51b11&return_code=SUCCESS&mch_order_no=99556720180816232039
2018-08-16 23:25:13 plat_order_no=
2018-08-16 23:25:13 sign=41c93d9a40910486814afe74276b23b7
2018-08-16 23:25:13 return_msg=支付成功
2018-08-16 23:25:13 pay_time=20180817112121
2018-08-16 23:25:13 pay_status=success
2018-08-16 23:25:13 money=2.00
2018-08-16 23:25:13 cust_no=gl00032739
2018-08-16 23:25:13 trade_no=201808171120391027929304
2018-08-16 23:25:13 pay_channel=01
2018-08-16 23:25:13 attach=null
2018-08-16 23:25:13 order_id=c43e62dc5da04a249c40f178d2c51b11
2018-08-16 23:25:13 return_code=SUCCESS
2018-08-16 23:25:13 mch_order_no=99556720180816232039
2018-08-16 23:25:13 signtext=attach=null&cust_no=gl00032739&mch_order_no=99556720180816232039&money=2.00&order_id=c43e62dc5da04a249c40f178d2c51b11&pay_channel=01&pay_status=success&pay_time=20180817112121&return_code=SUCCESS&return_msg=支付成功&trade_no=2018081711203910279293041fbcf2d407ed45b1937ee12de4f5323c
2018-08-16 23:25:13 mysign=db31b8047b909ee2e9f2f1ea151a2568
2018-08-16 23:25:13 签名不正确！
2018-08-16 23:25:16 request方法
2018-08-16 23:25:16 plat_order_no=
2018-08-16 23:25:16 sign=41c93d9a40910486814afe74276b23b7
2018-08-16 23:25:16 return_msg=支付成功
2018-08-16 23:25:16 pay_time=20180817112121
2018-08-16 23:25:16 pay_status=success
2018-08-16 23:25:16 money=2.00
2018-08-16 23:25:16 cust_no=gl00032739
2018-08-16 23:25:16 trade_no=201808171120391027929304
2018-08-16 23:25:16 pay_channel=01
2018-08-16 23:25:16 attach=null
2018-08-16 23:25:16 order_id=c43e62dc5da04a249c40f178d2c51b11
2018-08-16 23:25:16 return_code=SUCCESS
2018-08-16 23:25:16 mch_order_no=99556720180816232039
2018-08-16 23:25:16 post方法
2018-08-16 23:25:16 plat_order_no=
2018-08-16 23:25:16 sign=41c93d9a40910486814afe74276b23b7
2018-08-16 23:25:16 return_msg=支付成功
2018-08-16 23:25:16 pay_time=20180817112121
2018-08-16 23:25:16 pay_status=success
2018-08-16 23:25:16 money=2.00
2018-08-16 23:25:16 cust_no=gl00032739
2018-08-16 23:25:16 trade_no=201808171120391027929304
2018-08-16 23:25:16 pay_channel=01
2018-08-16 23:25:16 attach=null
2018-08-16 23:25:16 order_id=c43e62dc5da04a249c40f178d2c51b11
2018-08-16 23:25:16 return_code=SUCCESS
2018-08-16 23:25:16 mch_order_no=99556720180816232039
2018-08-16 23:25:16 input方法
2018-08-16 23:25:16 plat_order_no=&sign=41c93d9a40910486814afe74276b23b7&return_msg=%E6%94%AF%E4%BB%98%E6%88%90%E5%8A%9F&pay_time=20180817112121&pay_status=success&money=2.00&cust_no=gl00032739&trade_no=201808171120391027929304&pay_channel=01&attach=null&order_id=c43e62dc5da04a249c40f178d2c51b11&return_code=SUCCESS&mch_order_no=99556720180816232039
2018-08-16 23:25:16 plat_order_no=
2018-08-16 23:25:16 sign=41c93d9a40910486814afe74276b23b7
2018-08-16 23:25:16 return_msg=支付成功
2018-08-16 23:25:16 pay_time=20180817112121
2018-08-16 23:25:16 pay_status=success
2018-08-16 23:25:16 money=2.00
2018-08-16 23:25:16 cust_no=gl00032739
2018-08-16 23:25:16 trade_no=201808171120391027929304
2018-08-16 23:25:16 pay_channel=01
2018-08-16 23:25:16 attach=null
2018-08-16 23:25:16 order_id=c43e62dc5da04a249c40f178d2c51b11
2018-08-16 23:25:16 return_code=SUCCESS
2018-08-16 23:25:16 mch_order_no=99556720180816232039
2018-08-16 23:25:16 signtext=attach=null&cust_no=gl00032739&mch_order_no=99556720180816232039&money=2.00&order_id=c43e62dc5da04a249c40f178d2c51b11&pay_channel=01&pay_status=success&pay_time=20180817112121&return_code=SUCCESS&return_msg=支付成功&trade_no=2018081711203910279293041fbcf2d407ed45b1937ee12de4f5323c
2018-08-16 23:25:16 mysign=db31b8047b909ee2e9f2f1ea151a2568
2018-08-16 23:25:16 签名不正确！
2018-08-16 23:30:06 request方法
2018-08-16 23:30:06 plat_order_no=
2018-08-16 23:30:06 sign=41c93d9a40910486814afe74276b23b7
2018-08-16 23:30:06 return_msg=支付成功
2018-08-16 23:30:06 pay_time=20180817112121
2018-08-16 23:30:06 pay_status=success
2018-08-16 23:30:06 money=2.00
2018-08-16 23:30:06 cust_no=gl00032739
2018-08-16 23:30:06 trade_no=201808171120391027929304
2018-08-16 23:30:06 pay_channel=01
2018-08-16 23:30:06 attach=null
2018-08-16 23:30:06 order_id=c43e62dc5da04a249c40f178d2c51b11
2018-08-16 23:30:06 return_code=SUCCESS
2018-08-16 23:30:06 mch_order_no=99556720180816232039
2018-08-16 23:30:06 post方法
2018-08-16 23:30:06 plat_order_no=
2018-08-16 23:30:06 sign=41c93d9a40910486814afe74276b23b7
2018-08-16 23:30:06 return_msg=支付成功
2018-08-16 23:30:06 pay_time=20180817112121
2018-08-16 23:30:06 pay_status=success
2018-08-16 23:30:06 money=2.00
2018-08-16 23:30:06 cust_no=gl00032739
2018-08-16 23:30:06 trade_no=201808171120391027929304
2018-08-16 23:30:06 pay_channel=01
2018-08-16 23:30:06 attach=null
2018-08-16 23:30:06 order_id=c43e62dc5da04a249c40f178d2c51b11
2018-08-16 23:30:06 return_code=SUCCESS
2018-08-16 23:30:06 mch_order_no=99556720180816232039
2018-08-16 23:30:06 input方法
2018-08-16 23:30:06 plat_order_no=&sign=41c93d9a40910486814afe74276b23b7&return_msg=%E6%94%AF%E4%BB%98%E6%88%90%E5%8A%9F&pay_time=20180817112121&pay_status=success&money=2.00&cust_no=gl00032739&trade_no=201808171120391027929304&pay_channel=01&attach=null&order_id=c43e62dc5da04a249c40f178d2c51b11&return_code=SUCCESS&mch_order_no=99556720180816232039
2018-08-16 23:30:06 plat_order_no=
2018-08-16 23:30:06 sign=41c93d9a40910486814afe74276b23b7
2018-08-16 23:30:06 return_msg=支付成功
2018-08-16 23:30:06 pay_time=20180817112121
2018-08-16 23:30:06 pay_status=success
2018-08-16 23:30:06 money=2.00
2018-08-16 23:30:06 cust_no=gl00032739
2018-08-16 23:30:06 trade_no=201808171120391027929304
2018-08-16 23:30:06 pay_channel=01
2018-08-16 23:30:06 attach=null
2018-08-16 23:30:06 order_id=c43e62dc5da04a249c40f178d2c51b11
2018-08-16 23:30:06 return_code=SUCCESS
2018-08-16 23:30:06 mch_order_no=99556720180816232039
2018-08-16 23:30:06 signtext=attach=null&cust_no=gl00032739&mch_order_no=99556720180816232039&money=2.00&order_id=c43e62dc5da04a249c40f178d2c51b11&pay_channel=01&pay_status=success&pay_time=20180817112121&return_code=SUCCESS&return_msg=支付成功&trade_no=2018081711203910279293041fbcf2d407ed45b1937ee12de4f5323c
2018-08-16 23:30:06 mysign=db31b8047b909ee2e9f2f1ea151a2568
2018-08-16 23:30:06 签名不正确！
2018-08-16 23:30:09 request方法
2018-08-16 23:30:09 plat_order_no=
2018-08-16 23:30:09 sign=41c93d9a40910486814afe74276b23b7
2018-08-16 23:30:09 return_msg=支付成功
2018-08-16 23:30:09 pay_time=20180817112121
2018-08-16 23:30:09 pay_status=success
2018-08-16 23:30:09 money=2.00
2018-08-16 23:30:09 cust_no=gl00032739
2018-08-16 23:30:09 trade_no=201808171120391027929304
2018-08-16 23:30:09 pay_channel=01
2018-08-16 23:30:09 attach=null
2018-08-16 23:30:09 order_id=c43e62dc5da04a249c40f178d2c51b11
2018-08-16 23:30:09 return_code=SUCCESS
2018-08-16 23:30:09 mch_order_no=99556720180816232039
2018-08-16 23:30:09 post方法
2018-08-16 23:30:09 plat_order_no=
2018-08-16 23:30:09 sign=41c93d9a40910486814afe74276b23b7
2018-08-16 23:30:09 return_msg=支付成功
2018-08-16 23:30:09 pay_time=20180817112121
2018-08-16 23:30:09 pay_status=success
2018-08-16 23:30:09 money=2.00
2018-08-16 23:30:09 cust_no=gl00032739
2018-08-16 23:30:09 trade_no=201808171120391027929304
2018-08-16 23:30:09 pay_channel=01
2018-08-16 23:30:09 attach=null
2018-08-16 23:30:09 order_id=c43e62dc5da04a249c40f178d2c51b11
2018-08-16 23:30:09 return_code=SUCCESS
2018-08-16 23:30:09 mch_order_no=99556720180816232039
2018-08-16 23:30:09 input方法
2018-08-16 23:30:09 plat_order_no=&sign=41c93d9a40910486814afe74276b23b7&return_msg=%E6%94%AF%E4%BB%98%E6%88%90%E5%8A%9F&pay_time=20180817112121&pay_status=success&money=2.00&cust_no=gl00032739&trade_no=201808171120391027929304&pay_channel=01&attach=null&order_id=c43e62dc5da04a249c40f178d2c51b11&return_code=SUCCESS&mch_order_no=99556720180816232039
2018-08-16 23:30:09 plat_order_no=
2018-08-16 23:30:09 sign=41c93d9a40910486814afe74276b23b7
2018-08-16 23:30:09 return_msg=支付成功
2018-08-16 23:30:09 pay_time=20180817112121
2018-08-16 23:30:09 pay_status=success
2018-08-16 23:30:09 money=2.00
2018-08-16 23:30:09 cust_no=gl00032739
2018-08-16 23:30:09 trade_no=201808171120391027929304
2018-08-16 23:30:09 pay_channel=01
2018-08-16 23:30:09 attach=null
2018-08-16 23:30:09 order_id=c43e62dc5da04a249c40f178d2c51b11
2018-08-16 23:30:09 return_code=SUCCESS
2018-08-16 23:30:09 mch_order_no=99556720180816232039
2018-08-16 23:30:09 signtext=attach=null&cust_no=gl00032739&mch_order_no=99556720180816232039&money=2.00&order_id=c43e62dc5da04a249c40f178d2c51b11&pay_channel=01&pay_status=success&pay_time=20180817112121&return_code=SUCCESS&return_msg=支付成功&trade_no=2018081711203910279293041fbcf2d407ed45b1937ee12de4f5323c
2018-08-16 23:30:09 mysign=db31b8047b909ee2e9f2f1ea151a2568
2018-08-16 23:30:09 签名不正确！
2018-08-16 23:30:11 request方法
2018-08-16 23:30:11 plat_order_no=
2018-08-16 23:30:11 sign=41c93d9a40910486814afe74276b23b7
2018-08-16 23:30:11 return_msg=支付成功
2018-08-16 23:30:11 pay_time=20180817112121
2018-08-16 23:30:11 pay_status=success
2018-08-16 23:30:11 money=2.00
2018-08-16 23:30:11 cust_no=gl00032739
2018-08-16 23:30:11 trade_no=201808171120391027929304
2018-08-16 23:30:11 pay_channel=01
2018-08-16 23:30:11 attach=null
2018-08-16 23:30:11 order_id=c43e62dc5da04a249c40f178d2c51b11
2018-08-16 23:30:11 return_code=SUCCESS
2018-08-16 23:30:11 mch_order_no=99556720180816232039
2018-08-16 23:30:11 post方法
2018-08-16 23:30:11 plat_order_no=
2018-08-16 23:30:11 sign=41c93d9a40910486814afe74276b23b7
2018-08-16 23:30:11 return_msg=支付成功
2018-08-16 23:30:11 pay_time=20180817112121
2018-08-16 23:30:11 pay_status=success
2018-08-16 23:30:11 money=2.00
2018-08-16 23:30:11 cust_no=gl00032739
2018-08-16 23:30:11 trade_no=201808171120391027929304
2018-08-16 23:30:11 pay_channel=01
2018-08-16 23:30:11 attach=null
2018-08-16 23:30:11 order_id=c43e62dc5da04a249c40f178d2c51b11
2018-08-16 23:30:11 return_code=SUCCESS
2018-08-16 23:30:11 mch_order_no=99556720180816232039
2018-08-16 23:30:11 input方法
2018-08-16 23:30:11 plat_order_no=&sign=41c93d9a40910486814afe74276b23b7&return_msg=%E6%94%AF%E4%BB%98%E6%88%90%E5%8A%9F&pay_time=20180817112121&pay_status=success&money=2.00&cust_no=gl00032739&trade_no=201808171120391027929304&pay_channel=01&attach=null&order_id=c43e62dc5da04a249c40f178d2c51b11&return_code=SUCCESS&mch_order_no=99556720180816232039
2018-08-16 23:30:11 plat_order_no=
2018-08-16 23:30:11 sign=41c93d9a40910486814afe74276b23b7
2018-08-16 23:30:11 return_msg=支付成功
2018-08-16 23:30:11 pay_time=20180817112121
2018-08-16 23:30:11 pay_status=success
2018-08-16 23:30:11 money=2.00
2018-08-16 23:30:11 cust_no=gl00032739
2018-08-16 23:30:11 trade_no=201808171120391027929304
2018-08-16 23:30:11 pay_channel=01
2018-08-16 23:30:11 attach=null
2018-08-16 23:30:11 order_id=c43e62dc5da04a249c40f178d2c51b11
2018-08-16 23:30:11 return_code=SUCCESS
2018-08-16 23:30:11 mch_order_no=99556720180816232039
2018-08-16 23:30:11 signtext=attach=null&cust_no=gl00032739&mch_order_no=99556720180816232039&money=2.00&order_id=c43e62dc5da04a249c40f178d2c51b11&pay_channel=01&pay_status=success&pay_time=20180817112121&return_code=SUCCESS&return_msg=支付成功&trade_no=2018081711203910279293041fbcf2d407ed45b1937ee12de4f5323c
2018-08-16 23:30:11 mysign=db31b8047b909ee2e9f2f1ea151a2568
2018-08-16 23:30:11 签名不正确！
2018-08-16 23:30:14 request方法
2018-08-16 23:30:14 plat_order_no=
2018-08-16 23:30:14 sign=41c93d9a40910486814afe74276b23b7
2018-08-16 23:30:14 return_msg=支付成功
2018-08-16 23:30:14 pay_time=20180817112121
2018-08-16 23:30:14 pay_status=success
2018-08-16 23:30:14 money=2.00
2018-08-16 23:30:14 cust_no=gl00032739
2018-08-16 23:30:14 trade_no=201808171120391027929304
2018-08-16 23:30:14 pay_channel=01
2018-08-16 23:30:14 attach=null
2018-08-16 23:30:14 order_id=c43e62dc5da04a249c40f178d2c51b11
2018-08-16 23:30:14 return_code=SUCCESS
2018-08-16 23:30:14 mch_order_no=99556720180816232039
2018-08-16 23:30:14 post方法
2018-08-16 23:30:14 plat_order_no=
2018-08-16 23:30:14 sign=41c93d9a40910486814afe74276b23b7
2018-08-16 23:30:14 return_msg=支付成功
2018-08-16 23:30:14 pay_time=20180817112121
2018-08-16 23:30:14 pay_status=success
2018-08-16 23:30:14 money=2.00
2018-08-16 23:30:14 cust_no=gl00032739
2018-08-16 23:30:14 trade_no=201808171120391027929304
2018-08-16 23:30:14 pay_channel=01
2018-08-16 23:30:14 attach=null
2018-08-16 23:30:14 order_id=c43e62dc5da04a249c40f178d2c51b11
2018-08-16 23:30:14 return_code=SUCCESS
2018-08-16 23:30:14 mch_order_no=99556720180816232039
2018-08-16 23:30:14 input方法
2018-08-16 23:30:14 plat_order_no=&sign=41c93d9a40910486814afe74276b23b7&return_msg=%E6%94%AF%E4%BB%98%E6%88%90%E5%8A%9F&pay_time=20180817112121&pay_status=success&money=2.00&cust_no=gl00032739&trade_no=201808171120391027929304&pay_channel=01&attach=null&order_id=c43e62dc5da04a249c40f178d2c51b11&return_code=SUCCESS&mch_order_no=99556720180816232039
2018-08-16 23:30:14 plat_order_no=
2018-08-16 23:30:14 sign=41c93d9a40910486814afe74276b23b7
2018-08-16 23:30:14 return_msg=支付成功
2018-08-16 23:30:14 pay_time=20180817112121
2018-08-16 23:30:14 pay_status=success
2018-08-16 23:30:14 money=2.00
2018-08-16 23:30:14 cust_no=gl00032739
2018-08-16 23:30:14 trade_no=201808171120391027929304
2018-08-16 23:30:14 pay_channel=01
2018-08-16 23:30:14 attach=null
2018-08-16 23:30:14 order_id=c43e62dc5da04a249c40f178d2c51b11
2018-08-16 23:30:14 return_code=SUCCESS
2018-08-16 23:30:14 mch_order_no=99556720180816232039
2018-08-16 23:30:14 signtext=attach=null&cust_no=gl00032739&mch_order_no=99556720180816232039&money=2.00&order_id=c43e62dc5da04a249c40f178d2c51b11&pay_channel=01&pay_status=success&pay_time=20180817112121&return_code=SUCCESS&return_msg=支付成功&trade_no=2018081711203910279293041fbcf2d407ed45b1937ee12de4f5323c
2018-08-16 23:30:14 mysign=db31b8047b909ee2e9f2f1ea151a2568
2018-08-16 23:30:14 签名不正确！
2018-08-16 23:35:05 request方法
2018-08-16 23:35:05 plat_order_no=
2018-08-16 23:35:05 sign=41c93d9a40910486814afe74276b23b7
2018-08-16 23:35:05 return_msg=支付成功
2018-08-16 23:35:05 pay_time=20180817112121
2018-08-16 23:35:05 pay_status=success
2018-08-16 23:35:05 money=2.00
2018-08-16 23:35:05 cust_no=gl00032739
2018-08-16 23:35:05 trade_no=201808171120391027929304
2018-08-16 23:35:05 pay_channel=01
2018-08-16 23:35:05 attach=null
2018-08-16 23:35:05 order_id=c43e62dc5da04a249c40f178d2c51b11
2018-08-16 23:35:05 return_code=SUCCESS
2018-08-16 23:35:05 mch_order_no=99556720180816232039
2018-08-16 23:35:05 post方法
2018-08-16 23:35:05 plat_order_no=
2018-08-16 23:35:05 sign=41c93d9a40910486814afe74276b23b7
2018-08-16 23:35:05 return_msg=支付成功
2018-08-16 23:35:05 pay_time=20180817112121
2018-08-16 23:35:05 pay_status=success
2018-08-16 23:35:05 money=2.00
2018-08-16 23:35:05 cust_no=gl00032739
2018-08-16 23:35:05 trade_no=201808171120391027929304
2018-08-16 23:35:05 pay_channel=01
2018-08-16 23:35:05 attach=null
2018-08-16 23:35:05 order_id=c43e62dc5da04a249c40f178d2c51b11
2018-08-16 23:35:05 return_code=SUCCESS
2018-08-16 23:35:05 mch_order_no=99556720180816232039
2018-08-16 23:35:05 input方法
2018-08-16 23:35:05 plat_order_no=&sign=41c93d9a40910486814afe74276b23b7&return_msg=%E6%94%AF%E4%BB%98%E6%88%90%E5%8A%9F&pay_time=20180817112121&pay_status=success&money=2.00&cust_no=gl00032739&trade_no=201808171120391027929304&pay_channel=01&attach=null&order_id=c43e62dc5da04a249c40f178d2c51b11&return_code=SUCCESS&mch_order_no=99556720180816232039
2018-08-16 23:35:05 plat_order_no=
2018-08-16 23:35:05 sign=41c93d9a40910486814afe74276b23b7
2018-08-16 23:35:05 return_msg=支付成功
2018-08-16 23:35:05 pay_time=20180817112121
2018-08-16 23:35:05 pay_status=success
2018-08-16 23:35:05 money=2.00
2018-08-16 23:35:05 cust_no=gl00032739
2018-08-16 23:35:05 trade_no=201808171120391027929304
2018-08-16 23:35:05 pay_channel=01
2018-08-16 23:35:05 attach=null
2018-08-16 23:35:05 order_id=c43e62dc5da04a249c40f178d2c51b11
2018-08-16 23:35:05 return_code=SUCCESS
2018-08-16 23:35:05 mch_order_no=99556720180816232039
2018-08-16 23:35:05 signtext=attach=null&cust_no=gl00032739&mch_order_no=99556720180816232039&money=2.00&order_id=c43e62dc5da04a249c40f178d2c51b11&pay_channel=01&pay_status=success&pay_time=20180817112121&return_code=SUCCESS&return_msg=支付成功&trade_no=2018081711203910279293041fbcf2d407ed45b1937ee12de4f5323c
2018-08-16 23:35:05 mysign=db31b8047b909ee2e9f2f1ea151a2568
2018-08-16 23:35:05 签名不正确！
2018-08-16 23:35:08 request方法
2018-08-16 23:35:08 plat_order_no=
2018-08-16 23:35:08 sign=41c93d9a40910486814afe74276b23b7
2018-08-16 23:35:08 return_msg=支付成功
2018-08-16 23:35:08 pay_time=20180817112121
2018-08-16 23:35:08 pay_status=success
2018-08-16 23:35:08 money=2.00
2018-08-16 23:35:08 cust_no=gl00032739
2018-08-16 23:35:08 trade_no=201808171120391027929304
2018-08-16 23:35:08 pay_channel=01
2018-08-16 23:35:08 attach=null
2018-08-16 23:35:08 order_id=c43e62dc5da04a249c40f178d2c51b11
2018-08-16 23:35:08 return_code=SUCCESS
2018-08-16 23:35:08 mch_order_no=99556720180816232039
2018-08-16 23:35:08 post方法
2018-08-16 23:35:08 plat_order_no=
2018-08-16 23:35:08 sign=41c93d9a40910486814afe74276b23b7
2018-08-16 23:35:08 return_msg=支付成功
2018-08-16 23:35:08 pay_time=20180817112121
2018-08-16 23:35:08 pay_status=success
2018-08-16 23:35:08 money=2.00
2018-08-16 23:35:08 cust_no=gl00032739
2018-08-16 23:35:08 trade_no=201808171120391027929304
2018-08-16 23:35:08 pay_channel=01
2018-08-16 23:35:08 attach=null
2018-08-16 23:35:08 order_id=c43e62dc5da04a249c40f178d2c51b11
2018-08-16 23:35:08 return_code=SUCCESS
2018-08-16 23:35:08 mch_order_no=99556720180816232039
2018-08-16 23:35:08 input方法
2018-08-16 23:35:08 plat_order_no=&sign=41c93d9a40910486814afe74276b23b7&return_msg=%E6%94%AF%E4%BB%98%E6%88%90%E5%8A%9F&pay_time=20180817112121&pay_status=success&money=2.00&cust_no=gl00032739&trade_no=201808171120391027929304&pay_channel=01&attach=null&order_id=c43e62dc5da04a249c40f178d2c51b11&return_code=SUCCESS&mch_order_no=99556720180816232039
2018-08-16 23:35:08 plat_order_no=
2018-08-16 23:35:08 sign=41c93d9a40910486814afe74276b23b7
2018-08-16 23:35:08 return_msg=支付成功
2018-08-16 23:35:08 pay_time=20180817112121
2018-08-16 23:35:08 pay_status=success
2018-08-16 23:35:08 money=2.00
2018-08-16 23:35:08 cust_no=gl00032739
2018-08-16 23:35:08 trade_no=201808171120391027929304
2018-08-16 23:35:08 pay_channel=01
2018-08-16 23:35:08 attach=null
2018-08-16 23:35:08 order_id=c43e62dc5da04a249c40f178d2c51b11
2018-08-16 23:35:08 return_code=SUCCESS
2018-08-16 23:35:08 mch_order_no=99556720180816232039
2018-08-16 23:35:08 signtext=attach=null&cust_no=gl00032739&mch_order_no=99556720180816232039&money=2.00&order_id=c43e62dc5da04a249c40f178d2c51b11&pay_channel=01&pay_status=success&pay_time=20180817112121&return_code=SUCCESS&return_msg=支付成功&trade_no=2018081711203910279293041fbcf2d407ed45b1937ee12de4f5323c
2018-08-16 23:35:08 mysign=db31b8047b909ee2e9f2f1ea151a2568
2018-08-16 23:35:08 签名不正确！
