2018-10-11 06:43:14 request方法
2018-10-11 06:43:14 trx_key=ixuknvjonbiq8a4tmtmacn5ybyh6qnf3
2018-10-11 06:43:14 ord_amount=10.00
2018-10-11 06:43:14 request_id=43309320181011063654
2018-10-11 06:43:14 trx_status=2
2018-10-11 06:43:14 product_type=20303
2018-10-11 06:43:14 request_time=20181011183656
2018-10-11 06:43:14 goods_name=pay
2018-10-11 06:43:14 trx_time=20181011183656
2018-10-11 06:43:14 pay_request_id=T6201810111836561768001
2018-10-11 06:43:14 remark=
2018-10-11 06:43:14 sign=82676A236726AA03A973655DA5196F86
2018-10-11 06:43:14 post方法
2018-10-11 06:43:14 input方法
2018-10-11 06:43:14 
2018-10-11 06:43:14 trx_key=ixuknvjonbiq8a4tmtmacn5ybyh6qnf3
2018-10-11 06:43:14 ord_amount=10.00
2018-10-11 06:43:14 request_id=43309320181011063654
2018-10-11 06:43:14 trx_status=2
2018-10-11 06:43:14 product_type=20303
2018-10-11 06:43:14 request_time=20181011183656
2018-10-11 06:43:14 goods_name=pay
2018-10-11 06:43:14 trx_time=20181011183656
2018-10-11 06:43:14 pay_request_id=T6201810111836561768001
2018-10-11 06:43:14 remark=
2018-10-11 06:43:14 sign=82676A236726AA03A973655DA5196F86
2018-10-11 06:43:14 signtext=goods_name=pay&ord_amount=10.00&pay_request_id=T6201810111836561768001&product_type=20303&request_id=43309320181011063654&request_time=20181011183656&trx_key=ixuknvjonbiq8a4tmtmacn5ybyh6qnf3&trx_status=2&trx_time=20181011183656&secret_key=093f456c6f4743bb92131053863cfcf9
2018-10-11 06:43:14 mysign=82676A236726AA03A973655DA5196F86
2018-10-11 06:43:14 SUCCESSat 1
