2018-08-08 04:43:01 request方法
2018-08-08 04:43:01 p1_MerId=1570
2018-08-08 04:43:01 r0_Cmd=Buy
2018-08-08 04:43:01 r1_Code=1
2018-08-08 04:43:01 r2_TrxId=201808081642199292
2018-08-08 04:43:01 r3_Amt=1.00
2018-08-08 04:43:01 r4_Cur=RMB
2018-08-08 04:43:01 r5_Pid=Pid
2018-08-08 04:43:01 r6_Order=61976320180808164219
2018-08-08 04:43:01 r7_Uid=
2018-08-08 04:43:01 r8_MP=MP
2018-08-08 04:43:01 r9_BType=2
2018-08-08 04:43:01 rp_PayDate=2018/8/8 16:43:01
2018-08-08 04:43:01 hmac=0d8e5456cec293807f8806bdad75d8aa
2018-08-08 04:43:01 post方法
2018-08-08 04:43:01 input方法
2018-08-08 04:43:01 
2018-08-08 04:43:01 p1_MerId=1570
2018-08-08 04:43:01 r0_Cmd=Buy
2018-08-08 04:43:01 r1_Code=1
2018-08-08 04:43:01 r2_TrxId=201808081642199292
2018-08-08 04:43:01 r3_Amt=1.00
2018-08-08 04:43:01 r4_Cur=RMB
2018-08-08 04:43:01 r5_Pid=Pid
2018-08-08 04:43:01 r6_Order=61976320180808164219
2018-08-08 04:43:01 r7_Uid=
2018-08-08 04:43:01 r8_MP=MP
2018-08-08 04:43:01 r9_BType=2
2018-08-08 04:43:01 rp_PayDate=2018/8/8 16:43:01
2018-08-08 04:43:01 hmac=0d8e5456cec293807f8806bdad75d8aa
2018-08-08 04:43:01 signtext=1570Buy12018080816421992921.00RMBPid61976320180808164219MP2
2018-08-08 04:43:01 mysign=0d8e5456cec293807f8806bdad75d8aa
2018-08-08 04:43:02 successat 1
2018-08-08 04:43:05 request方法
2018-08-08 04:43:05 p1_MerId=1570
2018-08-08 04:43:05 r0_Cmd=Buy
2018-08-08 04:43:05 r1_Code=1
2018-08-08 04:43:05 r2_TrxId=201808081642199292
2018-08-08 04:43:05 r3_Amt=1.00
2018-08-08 04:43:05 r4_Cur=RMB
2018-08-08 04:43:05 r5_Pid=Pid
2018-08-08 04:43:05 r6_Order=61976320180808164219
2018-08-08 04:43:05 r7_Uid=
2018-08-08 04:43:05 r8_MP=MP
2018-08-08 04:43:05 r9_BType=1
2018-08-08 04:43:05 rp_PayDate=2018/8/8 16:43:05
2018-08-08 04:43:05 hmac=bc63a0f3d2fb8b123e7e55016afc38ec
2018-08-08 04:43:05 post方法
2018-08-08 04:43:05 input方法
2018-08-08 04:43:05 
2018-08-08 04:43:05 p1_MerId=1570
2018-08-08 04:43:05 r0_Cmd=Buy
2018-08-08 04:43:05 r1_Code=1
2018-08-08 04:43:05 r2_TrxId=201808081642199292
2018-08-08 04:43:05 r3_Amt=1.00
2018-08-08 04:43:05 r4_Cur=RMB
2018-08-08 04:43:05 r5_Pid=Pid
2018-08-08 04:43:05 r6_Order=61976320180808164219
2018-08-08 04:43:05 r7_Uid=
2018-08-08 04:43:05 r8_MP=MP
2018-08-08 04:43:05 r9_BType=1
2018-08-08 04:43:05 rp_PayDate=2018/8/8 16:43:05
2018-08-08 04:43:05 hmac=bc63a0f3d2fb8b123e7e55016afc38ec
2018-08-08 04:43:05 signtext=1570Buy12018080816421992921.00RMBPid61976320180808164219MP1
2018-08-08 04:43:05 mysign=bc63a0f3d2fb8b123e7e55016afc38ec
2018-08-08 04:43:05 successat 0
2018-08-08 04:44:05 request方法
2018-08-08 04:44:05 post方法
2018-08-08 04:44:05 input方法
2018-08-08 04:44:05 
2018-08-08 04:44:05 request方法
2018-08-08 04:44:05 p1_MerId=1570
2018-08-08 04:44:05 r0_Cmd=Buy
2018-08-08 04:44:05 r1_Code=1
2018-08-08 04:44:05 r2_TrxId=201808081642199292
2018-08-08 04:44:05 r3_Amt=1.00
2018-08-08 04:44:05 r4_Cur=RMB
2018-08-08 04:44:05 非法提交参数
2018-08-08 04:44:05 r5_Pid=Pid
2018-08-08 04:44:05 r6_Order=61976320180808164219
2018-08-08 04:44:05 r7_Uid=
2018-08-08 04:44:05 r8_MP=MP
2018-08-08 04:44:05 r9_BType=1
2018-08-08 04:44:05 rp_PayDate=2018/8/8 16:44:05
2018-08-08 04:44:05 hmac=bc63a0f3d2fb8b123e7e55016afc38ec
2018-08-08 04:44:05 post方法
2018-08-08 04:44:05 input方法
2018-08-08 04:44:05 
2018-08-08 04:44:05 p1_MerId=1570
2018-08-08 04:44:05 r0_Cmd=Buy
2018-08-08 04:44:05 r1_Code=1
2018-08-08 04:44:05 r2_TrxId=201808081642199292
2018-08-08 04:44:05 r3_Amt=1.00
2018-08-08 04:44:05 r4_Cur=RMB
2018-08-08 04:44:05 r5_Pid=Pid
2018-08-08 04:44:05 r6_Order=61976320180808164219
2018-08-08 04:44:05 r7_Uid=
2018-08-08 04:44:05 r8_MP=MP
2018-08-08 04:44:05 r9_BType=1
2018-08-08 04:44:05 rp_PayDate=2018/8/8 16:44:05
2018-08-08 04:44:05 hmac=bc63a0f3d2fb8b123e7e55016afc38ec
2018-08-08 04:44:05 signtext=1570Buy12018080816421992921.00RMBPid61976320180808164219MP1
2018-08-08 04:44:05 mysign=bc63a0f3d2fb8b123e7e55016afc38ec
2018-08-08 04:44:05 successat 0
2018-08-08 04:44:06 request方法
2018-08-08 04:44:06 p1_MerId=1570
2018-08-08 04:44:06 r0_Cmd=Buy
2018-08-08 04:44:06 r1_Code=1
2018-08-08 04:44:06 r2_TrxId=201808081642199292
2018-08-08 04:44:06 r3_Amt=1.00
2018-08-08 04:44:06 r4_Cur=RMB
2018-08-08 04:44:06 r5_Pid=Pid
2018-08-08 04:44:06 r6_Order=61976320180808164219
2018-08-08 04:44:06 r7_Uid=
2018-08-08 04:44:06 r8_MP=MP
2018-08-08 04:44:06 r9_BType=1
2018-08-08 04:44:06 rp_PayDate=2018/8/8 16:44:06
2018-08-08 04:44:06 hmac=bc63a0f3d2fb8b123e7e55016afc38ec
2018-08-08 04:44:06 post方法
2018-08-08 04:44:06 input方法
2018-08-08 04:44:06 
2018-08-08 04:44:06 p1_MerId=1570
2018-08-08 04:44:06 r0_Cmd=Buy
2018-08-08 04:44:06 r1_Code=1
2018-08-08 04:44:06 r2_TrxId=201808081642199292
2018-08-08 04:44:06 r3_Amt=1.00
2018-08-08 04:44:06 r4_Cur=RMB
2018-08-08 04:44:06 r5_Pid=Pid
2018-08-08 04:44:06 r6_Order=61976320180808164219
2018-08-08 04:44:06 r7_Uid=
2018-08-08 04:44:06 r8_MP=MP
2018-08-08 04:44:06 r9_BType=1
2018-08-08 04:44:06 rp_PayDate=2018/8/8 16:44:06
2018-08-08 04:44:06 hmac=bc63a0f3d2fb8b123e7e55016afc38ec
2018-08-08 04:44:06 signtext=1570Buy12018080816421992921.00RMBPid61976320180808164219MP1
2018-08-08 04:44:06 mysign=bc63a0f3d2fb8b123e7e55016afc38ec
2018-08-08 04:44:06 successat 0
2018-08-08 04:44:07 request方法
2018-08-08 04:44:07 p1_MerId=1570
2018-08-08 04:44:07 r0_Cmd=Buy
2018-08-08 04:44:07 r1_Code=1
2018-08-08 04:44:07 r2_TrxId=201808081642199292
2018-08-08 04:44:07 r3_Amt=1.00
2018-08-08 04:44:07 r4_Cur=RMB
2018-08-08 04:44:07 r5_Pid=Pid
2018-08-08 04:44:07 r6_Order=61976320180808164219
2018-08-08 04:44:07 r7_Uid=
2018-08-08 04:44:07 r8_MP=MP
2018-08-08 04:44:07 r9_BType=1
2018-08-08 04:44:07 rp_PayDate=2018/8/8 16:44:06
2018-08-08 04:44:07 hmac=bc63a0f3d2fb8b123e7e55016afc38ec
2018-08-08 04:44:07 post方法
2018-08-08 04:44:07 input方法
2018-08-08 04:44:07 
2018-08-08 04:44:07 p1_MerId=1570
2018-08-08 04:44:07 r0_Cmd=Buy
2018-08-08 04:44:07 r1_Code=1
2018-08-08 04:44:07 r2_TrxId=201808081642199292
2018-08-08 04:44:07 r3_Amt=1.00
2018-08-08 04:44:07 r4_Cur=RMB
2018-08-08 04:44:07 r5_Pid=Pid
2018-08-08 04:44:07 r6_Order=61976320180808164219
2018-08-08 04:44:07 r7_Uid=
2018-08-08 04:44:07 r8_MP=MP
2018-08-08 04:44:07 r9_BType=1
2018-08-08 04:44:07 rp_PayDate=2018/8/8 16:44:06
2018-08-08 04:44:07 hmac=bc63a0f3d2fb8b123e7e55016afc38ec
2018-08-08 04:44:07 signtext=1570Buy12018080816421992921.00RMBPid61976320180808164219MP1
2018-08-08 04:44:07 mysign=bc63a0f3d2fb8b123e7e55016afc38ec
2018-08-08 04:44:07 successat 0
2018-08-08 04:44:08 request方法
2018-08-08 04:44:08 p1_MerId=1570
2018-08-08 04:44:08 r0_Cmd=Buy
2018-08-08 04:44:08 r1_Code=1
2018-08-08 04:44:08 r2_TrxId=201808081642199292
2018-08-08 04:44:08 r3_Amt=1.00
2018-08-08 04:44:08 r4_Cur=RMB
2018-08-08 04:44:08 r5_Pid=Pid
2018-08-08 04:44:08 r6_Order=61976320180808164219
2018-08-08 04:44:08 r7_Uid=
2018-08-08 04:44:08 r8_MP=MP
2018-08-08 04:44:08 r9_BType=1
2018-08-08 04:44:08 rp_PayDate=2018/8/816:43:05
2018-08-08 04:44:08 hmac=bc63a0f3d2fb8b123e7e55016afc38ec
2018-08-08 04:44:08 post方法
2018-08-08 04:44:08 input方法
2018-08-08 04:44:08 
2018-08-08 04:44:08 p1_MerId=1570
2018-08-08 04:44:08 r0_Cmd=Buy
2018-08-08 04:44:08 r1_Code=1
2018-08-08 04:44:08 r2_TrxId=201808081642199292
2018-08-08 04:44:08 r3_Amt=1.00
2018-08-08 04:44:08 r4_Cur=RMB
2018-08-08 04:44:08 r5_Pid=Pid
2018-08-08 04:44:08 r6_Order=61976320180808164219
2018-08-08 04:44:08 r7_Uid=
2018-08-08 04:44:08 r8_MP=MP
2018-08-08 04:44:08 r9_BType=1
2018-08-08 04:44:08 rp_PayDate=2018/8/816:43:05
2018-08-08 04:44:08 hmac=bc63a0f3d2fb8b123e7e55016afc38ec
2018-08-08 04:44:08 signtext=1570Buy12018080816421992921.00RMBPid61976320180808164219MP1
2018-08-08 04:44:08 mysign=bc63a0f3d2fb8b123e7e55016afc38ec
2018-08-08 04:44:08 successat 0
