2018-08-08 03:32:44 request方法
2018-08-08 03:32:44 p1_MerId=1570
2018-08-08 03:32:44 r0_Cmd=Buy
2018-08-08 03:32:44 r1_Code=1
2018-08-08 03:32:44 r2_TrxId=201808081532134803
2018-08-08 03:32:44 r3_Amt=1.00
2018-08-08 03:32:44 r4_Cur=RMB
2018-08-08 03:32:44 r5_Pid=Pid
2018-08-08 03:32:44 r6_Order=26766520180808153210
2018-08-08 03:32:44 r7_Uid=
2018-08-08 03:32:44 r8_MP=MP
2018-08-08 03:32:44 r9_BType=2
2018-08-08 03:32:44 rp_PayDate=2018/8/8 15:32:44
2018-08-08 03:32:44 hmac=2fa2f36193d034bbedab10cd14e62ded
2018-08-08 03:32:44 post方法
2018-08-08 03:32:44 input方法
2018-08-08 03:32:44 
2018-08-08 03:32:44 p1_MerId=1570
2018-08-08 03:32:44 r0_Cmd=Buy
2018-08-08 03:32:44 r1_Code=1
2018-08-08 03:32:44 r2_TrxId=201808081532134803
2018-08-08 03:32:44 r3_Amt=1.00
2018-08-08 03:32:44 r4_Cur=RMB
2018-08-08 03:32:44 r5_Pid=Pid
2018-08-08 03:32:44 r6_Order=26766520180808153210
2018-08-08 03:32:44 r7_Uid=
2018-08-08 03:32:44 r8_MP=MP
2018-08-08 03:32:44 r9_BType=2
2018-08-08 03:32:44 rp_PayDate=2018/8/8 15:32:44
2018-08-08 03:32:44 hmac=2fa2f36193d034bbedab10cd14e62ded
2018-08-08 03:32:44 signtext=1570Buy12018080815321348031.00RMBPid26766520180808153210MP2
2018-08-08 03:32:44 mysign=2fa2f36193d034bbedab10cd14e62ded
2018-08-08 03:32:44 successat 1
