2018-09-11 22:56:23 notify
2018-09-11 22:56:23 非法提交参数
2018-09-11 22:56:23 notify
2018-09-11 22:56:23 非法提交参数
2018-09-11 22:56:25 return
2018-09-11 22:56:25 m_order_code=88991520180912105537
2018-09-11 22:56:25 signtext=m_order_code=88991520180912105537G3LC7qPhy8KE4LzdVFE91IlOnjxf0nq7
2018-09-11 22:56:25 mysign=A48E9B3715D3820D050D3D264EC76D07
2018-09-11 22:57:25 return
2018-09-11 23:00:52 notify
2018-09-11 23:00:52 input方法
2018-09-11 23:00:52 {"order_status":2,"order_status_msg":"\u652f\u4ed8\u6210\u529f","sys_order_code":"2018091210553726924203","m_order_code":"88991520180912105537","total_fee":"1.00","fact_total_fee":"1.00","pay_time":"1536720983","passback_params":"","sign":"AE812E7BA5FA723CE9F9D222B18D278C"}
2018-09-11 23:00:52 order_status=2
2018-09-11 23:00:52 order_status_msg=支付成功
2018-09-11 23:00:52 sys_order_code=2018091210553726924203
2018-09-11 23:00:52 m_order_code=88991520180912105537
2018-09-11 23:00:52 total_fee=1.00
2018-09-11 23:00:52 fact_total_fee=1.00
2018-09-11 23:00:52 pay_time=1536720983
2018-09-11 23:00:52 passback_params=
2018-09-11 23:00:52 sign=AE812E7BA5FA723CE9F9D222B18D278C
2018-09-11 23:00:52 signtext=fact_total_fee=1.00&m_order_code=88991520180912105537&order_status=2&order_status_msg=支付成功&pay_time=1536720983&sys_order_code=2018091210553726924203&total_fee=1.00G3LC7qPhy8KE4LzdVFE91IlOnjxf0nq7
2018-09-11 23:00:52 mysign=AE812E7BA5FA723CE9F9D222B18D278C
2018-09-11 23:00:52 successat 1
