2018-08-03 05:18:25 amount=10.00
2018-08-03 05:18:25 app_id=Py0U5w1rgPfd1Vo4BX3lWTf0nJz0i1lk
2018-08-03 05:18:25 nonce_str=nc2UJTCJP89PxojDAlS0k3WHU5Fclb0L
2018-08-03 05:18:25 notify_count=1
2018-08-03 05:18:25 order_sn=97623920180803051723
2018-08-03 05:18:25 payment_sn=20180803200040011100900036339829
2018-08-03 05:18:25 sign=b6a24839ae93bc72b207e0a471346dc0
2018-08-03 05:18:25 signtext=amount=10.00&app_id=Py0U5w1rgPfd1Vo4BX3lWTf0nJz0i1lk&nonce_str=nc2UJTCJP89PxojDAlS0k3WHU5Fclb0L&notify_count=1&order_sn=97623920180803051723&payment_sn=20180803200040011100900036339829&app_key=U30CHDt4ss41NxmVYVRmBAJQ6oiVjHTy
2018-08-03 05:18:25 mysign=b6a24839ae93bc72b207e0a471346dc0
2018-08-03 05:18:25 successat 1
2018-08-03 05:18:26 amount=10.00
2018-08-03 05:18:26 app_id=Py0U5w1rgPfd1Vo4BX3lWTf0nJz0i1lk
2018-08-03 05:18:26 nonce_str=T0VautpFy1mUTfygI9TujmNqSTLwlFhm
2018-08-03 05:18:26 notify_count=2
2018-08-03 05:18:26 order_sn=97623920180803051723
2018-08-03 05:18:26 payment_sn=20180803200040011100900036339829
2018-08-03 05:18:26 sign=54271ba5b28567a8d2140234cd777067
2018-08-03 05:18:26 signtext=amount=10.00&app_id=Py0U5w1rgPfd1Vo4BX3lWTf0nJz0i1lk&nonce_str=T0VautpFy1mUTfygI9TujmNqSTLwlFhm&notify_count=2&order_sn=97623920180803051723&payment_sn=20180803200040011100900036339829&app_key=U30CHDt4ss41NxmVYVRmBAJQ6oiVjHTy
2018-08-03 05:18:26 mysign=54271ba5b28567a8d2140234cd777067
2018-08-03 05:18:26 successat 0
2018-08-03 05:18:35 amount=10.00
2018-08-03 05:18:35 app_id=Py0U5w1rgPfd1Vo4BX3lWTf0nJz0i1lk
2018-08-03 05:18:35 nonce_str=LjqfcIDilGV05pAY7e1zIhZryrLQiiog
2018-08-03 05:18:35 notify_count=1
2018-08-03 05:18:35 order_sn=97623920180803051723
2018-08-03 05:18:35 payment_sn=20180803200040011100900036339829
2018-08-03 05:18:35 sign=54c346b42746615079809ef038fb7235
2018-08-03 05:18:35 signtext=amount=10.00&app_id=Py0U5w1rgPfd1Vo4BX3lWTf0nJz0i1lk&nonce_str=LjqfcIDilGV05pAY7e1zIhZryrLQiiog&notify_count=1&order_sn=97623920180803051723&payment_sn=20180803200040011100900036339829&app_key=U30CHDt4ss41NxmVYVRmBAJQ6oiVjHTy
2018-08-03 05:18:35 mysign=54c346b42746615079809ef038fb7235
2018-08-03 05:18:35 successat 0
