2018-10-15 23:33:41 notify
2018-10-15 23:33:41 memberid=10006
2018-10-15 23:33:41 orderid=87393620181015233101
2018-10-15 23:33:41 transaction_id=20181016113101539856
2018-10-15 23:33:41 amount=1.0000
2018-10-15 23:33:41 datetime=20181016113340
2018-10-15 23:33:41 returncode=00
2018-10-15 23:33:41 sign=A9686D9CC94D3C895DBC90A3A9DC5F1F
2018-10-15 23:33:41 attach=
2018-10-15 23:33:41 signtext=amount=1.0000&datetime=20181016113340&memberid=10006&orderid=87393620181015233101&returncode=00&transaction_id=20181016113101539856&key=oumfz29ptxv9oz975yps58ggt6srotpj
2018-10-15 23:33:41 mysign=A9686D9CC94D3C895DBC90A3A9DC5F1F
2018-10-15 23:33:41 okat 1
2018-10-15 23:33:41 notify
2018-10-15 23:33:41 memberid=10006
2018-10-15 23:33:41 orderid=87393620181015233101
2018-10-15 23:33:41 transaction_id=20181016113101539856
2018-10-15 23:33:41 amount=1.0000
2018-10-15 23:33:41 datetime=20181016113341
2018-10-15 23:33:41 returncode=00
2018-10-15 23:33:41 sign=6105B80D515C7B0F3390585669D71F15
2018-10-15 23:33:41 attach=
2018-10-15 23:33:41 signtext=amount=1.0000&datetime=20181016113341&memberid=10006&orderid=87393620181015233101&returncode=00&transaction_id=20181016113101539856&key=oumfz29ptxv9oz975yps58ggt6srotpj
2018-10-15 23:33:41 mysign=6105B80D515C7B0F3390585669D71F15
2018-10-15 23:33:41 okat 0
2018-10-15 23:33:45 return:memberid=10006
2018-10-15 23:33:45 return:orderid=87393620181015233101
2018-10-15 23:33:45 return:transaction_id=20181016113101539856
2018-10-15 23:33:45 return:amount=1.0000
2018-10-15 23:33:45 return:datetime=20181016113345
2018-10-15 23:33:45 return:returncode=00
2018-10-15 23:33:45 return:sign=4E5780C44105E4162099CDEBB514460C
2018-10-15 23:33:45 return:attach=
2018-10-15 23:33:45 signtext=amount=1.0000&datetime=20181016113345&memberid=10006&orderid=87393620181015233101&returncode=00&transaction_id=20181016113101539856&key=oumfz29ptxv9oz975yps58ggt6srotpj
2018-10-15 23:33:45 mysign=4E5780C44105E4162099CDEBB514460C
