2018-08-13 00:15:43 notify
2018-08-13 00:15:43 amount=1000
2018-08-13 00:15:43 clientIp=202.131.86.252
2018-08-13 00:15:43 createTime=20180813121528
2018-08-13 00:15:43 description=null
2018-08-13 00:15:43 extra=null
2018-08-13 00:15:43 nonceStr=f179ea19dfb947c3b66bbac4128b1c4a
2018-08-13 00:15:43 notifyTime=20180813121528
2018-08-13 00:15:43 notifyType=AUTO
2018-08-13 00:15:43 orderNo=3229802607708160
2018-08-13 00:15:43 orderStatus=3
2018-08-13 00:15:43 outOrderNo=82505220180812232819
2018-08-13 00:15:43 payTime=20180813112826
2018-08-13 00:15:43 sign=6C364976C2864C58A633F68E241A6424
2018-08-13 00:15:43 startTime=20180812232819
2018-08-13 00:15:43 signtext=amount=1000&clientIp=202.131.86.252&createTime=20180813121528&nonceStr=f179ea19dfb947c3b66bbac4128b1c4a&notifyTime=20180813121528&notifyType=AUTO&orderNo=3229802607708160&orderStatus=3&outOrderNo=82505220180812232819&payTime=20180813112826&startTime=20180812232819&key=4d56b59cc3b447cb850b1b59513abf77
2018-08-13 00:15:43 mysign=6C364976C2864C58A633F68E241A6424
2018-08-13 00:15:43 交易失败
2018-08-13 00:18:42 notify
2018-08-13 00:18:42 amount=1000
2018-08-13 00:18:42 clientIp=202.131.86.252
2018-08-13 00:18:42 createTime=20180813121827
2018-08-13 00:18:42 description=null
2018-08-13 00:18:42 extra=null
2018-08-13 00:18:42 nonceStr=a33bca44b58440f3b226e76c5654e6d0
2018-08-13 00:18:42 notifyTime=20180813121827
2018-08-13 00:18:42 notifyType=AUTO
2018-08-13 00:18:42 orderNo=3229899532371968
2018-08-13 00:18:42 orderStatus=1
2018-08-13 00:18:42 outOrderNo=67622920180813001737
2018-08-13 00:18:42 payTime=20180813121827
2018-08-13 00:18:42 sign=6983294E8CEDDE606227833212B0D222
2018-08-13 00:18:42 startTime=20180813001737
2018-08-13 00:18:42 signtext=amount=1000&clientIp=202.131.86.252&createTime=20180813121827&nonceStr=a33bca44b58440f3b226e76c5654e6d0&notifyTime=20180813121827&notifyType=AUTO&orderNo=3229899532371968&orderStatus=1&outOrderNo=67622920180813001737&payTime=20180813121827&startTime=20180813001737&key=4d56b59cc3b447cb850b1b59513abf77
2018-08-13 00:18:42 mysign=6983294E8CEDDE606227833212B0D222
2018-08-13 00:18:42 SUCCESSat 1
2018-08-13 01:44:41 notify
2018-08-13 01:44:41 amount=1000
2018-08-13 01:44:41 clientIp=202.131.86.252
2018-08-13 01:44:41 createTime=20180813134426
2018-08-13 01:44:41 description=null
2018-08-13 01:44:41 extra=null
2018-08-13 01:44:41 nonceStr=be77d2dec7c8413086e90be18f012981
2018-08-13 01:44:41 notifyTime=20180813134426
2018-08-13 01:44:41 notifyType=AUTO
2018-08-13 01:44:41 orderNo=3230069055653888
2018-08-13 01:44:41 orderStatus=1
2018-08-13 01:44:41 outOrderNo=68175420180813014351
2018-08-13 01:44:41 payTime=20180813134402
2018-08-13 01:44:41 sign=35388CA3C323282EFD2F90A92158AC53
2018-08-13 01:44:41 startTime=20180813014351
2018-08-13 01:44:41 signtext=amount=1000&clientIp=202.131.86.252&createTime=20180813134426&nonceStr=be77d2dec7c8413086e90be18f012981&notifyTime=20180813134426&notifyType=AUTO&orderNo=3230069055653888&orderStatus=1&outOrderNo=68175420180813014351&payTime=20180813134402&startTime=20180813014351&key=4d56b59cc3b447cb850b1b59513abf77
2018-08-13 01:44:41 mysign=35388CA3C323282EFD2F90A92158AC53
2018-08-13 01:44:41 SUCCESSat 1
