2018-09-01 04:29:46 notify
2018-09-01 04:29:46 memberid=10068
2018-09-01 04:29:46 orderid=78274620180901162852
2018-09-01 04:29:46 transaction_id=20180901162852529855
2018-09-01 04:29:46 amount=10.0000
2018-09-01 04:29:46 datetime=20180901162946
2018-09-01 04:29:46 returncode=00
2018-09-01 04:29:46 sign=471E27D8C7AFE401FBFE1D7A9DC337B5
2018-09-01 04:29:46 attach=
2018-09-01 04:29:46 signtext=amount=10.0000&datetime=20180901162946&memberid=10068&orderid=78274620180901162852&returncode=00&transaction_id=20180901162852529855&key=zfymaktoley6pvi33ypiwggwkxeuq3lq
2018-09-01 04:29:46 mysign=471E27D8C7AFE401FBFE1D7A9DC337B5
2018-09-01 04:29:46 OKat 1
2018-09-01 04:29:56 notify
2018-09-01 04:29:56 memberid=10068
2018-09-01 04:29:56 orderid=78274620180901162852
2018-09-01 04:29:56 transaction_id=20180901162852529855
2018-09-01 04:29:56 amount=10.0000
2018-09-01 04:29:56 datetime=20180901162956
2018-09-01 04:29:56 returncode=00
2018-09-01 04:29:56 sign=947519D0BC2CC0A2F1130CE662637067
2018-09-01 04:29:56 attach=
2018-09-01 04:29:56 signtext=amount=10.0000&datetime=20180901162956&memberid=10068&orderid=78274620180901162852&returncode=00&transaction_id=20180901162852529855&key=zfymaktoley6pvi33ypiwggwkxeuq3lq
2018-09-01 04:29:56 mysign=947519D0BC2CC0A2F1130CE662637067
2018-09-01 04:29:56 OKat 0
2018-09-01 04:30:07 notify
2018-09-01 04:30:07 memberid=10068
2018-09-01 04:30:07 orderid=78274620180901162852
2018-09-01 04:30:07 transaction_id=20180901162852529855
2018-09-01 04:30:07 amount=10.0000
2018-09-01 04:30:07 datetime=20180901163006
2018-09-01 04:30:07 returncode=00
2018-09-01 04:30:07 sign=AA5D00AEBFEAC5A4F0D42A9D5F8510C9
2018-09-01 04:30:07 attach=
2018-09-01 04:30:07 signtext=amount=10.0000&datetime=20180901163006&memberid=10068&orderid=78274620180901162852&returncode=00&transaction_id=20180901162852529855&key=zfymaktoley6pvi33ypiwggwkxeuq3lq
2018-09-01 04:30:07 mysign=AA5D00AEBFEAC5A4F0D42A9D5F8510C9
2018-09-01 04:30:07 OKat 0
2018-09-01 04:30:17 notify
2018-09-01 04:30:17 memberid=10068
2018-09-01 04:30:17 orderid=78274620180901162852
2018-09-01 04:30:17 transaction_id=20180901162852529855
2018-09-01 04:30:17 amount=10.0000
2018-09-01 04:30:17 datetime=20180901163017
2018-09-01 04:30:17 returncode=00
2018-09-01 04:30:17 sign=F889E3F37B34C7810BC62137C855507B
2018-09-01 04:30:17 attach=
2018-09-01 04:30:17 signtext=amount=10.0000&datetime=20180901163017&memberid=10068&orderid=78274620180901162852&returncode=00&transaction_id=20180901162852529855&key=zfymaktoley6pvi33ypiwggwkxeuq3lq
2018-09-01 04:30:17 mysign=F889E3F37B34C7810BC62137C855507B
2018-09-01 04:30:17 OKat 0
2018-09-01 04:30:27 notify
2018-09-01 04:30:27 memberid=10068
2018-09-01 04:30:27 orderid=78274620180901162852
2018-09-01 04:30:27 transaction_id=20180901162852529855
2018-09-01 04:30:27 amount=10.0000
2018-09-01 04:30:27 datetime=20180901163027
2018-09-01 04:30:27 returncode=00
2018-09-01 04:30:27 sign=A1F41D2987EB8BF0A637D4CFF79E59F1
2018-09-01 04:30:27 attach=
2018-09-01 04:30:27 signtext=amount=10.0000&datetime=20180901163027&memberid=10068&orderid=78274620180901162852&returncode=00&transaction_id=20180901162852529855&key=zfymaktoley6pvi33ypiwggwkxeuq3lq
2018-09-01 04:30:27 mysign=A1F41D2987EB8BF0A637D4CFF79E59F1
2018-09-01 04:30:27 OKat 0
