2018-07-26 02:47:52 notify
2018-07-26 02:47:52 request方法
2018-07-26 02:47:52 orderid=18361320180726144715
2018-07-26 02:47:52 opstate=0
2018-07-26 02:47:52 ovalue=1.00
2018-07-26 02:47:52 sysorderid=c857a1c906c13140
2018-07-26 02:47:52 systime=2018/07/26 14:47:52
2018-07-26 02:47:52 attach=
2018-07-26 02:47:52 msg=0
2018-07-26 02:47:52 sign=c8b9187d8ad4ac7b4f9db73f374c3f6c
2018-07-26 02:47:52 post方法
2018-07-26 02:47:52 input方法
2018-07-26 02:47:52 
2018-07-26 02:47:52 orderid=18361320180726144715
2018-07-26 02:47:52 opstate=0
2018-07-26 02:47:52 ovalue=1.00
2018-07-26 02:47:52 sysorderid=c857a1c906c13140
2018-07-26 02:47:52 systime=2018/07/26 14:47:52
2018-07-26 02:47:52 attach=
2018-07-26 02:47:52 msg=0
2018-07-26 02:47:52 sign=c8b9187d8ad4ac7b4f9db73f374c3f6c
2018-07-26 02:47:52 signtext=orderid=18361320180726144715&opstate=0&ovalue=1.0051f1c2e6b168482cb1441b261585cacc
2018-07-26 02:47:52 mysign=c8b9187d8ad4ac7b4f9db73f374c3f6c
2018-07-26 02:47:52 opstate=0at 1
2018-07-26 02:49:01 notify
2018-07-26 02:49:01 request方法
2018-07-26 02:49:01 orderid=18361320180726144715
2018-07-26 02:49:01 opstate=0
2018-07-26 02:49:01 ovalue=1.00
2018-07-26 02:49:01 sysorderid=c857a1c906c13140
2018-07-26 02:49:01 systime=2018/07/26 14:49:02
2018-07-26 02:49:01 attach=
2018-07-26 02:49:01 msg=0
2018-07-26 02:49:01 sign=c8b9187d8ad4ac7b4f9db73f374c3f6c
2018-07-26 02:49:01 post方法
2018-07-26 02:49:01 input方法
2018-07-26 02:49:01 
2018-07-26 02:49:01 orderid=18361320180726144715
2018-07-26 02:49:01 opstate=0
2018-07-26 02:49:01 ovalue=1.00
2018-07-26 02:49:01 sysorderid=c857a1c906c13140
2018-07-26 02:49:01 systime=2018/07/26 14:49:02
2018-07-26 02:49:01 attach=
2018-07-26 02:49:01 msg=0
2018-07-26 02:49:01 sign=c8b9187d8ad4ac7b4f9db73f374c3f6c
2018-07-26 02:49:01 signtext=orderid=18361320180726144715&opstate=0&ovalue=1.0051f1c2e6b168482cb1441b261585cacc
2018-07-26 02:49:01 mysign=c8b9187d8ad4ac7b4f9db73f374c3f6c
2018-07-26 02:49:01 opstate=0at 0
