2018-11-04 01:12:10 notify
2018-11-04 01:12:10 parter=666017
2018-11-04 01:12:10 sysorderid=1181104131120574286
2018-11-04 01:12:10 orderid=81198720181104011119
2018-11-04 01:12:10 restate=0
2018-11-04 01:12:10 ovalue=1
2018-11-04 01:12:10 sign=24b1a3b7e1973050064ccb6588c34cc3
2018-11-04 01:12:10 attach=
2018-11-04 01:12:10 signtext=orderid=81198720181104011119&restate=0&ovalue=181EE480FAC9D8B2B42D635608BD2A47F
2018-11-04 01:12:10 mysign=24b1a3b7e1973050064ccb6588c34cc3
2018-11-04 01:12:10 okat 1
2018-11-04 01:12:17 return:parter=666017
2018-11-04 01:12:17 return:sysorderid=1181104131120574286
2018-11-04 01:12:17 return:orderid=81198720181104011119
2018-11-04 01:12:17 return:restate=0
2018-11-04 01:12:17 return:ovalue=1
2018-11-04 01:12:17 return:sign=24b1a3b7e1973050064ccb6588c34cc3
2018-11-04 01:12:17 return:attach=
2018-11-04 01:12:17 signtext=orderid=81198720181104011119&restate=0&ovalue=181EE480FAC9D8B2B42D635608BD2A47F
2018-11-04 01:12:17 mysign=24b1a3b7e1973050064ccb6588c34cc3
