2018-08-05 02:15:06 notify
2018-08-05 02:15:06 amount=1.00
2018-08-05 02:15:06 merchName=µ±µ±∏∂≤‚ ‘’À∫≈
2018-08-05 02:15:06 merchno=654220147330001
2018-08-05 02:15:06 orderno=82180805100002081537
2018-08-05 02:15:06 payType=2
2018-08-05 02:15:06 signature=282E444BC4C8F3410836B5F3CDCF6314
2018-08-05 02:15:06 status=1
2018-08-05 02:15:06 traceno=42791520180805140714
2018-08-05 02:15:06 transDate=2018-08-05
2018-08-05 02:15:06 transTime=14:07:15
2018-08-05 02:15:06 signtext=amount=1.00&merchName=µ±µ±∏∂≤‚ ‘’À∫≈&merchno=654220147330001&orderno=82180805100002081537&payType=2&status=1&traceno=42791520180805140714&transDate=2018-08-05&transTime=14:07:15&5816ADD8E622935A82868970D52FD2FC
2018-08-05 02:15:06 mysign=282E444BC4C8F3410836B5F3CDCF6314
2018-08-05 02:15:06 successat 1
2018-08-05 02:16:59 notify
2018-08-05 02:16:59 amount=1.00
2018-08-05 02:16:59 merchName=µ±µ±∏∂≤‚ ‘’À∫≈
2018-08-05 02:16:59 merchno=654220147330001
2018-08-05 02:16:59 orderno=82180805100002081891
2018-08-05 02:16:59 payType=2
2018-08-05 02:16:59 signature=22AD49762929E56DCD5436C39FB6E132
2018-08-05 02:16:59 status=1
2018-08-05 02:16:59 traceno=25123920180805141635
2018-08-05 02:16:59 transDate=2018-08-05
2018-08-05 02:16:59 transTime=14:16:35
2018-08-05 02:16:59 signtext=amount=1.00&merchName=µ±µ±∏∂≤‚ ‘’À∫≈&merchno=654220147330001&orderno=82180805100002081891&payType=2&status=1&traceno=25123920180805141635&transDate=2018-08-05&transTime=14:16:35&5816ADD8E622935A82868970D52FD2FC
2018-08-05 02:16:59 mysign=22AD49762929E56DCD5436C39FB6E132
2018-08-05 02:16:59 successat 1
