2018-10-11 11:07:26 notify
2018-10-11 11:07:26 amount=10.00
2018-10-11 11:07:26 channelOrderno=null
2018-10-11 11:07:26 merchno=654210353000002
2018-10-11 11:07:26 orderno=83181011100000053951
2018-10-11 11:07:26 signature=2694095F2167E9F49B3A41EA241A4834
2018-10-11 11:07:26 status=2
2018-10-11 11:07:26 traceno=37898220181011225118
2018-10-11 11:07:26 signtext=amount=10.00&merchno=654210353000002&orderno=83181011100000053951&status=2&traceno=37898220181011225118&50A74CC092446ECB95593665AB975044
2018-10-11 11:07:26 mysign=2694095F2167E9F49B3A41EA241A4834
2018-10-11 11:07:26 successat 1
2018-10-11 11:21:51 notify
2018-10-11 11:21:51 amount=10.00
2018-10-11 11:21:51 channelOrderno=null
2018-10-11 11:21:51 merchno=654210353000002
2018-10-11 11:21:51 orderno=83181011100000053976
2018-10-11 11:21:51 signature=4C5481F06C9C0B1BA483D57CB8DDEA25
2018-10-11 11:21:51 status=2
2018-10-11 11:21:51 traceno=28968920181011232122
2018-10-11 11:21:51 signtext=amount=10.00&merchno=654210353000002&orderno=83181011100000053976&status=2&traceno=28968920181011232122&50A74CC092446ECB95593665AB975044
2018-10-11 11:21:51 mysign=4C5481F06C9C0B1BA483D57CB8DDEA25
2018-10-11 11:21:51 successat 1
