2018-09-13 02:58:17 notify
2018-09-13 02:58:17 request方法
2018-09-13 02:58:17 successAmt=1000
2018-09-13 02:58:17 merchantCode=M880124
2018-09-13 02:58:17 amount=1000
2018-09-13 02:58:17 orderNo=67728520180913124724
2018-09-13 02:58:17 payOrderNo=1121029
2018-09-13 02:58:17 extraReturnParam=
2018-09-13 02:58:17 sign=XQ0GfjL6m3579uqfUuwkuFn/Ob/sASuiy2NR6Lg8gDXp//mXJD/DgxJq06Ni88mmYPikMZ2HNLW5rU2NIkCmCavzyUkY6t4fNJxMwU1v1hqoP/oKpgPfDrIkiU6ldlNJ1Z19YSra9LVU5ttovyaHhdN+9gmAxDCAajWRc2s5X5k=
2018-09-13 02:58:17 orderStatus=Success
2018-09-13 02:58:17 signType=RSA
2018-09-13 02:58:17 post方法
2018-09-13 02:58:17 successAmt=1000
2018-09-13 02:58:17 merchantCode=M880124
2018-09-13 02:58:17 amount=1000
2018-09-13 02:58:17 orderNo=67728520180913124724
2018-09-13 02:58:17 payOrderNo=1121029
2018-09-13 02:58:17 extraReturnParam=
2018-09-13 02:58:17 sign=XQ0GfjL6m3579uqfUuwkuFn/Ob/sASuiy2NR6Lg8gDXp//mXJD/DgxJq06Ni88mmYPikMZ2HNLW5rU2NIkCmCavzyUkY6t4fNJxMwU1v1hqoP/oKpgPfDrIkiU6ldlNJ1Z19YSra9LVU5ttovyaHhdN+9gmAxDCAajWRc2s5X5k=
2018-09-13 02:58:17 orderStatus=Success
2018-09-13 02:58:17 signType=RSA
2018-09-13 02:58:17 input方法
2018-09-13 02:58:17 successAmt=1000&merchantCode=M880124&amount=1000&orderNo=67728520180913124724&payOrderNo=1121029&extraReturnParam=&sign=XQ0GfjL6m3579uqfUuwkuFn%2FOb%2FsASuiy2NR6Lg8gDXp%2F%2FmXJD%2FDgxJq06Ni88mmYPikMZ2HNLW5rU2NIkCmCavzyUkY6t4fNJxMwU1v1hqoP%2FoKpgPfDrIkiU6ldlNJ1Z19YSra9LVU5ttovyaHhdN%2B9gmAxDCAajWRc2s5X5k%3D&orderStatus=Success&signType=RSA
2018-09-13 02:58:17 successAmt=1000
2018-09-13 02:58:17 merchantCode=M880124
2018-09-13 02:58:17 amount=1000
2018-09-13 02:58:17 orderNo=67728520180913124724
2018-09-13 02:58:17 payOrderNo=1121029
2018-09-13 02:58:17 extraReturnParam=
2018-09-13 02:58:17 sign=XQ0GfjL6m3579uqfUuwkuFn/Ob/sASuiy2NR6Lg8gDXp//mXJD/DgxJq06Ni88mmYPikMZ2HNLW5rU2NIkCmCavzyUkY6t4fNJxMwU1v1hqoP/oKpgPfDrIkiU6ldlNJ1Z19YSra9LVU5ttovyaHhdN+9gmAxDCAajWRc2s5X5k=
2018-09-13 02:58:17 orderStatus=Success
2018-09-13 02:58:17 signType=RSA
2018-09-13 02:58:17 signtext = merchantCode=M880124&orderNo=67728520180913124724&amount=1000&successAmt=1000&payOrderNo=1121029&orderStatus=Success
2018-09-13 02:58:17 decrypted=
2018-09-13 02:58:17 签名不正确！
