2018-07-14 08:12:25 request方法
2018-07-14 08:12:25 post方法
2018-07-14 08:12:25 input方法
2018-07-14 08:12:25 eyJvcGF5X3N0YXR1cyI6IjAiLCJvcmRlcl90eXBlIjoiMjcwNCIsIm91dF90cmFkZV9ubyI6IjE2
NzcyODIwMTgwNzE0MjAxMTA0IiwicGF5X3N0YXR1cyI6IjEiLCJyZXR1cm5fY29kZSI6IlNVQ0NF
U1MiLCJyZXR1cm5fbXNnIjoib3JkZXJfbm90aWZ5Iiwic2VsbGVyX2lkIjoiNTYxNzEzMjE3Iiwi
c2lnbiI6Ims2eGRyVUhwT0ppbktQU3BoYklmTThzSG5wQUpwMHh5anhYZEVOTkFZYnJ4UFBtNzY5
WFgvTHZDdjVqVHVSaFhvL3g2d1d0b3I1SWRlWDhLTzhYbTJNL2JkT3ZoSGV3M0NieVlBaFVqNXk2
WUxOdlBrV2RvUC95WDRMYXAwWmVGbEJCVTRlZFV6ZURkb1QrZkM5OFpVY0xrcUJFd3lNM3NnbHFC
ZlVMUnBvZTV3NS82Rm9BK1JtNWs4eWt4MW94NmppRlU4Rkd3RjhNbVpsN2p2NmJRckpaSXdmbWxY
NDB4YVdYNmUybjZZdHRRZlpEUDJFM1l4bXE5YVRxbWJTNUJ3N3VSa2YxM0U2dkhTSVVxYUFvc2gz
YzhQcGxZZjZUNGRRR0FSd3N2WkVTTzhqeGdhYnpPVTk0bW9Sd3ZteU9VZGFvc1dCNzBrUkRBWU5W
Mi91cWtGdz09Iiwic3RhdGUiOiIwMCIsInRvdGFsX2ZlZSI6MTAwfQ==
2018-07-14 08:12:25 input方法
2018-07-14 08:12:25 eyJvcGF5X3N0YXR1cyI6IjAiLCJvcmRlcl90eXBlIjoiMjcwNCIsIm91dF90cmFkZV9ubyI6IjE2
NzcyODIwMTgwNzE0MjAxMTA0IiwicGF5X3N0YXR1cyI6IjEiLCJyZXR1cm5fY29kZSI6IlNVQ0NF
U1MiLCJyZXR1cm5fbXNnIjoib3JkZXJfbm90aWZ5Iiwic2VsbGVyX2lkIjoiNTYxNzEzMjE3Iiwi
c2lnbiI6Ims2eGRyVUhwT0ppbktQU3BoYklmTThzSG5wQUpwMHh5anhYZEVOTkFZYnJ4UFBtNzY5
WFgvTHZDdjVqVHVSaFhvL3g2d1d0b3I1SWRlWDhLTzhYbTJNL2JkT3ZoSGV3M0NieVlBaFVqNXk2
WUxOdlBrV2RvUC95WDRMYXAwWmVGbEJCVTRlZFV6ZURkb1QrZkM5OFpVY0xrcUJFd3lNM3NnbHFC
ZlVMUnBvZTV3NS82Rm9BK1JtNWs4eWt4MW94NmppRlU4Rkd3RjhNbVpsN2p2NmJRckpaSXdmbWxY
NDB4YVdYNmUybjZZdHRRZlpEUDJFM1l4bXE5YVRxbWJTNUJ3N3VSa2YxM0U2dkhTSVVxYUFvc2gz
YzhQcGxZZjZUNGRRR0FSd3N2WkVTTzhqeGdhYnpPVTk0bW9Sd3ZteU9VZGFvc1dCNzBrUkRBWU5W
Mi91cWtGdz09Iiwic3RhdGUiOiIwMCIsInRvdGFsX2ZlZSI6MTAwfQ==
2018-07-14 08:12:25 {"opay_status":"0","order_type":"2704","out_trade_no":"16772820180714201104","pay_status":"1","return_code":"SUCCESS","return_msg":"order_notify","seller_id":"561713217","sign":"k6xdrUHpOJinKPSphbIfM8sHnpAJp0xyjxXdENNAYbrxPPm769XX/LvCv5jTuRhXo/x6wWtor5IdeX8KO8Xm2M/bdOvhHew3CbyYAhUj5y6YLNvPkWdoP/yX4Lap0ZeFlBBU4edUzeDdoT+fC98ZUcLkqBEwyM3sglqBfULRpoe5w5/6FoA+Rm5k8ykx1ox6jiFU8FGwF8MmZl7jv6bQrJZIwfmlX40xaWX6e2n6YttQfZDP2E3Yxmq9aTqmbS5Bw7uRkf13E6vHSIUqaAosh3c8PplYf6T4dQGARwsvZESO8jxgabzOU94moRwvmyOUdaosWB70kRDAYNV2/uqkFw==","state":"00","total_fee":100}
2018-07-14 08:12:25 opay_status=0
2018-07-14 08:12:25 order_type=2704
2018-07-14 08:12:25 out_trade_no=16772820180714201104
2018-07-14 08:12:25 pay_status=1
2018-07-14 08:12:25 return_code=SUCCESS
2018-07-14 08:12:25 return_msg=order_notify
2018-07-14 08:12:25 seller_id=561713217
2018-07-14 08:12:25 sign=k6xdrUHpOJinKPSphbIfM8sHnpAJp0xyjxXdENNAYbrxPPm769XX/LvCv5jTuRhXo/x6wWtor5IdeX8KO8Xm2M/bdOvhHew3CbyYAhUj5y6YLNvPkWdoP/yX4Lap0ZeFlBBU4edUzeDdoT+fC98ZUcLkqBEwyM3sglqBfULRpoe5w5/6FoA+Rm5k8ykx1ox6jiFU8FGwF8MmZl7jv6bQrJZIwfmlX40xaWX6e2n6YttQfZDP2E3Yxmq9aTqmbS5Bw7uRkf13E6vHSIUqaAosh3c8PplYf6T4dQGARwsvZESO8jxgabzOU94moRwvmyOUdaosWB70kRDAYNV2/uqkFw==
2018-07-14 08:12:25 state=00
2018-07-14 08:12:25 total_fee=100
2018-07-14 08:12:25 signtext=opay_status=0&order_type=2704&out_trade_no=16772820180714201104&pay_status=1&return_code=SUCCESS&return_msg=order_notify&seller_id=561713217&state=00&total_fee=100
2018-07-14 08:12:25 mysign=1
2018-07-14 08:12:25 successat 1
