2018-06-27 03:45:55 request方法
2018-06-27 03:45:55 memberid=34584
2018-06-27 03:45:55 orderid=3933922018062715452334584
2018-06-27 03:45:55 amount=1.000
2018-06-27 03:45:55 datetime=2018-06-27 15:45:55
2018-06-27 03:45:55 returncode=00000
2018-06-27 03:45:55 sign=5C6D5AEB066F5F41D97DD251BE42B0BE
2018-06-27 03:45:55 pay_reserved1=
2018-06-27 03:45:55 post方法
2018-06-27 03:45:55 memberid=34584
2018-06-27 03:45:55 orderid=3933922018062715452334584
2018-06-27 03:45:55 amount=1.000
2018-06-27 03:45:55 datetime=2018-06-27 15:45:55
2018-06-27 03:45:55 returncode=00000
2018-06-27 03:45:55 sign=5C6D5AEB066F5F41D97DD251BE42B0BE
2018-06-27 03:45:55 pay_reserved1=
2018-06-27 03:45:55 input方法
2018-06-27 03:45:55 memberid=34584&orderid=3933922018062715452334584&amount=1.000&datetime=2018-06-27 15:45:55&returncode=00000&sign=5C6D5AEB066F5F41D97DD251BE42B0BE&pay_reserved1=
2018-06-27 03:45:55 memberid=34584
2018-06-27 03:45:55 orderid=3933922018062715452334584
2018-06-27 03:45:55 amount=1.000
2018-06-27 03:45:55 datetime=2018-06-27 15:45:55
2018-06-27 03:45:55 returncode=00000
2018-06-27 03:45:55 sign=5C6D5AEB066F5F41D97DD251BE42B0BE
2018-06-27 03:45:55 pay_reserved1=
2018-06-27 03:45:55 signtext=amount=1.000&datetime=2018-06-27 15:45:55&memberid=34584&orderid=3933922018062715452334584&returncode=00000&key=yLfP6keJp3XSYm8hDYLeQHWSzJcplt
2018-06-27 03:45:55 mysign=5C6D5AEB066F5F41D97DD251BE42B0BE
2018-06-27 03:45:55 successat 1
