2018-06-27 03:21:24 request方法
2018-06-27 03:21:24 memberid=34584
2018-06-27 03:21:24 orderid=1593522018062715210834584
2018-06-27 03:21:24 amount=1.000
2018-06-27 03:21:24 datetime=2018-06-27 15:21:24
2018-06-27 03:21:24 returncode=00000
2018-06-27 03:21:24 sign=BC44455F5132389B93F3F34FCA76C820
2018-06-27 03:21:24 pay_reserved1=
2018-06-27 03:21:24 post方法
2018-06-27 03:21:24 memberid=34584
2018-06-27 03:21:24 orderid=1593522018062715210834584
2018-06-27 03:21:24 amount=1.000
2018-06-27 03:21:24 datetime=2018-06-27 15:21:24
2018-06-27 03:21:24 returncode=00000
2018-06-27 03:21:24 sign=BC44455F5132389B93F3F34FCA76C820
2018-06-27 03:21:24 pay_reserved1=
2018-06-27 03:21:24 input方法
2018-06-27 03:21:24 memberid=34584&orderid=1593522018062715210834584&amount=1.000&datetime=2018-06-27 15:21:24&returncode=00000&sign=BC44455F5132389B93F3F34FCA76C820&pay_reserved1=
2018-06-27 03:21:24 memberid=34584
2018-06-27 03:21:24 orderid=1593522018062715210834584
2018-06-27 03:21:24 amount=1.000
2018-06-27 03:21:24 datetime=2018-06-27 15:21:24
2018-06-27 03:21:24 returncode=00000
2018-06-27 03:21:24 sign=BC44455F5132389B93F3F34FCA76C820
2018-06-27 03:21:24 pay_reserved1=
2018-06-27 03:21:24 signtext=amount=1.000&datetime=2018-06-27 15:21:24&memberid=34584&orderid=1593522018062715210834584&returncode=00000&key=yLfP6keJp3XSYm8hDYLeQHWSzJcplt
2018-06-27 03:21:24 mysign=BC44455F5132389B93F3F34FCA76C820
2018-06-27 03:21:24 successat 1
