2018-08-07 06:01:06 notify
2018-08-07 06:01:06 {"MerNo":"1122199857","Amount":"1.00","BillNo":"79003520180807180046","Succeed":88,"MD5info":"701EA19D45B6467903E8D534583F2D81","Result":"\u652f\u4ed8\u6210\u529f","MerRemark":""}
2018-08-07 06:01:06 MerNo=1122199857
2018-08-07 06:01:06 Amount=1.00
2018-08-07 06:01:06 BillNo=79003520180807180046
2018-08-07 06:01:06 Succeed=88
2018-08-07 06:01:06 MD5info=701EA19D45B6467903E8D534583F2D81
2018-08-07 06:01:06 Result=支付成功
2018-08-07 06:01:06 MerRemark=
2018-08-07 06:01:06 signtext=Amount=1.00&BillNo=79003520180807180046&MerNo=1122199857&Succeed=88&BFDF18731A99E6203C2D3139539315BB
2018-08-07 06:01:07 SUCCESS at 1
2018-08-07 06:01:07 notify
2018-08-07 06:01:07 {"MerNo":"1122199857","Amount":"1.00","BillNo":"79003520180807180046","Succeed":88,"MD5info":"701EA19D45B6467903E8D534583F2D81","Result":"\u652f\u4ed8\u6210\u529f","MerRemark":""}
2018-08-07 06:01:07 MerNo=1122199857
2018-08-07 06:01:07 Amount=1.00
2018-08-07 06:01:07 BillNo=79003520180807180046
2018-08-07 06:01:07 Succeed=88
2018-08-07 06:01:07 MD5info=701EA19D45B6467903E8D534583F2D81
2018-08-07 06:01:07 Result=支付成功
2018-08-07 06:01:07 MerRemark=
2018-08-07 06:01:07 signtext=Amount=1.00&BillNo=79003520180807180046&MerNo=1122199857&Succeed=88&BFDF18731A99E6203C2D3139539315BB
2018-08-07 06:01:07 SUCCESS at 0
2018-08-07 06:01:13 notify
2018-08-07 06:01:13 {"MerNo":"1122199857","Amount":"1.00","BillNo":"79003520180807180046","Succeed":88,"MD5info":"701EA19D45B6467903E8D534583F2D81","Result":"\u652f\u4ed8\u6210\u529f","MerRemark":""}
2018-08-07 06:01:13 MerNo=1122199857
2018-08-07 06:01:13 Amount=1.00
2018-08-07 06:01:13 BillNo=79003520180807180046
2018-08-07 06:01:13 Succeed=88
2018-08-07 06:01:13 MD5info=701EA19D45B6467903E8D534583F2D81
2018-08-07 06:01:13 Result=支付成功
2018-08-07 06:01:13 MerRemark=
2018-08-07 06:01:13 signtext=Amount=1.00&BillNo=79003520180807180046&MerNo=1122199857&Succeed=88&BFDF18731A99E6203C2D3139539315BB
2018-08-07 06:01:13 SUCCESS at 0
2018-08-07 06:01:20 notify
2018-08-07 06:01:20 {"MerNo":"1122199857","Amount":"1.00","BillNo":"79003520180807180046","Succeed":88,"MD5info":"701EA19D45B6467903E8D534583F2D81","Result":"\u652f\u4ed8\u6210\u529f","MerRemark":""}
2018-08-07 06:01:20 MerNo=1122199857
2018-08-07 06:01:20 Amount=1.00
2018-08-07 06:01:20 BillNo=79003520180807180046
2018-08-07 06:01:20 Succeed=88
2018-08-07 06:01:20 MD5info=701EA19D45B6467903E8D534583F2D81
2018-08-07 06:01:20 Result=支付成功
2018-08-07 06:01:20 MerRemark=
2018-08-07 06:01:20 signtext=Amount=1.00&BillNo=79003520180807180046&MerNo=1122199857&Succeed=88&BFDF18731A99E6203C2D3139539315BB
2018-08-07 06:01:20 SUCCESS at 0
2018-08-07 06:01:26 notify
2018-08-07 06:01:26 {"MerNo":"1122199857","Amount":"1.00","BillNo":"79003520180807180046","Succeed":88,"MD5info":"701EA19D45B6467903E8D534583F2D81","Result":"\u652f\u4ed8\u6210\u529f","MerRemark":""}
2018-08-07 06:01:26 MerNo=1122199857
2018-08-07 06:01:26 Amount=1.00
2018-08-07 06:01:26 BillNo=79003520180807180046
2018-08-07 06:01:26 Succeed=88
2018-08-07 06:01:26 MD5info=701EA19D45B6467903E8D534583F2D81
2018-08-07 06:01:26 Result=支付成功
2018-08-07 06:01:26 MerRemark=
2018-08-07 06:01:26 signtext=Amount=1.00&BillNo=79003520180807180046&MerNo=1122199857&Succeed=88&BFDF18731A99E6203C2D3139539315BB
2018-08-07 06:01:26 SUCCESS at 0
