2018-09-14 03:22:55 notify
2018-09-14 03:22:55 request方法
2018-09-14 03:22:55 amount=1
2018-09-14 03:22:55 cent=2
2018-09-14 03:22:55 create_time=1536909699
2018-09-14 03:22:55 fee=0.04
2018-09-14 03:22:55 finish_time=1536909775
2018-09-14 03:22:55 order_no=76405520180914032139
2018-09-14 03:22:55 order_status=1
2018-09-14 03:22:55 pay_type=1
2018-09-14 03:22:55 time=1536909775
2018-09-14 03:22:55 true_money=0.98
2018-09-14 03:22:55 true_price=1.02
2018-09-14 03:22:55 union_order_no=LU00065B9B618302570A45
2018-09-14 03:22:55 sign=a946bd5e5969b265a12a5e03c2849a13
2018-09-14 03:22:55 post方法
2018-09-14 03:22:55 amount=1
2018-09-14 03:22:55 cent=2
2018-09-14 03:22:55 create_time=1536909699
2018-09-14 03:22:55 fee=0.04
2018-09-14 03:22:55 finish_time=1536909775
2018-09-14 03:22:55 order_no=76405520180914032139
2018-09-14 03:22:55 order_status=1
2018-09-14 03:22:55 pay_type=1
2018-09-14 03:22:55 time=1536909775
2018-09-14 03:22:55 true_money=0.98
2018-09-14 03:22:55 true_price=1.02
2018-09-14 03:22:55 union_order_no=LU00065B9B618302570A45
2018-09-14 03:22:55 sign=a946bd5e5969b265a12a5e03c2849a13
2018-09-14 03:22:55 input方法
2018-09-14 03:22:55 amount=1&cent=2&create_time=1536909699&fee=0.04&finish_time=1536909775&order_no=76405520180914032139&order_status=1&pay_type=1&time=1536909775&true_money=0.98&true_price=1.02&union_order_no=LU00065B9B618302570A45&sign=a946bd5e5969b265a12a5e03c2849a13
2018-09-14 03:22:55 amount=1
2018-09-14 03:22:55 cent=2
2018-09-14 03:22:55 create_time=1536909699
2018-09-14 03:22:55 fee=0.04
2018-09-14 03:22:55 finish_time=1536909775
2018-09-14 03:22:55 order_no=76405520180914032139
2018-09-14 03:22:55 order_status=1
2018-09-14 03:22:55 pay_type=1
2018-09-14 03:22:55 time=1536909775
2018-09-14 03:22:55 true_money=0.98
2018-09-14 03:22:55 true_price=1.02
2018-09-14 03:22:55 union_order_no=LU00065B9B618302570A45
2018-09-14 03:22:55 sign=a946bd5e5969b265a12a5e03c2849a13
2018-09-14 03:22:55 signtext=1215369096990.041536909775764055201809140321391115369097750.981.02LU00065B9B618302570A45f9c8aea5aaef991b449e5b636e927308
2018-09-14 03:22:55 mysign=a946bd5e5969b265a12a5e03c2849a13
2018-09-14 03:22:56 successat 1
