2018-07-19 02:20:23 notify
2018-07-19 02:20:23 request方法
2018-07-19 02:20:23 code=00
2018-07-19 02:20:23 message=Pay Success
2018-07-19 02:20:23 partner_id=109205
2018-07-19 02:20:23 order_no=65314920180719140748
2018-07-19 02:20:23 trade_no=15465899646116883106
2018-07-19 02:20:23 amount=1.0000
2018-07-19 02:20:23 attach=
2018-07-19 02:20:23 sign=0ae2d028d420d59c587b9d20b365230a
2018-07-19 02:20:23 post方法
2018-07-19 02:20:23 code=00
2018-07-19 02:20:23 message=Pay Success
2018-07-19 02:20:23 partner_id=109205
2018-07-19 02:20:23 order_no=65314920180719140748
2018-07-19 02:20:23 trade_no=15465899646116883106
2018-07-19 02:20:23 amount=1.0000
2018-07-19 02:20:23 attach=
2018-07-19 02:20:23 sign=0ae2d028d420d59c587b9d20b365230a
2018-07-19 02:20:23 input方法
2018-07-19 02:20:23 
2018-07-19 02:20:23 code=00
2018-07-19 02:20:23 message=Pay Success
2018-07-19 02:20:23 partner_id=109205
2018-07-19 02:20:23 order_no=65314920180719140748
2018-07-19 02:20:23 trade_no=15465899646116883106
2018-07-19 02:20:23 amount=1.0000
2018-07-19 02:20:23 attach=
2018-07-19 02:20:23 sign=0ae2d028d420d59c587b9d20b365230a
2018-07-19 02:20:23 signtext=amount=1.0000&code=00&message=Pay Success&order_no=65314920180719140748&partner_id=109205&trade_no=15465899646116883106&ba670c0e9b33865d13a52bbf29d286e1
2018-07-19 02:20:23 mysign=0ae2d028d420d59c587b9d20b365230a
2018-07-19 02:20:23 okat 0
2018-07-19 02:21:03 notify
2018-07-19 02:21:03 request方法
2018-07-19 02:21:03 code=00
2018-07-19 02:21:03 message=Pay Success
2018-07-19 02:21:03 partner_id=109205
2018-07-19 02:21:03 order_no=90821720180719141952
2018-07-19 02:21:03 trade_no=15465591681439103371
2018-07-19 02:21:03 amount=1.0000
2018-07-19 02:21:03 attach=
2018-07-19 02:21:03 sign=9f56db6bcdd7d3cf162fec60840e154d
2018-07-19 02:21:03 post方法
2018-07-19 02:21:03 code=00
2018-07-19 02:21:03 message=Pay Success
2018-07-19 02:21:03 partner_id=109205
2018-07-19 02:21:03 order_no=90821720180719141952
2018-07-19 02:21:03 trade_no=15465591681439103371
2018-07-19 02:21:03 amount=1.0000
2018-07-19 02:21:03 attach=
2018-07-19 02:21:03 sign=9f56db6bcdd7d3cf162fec60840e154d
2018-07-19 02:21:03 input方法
2018-07-19 02:21:03 
2018-07-19 02:21:03 code=00
2018-07-19 02:21:03 message=Pay Success
2018-07-19 02:21:03 partner_id=109205
2018-07-19 02:21:03 order_no=90821720180719141952
2018-07-19 02:21:03 trade_no=15465591681439103371
2018-07-19 02:21:03 amount=1.0000
2018-07-19 02:21:03 attach=
2018-07-19 02:21:03 sign=9f56db6bcdd7d3cf162fec60840e154d
2018-07-19 02:21:03 signtext=amount=1.0000&code=00&message=Pay Success&order_no=90821720180719141952&partner_id=109205&trade_no=15465591681439103371&ba670c0e9b33865d13a52bbf29d286e1
2018-07-19 02:21:03 mysign=9f56db6bcdd7d3cf162fec60840e154d
2018-07-19 02:21:03 okat 1
