2018-07-31 03:44:48 request方法
2018-07-31 03:44:48 memberid=10221
2018-07-31 03:44:48 orderid=14143320180731154403
2018-07-31 03:44:48 transaction_id=20180731154403511005
2018-07-31 03:44:48 amount=1.00
2018-07-31 03:44:48 datetime=20180731154448
2018-07-31 03:44:48 returncode=00
2018-07-31 03:44:48 sign=E4350385BF75EFB2F01E4383FD00FAD0
2018-07-31 03:44:48 attach=
2018-07-31 03:44:48 post方法
2018-07-31 03:44:48 memberid=10221
2018-07-31 03:44:48 orderid=14143320180731154403
2018-07-31 03:44:48 transaction_id=20180731154403511005
2018-07-31 03:44:48 amount=1.00
2018-07-31 03:44:48 datetime=20180731154448
2018-07-31 03:44:48 returncode=00
2018-07-31 03:44:48 sign=E4350385BF75EFB2F01E4383FD00FAD0
2018-07-31 03:44:48 attach=
2018-07-31 03:44:48 input方法
2018-07-31 03:44:48 memberid=10221&orderid=14143320180731154403&transaction_id=20180731154403511005&amount=1.00&datetime=20180731154448&returncode=00&sign=E4350385BF75EFB2F01E4383FD00FAD0&attach=
2018-07-31 03:44:48 memberid=10221
2018-07-31 03:44:48 orderid=14143320180731154403
2018-07-31 03:44:48 transaction_id=20180731154403511005
2018-07-31 03:44:48 amount=1.00
2018-07-31 03:44:48 datetime=20180731154448
2018-07-31 03:44:48 returncode=00
2018-07-31 03:44:48 sign=E4350385BF75EFB2F01E4383FD00FAD0
2018-07-31 03:44:48 attach=
2018-07-31 03:44:48 signtext=amount=1.00&datetime=20180731154448&memberid=10221&orderid=14143320180731154403&returncode=00&transaction_id=20180731154403511005&key=jbtv6f0vx5rl6jbsw7x0p9qofecgeh2v
2018-07-31 03:44:48 mysign=
2018-07-31 03:44:48 签名不正确！
2018-07-31 03:45:01 request方法
2018-07-31 03:45:01 memberid=10221
2018-07-31 03:45:01 orderid=14143320180731154403
2018-07-31 03:45:01 transaction_id=20180731154403511005
2018-07-31 03:45:01 amount=1.00
2018-07-31 03:45:01 datetime=20180731154501
2018-07-31 03:45:01 returncode=00
2018-07-31 03:45:01 sign=318617F72E397B97D721BE4371961F9D
2018-07-31 03:45:01 attach=
2018-07-31 03:45:01 post方法
2018-07-31 03:45:01 memberid=10221
2018-07-31 03:45:01 orderid=14143320180731154403
2018-07-31 03:45:01 transaction_id=20180731154403511005
2018-07-31 03:45:01 amount=1.00
2018-07-31 03:45:01 datetime=20180731154501
2018-07-31 03:45:01 returncode=00
2018-07-31 03:45:01 sign=318617F72E397B97D721BE4371961F9D
2018-07-31 03:45:01 attach=
2018-07-31 03:45:01 input方法
2018-07-31 03:45:01 memberid=10221&orderid=14143320180731154403&transaction_id=20180731154403511005&amount=1.00&datetime=20180731154501&returncode=00&sign=318617F72E397B97D721BE4371961F9D&attach=
2018-07-31 03:45:01 memberid=10221
2018-07-31 03:45:01 orderid=14143320180731154403
2018-07-31 03:45:01 transaction_id=20180731154403511005
2018-07-31 03:45:01 amount=1.00
2018-07-31 03:45:01 datetime=20180731154501
2018-07-31 03:45:01 returncode=00
2018-07-31 03:45:01 sign=318617F72E397B97D721BE4371961F9D
2018-07-31 03:45:01 attach=
2018-07-31 03:45:01 signtext=amount=1.00&datetime=20180731154501&memberid=10221&orderid=14143320180731154403&returncode=00&transaction_id=20180731154403511005&key=jbtv6f0vx5rl6jbsw7x0p9qofecgeh2v
2018-07-31 03:45:01 mysign=
2018-07-31 03:45:01 签名不正确！
2018-07-31 03:46:01 request方法
2018-07-31 03:46:01 memberid=10221
2018-07-31 03:46:01 orderid=14143320180731154403
2018-07-31 03:46:01 transaction_id=20180731154403511005
2018-07-31 03:46:01 amount=1.00
2018-07-31 03:46:01 datetime=20180731154601
2018-07-31 03:46:01 returncode=00
2018-07-31 03:46:01 sign=F3DD832CAD230A362F818282790D2BA1
2018-07-31 03:46:01 attach=
2018-07-31 03:46:01 post方法
2018-07-31 03:46:01 memberid=10221
2018-07-31 03:46:01 orderid=14143320180731154403
2018-07-31 03:46:01 transaction_id=20180731154403511005
2018-07-31 03:46:01 amount=1.00
2018-07-31 03:46:01 datetime=20180731154601
2018-07-31 03:46:01 returncode=00
2018-07-31 03:46:01 sign=F3DD832CAD230A362F818282790D2BA1
2018-07-31 03:46:01 attach=
2018-07-31 03:46:01 input方法
2018-07-31 03:46:01 memberid=10221&orderid=14143320180731154403&transaction_id=20180731154403511005&amount=1.00&datetime=20180731154601&returncode=00&sign=F3DD832CAD230A362F818282790D2BA1&attach=
2018-07-31 03:46:01 memberid=10221
2018-07-31 03:46:01 orderid=14143320180731154403
2018-07-31 03:46:01 transaction_id=20180731154403511005
2018-07-31 03:46:01 amount=1.00
2018-07-31 03:46:01 datetime=20180731154601
2018-07-31 03:46:01 returncode=00
2018-07-31 03:46:01 sign=F3DD832CAD230A362F818282790D2BA1
2018-07-31 03:46:01 attach=
2018-07-31 03:46:01 signtext=amount=1.00&datetime=20180731154601&memberid=10221&orderid=14143320180731154403&returncode=00&transaction_id=20180731154403511005&key=jbtv6f0vx5rl6jbsw7x0p9qofecgeh2v
2018-07-31 03:46:01 mysign=
2018-07-31 03:46:01 签名不正确！
