2018-10-01 04:50:47 request方法
2018-10-01 04:50:47 appId=1538380651035731031
2018-10-01 04:50:47 outerTradeNo=153838381975014
2018-10-01 04:50:47 orderNo=36865520181001045019
2018-10-01 04:50:47 totalFee=50.00
2018-10-01 04:50:47 realprice=49.94
2018-10-01 04:50:47 sign=c1c22c1e26b6aa253c7bb4b56873a3fb
2018-10-01 04:50:47 post方法
2018-10-01 04:50:47 appId=1538380651035731031
2018-10-01 04:50:47 outerTradeNo=153838381975014
2018-10-01 04:50:47 orderNo=36865520181001045019
2018-10-01 04:50:47 totalFee=50.00
2018-10-01 04:50:47 realprice=49.94
2018-10-01 04:50:47 sign=c1c22c1e26b6aa253c7bb4b56873a3fb
2018-10-01 04:50:47 input方法
2018-10-01 04:50:47 
2018-10-01 04:50:47 appId=1538380651035731031
2018-10-01 04:50:47 outerTradeNo=153838381975014
2018-10-01 04:50:47 orderNo=36865520181001045019
2018-10-01 04:50:47 totalFee=50.00
2018-10-01 04:50:47 realprice=49.94
2018-10-01 04:50:47 sign=c1c22c1e26b6aa253c7bb4b56873a3fb
2018-10-01 04:50:47 signtext=appId=1538380651035731031&orderNo=36865520181001045019&outerTradeNo=153838381975014&realprice=49.94&totalFee=50.00&key=4c3d430037758883aa2b97b2281f9864
2018-10-01 04:50:47 mysign=c1c22c1e26b6aa253c7bb4b56873a3fb
2018-10-01 04:50:47 successat 1
