2018-07-27 23:54:28 notify
2018-07-27 23:54:28 request方法
2018-07-27 23:54:28 memberid=180750544
2018-07-27 23:54:28 orderid=17695620180728113537
2018-07-27 23:54:28 transaction_id=20180728113508991005
2018-07-27 23:54:28 amount=30.0000
2018-07-27 23:54:28 datetime=20180728115359
2018-07-27 23:54:28 returncode=00
2018-07-27 23:54:28 sign=4F05BDABE29E2798CF1AE3712914FB10
2018-07-27 23:54:28 attach=
2018-07-27 23:54:28 post方法
2018-07-27 23:54:28 memberid=180750544
2018-07-27 23:54:28 orderid=17695620180728113537
2018-07-27 23:54:28 transaction_id=20180728113508991005
2018-07-27 23:54:28 amount=30.0000
2018-07-27 23:54:28 datetime=20180728115359
2018-07-27 23:54:28 returncode=00
2018-07-27 23:54:28 sign=4F05BDABE29E2798CF1AE3712914FB10
2018-07-27 23:54:28 attach=
2018-07-27 23:54:28 input方法
2018-07-27 23:54:28 memberid=180750544&orderid=17695620180728113537&transaction_id=20180728113508991005&amount=30.0000&datetime=20180728115359&returncode=00&sign=4F05BDABE29E2798CF1AE3712914FB10&attach=
2018-07-27 23:54:28 memberid=180750544
2018-07-27 23:54:28 orderid=17695620180728113537
2018-07-27 23:54:28 transaction_id=20180728113508991005
2018-07-27 23:54:28 amount=30.0000
2018-07-27 23:54:28 datetime=20180728115359
2018-07-27 23:54:28 returncode=00
2018-07-27 23:54:28 sign=4F05BDABE29E2798CF1AE3712914FB10
2018-07-27 23:54:28 attach=
2018-07-27 23:54:28 signtext=amount=30.0000&datetime=20180728115359&memberid=180750544&orderid=17695620180728113537&returncode=00&transaction_id=20180728113508991005&key=hezlgo015l2lb1tgd92ty89svzolz53b
2018-07-27 23:54:28 mysign=4F05BDABE29E2798CF1AE3712914FB10
2018-07-27 23:54:29 okat 1
