2018-10-30 23:21:14 notify
2018-10-30 23:21:14 fxid=2018128
2018-10-30 23:21:14 fxddh=26645020181030232047
2018-10-30 23:21:14 fxorder=e279796532fec21478275a9c
2018-10-30 23:21:14 fxdesc=pay
2018-10-30 23:21:14 fxfee=1.00
2018-10-30 23:21:14 fxattch=
2018-10-30 23:21:14 fxstatus=1
2018-10-30 23:21:14 fxtime=1540956072
2018-10-30 23:21:14 fxsign=f30c30ab878ac7b61c021561c423c0fc
2018-10-30 23:21:14 signtext=12018128266450201810302320471.00AjrnzCZdsNciYpMeyllxvVgvVgwXltUY
2018-10-30 23:21:14 mysign=f30c30ab878ac7b61c021561c423c0fc
2018-10-30 23:21:14 successat 1
2018-10-30 23:21:17 return
2018-10-30 23:21:17 fxid=2018128
2018-10-30 23:21:17 fxddh=26645020181030232047
2018-10-30 23:21:17 fxorder=e279796532fec21478275a9c
2018-10-30 23:21:17 fxdesc=pay
2018-10-30 23:21:17 fxfee=1.00
2018-10-30 23:21:17 fxattch=
2018-10-30 23:21:17 fxstatus=1
2018-10-30 23:21:17 fxtime=1540956072
2018-10-30 23:21:17 fxsign=f30c30ab878ac7b61c021561c423c0fc
2018-10-30 23:21:17 signtext=12018128266450201810302320471.00AjrnzCZdsNciYpMeyllxvVgvVgwXltUY
2018-10-30 23:21:17 mysign=f30c30ab878ac7b61c021561c423c0fc
2018-10-30 23:22:17 return
2018-10-30 23:22:17 return
2018-10-30 23:22:17 fxid=2018128
2018-10-30 23:22:17 fxddh=26645020181030232047
2018-10-30 23:22:17 fxorder=e279796532fec21478275a9c
2018-10-30 23:22:17 fxdesc=pay
2018-10-30 23:22:17 fxfee=1.00
2018-10-30 23:22:17 fxattch=
2018-10-30 23:22:17 fxstatus=1
2018-10-30 23:22:17 fxtime=1540956072
2018-10-30 23:22:17 fxsign=f30c30ab878ac7b61c021561c423c0fc
2018-10-30 23:22:17 signtext=12018128266450201810302320471.00AjrnzCZdsNciYpMeyllxvVgvVgwXltUY
2018-10-30 23:22:17 mysign=f30c30ab878ac7b61c021561c423c0fc
