2018-09-10 02:25:11 notify
2018-09-10 02:25:11 request规
2018-09-10 02:25:11 orderid=39920320180910022446
2018-09-10 02:25:11 opstate=0
2018-09-10 02:25:11 ovalue=10.00
2018-09-10 02:25:11 sysorderid=fc81f0112429f7af
2018-09-10 02:25:11 systime=2018/09/10 14:25:10
2018-09-10 02:25:11 attach=
2018-09-10 02:25:11 msg=支付成功
2018-09-10 02:25:11 sign=0b9be9e9fb74a7d307b998423637dc9f
2018-09-10 02:25:11 post规
2018-09-10 02:25:11 input规
2018-09-10 02:25:11 
2018-09-10 02:25:11 orderid=39920320180910022446
2018-09-10 02:25:11 opstate=0
2018-09-10 02:25:11 ovalue=10.00
2018-09-10 02:25:11 sysorderid=fc81f0112429f7af
2018-09-10 02:25:11 systime=2018/09/10 14:25:10
2018-09-10 02:25:11 attach=
2018-09-10 02:25:11 msg=支付成功
2018-09-10 02:25:11 sign=0b9be9e9fb74a7d307b998423637dc9f
2018-09-10 02:25:11 signtext=orderid=39920320180910022446&opstate=0&ovalue=10.000a831bb0151849458eee8c0e8e66ffed
2018-09-10 02:25:11 mysign=0b9be9e9fb74a7d307b998423637dc9f
2018-09-10 02:25:11 opstate=0at 1
