2018-09-06 03:41:34 notify
2018-09-06 03:41:34 request方法
2018-09-06 03:41:34 productDesc=
2018-09-06 03:41:34 orderAmount=1000
2018-09-06 03:41:34 orderNo=79382520180906034047
2018-09-06 03:41:34 wtfOrderNo=H906154008257145454
2018-09-06 03:41:34 payTime=2018-09-06 15:40:50
2018-09-06 03:41:34 sign=75b6034604c7fabc3fd40f7129652d82
2018-09-06 03:41:34 orderStatus=SUCCESS
2018-09-06 03:41:34 remark=
2018-09-06 03:41:34 productName=
2018-09-06 03:41:34 merchantNo=W80905191923525
2018-09-06 03:41:34 post方法
2018-09-06 03:41:34 productDesc=
2018-09-06 03:41:34 orderAmount=1000
2018-09-06 03:41:34 orderNo=79382520180906034047
2018-09-06 03:41:34 wtfOrderNo=H906154008257145454
2018-09-06 03:41:34 payTime=2018-09-06 15:40:50
2018-09-06 03:41:34 sign=75b6034604c7fabc3fd40f7129652d82
2018-09-06 03:41:34 orderStatus=SUCCESS
2018-09-06 03:41:34 remark=
2018-09-06 03:41:34 productName=
2018-09-06 03:41:34 merchantNo=W80905191923525
2018-09-06 03:41:34 input方法
2018-09-06 03:41:34 productDesc&orderAmount=1000&orderNo=79382520180906034047&wtfOrderNo=H906154008257145454&payTime=2018-09-06+15%3A40%3A50&sign=75b6034604c7fabc3fd40f7129652d82&orderStatus=SUCCESS&remark&productName&merchantNo=W80905191923525
2018-09-06 03:41:34 productDesc=
2018-09-06 03:41:34 orderAmount=1000
2018-09-06 03:41:34 orderNo=79382520180906034047
2018-09-06 03:41:34 wtfOrderNo=H906154008257145454
2018-09-06 03:41:34 payTime=2018-09-06 15:40:50
2018-09-06 03:41:34 sign=75b6034604c7fabc3fd40f7129652d82
2018-09-06 03:41:34 orderStatus=SUCCESS
2018-09-06 03:41:34 remark=
2018-09-06 03:41:34 productName=
2018-09-06 03:41:34 merchantNo=W80905191923525
2018-09-06 03:41:34 signtext=merchantNo=W80905191923525&orderAmount=1000&orderNo=79382520180906034047&orderStatus=SUCCESS&payTime=2018-09-06 15:40:50&wtfOrderNo=H906154008257145454x24ffxrwysnkkjfoujj4bt0zms3fqer7
2018-09-06 03:41:34 mysign=75b6034604c7fabc3fd40f7129652d82
2018-09-06 03:41:34 OKat 1
