2018-10-10 08:42:36 return:sErrorCode=1
2018-10-10 08:42:36 return:bType=1
2018-10-10 08:42:36 return:ForUserId=939193
2018-10-10 08:42:36 return:LinkID=67264620181010084207
2018-10-10 08:42:36 return:Moneys=10
2018-10-10 08:42:36 return:AssistStr=
2018-10-10 08:42:36 return:sign=3a356f81306b2d0ac99e3300293d9ee4
2018-10-10 08:42:36 signtext=serrorcode=1&btype=1&foruserid=939193&linkid=67264620181010084207&moneys=10&assiststr=&keyvalue=r80wvq9vx4jf3c6igaptknwx02nawszc
2018-10-10 08:42:36 mysign=3a356f81306b2d0ac99e3300293d9ee4
2018-10-10 08:42:36 notify
2018-10-10 08:42:36 sErrorCode=1
2018-10-10 08:42:36 bType=2
2018-10-10 08:42:36 ForUserId=939193
2018-10-10 08:42:36 LinkID=67264620181010084207
2018-10-10 08:42:36 Moneys=10
2018-10-10 08:42:36 AssistStr=
2018-10-10 08:42:36 sign=f2fb6ee8214b694539ba9f88a97a14d6
2018-10-10 08:42:36 signtext=serrorcode=1&btype=2&foruserid=939193&linkid=67264620181010084207&moneys=10&assiststr=&keyvalue=r80wvq9vx4jf3c6igaptknwx02nawszc
2018-10-10 08:42:36 mysign=f2fb6ee8214b694539ba9f88a97a14d6
2018-10-10 08:42:36 successat 0
2018-10-10 08:43:36 return:sErrorCode=1
2018-10-10 08:43:36 return:bType=1
2018-10-10 08:43:36 return:ForUserId=939193
2018-10-10 08:43:36 return:LinkID=67264620181010084207
2018-10-10 08:43:36 return:Moneys=10
2018-10-10 08:43:36 return:AssistStr=
2018-10-10 08:43:36 return:sign=3a356f81306b2d0ac99e3300293d9ee4
2018-10-10 08:43:36 signtext=serrorcode=1&btype=1&foruserid=939193&linkid=67264620181010084207&moneys=10&assiststr=&keyvalue=r80wvq9vx4jf3c6igaptknwx02nawszc
2018-10-10 08:43:36 mysign=3a356f81306b2d0ac99e3300293d9ee4
2018-10-10 08:43:37 return:sErrorCode=1
2018-10-10 08:43:37 return:bType=1
2018-10-10 08:43:37 return:ForUserId=939193
2018-10-10 08:43:37 return:LinkID=67264620181010084207
2018-10-10 08:43:37 return:Moneys=10
2018-10-10 08:43:37 return:AssistStr=
2018-10-10 08:43:37 return:sign=3a356f81306b2d0ac99e3300293d9ee4
2018-10-10 08:43:37 signtext=serrorcode=1&btype=1&foruserid=939193&linkid=67264620181010084207&moneys=10&assiststr=&keyvalue=r80wvq9vx4jf3c6igaptknwx02nawszc
2018-10-10 08:43:37 mysign=3a356f81306b2d0ac99e3300293d9ee4
2018-10-10 08:43:37 return:sErrorCode=1
2018-10-10 08:43:37 return:bType=1
2018-10-10 08:43:37 return:ForUserId=939193
2018-10-10 08:43:37 return:LinkID=67264620181010084207
2018-10-10 08:43:37 return:Moneys=10
2018-10-10 08:43:37 return:AssistStr=
2018-10-10 08:43:37 return:sign=3a356f81306b2d0ac99e3300293d9ee4
2018-10-10 08:43:37 return:sErrorCode=1
2018-10-10 08:43:37 return:bType=1
2018-10-10 08:43:37 signtext=serrorcode=1&btype=1&foruserid=939193&linkid=67264620181010084207&moneys=10&assiststr=&keyvalue=r80wvq9vx4jf3c6igaptknwx02nawszc
2018-10-10 08:43:37 return:ForUserId=939193
2018-10-10 08:43:37 mysign=3a356f81306b2d0ac99e3300293d9ee4
2018-10-10 08:43:37 return:LinkID=67264620181010084207
2018-10-10 08:43:37 return:Moneys=10
2018-10-10 08:43:37 return:AssistStr=
2018-10-10 08:43:37 return:sign=3a356f81306b2d0ac99e3300293d9ee4
2018-10-10 08:43:37 signtext=serrorcode=1&btype=1&foruserid=939193&linkid=67264620181010084207&moneys=10&assiststr=&keyvalue=r80wvq9vx4jf3c6igaptknwx02nawszc
2018-10-10 08:43:37 mysign=3a356f81306b2d0ac99e3300293d9ee4
2018-10-10 08:43:37 return:sErrorCode=1
2018-10-10 08:43:37 return:bType=1
2018-10-10 08:43:37 return:ForUserId=939193
2018-10-10 08:43:37 return:LinkID=67264620181010084207
2018-10-10 08:43:37 return:Moneys=10
2018-10-10 08:43:37 return:AssistStr=
2018-10-10 08:43:37 return:sign=3a356f81306b2d0ac99e3300293d9ee4
2018-10-10 08:43:37 signtext=serrorcode=1&btype=1&foruserid=939193&linkid=67264620181010084207&moneys=10&assiststr=&keyvalue=r80wvq9vx4jf3c6igaptknwx02nawszc
2018-10-10 08:43:37 mysign=3a356f81306b2d0ac99e3300293d9ee4
2018-10-10 08:51:17 return:sErrorCode=1
2018-10-10 08:51:17 return:bType=1
2018-10-10 08:51:17 return:ForUserId=939193
2018-10-10 08:51:17 return:LinkID=67264620181010084207
2018-10-10 08:51:17 return:Moneys=10
2018-10-10 08:51:17 return:AssistStr=
2018-10-10 08:51:17 return:sign=3a356f81306b2d0ac99e3300293d9ee4
2018-10-10 08:51:17 signtext=serrorcode=1&btype=1&foruserid=939193&linkid=67264620181010084207&moneys=10&assiststr=&keyvalue=r80wvq9vx4jf3c6igaptknwx02nawszc
2018-10-10 08:51:17 mysign=3a356f81306b2d0ac99e3300293d9ee4
