2018-10-06 09:13:51 notify
2018-10-06 09:13:51 memberid=10040
2018-10-06 09:13:51 orderid=67202820181006091306
2018-10-06 09:13:51 transaction_id=20181006211307515051
2018-10-06 09:13:51 amount=1.0000
2018-10-06 09:13:51 datetime=20181006211351
2018-10-06 09:13:51 returncode=00
2018-10-06 09:13:51 sign=99F99F75401E9A94603148AF1B456D47
2018-10-06 09:13:51 attach=
2018-10-06 09:13:51 signtext=amount=1.0000&datetime=20181006211351&memberid=10040&orderid=67202820181006091306&returncode=00&transaction_id=20181006211307515051&key=n9cqftl27omjz8g05d7s4ws0dnsfg3g6
2018-10-06 09:13:51 mysign=99F99F75401E9A94603148AF1B456D47
2018-10-06 09:13:51 OKat 1
2018-10-06 09:14:12 return:memberid=10040
2018-10-06 09:14:12 return:orderid=67202820181006091306
2018-10-06 09:14:12 return:transaction_id=20181006211307515051
2018-10-06 09:14:12 return:amount=1.0000
2018-10-06 09:14:12 return:datetime=20181006211412
2018-10-06 09:14:12 return:returncode=00
2018-10-06 09:14:12 return:sign=0263C0233A28FEB43E4EAFFC5A05A03E
2018-10-06 09:14:12 return:attach=
2018-10-06 09:14:12 signtext=amount=1.0000&datetime=20181006211412&memberid=10040&orderid=67202820181006091306&returncode=00&transaction_id=20181006211307515051&key=n9cqftl27omjz8g05d7s4ws0dnsfg3g6
2018-10-06 09:14:12 mysign=0263C0233A28FEB43E4EAFFC5A05A03E
