2018-07-12 05:51:46 request方法
2018-07-12 05:51:46 memberid=10197
2018-07-12 05:51:46 orderid=62357820180712174229
2018-07-12 05:51:46 amount=10.000
2018-07-12 05:51:46 datetime=20180712174959
2018-07-12 05:51:46 returncode=00
2018-07-12 05:51:46 sign=162DB1CCCCDD111AD41D2489FB0148BE
2018-07-12 05:51:46 reserved1=
2018-07-12 05:51:46 reserved2=
2018-07-12 05:51:46 reserved3=
2018-07-12 05:51:46 post方法
2018-07-12 05:51:46 input方法
2018-07-12 05:51:46 
2018-07-12 05:51:46 memberid=10197
2018-07-12 05:51:46 orderid=62357820180712174229
2018-07-12 05:51:46 amount=10.000
2018-07-12 05:51:46 datetime=20180712174959
2018-07-12 05:51:46 returncode=00
2018-07-12 05:51:46 sign=162DB1CCCCDD111AD41D2489FB0148BE
2018-07-12 05:51:46 reserved1=
2018-07-12 05:51:46 reserved2=
2018-07-12 05:51:46 reserved3=
2018-07-12 05:51:46 signtext=amount=>10.000&datetime=>20180712174959&memberid=>10197&orderid=>62357820180712174229&returncode=>00&key=4zlnwdj2mw9x62psxpf245p888idnp
2018-07-12 05:51:46 mysign=162DB1CCCCDD111AD41D2489FB0148BE
2018-07-12 05:51:46 OKat 1
