2018-06-29 04:40:12 notify
2018-06-29 04:40:12 request方法
2018-06-29 04:40:12 merchno=96532554110022
2018-06-29 04:40:12 remark=yesOhyes
2018-06-29 04:40:12 status=1
2018-06-29 04:40:12 traceno=54250320180629163909
2018-06-29 04:40:12 orderno=20272106
2018-06-29 04:40:12 merchName=SF-247
2018-06-29 04:40:12 channelOrderno=
2018-06-29 04:40:12 amount=10.00
2018-06-29 04:40:12 transDate=2018-06-29
2018-06-29 04:40:12 channelTraceno=
2018-06-29 04:40:12 transTime=16:39:10
2018-06-29 04:40:12 payType=4
2018-06-29 04:40:12 signature=CAF3E00B5217A36519930275A3AB365D
2018-06-29 04:40:12 openId=https://qpay.qq.com/qr/59fd05ee
2018-06-29 04:40:12 post方法
2018-06-29 04:40:12 merchno=96532554110022
2018-06-29 04:40:12 remark=yesOhyes
2018-06-29 04:40:12 status=1
2018-06-29 04:40:12 traceno=54250320180629163909
2018-06-29 04:40:12 orderno=20272106
2018-06-29 04:40:12 merchName=SF-247
2018-06-29 04:40:12 channelOrderno=
2018-06-29 04:40:12 amount=10.00
2018-06-29 04:40:12 transDate=2018-06-29
2018-06-29 04:40:12 channelTraceno=
2018-06-29 04:40:12 transTime=16:39:10
2018-06-29 04:40:12 payType=4
2018-06-29 04:40:12 signature=CAF3E00B5217A36519930275A3AB365D
2018-06-29 04:40:12 openId=https://qpay.qq.com/qr/59fd05ee
2018-06-29 04:40:12 input方法
2018-06-29 04:40:12 非法提交参数
2018-06-29 04:40:27 notify
2018-06-29 04:40:27 request方法
2018-06-29 04:40:27 merchno=96532554110022
2018-06-29 04:40:27 remark=yesOhyes
2018-06-29 04:40:27 status=1
2018-06-29 04:40:27 traceno=54250320180629163909
2018-06-29 04:40:27 orderno=20272106
2018-06-29 04:40:27 merchName=SF-247
2018-06-29 04:40:27 channelOrderno=
2018-06-29 04:40:27 amount=10.00
2018-06-29 04:40:27 transDate=2018-06-29
2018-06-29 04:40:27 channelTraceno=
2018-06-29 04:40:27 transTime=16:39:10
2018-06-29 04:40:27 payType=4
2018-06-29 04:40:27 signature=CAF3E00B5217A36519930275A3AB365D
2018-06-29 04:40:27 openId=https://qpay.qq.com/qr/59fd05ee
2018-06-29 04:40:27 post方法
2018-06-29 04:40:27 merchno=96532554110022
2018-06-29 04:40:27 remark=yesOhyes
2018-06-29 04:40:27 status=1
2018-06-29 04:40:27 traceno=54250320180629163909
2018-06-29 04:40:27 orderno=20272106
2018-06-29 04:40:27 merchName=SF-247
2018-06-29 04:40:27 channelOrderno=
2018-06-29 04:40:27 amount=10.00
2018-06-29 04:40:27 transDate=2018-06-29
2018-06-29 04:40:27 channelTraceno=
2018-06-29 04:40:27 transTime=16:39:10
2018-06-29 04:40:27 payType=4
2018-06-29 04:40:27 signature=CAF3E00B5217A36519930275A3AB365D
2018-06-29 04:40:27 openId=https://qpay.qq.com/qr/59fd05ee
2018-06-29 04:40:27 input方法
2018-06-29 04:40:27 非法提交参数
2018-06-29 04:40:42 notify
2018-06-29 04:40:42 request方法
2018-06-29 04:40:42 merchno=96532554110022
2018-06-29 04:40:42 remark=yesOhyes
2018-06-29 04:40:42 status=1
2018-06-29 04:40:42 traceno=54250320180629163909
2018-06-29 04:40:42 orderno=20272106
2018-06-29 04:40:42 merchName=SF-247
2018-06-29 04:40:42 channelOrderno=
2018-06-29 04:40:42 amount=10.00
2018-06-29 04:40:42 transDate=2018-06-29
2018-06-29 04:40:42 channelTraceno=
2018-06-29 04:40:42 transTime=16:39:10
2018-06-29 04:40:42 payType=4
2018-06-29 04:40:42 signature=CAF3E00B5217A36519930275A3AB365D
2018-06-29 04:40:42 openId=https://qpay.qq.com/qr/59fd05ee
2018-06-29 04:40:42 post方法
2018-06-29 04:40:42 merchno=96532554110022
2018-06-29 04:40:42 remark=yesOhyes
2018-06-29 04:40:42 status=1
2018-06-29 04:40:42 traceno=54250320180629163909
2018-06-29 04:40:42 orderno=20272106
2018-06-29 04:40:42 merchName=SF-247
2018-06-29 04:40:42 channelOrderno=
2018-06-29 04:40:42 amount=10.00
2018-06-29 04:40:42 transDate=2018-06-29
2018-06-29 04:40:42 channelTraceno=
2018-06-29 04:40:42 transTime=16:39:10
2018-06-29 04:40:42 payType=4
2018-06-29 04:40:42 signature=CAF3E00B5217A36519930275A3AB365D
2018-06-29 04:40:42 openId=https://qpay.qq.com/qr/59fd05ee
2018-06-29 04:40:42 input方法
2018-06-29 04:40:42 非法提交参数
2018-06-29 04:40:57 notify
2018-06-29 04:40:57 request方法
2018-06-29 04:40:57 merchno=96532554110022
2018-06-29 04:40:57 remark=yesOhyes
2018-06-29 04:40:57 status=1
2018-06-29 04:40:57 traceno=54250320180629163909
2018-06-29 04:40:57 orderno=20272106
2018-06-29 04:40:57 merchName=SF-247
2018-06-29 04:40:57 channelOrderno=
2018-06-29 04:40:57 amount=10.00
2018-06-29 04:40:57 transDate=2018-06-29
2018-06-29 04:40:57 channelTraceno=
2018-06-29 04:40:57 transTime=16:39:10
2018-06-29 04:40:57 payType=4
2018-06-29 04:40:57 signature=CAF3E00B5217A36519930275A3AB365D
2018-06-29 04:40:57 openId=https://qpay.qq.com/qr/59fd05ee
2018-06-29 04:40:57 post方法
2018-06-29 04:40:57 merchno=96532554110022
2018-06-29 04:40:57 remark=yesOhyes
2018-06-29 04:40:57 status=1
2018-06-29 04:40:57 traceno=54250320180629163909
2018-06-29 04:40:57 orderno=20272106
2018-06-29 04:40:57 merchName=SF-247
2018-06-29 04:40:57 channelOrderno=
2018-06-29 04:40:57 amount=10.00
2018-06-29 04:40:57 transDate=2018-06-29
2018-06-29 04:40:57 channelTraceno=
2018-06-29 04:40:57 transTime=16:39:10
2018-06-29 04:40:57 payType=4
2018-06-29 04:40:57 signature=CAF3E00B5217A36519930275A3AB365D
2018-06-29 04:40:57 openId=https://qpay.qq.com/qr/59fd05ee
2018-06-29 04:40:57 input方法
2018-06-29 04:40:57 非法提交参数
2018-06-29 04:41:12 notify
2018-06-29 04:41:12 request方法
2018-06-29 04:41:12 merchno=96532554110022
2018-06-29 04:41:12 remark=yesOhyes
2018-06-29 04:41:12 status=1
2018-06-29 04:41:12 traceno=54250320180629163909
2018-06-29 04:41:12 orderno=20272106
2018-06-29 04:41:12 merchName=SF-247
2018-06-29 04:41:12 channelOrderno=
2018-06-29 04:41:12 amount=10.00
2018-06-29 04:41:12 transDate=2018-06-29
2018-06-29 04:41:12 channelTraceno=
2018-06-29 04:41:12 transTime=16:39:10
2018-06-29 04:41:12 payType=4
2018-06-29 04:41:12 signature=CAF3E00B5217A36519930275A3AB365D
2018-06-29 04:41:12 openId=https://qpay.qq.com/qr/59fd05ee
2018-06-29 04:41:12 post方法
2018-06-29 04:41:12 merchno=96532554110022
2018-06-29 04:41:12 remark=yesOhyes
2018-06-29 04:41:12 status=1
2018-06-29 04:41:12 traceno=54250320180629163909
2018-06-29 04:41:12 orderno=20272106
2018-06-29 04:41:12 merchName=SF-247
2018-06-29 04:41:12 channelOrderno=
2018-06-29 04:41:12 amount=10.00
2018-06-29 04:41:12 transDate=2018-06-29
2018-06-29 04:41:12 channelTraceno=
2018-06-29 04:41:12 transTime=16:39:10
2018-06-29 04:41:12 payType=4
2018-06-29 04:41:12 signature=CAF3E00B5217A36519930275A3AB365D
2018-06-29 04:41:12 openId=https://qpay.qq.com/qr/59fd05ee
2018-06-29 04:41:12 input方法
2018-06-29 04:41:12 非法提交参数
2018-06-29 04:47:17 notify
2018-06-29 04:47:17 request方法
2018-06-29 04:47:17 merchno=96532554110022
2018-06-29 04:47:17 remark=yesOhyes
2018-06-29 04:47:17 status=1
2018-06-29 04:47:17 traceno=54250320180629163909
2018-06-29 04:47:17 orderno=20272106
2018-06-29 04:47:17 merchName=SF-247
2018-06-29 04:47:17 channelOrderno=
2018-06-29 04:47:17 amount=10.00
2018-06-29 04:47:17 transDate=2018-06-29
2018-06-29 04:47:17 channelTraceno=
2018-06-29 04:47:17 transTime=16:39:10
2018-06-29 04:47:17 payType=4
2018-06-29 04:47:17 signature=CAF3E00B5217A36519930275A3AB365D
2018-06-29 04:47:17 openId=https://qpay.qq.com/qr/59fd05ee
2018-06-29 04:47:17 post方法
2018-06-29 04:47:17 merchno=96532554110022
2018-06-29 04:47:17 remark=yesOhyes
2018-06-29 04:47:17 status=1
2018-06-29 04:47:17 traceno=54250320180629163909
2018-06-29 04:47:17 orderno=20272106
2018-06-29 04:47:17 merchName=SF-247
2018-06-29 04:47:17 channelOrderno=
2018-06-29 04:47:17 amount=10.00
2018-06-29 04:47:17 transDate=2018-06-29
2018-06-29 04:47:17 channelTraceno=
2018-06-29 04:47:17 transTime=16:39:10
2018-06-29 04:47:17 payType=4
2018-06-29 04:47:17 signature=CAF3E00B5217A36519930275A3AB365D
2018-06-29 04:47:17 openId=https://qpay.qq.com/qr/59fd05ee
2018-06-29 04:47:17 input方法
2018-06-29 04:47:17 非法提交参数
2018-06-29 04:50:29 notify
2018-06-29 04:50:29 request方法
2018-06-29 04:50:29 merchno=96532554110022
2018-06-29 04:50:29 remark=yesOhyes
2018-06-29 04:50:29 status=1
2018-06-29 04:50:29 traceno=54250320180629163909
2018-06-29 04:50:29 orderno=20272106
2018-06-29 04:50:29 merchName=SF-247
2018-06-29 04:50:29 channelOrderno=
2018-06-29 04:50:29 amount=10.00
2018-06-29 04:50:29 transDate=2018-06-29
2018-06-29 04:50:29 channelTraceno=
2018-06-29 04:50:29 transTime=16:39:10
2018-06-29 04:50:29 payType=4
2018-06-29 04:50:29 signature=CAF3E00B5217A36519930275A3AB365D
2018-06-29 04:50:29 openId=https://qpay.qq.com/qr/59fd05ee
2018-06-29 04:50:29 amount=10.00&merchName=SF-247&merchno=96532554110022&openId=https://qpay.qq.com/qr/59fd05ee&orderno=20272106&payType=4&remark=yesOhyes&signature=CAF3E00B5217A36519930275A3AB365D&status=1&traceno=54250320180629163909&transDate=2018-06-29&transTime=16:39:10&4BA488556C1DF6BB5645D83AC3161DAC
2018-06-29 04:50:29 EB6C4269EF110859EF6D8785FED0AD58
2018-06-29 04:50:57 notify
2018-06-29 04:50:57 request方法
2018-06-29 04:50:57 merchno=96532554110022
2018-06-29 04:50:57 remark=yesOhyes
2018-06-29 04:50:57 status=1
2018-06-29 04:50:57 traceno=54250320180629163909
2018-06-29 04:50:57 orderno=20272106
2018-06-29 04:50:57 merchName=SF-247
2018-06-29 04:50:57 channelOrderno=
2018-06-29 04:50:57 amount=10.00
2018-06-29 04:50:57 transDate=2018-06-29
2018-06-29 04:50:57 channelTraceno=
2018-06-29 04:50:57 transTime=16:39:10
2018-06-29 04:50:57 payType=4
2018-06-29 04:50:57 signature=CAF3E00B5217A36519930275A3AB365D
2018-06-29 04:50:57 openId=https://qpay.qq.com/qr/59fd05ee
2018-06-29 04:50:57 amount=10.00&merchName=SF-247&merchno=96532554110022&openId=https://qpay.qq.com/qr/59fd05ee&orderno=20272106&payType=4&remark=yesOhyes&signature=CAF3E00B5217A36519930275A3AB365D&status=1&traceno=54250320180629163909&transDate=2018-06-29&transTime=16:39:10&4BA488556C1DF6BB5645D83AC3161DAC
2018-06-29 04:50:57 EB6C4269EF110859EF6D8785FED0AD58
2018-06-29 04:51:21 notify
2018-06-29 04:51:21 request方法
2018-06-29 04:51:21 merchno=96532554110022
2018-06-29 04:51:21 remark=yesOhyes
2018-06-29 04:51:21 status=1
2018-06-29 04:51:21 traceno=54250320180629163909
2018-06-29 04:51:21 orderno=20272106
2018-06-29 04:51:21 merchName=SF-247
2018-06-29 04:51:21 channelOrderno=
2018-06-29 04:51:21 amount=10.00
2018-06-29 04:51:21 transDate=2018-06-29
2018-06-29 04:51:21 channelTraceno=
2018-06-29 04:51:21 transTime=16:39:10
2018-06-29 04:51:21 payType=4
2018-06-29 04:51:21 signature=CAF3E00B5217A36519930275A3AB365D
2018-06-29 04:51:21 openId=https://qpay.qq.com/qr/59fd05ee
2018-06-29 04:51:21 amount=10.00&merchName=SF-247&merchno=96532554110022&openId=https://qpay.qq.com/qr/59fd05ee&orderno=20272106&payType=4&remark=yesOhyes&signature=CAF3E00B5217A36519930275A3AB365D&status=1&traceno=54250320180629163909&transDate=2018-06-29&transTime=16:39:10&4BA488556C1DF6BB5645D83AC3161DAC
2018-06-29 04:51:21 EB6C4269EF110859EF6D8785FED0AD58
2018-06-29 04:51:25 notify
2018-06-29 04:51:25 request方法
2018-06-29 04:51:25 merchno=96532554110022
2018-06-29 04:51:25 remark=yesOhyes
2018-06-29 04:51:25 status=1
2018-06-29 04:51:25 traceno=54250320180629163909
2018-06-29 04:51:25 orderno=20272106
2018-06-29 04:51:25 merchName=SF-247
2018-06-29 04:51:25 channelOrderno=
2018-06-29 04:51:25 amount=10.00
2018-06-29 04:51:25 transDate=2018-06-29
2018-06-29 04:51:25 channelTraceno=
2018-06-29 04:51:25 transTime=16:39:10
2018-06-29 04:51:25 payType=4
2018-06-29 04:51:25 signature=CAF3E00B5217A36519930275A3AB365D
2018-06-29 04:51:25 openId=https://qpay.qq.com/qr/59fd05ee
2018-06-29 04:51:25 amount=10.00&merchName=SF-247&merchno=96532554110022&openId=https://qpay.qq.com/qr/59fd05ee&orderno=20272106&payType=4&remark=yesOhyes&signature=CAF3E00B5217A36519930275A3AB365D&status=1&traceno=54250320180629163909&transDate=2018-06-29&transTime=16:39:10&4BA488556C1DF6BB5645D83AC3161DAC
2018-06-29 04:51:25 EB6C4269EF110859EF6D8785FED0AD58
2018-06-29 07:51:15 notify
2018-06-29 07:51:15 request方法
2018-06-29 07:51:15 sign=5BF9C563CAE513C6EBEBE012B9BFF2DC
2018-06-29 07:51:15 transDate=2018-06-29
2018-06-29 07:51:15 transAmount=10.00
2018-06-29 07:51:15 remark=yesOhyes
2018-06-29 07:51:15 transTime=16:39:10
2018-06-29 07:51:15 merchantNumber=96532554110022
2018-06-29 07:51:15 payWay=qq
2018-06-29 07:51:15 transNo=54250320180629163909
2018-06-29 07:51:15 transStatus=1
2018-06-29 07:51:15 systemno=20272106
2018-06-29 07:51:15 非法提交参数
2018-06-29 07:51:27 notify
2018-06-29 07:51:27 request方法
2018-06-29 07:51:27 sign=5BF9C563CAE513C6EBEBE012B9BFF2DC
2018-06-29 07:51:27 transDate=2018-06-29
2018-06-29 07:51:27 transAmount=10.00
2018-06-29 07:51:27 remark=yesOhyes
2018-06-29 07:51:27 transTime=16:39:10
2018-06-29 07:51:27 merchantNumber=96532554110022
2018-06-29 07:51:27 payWay=qq
2018-06-29 07:51:27 transNo=54250320180629163909
2018-06-29 07:51:27 transStatus=1
2018-06-29 07:51:27 systemno=20272106
2018-06-29 07:51:27 非法提交参数
2018-06-29 07:51:46 notify
2018-06-29 07:51:46 request方法
2018-06-29 07:51:46 sign=5BF9C563CAE513C6EBEBE012B9BFF2DC
2018-06-29 07:51:46 transDate=2018-06-29
2018-06-29 07:51:46 transAmount=10.00
2018-06-29 07:51:46 remark=yesOhyes
2018-06-29 07:51:46 transTime=16:39:10
2018-06-29 07:51:46 merchantNumber=96532554110022
2018-06-29 07:51:46 payWay=qq
2018-06-29 07:51:46 transNo=54250320180629163909
2018-06-29 07:51:46 transStatus=1
2018-06-29 07:51:46 systemno=20272106
2018-06-29 07:51:46 非法提交参数
2018-06-29 07:51:58 notify
2018-06-29 07:51:58 request方法
2018-06-29 07:51:58 sign=5BF9C563CAE513C6EBEBE012B9BFF2DC
2018-06-29 07:51:58 transDate=2018-06-29
2018-06-29 07:51:58 transAmount=10.00
2018-06-29 07:51:58 remark=yesOhyes
2018-06-29 07:51:58 transTime=16:39:10
2018-06-29 07:51:58 merchantNumber=96532554110022
2018-06-29 07:51:58 payWay=qq
2018-06-29 07:51:58 transNo=54250320180629163909
2018-06-29 07:51:58 transStatus=1
2018-06-29 07:51:58 systemno=20272106
2018-06-29 07:51:58 非法提交参数
2018-06-29 07:52:14 notify
2018-06-29 07:52:14 request方法
2018-06-29 07:52:14 sign=5BF9C563CAE513C6EBEBE012B9BFF2DC
2018-06-29 07:52:14 transDate=2018-06-29
2018-06-29 07:52:14 transAmount=10.00
2018-06-29 07:52:14 remark=yesOhyes
2018-06-29 07:52:14 transTime=16:39:10
2018-06-29 07:52:14 merchantNumber=96532554110022
2018-06-29 07:52:14 payWay=qq
2018-06-29 07:52:14 transNo=54250320180629163909
2018-06-29 07:52:14 transStatus=1
2018-06-29 07:52:14 systemno=20272106
2018-06-29 07:52:14 非法提交参数
2018-06-29 07:53:03 notify
2018-06-29 07:53:03 request方法
2018-06-29 07:53:03 sign=5BF9C563CAE513C6EBEBE012B9BFF2DC
2018-06-29 07:53:03 transDate=2018-06-29
2018-06-29 07:53:03 transAmount=10.00
2018-06-29 07:53:03 remark=yesOhyes
2018-06-29 07:53:03 transTime=16:39:10
2018-06-29 07:53:03 merchantNumber=96532554110022
2018-06-29 07:53:03 payWay=qq
2018-06-29 07:53:03 transNo=54250320180629163909
2018-06-29 07:53:03 transStatus=1
2018-06-29 07:53:03 systemno=20272106
2018-06-29 07:53:03 非法提交参数
2018-06-29 07:53:17 notify
2018-06-29 07:53:17 request方法
2018-06-29 07:53:17 sign=5BF9C563CAE513C6EBEBE012B9BFF2DC
2018-06-29 07:53:17 transDate=2018-06-29
2018-06-29 07:53:17 transAmount=10.00
2018-06-29 07:53:17 remark=yesOhyes
2018-06-29 07:53:17 transTime=16:39:10
2018-06-29 07:53:17 merchantNumber=96532554110022
2018-06-29 07:53:17 payWay=qq
2018-06-29 07:53:17 transNo=54250320180629163909
2018-06-29 07:53:17 transStatus=1
2018-06-29 07:53:17 systemno=20272106
2018-06-29 07:53:17 非法提交参数
2018-06-29 07:53:31 notify
2018-06-29 07:53:31 request方法
2018-06-29 07:53:31 sign=5BF9C563CAE513C6EBEBE012B9BFF2DC
2018-06-29 07:53:31 transDate=2018-06-29
2018-06-29 07:53:31 transAmount=10.00
2018-06-29 07:53:31 remark=yesOhyes
2018-06-29 07:53:31 transTime=16:39:10
2018-06-29 07:53:31 merchantNumber=96532554110022
2018-06-29 07:53:31 payWay=qq
2018-06-29 07:53:31 transNo=54250320180629163909
2018-06-29 07:53:31 transStatus=1
2018-06-29 07:53:31 systemno=20272106
2018-06-29 07:53:31 非法提交参数
2018-06-29 07:53:47 notify
2018-06-29 07:53:47 request方法
2018-06-29 07:53:47 sign=5BF9C563CAE513C6EBEBE012B9BFF2DC
2018-06-29 07:53:47 transDate=2018-06-29
2018-06-29 07:53:47 transAmount=10.00
2018-06-29 07:53:47 remark=yesOhyes
2018-06-29 07:53:47 transTime=16:39:10
2018-06-29 07:53:47 merchantNumber=96532554110022
2018-06-29 07:53:47 payWay=qq
2018-06-29 07:53:47 transNo=54250320180629163909
2018-06-29 07:53:47 transStatus=1
2018-06-29 07:53:47 systemno=20272106
2018-06-29 07:53:47 非法提交参数
2018-06-29 07:54:03 notify
2018-06-29 07:54:03 request方法
2018-06-29 07:54:03 sign=5BF9C563CAE513C6EBEBE012B9BFF2DC
2018-06-29 07:54:03 transDate=2018-06-29
2018-06-29 07:54:03 transAmount=10.00
2018-06-29 07:54:03 remark=yesOhyes
2018-06-29 07:54:03 transTime=16:39:10
2018-06-29 07:54:03 merchantNumber=96532554110022
2018-06-29 07:54:03 payWay=qq
2018-06-29 07:54:03 transNo=54250320180629163909
2018-06-29 07:54:03 transStatus=1
2018-06-29 07:54:03 systemno=20272106
2018-06-29 07:54:03 非法提交参数
2018-06-29 07:54:29 notify
2018-06-29 07:54:29 request方法
2018-06-29 07:54:29 sign=5BF9C563CAE513C6EBEBE012B9BFF2DC
2018-06-29 07:54:29 transDate=2018-06-29
2018-06-29 07:54:29 transAmount=10.00
2018-06-29 07:54:29 remark=yesOhyes
2018-06-29 07:54:29 transTime=16:39:10
2018-06-29 07:54:29 merchantNumber=96532554110022
2018-06-29 07:54:29 payWay=qq
2018-06-29 07:54:29 transNo=54250320180629163909
2018-06-29 07:54:29 transStatus=1
2018-06-29 07:54:29 systemno=20272106
2018-06-29 07:54:29 非法提交参数
2018-06-29 07:54:46 notify
2018-06-29 07:54:46 request方法
2018-06-29 07:54:46 sign=5BF9C563CAE513C6EBEBE012B9BFF2DC
2018-06-29 07:54:46 transDate=2018-06-29
2018-06-29 07:54:46 transAmount=10.00
2018-06-29 07:54:46 remark=yesOhyes
2018-06-29 07:54:46 transTime=16:39:10
2018-06-29 07:54:46 merchantNumber=96532554110022
2018-06-29 07:54:46 payWay=qq
2018-06-29 07:54:46 transNo=54250320180629163909
2018-06-29 07:54:46 transStatus=1
2018-06-29 07:54:46 systemno=20272106
2018-06-29 07:54:46 非法提交参数
2018-06-29 07:55:01 notify
2018-06-29 07:55:01 request方法
2018-06-29 07:55:01 sign=5BF9C563CAE513C6EBEBE012B9BFF2DC
2018-06-29 07:55:01 transDate=2018-06-29
2018-06-29 07:55:01 transAmount=10.00
2018-06-29 07:55:01 remark=yesOhyes
2018-06-29 07:55:01 transTime=16:39:10
2018-06-29 07:55:01 merchantNumber=96532554110022
2018-06-29 07:55:01 payWay=qq
2018-06-29 07:55:01 transNo=54250320180629163909
2018-06-29 07:55:01 transStatus=1
2018-06-29 07:55:01 systemno=20272106
2018-06-29 07:55:01 非法提交参数
2018-06-29 07:55:15 notify
2018-06-29 07:55:15 request方法
2018-06-29 07:55:15 sign=5BF9C563CAE513C6EBEBE012B9BFF2DC
2018-06-29 07:55:15 transDate=2018-06-29
2018-06-29 07:55:15 transAmount=10.00
2018-06-29 07:55:15 remark=yesOhyes
2018-06-29 07:55:15 transTime=16:39:10
2018-06-29 07:55:15 merchantNumber=96532554110022
2018-06-29 07:55:15 payWay=qq
2018-06-29 07:55:15 transNo=54250320180629163909
2018-06-29 07:55:15 transStatus=1
2018-06-29 07:55:15 systemno=20272106
2018-06-29 07:55:15 非法提交参数
2018-06-29 07:55:29 notify
2018-06-29 07:55:29 request方法
2018-06-29 07:55:29 sign=5BF9C563CAE513C6EBEBE012B9BFF2DC
2018-06-29 07:55:29 transDate=2018-06-29
2018-06-29 07:55:29 transAmount=10.00
2018-06-29 07:55:29 remark=yesOhyes
2018-06-29 07:55:29 transTime=16:39:10
2018-06-29 07:55:29 merchantNumber=96532554110022
2018-06-29 07:55:29 payWay=qq
2018-06-29 07:55:29 transNo=54250320180629163909
2018-06-29 07:55:29 transStatus=1
2018-06-29 07:55:29 systemno=20272106
2018-06-29 07:55:29 非法提交参数
