2018-06-29 23:18:46 notify
2018-06-29 23:18:46 request方法
2018-06-29 23:18:46 sign=66BFED910443845F5BD5C892AC4852FB
2018-06-29 23:18:46 transDate=2018-06-30
2018-06-29 23:18:46 transAmount=10.00
2018-06-29 23:18:46 remark=yesOhyes
2018-06-29 23:18:46 transTime=11:17:49
2018-06-29 23:18:46 merchantNumber=96532554110022
2018-06-29 23:18:46 payWay=qq
2018-06-29 23:18:46 transNo=69405020180630111749
2018-06-29 23:18:46 transStatus=1
2018-06-29 23:18:46 systemno=20272293
2018-06-29 23:18:46 merchantNumber=96532554110022&payWay=qq&remark=yesOhyes&systemno=20272293&transAmount=10.00&transDate=2018-06-30&transNo=69405020180630111749&transStatus=1&transTime=11:17:49&4BA488556C1DF6BB5645D83AC3161DAC
2018-06-29 23:18:46 66BFED910443845F5BD5C892AC4852FB
2018-06-29 23:19:01 notify
2018-06-29 23:19:01 request方法
2018-06-29 23:19:01 sign=66BFED910443845F5BD5C892AC4852FB
2018-06-29 23:19:01 transDate=2018-06-30
2018-06-29 23:19:01 transAmount=10.00
2018-06-29 23:19:01 remark=yesOhyes
2018-06-29 23:19:01 transTime=11:17:49
2018-06-29 23:19:01 merchantNumber=96532554110022
2018-06-29 23:19:01 payWay=qq
2018-06-29 23:19:01 transNo=69405020180630111749
2018-06-29 23:19:01 transStatus=1
2018-06-29 23:19:01 systemno=20272293
2018-06-29 23:19:01 merchantNumber=96532554110022&payWay=qq&remark=yesOhyes&systemno=20272293&transAmount=10.00&transDate=2018-06-30&transNo=69405020180630111749&transStatus=1&transTime=11:17:49&4BA488556C1DF6BB5645D83AC3161DAC
2018-06-29 23:19:01 66BFED910443845F5BD5C892AC4852FB
2018-06-29 23:19:16 notify
2018-06-29 23:19:16 request方法
2018-06-29 23:19:16 sign=66BFED910443845F5BD5C892AC4852FB
2018-06-29 23:19:16 transDate=2018-06-30
2018-06-29 23:19:16 transAmount=10.00
2018-06-29 23:19:16 remark=yesOhyes
2018-06-29 23:19:16 transTime=11:17:49
2018-06-29 23:19:16 merchantNumber=96532554110022
2018-06-29 23:19:16 payWay=qq
2018-06-29 23:19:16 transNo=69405020180630111749
2018-06-29 23:19:16 transStatus=1
2018-06-29 23:19:16 systemno=20272293
2018-06-29 23:19:16 merchantNumber=96532554110022&payWay=qq&remark=yesOhyes&systemno=20272293&transAmount=10.00&transDate=2018-06-30&transNo=69405020180630111749&transStatus=1&transTime=11:17:49&4BA488556C1DF6BB5645D83AC3161DAC
2018-06-29 23:19:16 66BFED910443845F5BD5C892AC4852FB
2018-06-29 23:19:31 notify
2018-06-29 23:19:31 request方法
2018-06-29 23:19:31 sign=66BFED910443845F5BD5C892AC4852FB
2018-06-29 23:19:31 transDate=2018-06-30
2018-06-29 23:19:31 transAmount=10.00
2018-06-29 23:19:31 remark=yesOhyes
2018-06-29 23:19:31 transTime=11:17:49
2018-06-29 23:19:31 merchantNumber=96532554110022
2018-06-29 23:19:31 payWay=qq
2018-06-29 23:19:31 transNo=69405020180630111749
2018-06-29 23:19:31 transStatus=1
2018-06-29 23:19:31 systemno=20272293
2018-06-29 23:19:31 merchantNumber=96532554110022&payWay=qq&remark=yesOhyes&systemno=20272293&transAmount=10.00&transDate=2018-06-30&transNo=69405020180630111749&transStatus=1&transTime=11:17:49&4BA488556C1DF6BB5645D83AC3161DAC
2018-06-29 23:19:31 66BFED910443845F5BD5C892AC4852FB
2018-06-29 23:19:46 notify
2018-06-29 23:19:46 request方法
2018-06-29 23:19:46 sign=66BFED910443845F5BD5C892AC4852FB
2018-06-29 23:19:46 transDate=2018-06-30
2018-06-29 23:19:46 transAmount=10.00
2018-06-29 23:19:46 remark=yesOhyes
2018-06-29 23:19:46 transTime=11:17:49
2018-06-29 23:19:46 merchantNumber=96532554110022
2018-06-29 23:19:46 payWay=qq
2018-06-29 23:19:46 transNo=69405020180630111749
2018-06-29 23:19:46 transStatus=1
2018-06-29 23:19:46 systemno=20272293
2018-06-29 23:19:46 merchantNumber=96532554110022&payWay=qq&remark=yesOhyes&systemno=20272293&transAmount=10.00&transDate=2018-06-30&transNo=69405020180630111749&transStatus=1&transTime=11:17:49&4BA488556C1DF6BB5645D83AC3161DAC
2018-06-29 23:19:46 66BFED910443845F5BD5C892AC4852FB
