2018-08-10 00:03:41 return
2018-08-10 01:18:00 notify
2018-08-10 01:18:00 spid=9121
2018-08-10 01:18:00 md5=DBFC97AF60E6D937486433EC4ABEE2C0
2018-08-10 01:18:00 oid=10138576
2018-08-10 01:18:00 sporder=69297920180810011744
2018-08-10 01:18:00 mz=1.00
2018-08-10 01:18:00 zdy=
2018-08-10 01:18:00 spuid=123jia
2018-08-10 01:18:00 signtext=101385766929792018081001174491211.00a91db2d577ea4e6185
2018-08-10 01:18:00 mysign=DBFC97AF60E6D937486433EC4ABEE2C0
2018-08-10 01:18:00 okat 1
2018-08-10 01:56:39 return
2018-08-10 01:56:51 notify
2018-08-10 01:56:51 spid=9117
2018-08-10 01:56:51 md5=4E7D8B1C34EDDB603D0E5B1A1C504A3A
2018-08-10 01:56:51 oid=10139344
2018-08-10 01:56:51 sporder=25057720180810015603
2018-08-10 01:56:51 mz=1.00
2018-08-10 01:56:51 zdy=
2018-08-10 01:56:51 spuid=123jia
2018-08-10 01:56:51 signtext=101393442505772018081001560391171.00e014a122d76748b5b7
2018-08-10 01:56:51 mysign=4E7D8B1C34EDDB603D0E5B1A1C504A3A
2018-08-10 01:56:51 okat 1
