2018-09-19 02:43:14 notify
2018-09-19 02:43:14 request方法
2018-09-19 02:43:14 order_id=51632120180919024300
2018-09-19 02:43:14 order_uid=
2018-09-19 02:43:14 pay_num=H919393745712805
2018-09-19 02:43:14 price=10.00
2018-09-19 02:43:14 transaction_id=
2018-09-19 02:43:14 code=0000
2018-09-19 02:43:14 key=41e60e02200002d178040ea96d58c2ac
2018-09-19 02:43:14 sign=a644c50cda950b8ce6a96f60fac4139a
2018-09-19 02:43:14 msg=success
2018-09-19 02:43:14 post方法
2018-09-19 02:43:14 order_id=51632120180919024300
2018-09-19 02:43:14 order_uid=
2018-09-19 02:43:14 pay_num=H919393745712805
2018-09-19 02:43:14 price=10.00
2018-09-19 02:43:14 transaction_id=
2018-09-19 02:43:14 code=0000
2018-09-19 02:43:14 key=41e60e02200002d178040ea96d58c2ac
2018-09-19 02:43:14 sign=a644c50cda950b8ce6a96f60fac4139a
2018-09-19 02:43:14 msg=success
2018-09-19 02:43:14 input方法
2018-09-19 02:43:14 
2018-09-19 02:43:14 order_id=51632120180919024300
2018-09-19 02:43:14 order_uid=
2018-09-19 02:43:14 pay_num=H919393745712805
2018-09-19 02:43:14 price=10.00
2018-09-19 02:43:14 transaction_id=
2018-09-19 02:43:14 code=0000
2018-09-19 02:43:14 key=41e60e02200002d178040ea96d58c2ac
2018-09-19 02:43:14 sign=a644c50cda950b8ce6a96f60fac4139a
2018-09-19 02:43:14 msg=success
2018-09-19 02:43:14 signtext=5163212018091902430010.003183a483baeac69173d0774178b9b2d239c56727
2018-09-19 02:43:14 mysign=a644c50cda950b8ce6a96f60fac4139a
2018-09-19 02:43:14 successat 1
2018-09-19 02:43:17 return:order_id=51632120180919024300
2018-09-19 02:44:23 return:order_id=51632120180919024300
