2018-09-18 23:54:18 notify
2018-09-18 23:54:18 request方法
2018-09-18 23:54:18 order_id=61267520180918235400
2018-09-18 23:54:18 order_uid=
2018-09-18 23:54:18 pay_num=H919292340710919
2018-09-18 23:54:18 price=10.00
2018-09-18 23:54:18 transaction_id=
2018-09-18 23:54:18 code=0000
2018-09-18 23:54:18 key=8933a5ab22fe5033380df2e6a722fb63
2018-09-18 23:54:18 sign=b6a034bc232df24f8de48f88c6d8f4ca
2018-09-18 23:54:18 msg=success
2018-09-18 23:54:18 post方法
2018-09-18 23:54:18 order_id=61267520180918235400
2018-09-18 23:54:18 order_uid=
2018-09-18 23:54:18 pay_num=H919292340710919
2018-09-18 23:54:18 price=10.00
2018-09-18 23:54:18 transaction_id=
2018-09-18 23:54:18 code=0000
2018-09-18 23:54:18 key=8933a5ab22fe5033380df2e6a722fb63
2018-09-18 23:54:18 sign=b6a034bc232df24f8de48f88c6d8f4ca
2018-09-18 23:54:18 msg=success
2018-09-18 23:54:18 input方法
2018-09-18 23:54:18 
2018-09-18 23:54:18 order_id=61267520180918235400
2018-09-18 23:54:18 order_uid=
2018-09-18 23:54:18 pay_num=H919292340710919
2018-09-18 23:54:18 price=10.00
2018-09-18 23:54:18 transaction_id=
2018-09-18 23:54:18 code=0000
2018-09-18 23:54:18 key=8933a5ab22fe5033380df2e6a722fb63
2018-09-18 23:54:18 sign=b6a034bc232df24f8de48f88c6d8f4ca
2018-09-18 23:54:18 msg=success
2018-09-18 23:54:18 signtext=6126752018091823540010.003183a483baeac69173d0774178b9b2d239c56727
2018-09-18 23:54:18 mysign=b6a034bc232df24f8de48f88c6d8f4ca
2018-09-18 23:54:18 successat 1
