2018-07-25 21:49:41 memberid=10044
2018-07-25 21:49:41 orderid=19307220180725180514
2018-07-25 21:49:41 transaction_id=201807250010246810018051837
2018-07-25 21:49:41 amount=1.00
2018-07-25 21:49:41 datetime=20180725180620
2018-07-25 21:49:41 returncode=00
2018-07-25 21:49:41 sign=FA490A5D24B3F9D489EAC3A3CB998EB4
2018-07-25 21:49:41 signtext=amount=1.00&datetime=20180725180620&memberid=10044&orderid=19307220180725180514&returncode=00&transaction_id=201807250010246810018051837&key=5wcor85va1aei43zqlftgwrfebytr2o8
2018-07-25 21:49:41 mysign=FA490A5D24B3F9D489EAC3A3CB998EB4
2018-07-25 21:49:41 OKat 0
2018-07-25 21:50:23 memberid=10044
2018-07-25 21:50:23 orderid=19307220180725180514
2018-07-25 21:50:23 transaction_id=201807250010246810018051837
2018-07-25 21:50:23 amount=1.00
2018-07-25 21:50:23 datetime=20180725180620
2018-07-25 21:50:23 returncode=00
2018-07-25 21:50:23 sign=FA490A5D24B3F9D489EAC3A3CB998EB4
2018-07-25 21:50:23 signtext=amount=1.00&datetime=20180725180620&memberid=10044&orderid=19307220180725180514&returncode=00&transaction_id=201807250010246810018051837&key=5wcor85va1aei43zqlftgwrfebytr2o8
2018-07-25 21:50:23 mysign=FA490A5D24B3F9D489EAC3A3CB998EB4
2018-07-25 21:50:23 OKat 0
2018-07-25 22:08:14 memberid=10044
2018-07-25 22:08:14 orderid=37312620180726100736
2018-07-25 22:08:14 transaction_id=201807260010875100010073748
2018-07-25 22:08:14 amount=10.00
2018-07-25 22:08:14 datetime=20180726100814
2018-07-25 22:08:14 returncode=00
2018-07-25 22:08:14 sign=33CBB15C24FBCD4AC53D63A5DB7791FD
2018-07-25 22:08:14 attach=
2018-07-25 22:08:14 signtext=amount=10.00&datetime=20180726100814&memberid=10044&orderid=37312620180726100736&returncode=00&transaction_id=201807260010875100010073748&key=5wcor85va1aei43zqlftgwrfebytr2o8
2018-07-25 22:08:14 mysign=33CBB15C24FBCD4AC53D63A5DB7791FD
2018-07-25 22:08:14 OKat 1
