2018-09-11 02:27:07 notify
2018-09-11 02:27:07 request方法
2018-09-11 02:27:07 status=1
2018-09-11 02:27:07 customerid=11063
2018-09-11 02:27:07 sdpayno=20180911142653141050
2018-09-11 02:27:07 sdorderno=21776420180911022653
2018-09-11 02:27:07 total_fee=10.00
2018-09-11 02:27:07 paytype=weixin
2018-09-11 02:27:07 remark=
2018-09-11 02:27:07 sign=f7c47f7f0badee6f95196e70587f5722
2018-09-11 02:27:07 post方法
2018-09-11 02:27:07 status=1
2018-09-11 02:27:07 customerid=11063
2018-09-11 02:27:07 sdpayno=20180911142653141050
2018-09-11 02:27:07 sdorderno=21776420180911022653
2018-09-11 02:27:07 total_fee=10.00
2018-09-11 02:27:07 paytype=weixin
2018-09-11 02:27:07 remark=
2018-09-11 02:27:07 sign=f7c47f7f0badee6f95196e70587f5722
2018-09-11 02:27:07 input方法
2018-09-11 02:27:07 
2018-09-11 02:27:07 status=1
2018-09-11 02:27:07 customerid=11063
2018-09-11 02:27:07 sdpayno=20180911142653141050
2018-09-11 02:27:07 sdorderno=21776420180911022653
2018-09-11 02:27:07 total_fee=10.00
2018-09-11 02:27:07 paytype=weixin
2018-09-11 02:27:07 remark=
2018-09-11 02:27:07 sign=f7c47f7f0badee6f95196e70587f5722
2018-09-11 02:27:07 signtext=customerid=11063&status=1&sdpayno=20180911142653141050&sdorderno=21776420180911022653&total_fee=10.00&paytype=weixin&38d3f6f1e01e84422111fdf8f6b69c0d8a8cd79c
2018-09-11 02:27:07 mysign=f7c47f7f0badee6f95196e70587f5722
2018-09-11 02:27:07 successat 1
