2018-10-11 03:39:08 request方法
2018-10-11 03:39:08 trx_key=ixuknvjonbiq8a4tmtmacn5ybyh6qnf3
2018-10-11 03:39:08 ord_amount=10.00
2018-10-11 03:39:08 request_id=99634620181011033816
2018-10-11 03:39:08 trx_status=2
2018-10-11 03:39:08 product_type=60103
2018-10-11 03:39:08 request_time=20181011153817
2018-10-11 03:39:08 goods_name=pay
2018-10-11 03:39:08 trx_time=20181011153817
2018-10-11 03:39:08 pay_request_id=T6201810111538172457983
2018-10-11 03:39:08 remark=
2018-10-11 03:39:08 sign=8D223709D72FAA2CE3AE5B79164AEFD7
2018-10-11 03:39:08 post方法
2018-10-11 03:39:08 input方法
2018-10-11 03:39:08 
2018-10-11 03:39:08 trx_key=ixuknvjonbiq8a4tmtmacn5ybyh6qnf3
2018-10-11 03:39:08 ord_amount=10.00
2018-10-11 03:39:08 request_id=99634620181011033816
2018-10-11 03:39:08 trx_status=2
2018-10-11 03:39:08 product_type=60103
2018-10-11 03:39:08 request_time=20181011153817
2018-10-11 03:39:08 goods_name=pay
2018-10-11 03:39:08 trx_time=20181011153817
2018-10-11 03:39:08 pay_request_id=T6201810111538172457983
2018-10-11 03:39:08 remark=
2018-10-11 03:39:08 sign=8D223709D72FAA2CE3AE5B79164AEFD7
2018-10-11 03:39:08 signtext=goods_name=pay&ord_amount=10.00&pay_request_id=T6201810111538172457983&product_type=60103&request_id=99634620181011033816&request_time=20181011153817&trx_key=ixuknvjonbiq8a4tmtmacn5ybyh6qnf3&trx_status=2&trx_time=20181011153817&secret_key=093f456c6f4743bb92131053863cfcf9
2018-10-11 03:39:08 mysign=8D223709D72FAA2CE3AE5B79164AEFD7
2018-10-11 03:39:08 SUCCESSat 1
