2018-07-05 05:25:07 request方法
2018-07-05 05:25:07 productDesc=
2018-07-05 05:25:07 orderAmount=100
2018-07-05 05:25:07 orderNo=31572120180705172431
2018-07-05 05:25:07 wtfOrderNo=200000004771714
2018-07-05 05:25:07 payTime=2018-07-05 17:25:00
2018-07-05 05:25:07 sign=9e5463e692de941424d9cb3be1a59e6f
2018-07-05 05:25:07 orderStatus=SUCCESS
2018-07-05 05:25:07 remark=
2018-07-05 05:25:07 productName=
2018-07-05 05:25:07 merchantNo=32413110017549
2018-07-05 05:25:07 post方法
2018-07-05 05:25:07 productDesc=
2018-07-05 05:25:07 orderAmount=100
2018-07-05 05:25:07 orderNo=31572120180705172431
2018-07-05 05:25:07 wtfOrderNo=200000004771714
2018-07-05 05:25:07 payTime=2018-07-05 17:25:00
2018-07-05 05:25:07 sign=9e5463e692de941424d9cb3be1a59e6f
2018-07-05 05:25:07 orderStatus=SUCCESS
2018-07-05 05:25:07 remark=
2018-07-05 05:25:07 productName=
2018-07-05 05:25:07 merchantNo=32413110017549
2018-07-05 05:25:07 input方法
2018-07-05 05:25:07 productDesc&orderAmount=100&orderNo=31572120180705172431&wtfOrderNo=200000004771714&payTime=2018-07-05+17%3A25%3A00&sign=9e5463e692de941424d9cb3be1a59e6f&orderStatus=SUCCESS&remark=&productName&merchantNo=32413110017549
2018-07-05 05:25:07 productDesc=
2018-07-05 05:25:07 orderAmount=100
2018-07-05 05:25:07 orderNo=31572120180705172431
2018-07-05 05:25:07 wtfOrderNo=200000004771714
2018-07-05 05:25:07 payTime=2018-07-05 17:25:00
2018-07-05 05:25:07 sign=9e5463e692de941424d9cb3be1a59e6f
2018-07-05 05:25:07 orderStatus=SUCCESS
2018-07-05 05:25:07 remark=
2018-07-05 05:25:07 productName=
2018-07-05 05:25:07 merchantNo=32413110017549
2018-07-05 05:25:07 signtext=merchantNo=32413110017549&orderAmount=100&orderNo=31572120180705172431&orderStatus=SUCCESS&payTime=2018-07-05 17:25:00&wtfOrderNo=200000004771714krlyoicrvojlkjlxen6bap0ibtxbgyd0
2018-07-05 05:25:07 mysign=9e5463e692de941424d9cb3be1a59e6f
2018-07-05 05:25:07 OKat 1
