2018-08-09 01:28:23 request方法
2018-08-09 01:28:23 fxid=2018180
2018-08-09 01:28:23 fxddh=20935220180809012725
2018-08-09 01:28:23 fxorder=2018080908324433
2018-08-09 01:28:23 fxdesc=fxdesc
2018-08-09 01:28:23 fxfee=1.00
2018-08-09 01:28:23 fxattch=
2018-08-09 01:28:23 fxstatus=1
2018-08-09 01:28:23 fxtime=1533792502
2018-08-09 01:28:23 fxsign=61efe13593eefd0bc12c695fcb5d8100
2018-08-09 01:28:23 post方法
2018-08-09 01:28:23 fxid=2018180
2018-08-09 01:28:23 fxddh=20935220180809012725
2018-08-09 01:28:23 fxorder=2018080908324433
2018-08-09 01:28:23 fxdesc=fxdesc
2018-08-09 01:28:23 fxfee=1.00
2018-08-09 01:28:23 fxattch=
2018-08-09 01:28:23 fxstatus=1
2018-08-09 01:28:23 fxtime=1533792502
2018-08-09 01:28:23 fxsign=61efe13593eefd0bc12c695fcb5d8100
2018-08-09 01:28:23 input方法
2018-08-09 01:28:23 
2018-08-09 01:28:23 fxid=2018180
2018-08-09 01:28:23 fxddh=20935220180809012725
2018-08-09 01:28:23 fxorder=2018080908324433
2018-08-09 01:28:23 fxdesc=fxdesc
2018-08-09 01:28:23 fxfee=1.00
2018-08-09 01:28:23 fxattch=
2018-08-09 01:28:23 fxstatus=1
2018-08-09 01:28:23 fxtime=1533792502
2018-08-09 01:28:23 fxsign=61efe13593eefd0bc12c695fcb5d8100
2018-08-09 01:28:23 signtext=12018180209352201808090127251.00mZrLCqeGgOuHgJpWOwxwbmIbjNvkYVFZ
2018-08-09 01:28:23 mysign=61efe13593eefd0bc12c695fcb5d8100
2018-08-09 01:28:23 successat 1
