2018-09-21 06:22:33 notify
2018-09-21 06:22:33 request方法
2018-09-21 06:22:33 attach=
2018-09-21 06:22:33 mch_id=1000019
2018-09-21 06:22:33 time_end=00010101000000
2018-09-21 06:22:33 transtypeid=101269
2018-09-21 06:22:33 out_trade_no=10436820180921062217
2018-09-21 06:22:33 transaction_id=1809211822180878463820544048
2018-09-21 06:22:33 ordernumber=1809211822180878463820544048
2018-09-21 06:22:33 way=pay
2018-09-21 06:22:33 total_fee=100.00
2018-09-21 06:22:33 device_info=
2018-09-21 06:22:33 service=al
2018-09-21 06:22:33 result_code=0
2018-09-21 06:22:33 sign=8C5EC580CE0149551FFB88FD1B56C19D
2018-09-21 06:22:33 post方法
2018-09-21 06:22:33 input方法
2018-09-21 06:22:33 
2018-09-21 06:22:33 attach=
2018-09-21 06:22:33 mch_id=1000019
2018-09-21 06:22:33 time_end=00010101000000
2018-09-21 06:22:33 transtypeid=101269
2018-09-21 06:22:33 out_trade_no=10436820180921062217
2018-09-21 06:22:33 transaction_id=1809211822180878463820544048
2018-09-21 06:22:33 ordernumber=1809211822180878463820544048
2018-09-21 06:22:33 way=pay
2018-09-21 06:22:33 total_fee=100.00
2018-09-21 06:22:33 device_info=
2018-09-21 06:22:33 service=al
2018-09-21 06:22:33 result_code=0
2018-09-21 06:22:33 sign=8C5EC580CE0149551FFB88FD1B56C19D
2018-09-21 06:22:33 signtext=1000019000101010000001043682018092106221718092118221808784638205440481012691809211822180878463820544048100.00alpay0f0f58574d4704ee1b43fb8cd7a997210
2018-09-21 06:22:33 mysign=8C5EC580CE0149551FFB88FD1B56C19D
2018-09-21 06:22:33 SUCCESSat 1
2018-09-21 06:22:33 return:device_info=
2018-09-21 06:22:33 return:attach=
2018-09-21 06:22:33 return:mch_id=1000019
2018-09-21 06:22:33 return:time_end=00010101000000
2018-09-21 06:22:33 return:transtypeid=101269
2018-09-21 06:22:33 return:out_trade_no=10436820180921062217
2018-09-21 06:22:33 return:transaction_id=1809211822181871480841141520
2018-09-21 06:22:33 return:ordernumber=1809211822180878463820544048
2018-09-21 06:22:33 return:way=pay
2018-09-21 06:22:33 return:total_fee=100.00
2018-09-21 06:22:33 return:service=al
2018-09-21 06:22:33 return:result_code=0
2018-09-21 06:22:33 return:sign=DE8D1643ABF2D2417FA21DB9BFDCDF3C
2018-09-21 06:22:33 signtext=1000019000101010000001043682018092106221718092118221808784638205440481012691809211822181871480841141520100.00alpay0f0f58574d4704ee1b43fb8cd7a997210
2018-09-21 06:22:33 mysign=DE8D1643ABF2D2417FA21DB9BFDCDF3C
