2018-08-23 01:17:50 request方法
2018-08-23 01:17:50 amount=1.00
2018-08-23 01:17:50 clientIp=202.131.86.252
2018-08-23 01:17:50 extra=
2018-08-23 01:17:50 merId=IID016
2018-08-23 01:17:50 merchantNo=87249920180823011630
2018-08-23 01:17:50 orderNo=M201808239940000103
2018-08-23 01:17:50 realAmount=1.00
2018-08-23 01:17:50 sign=D2EA58E6F88EF0A1397B11716AEADFAB
2018-08-23 01:17:50 tradeDate=20180823131750
2018-08-23 01:17:50 post方法
2018-08-23 01:17:50 amount=1.00
2018-08-23 01:17:50 clientIp=202.131.86.252
2018-08-23 01:17:50 extra=
2018-08-23 01:17:50 merId=IID016
2018-08-23 01:17:50 merchantNo=87249920180823011630
2018-08-23 01:17:50 orderNo=M201808239940000103
2018-08-23 01:17:50 realAmount=1.00
2018-08-23 01:17:50 sign=D2EA58E6F88EF0A1397B11716AEADFAB
2018-08-23 01:17:50 tradeDate=20180823131750
2018-08-23 01:17:50 input方法
2018-08-23 01:17:50 amount=1.00&clientIp=202.131.86.252&extra&merId=IID016&merchantNo=87249920180823011630&orderNo=M201808239940000103&realAmount=1.00&sign=D2EA58E6F88EF0A1397B11716AEADFAB&tradeDate=20180823131750
2018-08-23 01:17:50 amount=1.00
2018-08-23 01:17:50 clientIp=202.131.86.252
2018-08-23 01:17:50 extra=
2018-08-23 01:17:50 merId=IID016
2018-08-23 01:17:50 merchantNo=87249920180823011630
2018-08-23 01:17:50 orderNo=M201808239940000103
2018-08-23 01:17:50 realAmount=1.00
2018-08-23 01:17:50 sign=D2EA58E6F88EF0A1397B11716AEADFAB
2018-08-23 01:17:50 tradeDate=20180823131750
2018-08-23 01:17:50 signtext=amount=1.00&merId=IID016&merchantNo=87249920180823011630&orderNo=M201808239940000103&realAmount=1.00&tradeDate=20180823131750&key=318B242295806E040C0EA662A8B167EA
2018-08-23 01:17:50 mysign=D2EA58E6F88EF0A1397B11716AEADFAB
2018-08-23 01:17:50 MyPayat 1
