2018-08-23 01:22:48 request方法
2018-08-23 01:22:48 amount=1.00
2018-08-23 01:22:48 clientIp=202.131.86.252
2018-08-23 01:22:48 extra=
2018-08-23 01:22:48 merId=IID016
2018-08-23 01:22:48 merchantNo=72346720180823012139
2018-08-23 01:22:48 orderNo=M201808239940000106
2018-08-23 01:22:48 realAmount=1.00
2018-08-23 01:22:48 sign=EE168CFA5FC09DA8C2824A867EB536CF
2018-08-23 01:22:48 tradeDate=20180823132248
2018-08-23 01:22:48 post方法
2018-08-23 01:22:48 amount=1.00
2018-08-23 01:22:48 clientIp=202.131.86.252
2018-08-23 01:22:48 extra=
2018-08-23 01:22:48 merId=IID016
2018-08-23 01:22:48 merchantNo=72346720180823012139
2018-08-23 01:22:48 orderNo=M201808239940000106
2018-08-23 01:22:48 realAmount=1.00
2018-08-23 01:22:48 sign=EE168CFA5FC09DA8C2824A867EB536CF
2018-08-23 01:22:48 tradeDate=20180823132248
2018-08-23 01:22:48 input方法
2018-08-23 01:22:48 amount=1.00&clientIp=202.131.86.252&extra&merId=IID016&merchantNo=72346720180823012139&orderNo=M201808239940000106&realAmount=1.00&sign=EE168CFA5FC09DA8C2824A867EB536CF&tradeDate=20180823132248
2018-08-23 01:22:48 amount=1.00
2018-08-23 01:22:48 clientIp=202.131.86.252
2018-08-23 01:22:48 extra=
2018-08-23 01:22:48 merId=IID016
2018-08-23 01:22:48 merchantNo=72346720180823012139
2018-08-23 01:22:48 orderNo=M201808239940000106
2018-08-23 01:22:48 realAmount=1.00
2018-08-23 01:22:48 sign=EE168CFA5FC09DA8C2824A867EB536CF
2018-08-23 01:22:48 tradeDate=20180823132248
2018-08-23 01:22:48 signtext=amount=1.00&merId=IID016&merchantNo=72346720180823012139&orderNo=M201808239940000106&realAmount=1.00&tradeDate=20180823132248&key=318B242295806E040C0EA662A8B167EA
2018-08-23 01:22:48 mysign=EE168CFA5FC09DA8C2824A867EB536CF
2018-08-23 01:22:48 MyPayat 1
