2018-07-23 23:48:42 notify
2018-07-23 23:48:42 request方法
2018-07-23 23:48:42 status=1
2018-07-23 23:48:42 customerid=6553
2018-07-23 23:48:42 sdpayno=m2018072411475562569
2018-07-23 23:48:42 sdorderno=86683920180724114753
2018-07-23 23:48:42 total_fee=1.00
2018-07-23 23:48:42 paytype=weixin
2018-07-23 23:48:42 remark=
2018-07-23 23:48:42 sign=fed624ea1a2ee13f1bc1c5648422d2b0
2018-07-23 23:48:42 post方法
2018-07-23 23:48:42 status=1
2018-07-23 23:48:42 customerid=6553
2018-07-23 23:48:42 sdpayno=m2018072411475562569
2018-07-23 23:48:42 sdorderno=86683920180724114753
2018-07-23 23:48:42 total_fee=1.00
2018-07-23 23:48:42 paytype=weixin
2018-07-23 23:48:42 remark=
2018-07-23 23:48:42 sign=fed624ea1a2ee13f1bc1c5648422d2b0
2018-07-23 23:48:42 input方法
2018-07-23 23:48:42 
2018-07-23 23:48:42 status=1
2018-07-23 23:48:42 customerid=6553
2018-07-23 23:48:42 sdpayno=m2018072411475562569
2018-07-23 23:48:42 sdorderno=86683920180724114753
2018-07-23 23:48:42 total_fee=1.00
2018-07-23 23:48:42 paytype=weixin
2018-07-23 23:48:42 remark=
2018-07-23 23:48:42 sign=fed624ea1a2ee13f1bc1c5648422d2b0
2018-07-23 23:48:42 signtext=customerid=6553&status=1&sdpayno=m2018072411475562569&sdorderno=86683920180724114753&total_fee=1.00&paytype=weixin&95ac61487e118eee02f042ba33ba30ab9adc27fe
2018-07-23 23:48:42 mysign=fed624ea1a2ee13f1bc1c5648422d2b0
2018-07-23 23:48:42 successat 1
