2018-10-07 03:18:38 notify
2018-10-07 03:18:38 type=alipay
2018-10-07 03:18:38 money=1.00
2018-10-07 03:18:38 extend=pay
2018-10-07 03:18:38 out_order_id=43410120181007151813
2018-10-07 03:18:38 no=2018100722001464450500164447
2018-10-07 03:18:38 pid=18720
2018-10-07 03:18:38 sign=0ba7bc2a6f481ed2dccfbb5b83cb9750
2018-10-07 03:18:38 signtext=18720alipay20181007220014644505001644471.00pay43410120181007151813a47c95e9de90bfd515bfa15d6fd1966c
2018-10-07 03:18:38 mysign=0ba7bc2a6f481ed2dccfbb5b83cb9750
2018-10-07 03:18:39 successat 1
2018-10-07 03:21:03 notify
2018-10-07 03:21:03 type=alipay
2018-10-07 03:21:03 money=1.00
2018-10-07 03:21:03 extend=pay
2018-10-07 03:21:03 out_order_id=72423220181007151232
2018-10-07 03:21:03 no=2018100722001464450501453649
2018-10-07 03:21:03 pid=18720
2018-10-07 03:21:03 sign=308da7898bf0b2f0d50ccd96753d65f8
2018-10-07 03:21:03 signtext=18720alipay20181007220014644505014536491.00pay72423220181007151232a47c95e9de90bfd515bfa15d6fd1966c
2018-10-07 03:21:03 mysign=308da7898bf0b2f0d50ccd96753d65f8
2018-10-07 03:21:03 successat 1
