2018-08-20 23:17:48 request方法
2018-08-20 23:17:48 memberid=10008766
2018-08-20 23:17:48 orderid=58654620180820231721
2018-08-20 23:17:48 transaction_id=20180821111722505310
2018-08-20 23:17:48 amount=1.00
2018-08-20 23:17:48 datetime=20180821111748
2018-08-20 23:17:48 returncode=00
2018-08-20 23:17:48 sign=95B2ED5FA4F68A9BBD41AFE2E35CABBD
2018-08-20 23:17:48 attach=
2018-08-20 23:17:48 post方法
2018-08-20 23:17:48 memberid=10008766
2018-08-20 23:17:48 orderid=58654620180820231721
2018-08-20 23:17:48 transaction_id=20180821111722505310
2018-08-20 23:17:48 amount=1.00
2018-08-20 23:17:48 datetime=20180821111748
2018-08-20 23:17:48 returncode=00
2018-08-20 23:17:48 sign=95B2ED5FA4F68A9BBD41AFE2E35CABBD
2018-08-20 23:17:48 attach=
2018-08-20 23:17:48 input方法
2018-08-20 23:17:48 memberid=10008766&orderid=58654620180820231721&transaction_id=20180821111722505310&amount=1.00&datetime=20180821111748&returncode=00&sign=95B2ED5FA4F68A9BBD41AFE2E35CABBD&attach=
2018-08-20 23:17:48 memberid=10008766
2018-08-20 23:17:48 orderid=58654620180820231721
2018-08-20 23:17:48 transaction_id=20180821111722505310
2018-08-20 23:17:48 amount=1.00
2018-08-20 23:17:48 datetime=20180821111748
2018-08-20 23:17:48 returncode=00
2018-08-20 23:17:48 sign=95B2ED5FA4F68A9BBD41AFE2E35CABBD
2018-08-20 23:17:48 attach=
2018-08-20 23:17:48 signtext=amount=1.00&datetime=20180821111748&memberid=10008766&orderid=58654620180820231721&returncode=00&transaction_id=20180821111722505310&key=f9zho7uafawp39ufx9g8vorefkfzdsar
2018-08-20 23:17:48 mysign=95B2ED5FA4F68A9BBD41AFE2E35CABBD
2018-08-20 23:17:48 okat 1
