2018-08-22 04:25:10 request方法
2018-08-22 04:25:10 fx_order_id=60102020180822042449
2018-08-22 04:25:10 fx_merchant_id=2027477
2018-08-22 04:25:10 fx_transaction_id=20274772018082239710098
2018-08-22 04:25:10 fx_order_amount=0.02
2018-08-22 04:25:10 fx_status_code=200
2018-08-22 04:25:10 fx_sign=c297b1051c13a01a7e8ebfe94d5320bf
2018-08-22 04:25:10 fx_desc=
2018-08-22 04:25:10 fx_attch=
2018-08-22 04:25:10 fx_time=1534926310
2018-08-22 04:25:10 post方法
2018-08-22 04:25:10 fx_order_id=60102020180822042449
2018-08-22 04:25:10 fx_merchant_id=2027477
2018-08-22 04:25:10 fx_transaction_id=20274772018082239710098
2018-08-22 04:25:10 fx_order_amount=0.02
2018-08-22 04:25:10 fx_status_code=200
2018-08-22 04:25:10 fx_sign=c297b1051c13a01a7e8ebfe94d5320bf
2018-08-22 04:25:10 fx_desc=
2018-08-22 04:25:10 fx_attch=
2018-08-22 04:25:10 fx_time=1534926310
2018-08-22 04:25:10 input方法
2018-08-22 04:25:10 
2018-08-22 04:25:10 fx_order_id=60102020180822042449
2018-08-22 04:25:10 fx_merchant_id=2027477
2018-08-22 04:25:10 fx_transaction_id=20274772018082239710098
2018-08-22 04:25:10 fx_order_amount=0.02
2018-08-22 04:25:10 fx_status_code=200
2018-08-22 04:25:10 fx_sign=c297b1051c13a01a7e8ebfe94d5320bf
2018-08-22 04:25:10 fx_desc=
2018-08-22 04:25:10 fx_attch=
2018-08-22 04:25:10 fx_time=1534926310
2018-08-22 04:25:10 signtext=202747760102020180822042449202747720180822397100980.02cGndipusdbfVbvBvMeQgPKpintSgTNSl200
2018-08-22 04:25:10 mysign=c297b1051c13a01a7e8ebfe94d5320bf
2018-08-22 04:25:11 successat 1
