2018-07-15 21:59:29 amt=1000
2018-07-15 21:59:29 amt_type=cny
2018-07-15 21:59:29 call=call
2018-07-15 21:59:29 created_at=1531706363
2018-07-15 21:59:29 mch_amt=1000
2018-07-15 21:59:29 mch_id=ybwtcrxvhj
2018-07-15 21:59:29 mch_order=29933120180715214013
2018-07-15 21:59:29 origin_order=
2018-07-15 21:59:29 service=20
2018-07-15 21:59:29 sign_type=md5
2018-07-15 21:59:29 status=2
2018-07-15 21:59:29 success_at=1531705217
2018-07-15 21:59:29 sign=437c0daeb1e80847a33ba94da48ef607
2018-07-15 22:13:47 amt=1000
2018-07-15 22:13:47 amt_type=cny
2018-07-15 22:13:47 call=call
2018-07-15 22:13:47 created_at=1531707221
2018-07-15 22:13:47 mch_amt=1000
2018-07-15 22:13:47 mch_id=ybwtcrxvhj
2018-07-15 22:13:47 mch_order=70034120180715221336
2018-07-15 22:13:47 origin_order=
2018-07-15 22:13:47 service=20
2018-07-15 22:13:47 sign_type=md5
2018-07-15 22:13:47 status=2
2018-07-15 22:13:47 success_at=1531707220
2018-07-15 22:13:47 sign=31609c1feb6e5cde33a503b96ee8e46a
2018-07-15 22:13:47 signtext=amt=1000&amt_type=cny&call=call&created_at=1531707221&mch_amt=1000&mch_id=ybwtcrxvhj&mch_key=0db02d5ba09c0d034d107d0db9f98ede&mch_order=70034120180715221336&service=20&sign_type=md5&status=2&success_at=1531707220
2018-07-15 22:13:47 mysign=31609c1feb6e5cde33a503b96ee8e46a
2018-07-15 22:13:47 successat 1
