2018-10-07 03:26:03 notify
2018-10-07 03:26:03 type=alipay
2018-10-07 03:26:03 money=1.00
2018-10-07 03:26:03 extend=pay
2018-10-07 03:26:03 out_order_id=26937920181007152409
2018-10-07 03:26:03 no=20181007200040011100450078128764
2018-10-07 03:26:03 pid=18720
2018-10-07 03:26:03 sign=c286c9148529a1056118d91994aff3af
2018-10-07 03:26:03 signtext=18720alipay201810072000400111004500781287641.00pay26937920181007152409a47c95e9de90bfd515bfa15d6fd1966c
2018-10-07 03:26:03 mysign=c286c9148529a1056118d91994aff3af
2018-10-07 03:26:03 successat 1
2018-10-07 03:27:21 notify
2018-10-07 03:27:21 type=alipay
2018-10-07 03:27:21 money=1.00
2018-10-07 03:27:21 extend=pay
2018-10-07 03:27:21 out_order_id=45675320181007152659
2018-10-07 03:27:21 no=2018100722001464450501385723
2018-10-07 03:27:21 pid=18720
2018-10-07 03:27:21 sign=b16b0ced9189a20199fa21077f45c166
2018-10-07 03:27:21 signtext=18720alipay20181007220014644505013857231.00pay45675320181007152659a47c95e9de90bfd515bfa15d6fd1966c
2018-10-07 03:27:21 mysign=b16b0ced9189a20199fa21077f45c166
2018-10-07 03:27:21 successat 1
