2018-06-10 00:59:00 notify
2018-06-10 00:59:00 request方法
2018-06-10 00:59:00 fxid=2018105
2018-06-10 00:59:00 fxddh=54742420180610125732
2018-06-10 00:59:00 fxorder=c9fd824c05f4a49a5efe7256
2018-06-10 00:59:00 fxdesc=iPhone
2018-06-10 00:59:00 fxfee=1.00
2018-06-10 00:59:00 fxattch=Pay
2018-06-10 00:59:00 fxstatus=1
2018-06-10 00:59:00 fxtime=1528606741
2018-06-10 00:59:00 fxsign=7718ec5f76f719bfb122d3e8bece5e5f
2018-06-10 00:59:00 post方法
2018-06-10 00:59:00 fxid=2018105
2018-06-10 00:59:00 fxddh=54742420180610125732
2018-06-10 00:59:00 fxorder=c9fd824c05f4a49a5efe7256
2018-06-10 00:59:00 fxdesc=iPhone
2018-06-10 00:59:00 fxfee=1.00
2018-06-10 00:59:00 fxattch=Pay
2018-06-10 00:59:00 fxstatus=1
2018-06-10 00:59:00 fxtime=1528606741
2018-06-10 00:59:00 fxsign=7718ec5f76f719bfb122d3e8bece5e5f
2018-06-10 00:59:00 input方法
2018-06-10 00:59:00 
2018-06-10 00:59:00 fxid=2018105
2018-06-10 00:59:00 fxddh=54742420180610125732
2018-06-10 00:59:00 fxorder=c9fd824c05f4a49a5efe7256
2018-06-10 00:59:00 fxdesc=iPhone
2018-06-10 00:59:00 fxfee=1.00
2018-06-10 00:59:00 fxattch=Pay
2018-06-10 00:59:00 fxstatus=1
2018-06-10 00:59:00 fxtime=1528606741
2018-06-10 00:59:00 fxsign=7718ec5f76f719bfb122d3e8bece5e5f
2018-06-10 00:59:00 signtext=12018105547424201806101257321.00aJjUFjlLvfKIpGgyLVoMeOtObGxdPgZk
2018-06-10 00:59:00 mysign=7718ec5f76f719bfb122d3e8bece5e5f
2018-06-10 00:59:00 success at 1
2018-06-10 00:59:03 return
2018-06-10 00:59:03 fxid=2018105
2018-06-10 00:59:03 fxddh=54742420180610125732
2018-06-10 00:59:03 fxorder=c9fd824c05f4a49a5efe7256
2018-06-10 00:59:03 fxdesc=iPhone
2018-06-10 00:59:03 fxfee=1.00
2018-06-10 00:59:03 fxattch=Pay
2018-06-10 00:59:03 fxstatus=1
2018-06-10 00:59:03 fxtime=1528606741
2018-06-10 00:59:03 fxsign=7718ec5f76f719bfb122d3e8bece5e5f
2018-06-10 00:59:03 signtext=12018105547424201806101257321.00aJjUFjlLvfKIpGgyLVoMeOtObGxdPgZk
2018-06-10 00:59:03 mysign=7718ec5f76f719bfb122d3e8bece5e5f
