2018-11-01 04:33:37 notify
2018-11-01 04:33:37 {"shopCode":"wm00001006","outOrderNo":"31938020181101043319","goodsClauses":"goods","tradeAmount":"10_00","code":"0","nonStr":"NfcbhN9BcFG1rujM","msg":"SUCCESS","sign":"c578a8d27a98462082707d59956e9eb5"}=
2018-11-01 04:33:37 notify
2018-11-01 04:33:37 {"shopCode":"wm00001006","outOrderNo":"31938020181101043319","goodsClauses":"goods","tradeAmount":"10_00","code":"0","nonStr":"NfcbhN9BcFG1rujM","msg":"SUCCESS","sign":"c578a8d27a98462082707d59956e9eb5"}=
2018-11-01 04:42:41 notify
2018-11-01 04:42:41 input方法
2018-11-01 04:42:41 {"shopCode":"wm00001006","outOrderNo":"31938020181101043319","goodsClauses":"goods","tradeAmount":"10_00","code":"0","nonStr":"NfcbhN9BcFG1rujM","msg":"SUCCESS","sign":"c578a8d27a98462082707d59956e9eb5"}=
2018-11-01 04:43:16 notify
2018-11-01 04:43:16 input方法
2018-11-01 04:43:16 {"shopCode":"wm00001006","outOrderNo":"31938020181101043319","goodsClauses":"goods","tradeAmount":"10_00","code":"0","nonStr":"NfcbhN9BcFG1rujM","msg":"SUCCESS","sign":"c578a8d27a98462082707d59956e9eb5"}
2018-11-01 04:43:16 shopCode=wm00001006
2018-11-01 04:43:16 outOrderNo=31938020181101043319
2018-11-01 04:43:16 goodsClauses=goods
2018-11-01 04:43:16 tradeAmount=10_00
2018-11-01 04:43:16 code=0
2018-11-01 04:43:16 nonStr=NfcbhN9BcFG1rujM
2018-11-01 04:43:16 msg=SUCCESS
2018-11-01 04:43:16 sign=c578a8d27a98462082707d59956e9eb5
2018-11-01 04:43:16 signtext=code=0&goodsClauses=goods&msg=SUCCESS&nonStr=NfcbhN9BcFG1rujM&outOrderNo=31938020181101043319&shopCode=wm00001006&tradeAmount=10_00&key=scrULRR9FcjxbBCFiMpCLJPmAWWywYTm
2018-11-01 04:43:16 mysign=3c18813f933161808e394b05e342bd47
2018-11-01 04:43:16 签名不正确！
