2018-07-02 03:06:34 return
2018-07-02 03:07:34 return
2018-07-02 03:07:36 return
2018-07-02 03:07:41 return
2018-07-02 05:14:03 memberid=10169
2018-07-02 05:14:03 orderid=35109220180702051245
2018-07-02 05:14:03 transaction_id=20180702171215102559
2018-07-02 05:14:03 amount=10.00
2018-07-02 05:14:03 datetime=20180702171332
2018-07-02 05:14:03 returncode=00
2018-07-02 05:14:03 sign=E5E101544D23D9DBE54C62BAE3F5F9C9
2018-07-02 05:14:03 attach=
2018-07-02 05:21:15 memberid=10169
2018-07-02 05:21:15 orderid=35109220180702051245
2018-07-02 05:21:15 transaction_id=20180702171215102559
2018-07-02 05:21:15 amount=10.00
2018-07-02 05:21:15 datetime=20180702172044
2018-07-02 05:21:15 returncode=00
2018-07-02 05:21:15 sign=6E2B1450E75F715C3F6D0A8CD2D6D471
2018-07-02 05:21:15 attach=
2018-07-02 05:21:15 signtext=customerid=&status=&sdpayno=&sdorderno=&total_fee=&paytype=&0v5v9qiiz9rmdkv3379167uxskufnio6
2018-07-02 05:21:15 mysign=aef5fc0d0371183d7645c4029245df02
2018-07-02 05:21:15 签名不正确！
2018-07-02 05:23:26 memberid=10169
2018-07-02 05:23:26 orderid=35109220180702051245
2018-07-02 05:23:26 transaction_id=20180702171215102559
2018-07-02 05:23:26 amount=10.00
2018-07-02 05:23:26 datetime=20180702172256
2018-07-02 05:23:26 returncode=00
2018-07-02 05:23:26 sign=1CEE6C2A3F56F6ED3A1E4E620AACF6F2
2018-07-02 05:23:26 attach=
2018-07-02 05:23:26 signtext=amount=10.00&datetime=20180702172256&memberid=10169&orderid=35109220180702051245&returncode=00&transaction_id=20180702171215102559&key=0v5v9qiiz9rmdkv3379167uxskufnio6
2018-07-02 05:23:26 mysign=1CEE6C2A3F56F6ED3A1E4E620AACF6F2
2018-07-02 05:23:26 okat 1
