2018-08-25 03:33:20 request方法
2018-08-25 03:33:20 memberid=10019
2018-08-25 03:33:20 orderid=61011220180825033102
2018-08-25 03:33:20 transaction_id=20180825153103555357
2018-08-25 03:33:20 amount=1.0000
2018-08-25 03:33:20 datetime=20180825153320
2018-08-25 03:33:20 returncode=00
2018-08-25 03:33:20 sign=C04E0C5F6D7D57EFF80AF50858F6927E
2018-08-25 03:33:20 attach=
2018-08-25 03:33:20 post方法
2018-08-25 03:33:20 memberid=10019
2018-08-25 03:33:20 orderid=61011220180825033102
2018-08-25 03:33:20 transaction_id=20180825153103555357
2018-08-25 03:33:20 amount=1.0000
2018-08-25 03:33:20 datetime=20180825153320
2018-08-25 03:33:20 returncode=00
2018-08-25 03:33:20 sign=C04E0C5F6D7D57EFF80AF50858F6927E
2018-08-25 03:33:20 attach=
2018-08-25 03:33:20 input方法
2018-08-25 03:33:20 memberid=10019&orderid=61011220180825033102&transaction_id=20180825153103555357&amount=1.0000&datetime=20180825153320&returncode=00&sign=C04E0C5F6D7D57EFF80AF50858F6927E&attach=
2018-08-25 03:33:20 memberid=10019
2018-08-25 03:33:20 orderid=61011220180825033102
2018-08-25 03:33:20 transaction_id=20180825153103555357
2018-08-25 03:33:20 amount=1.0000
2018-08-25 03:33:20 datetime=20180825153320
2018-08-25 03:33:20 returncode=00
2018-08-25 03:33:20 sign=C04E0C5F6D7D57EFF80AF50858F6927E
2018-08-25 03:33:20 attach=
2018-08-25 03:33:20 signtext=amount=1.0000&datetime=20180825153320&memberid=10019&orderid=61011220180825033102&returncode=00&transaction_id=20180825153103555357&key=cc06fejn2sf2cetqwjp7rgnfleit7cw9
2018-08-25 03:33:20 mysign=C04E0C5F6D7D57EFF80AF50858F6927E
2018-08-25 03:33:20 OKat 1
2018-08-25 03:33:22 -----return
2018-08-25 03:33:22 memberid=10019-----return
2018-08-25 03:33:22 orderid=61011220180825033102-----return
2018-08-25 03:33:22 transaction_id=20180825153103555357-----return
2018-08-25 03:33:22 amount=1.0000-----return
2018-08-25 03:33:22 datetime=20180825153322-----return
2018-08-25 03:33:22 returncode=00-----return
2018-08-25 03:33:22 sign=380329C015423DC9D33C335F4B443BCA-----return
2018-08-25 03:33:22 attach=-----return
2018-08-25 03:33:22 signtext=amount=1.0000&datetime=20180825153322&memberid=10019&orderid=61011220180825033102&returncode=00&transaction_id=20180825153103555357&key=cc06fejn2sf2cetqwjp7rgnfleit7cw9
2018-08-25 03:33:22 mysign=380329C015423DC9D33C335F4B443BCA
