2018-10-10 22:22:59 request方法
2018-10-10 22:22:59 pay_memberid=11239
2018-10-10 22:22:59 out_trade_id=49126220181010222212
2018-10-10 22:22:59 orderstatus=1
2018-10-10 22:22:59 paymoney=1
2018-10-10 22:22:59 sign=ECA6D5568C6C4EDA3A415B59E8FEE7A4
2018-10-10 22:22:59 attach=
2018-10-10 22:22:59 post方法
2018-10-10 22:22:59 pay_memberid=11239
2018-10-10 22:22:59 out_trade_id=49126220181010222212
2018-10-10 22:22:59 orderstatus=1
2018-10-10 22:22:59 paymoney=1
2018-10-10 22:22:59 attach=
2018-10-10 22:22:59 sign=ECA6D5568C6C4EDA3A415B59E8FEE7A4
2018-10-10 22:22:59 input方法
2018-10-10 22:22:59 
2018-10-10 22:22:59 pay_memberid=11239
2018-10-10 22:22:59 out_trade_id=49126220181010222212
2018-10-10 22:22:59 orderstatus=1
2018-10-10 22:22:59 paymoney=1
2018-10-10 22:22:59 sign=ECA6D5568C6C4EDA3A415B59E8FEE7A4
2018-10-10 22:22:59 attach=
2018-10-10 22:22:59 signtext=pay_memberid=11239&out_trade_id=49126220181010222212&orderstatus=1&paymoney=1sij2jxpmeaplf3bkcp2vcdmy6fgqiw87
2018-10-10 22:22:59 mysign=ECA6D5568C6C4EDA3A415B59E8FEE7A4
2018-10-10 22:22:59 okat 1
