2018-08-03 23:33:25 notify
2018-08-03 23:33:25 request方法
2018-08-03 23:33:25 out_trade_no=86853520180803232203
2018-08-03 23:33:25 trade_no=18080411215819348913001
2018-08-03 23:33:25 trade_status=SUCCESS
2018-08-03 23:33:25 extra_return_param=
2018-08-03 23:33:25 total_amount=100
2018-08-03 23:33:25 trade_time=2018-08-04 11:22:42
2018-08-03 23:33:25 sign=f8ccc55e3b4dd02bb1c590a06bc5ea4c
2018-08-03 23:33:25 $order_no
2018-08-03 23:33:25 $pay_type
2018-08-03 23:33:25 非法提交参数
2018-08-03 23:33:27 notify
2018-08-03 23:33:27 request方法
2018-08-03 23:33:27 out_trade_no=86853520180803232203
2018-08-03 23:33:27 trade_no=18080411215819348913001
2018-08-03 23:33:27 trade_status=SUCCESS
2018-08-03 23:33:27 extra_return_param=
2018-08-03 23:33:27 total_amount=100
2018-08-03 23:33:27 trade_time=2018-08-04 11:22:42
2018-08-03 23:33:27 sign=f8ccc55e3b4dd02bb1c590a06bc5ea4c
2018-08-03 23:33:27 $order_no
2018-08-03 23:33:27 $pay_type
2018-08-03 23:33:27 非法提交参数
2018-08-03 23:33:29 notify
2018-08-03 23:33:29 request方法
2018-08-03 23:33:29 out_trade_no=86853520180803232203
2018-08-03 23:33:29 trade_no=18080411215819348913001
2018-08-03 23:33:29 trade_status=SUCCESS
2018-08-03 23:33:29 extra_return_param=
2018-08-03 23:33:29 total_amount=100
2018-08-03 23:33:29 trade_time=2018-08-04 11:22:42
2018-08-03 23:33:29 sign=f8ccc55e3b4dd02bb1c590a06bc5ea4c
2018-08-03 23:33:29 $order_no
2018-08-03 23:33:29 $pay_type
2018-08-03 23:33:29 非法提交参数
