2018-06-27 02:13:52 request方法
2018-06-27 02:13:52 order_no=86863920180627021321
2018-06-27 02:13:52 notify_type=back_notify
2018-06-27 02:13:52 merchant_code=11021274
2018-06-27 02:13:52 trade_time=2018-06-27 14:13:22
2018-06-27 02:13:52 order_amount=1.00
2018-06-27 02:13:52 trade_status=success
2018-06-27 02:13:52 sign=02394d25d55ff5eb447205fcf2870e86
2018-06-27 02:13:52 trade_no=1012740627296396
2018-06-27 02:13:52 order_time=2018-06-27 14:13:22
2018-06-27 02:13:52 post方法
2018-06-27 02:13:52 order_no=86863920180627021321
2018-06-27 02:13:52 notify_type=back_notify
2018-06-27 02:13:52 merchant_code=11021274
2018-06-27 02:13:52 trade_time=2018-06-27 14:13:22
2018-06-27 02:13:52 order_amount=1.00
2018-06-27 02:13:52 trade_status=success
2018-06-27 02:13:52 sign=02394d25d55ff5eb447205fcf2870e86
2018-06-27 02:13:52 trade_no=1012740627296396
2018-06-27 02:13:52 order_time=2018-06-27 14:13:22
2018-06-27 02:13:52 input方法
2018-06-27 02:13:52 order_no=86863920180627021321&notify_type=back_notify&merchant_code=11021274&trade_time=2018-06-27+14%3A13%3A22&order_amount=1.00&trade_status=success&sign=02394d25d55ff5eb447205fcf2870e86&trade_no=1012740627296396&order_time=2018-06-27+14%3A13%3A22
2018-06-27 02:13:52 order_no=86863920180627021321
2018-06-27 02:13:52 notify_type=back_notify
2018-06-27 02:13:52 merchant_code=11021274
2018-06-27 02:13:52 trade_time=2018-06-27 14:13:22
2018-06-27 02:13:52 order_amount=1.00
2018-06-27 02:13:52 trade_status=success
2018-06-27 02:13:52 sign=02394d25d55ff5eb447205fcf2870e86
2018-06-27 02:13:52 trade_no=1012740627296396
2018-06-27 02:13:52 order_time=2018-06-27 14:13:22
2018-06-27 02:13:52 signtext=merchant_code=11021274&notify_type=back_notify&order_amount=1.00&order_no=86863920180627021321&order_time=2018-06-27 14:13:22&trade_no=1012740627296396&trade_status=success&trade_time=2018-06-27 14:13:22&key=b4cf95991aff5d546df803674e6948c1
2018-06-27 02:13:52 mysign=02394d25d55ff5eb447205fcf2870e86
2018-06-27 02:13:52 200 at 1
