2018-10-23 23:25:02 notify
2018-10-23 23:25:02 input方法
2018-10-23 23:25:02 {"edid":"2018101","edddh":"65722720181023231959","edorder":"e3ed066952c04a9992775129d727d442","eddesc":"goods","edfee":"1.00","edattch":null,"edstatus":"1","edtime":"1540351228","edsign":"091578c5034c1fe3ca9e49ec2aa87ebf"}
2018-10-23 23:25:02 edid=2018101
2018-10-23 23:25:02 edddh=65722720181023231959
2018-10-23 23:25:02 edorder=e3ed066952c04a9992775129d727d442
2018-10-23 23:25:02 eddesc=goods
2018-10-23 23:25:02 edfee=1.00
2018-10-23 23:25:02 edattch=
2018-10-23 23:25:02 edstatus=1
2018-10-23 23:25:02 edtime=1540351228
2018-10-23 23:25:02 edsign=091578c5034c1fe3ca9e49ec2aa87ebf
2018-10-23 23:25:02 signtext=12018101657227201810232319591.00cgIZiZCTUxyqcmeCwkUPNruDYXwRaPrz
2018-10-23 23:25:02 mysign=091578c5034c1fe3ca9e49ec2aa87ebf
2018-10-23 23:25:02 successat 0
2018-10-23 23:25:31 notify
2018-10-23 23:25:31 input方法
2018-10-23 23:25:31 {"edid":"2018101","edddh":"98431620181023232459","edorder":"4ad9bf47eace409398bd220496ae9781","eddesc":"goods","edfee":"1.00","edattch":null,"edstatus":1,"edtime":1540351531,"edsign":"ee4d883379c5ce61b3602e647ceb25e5"}
2018-10-23 23:25:31 edid=2018101
2018-10-23 23:25:31 edddh=98431620181023232459
2018-10-23 23:25:31 edorder=4ad9bf47eace409398bd220496ae9781
2018-10-23 23:25:31 eddesc=goods
2018-10-23 23:25:31 edfee=1.00
2018-10-23 23:25:31 edattch=
2018-10-23 23:25:31 edstatus=1
2018-10-23 23:25:31 edtime=1540351531
2018-10-23 23:25:31 edsign=ee4d883379c5ce61b3602e647ceb25e5
2018-10-23 23:25:31 signtext=12018101984316201810232324591.00cgIZiZCTUxyqcmeCwkUPNruDYXwRaPrz
2018-10-23 23:25:31 mysign=ee4d883379c5ce61b3602e647ceb25e5
2018-10-23 23:25:31 successat 1
2018-10-23 23:25:41 return:edid=2018101
2018-10-23 23:25:41 return:edddh=98431620181023232459
2018-10-23 23:25:41 return:edorder=4ad9bf47eace409398bd220496ae9781
2018-10-23 23:25:41 return:eddesc=goods
2018-10-23 23:25:41 return:edfee=1.00
2018-10-23 23:25:41 return:edattch=
2018-10-23 23:25:41 return:edstatus=1
2018-10-23 23:25:41 return:edtime=1540351531
2018-10-23 23:25:41 return:edsign=ee4d883379c5ce61b3602e647ceb25e5
2018-10-23 23:25:41 signtext=12018101984316201810232324591.00cgIZiZCTUxyqcmeCwkUPNruDYXwRaPrz
2018-10-23 23:25:41 mysign=ee4d883379c5ce61b3602e647ceb25e5
2018-10-23 23:26:41 return:edid=2018101
2018-10-23 23:26:41 return:edddh=98431620181023232459
2018-10-23 23:26:41 return:edorder=4ad9bf47eace409398bd220496ae9781
2018-10-23 23:26:41 return:eddesc=goods
2018-10-23 23:26:41 return:edfee=1.00
2018-10-23 23:26:41 return:edattch=
2018-10-23 23:26:41 return:edstatus=1
2018-10-23 23:26:41 return:edtime=1540351531
2018-10-23 23:26:41 return:edsign=ee4d883379c5ce61b3602e647ceb25e5
2018-10-23 23:26:41 signtext=12018101984316201810232324591.00cgIZiZCTUxyqcmeCwkUPNruDYXwRaPrz
2018-10-23 23:26:41 mysign=ee4d883379c5ce61b3602e647ceb25e5
