2018-08-15 12:19:55 request方法
2018-08-15 12:19:55 type=alipay
2018-08-15 12:19:55 money=1.00
2018-08-15 12:19:55 extend=extend
2018-08-15 12:19:55 out_order_id=15343499642972
2018-08-15 12:19:55 no=2018081621001004900571119304
2018-08-15 12:19:55 pid=10005
2018-08-15 12:19:55 sign=da17c2d2cc7f16cb5309ca3fd93a3745
2018-08-15 12:19:55 post方法
2018-08-15 12:19:55 type=alipay
2018-08-15 12:19:55 money=1.00
2018-08-15 12:19:55 extend=extend
2018-08-15 12:19:55 out_order_id=15343499642972
2018-08-15 12:19:55 no=2018081621001004900571119304
2018-08-15 12:19:55 pid=10005
2018-08-15 12:19:55 sign=da17c2d2cc7f16cb5309ca3fd93a3745
2018-08-15 12:19:55 input方法
2018-08-15 12:19:55 type=alipay&money=1.00&extend=extend&out_order_id=15343499642972&no=2018081621001004900571119304&pid=10005&sign=da17c2d2cc7f16cb5309ca3fd93a3745
2018-08-15 12:19:55 type=alipay
2018-08-15 12:19:55 money=1.00
2018-08-15 12:19:55 extend=extend
2018-08-15 12:19:55 out_order_id=15343499642972
2018-08-15 12:19:55 no=2018081621001004900571119304
2018-08-15 12:19:55 pid=10005
2018-08-15 12:19:55 sign=da17c2d2cc7f16cb5309ca3fd93a3745
2018-08-15 12:19:55 signtext=10005alipay20180816210010049005711193041.00extend153434996429724b59ce7595c39aa6daaa1973fd4199b4
2018-08-15 12:19:55 mysign=da17c2d2cc7f16cb5309ca3fd93a3745
2018-08-15 12:19:55 successat 1
