2018-09-05 05:00:55 notify
2018-09-05 05:00:55 input方法
2018-09-05 05:00:55 Array
2018-09-05 05:00:55 amount=10000
2018-09-05 05:00:55 channelNo=
2018-09-05 05:00:55 code=100
2018-09-05 05:00:55 date=1536138055759
2018-09-05 05:00:55 extents=
2018-09-05 05:00:55 msg=操作成功
2018-09-05 05:00:55 payCode=
2018-09-05 05:00:55 platformOrderId=1037263039440617472
2018-09-05 05:00:55 sign=C965805CA17707F2A9DF12EB04333266
2018-09-05 05:00:55 status=2
2018-09-05 05:00:55 tradeNo=22579220180905045553
2018-09-05 05:00:55 signtext=amount=10000&code=100&date=1536138055759&msg=操作成功&platformOrderId=1037263039440617472&status=2&tradeNo=22579220180905045553&appkey=EDDE14BCFD0F4031944EAB9A5AA12F14
2018-09-05 05:00:55 mysign=C965805CA17707F2A9DF12EB04333266
2018-09-05 05:00:55 100at 1
2018-09-05 05:01:57 notify
2018-09-05 05:01:57 input方法
2018-09-05 05:01:57 Array
2018-09-05 05:01:57 amount=10000
2018-09-05 05:01:57 channelNo=
2018-09-05 05:01:57 code=100
2018-09-05 05:01:57 date=1536138117197
2018-09-05 05:01:57 extents=
2018-09-05 05:01:57 msg=操作成功
2018-09-05 05:01:57 payCode=
2018-09-05 05:01:57 platformOrderId=1037263296748584960
2018-09-05 05:01:57 sign=852E9EA4E19BC4F660D07387E6219179
2018-09-05 05:01:57 status=2
2018-09-05 05:01:57 tradeNo=98111820180905045655
2018-09-05 05:01:57 signtext=amount=10000&code=100&date=1536138117197&msg=操作成功&platformOrderId=1037263296748584960&status=2&tradeNo=98111820180905045655&appkey=EDDE14BCFD0F4031944EAB9A5AA12F14
2018-09-05 05:01:57 mysign=852E9EA4E19BC4F660D07387E6219179
2018-09-05 05:01:57 100at 1
2018-09-05 05:02:09 notify
2018-09-05 05:02:09 input方法
2018-09-05 05:02:09 Array
2018-09-05 05:02:09 amount=3300
2018-09-05 05:02:09 channelNo=
2018-09-05 05:02:09 code=100
2018-09-05 05:02:09 date=1536138129459
2018-09-05 05:02:09 extents=
2018-09-05 05:02:09 msg=操作成功
2018-09-05 05:02:09 payCode=
2018-09-05 05:02:09 platformOrderId=1037263348653096960
2018-09-05 05:02:09 sign=E2C6D22D18A553371B3EB4F27C6FBA1E
2018-09-05 05:02:09 status=2
2018-09-05 05:02:09 tradeNo=92263520180905045707
2018-09-05 05:02:09 signtext=amount=3300&code=100&date=1536138129459&msg=操作成功&platformOrderId=1037263348653096960&status=2&tradeNo=92263520180905045707&appkey=EDDE14BCFD0F4031944EAB9A5AA12F14
2018-09-05 05:02:09 mysign=E2C6D22D18A553371B3EB4F27C6FBA1E
2018-09-05 05:02:09 100at 1
2018-09-05 06:21:29 notify
2018-09-05 06:21:29 input方法
2018-09-05 06:21:29 Array
2018-09-05 06:21:29 amount=100
2018-09-05 06:21:29 channelNo=
2018-09-05 06:21:29 code=100
2018-09-05 06:21:29 date=1536142889678
2018-09-05 06:21:29 extents=
2018-09-05 06:21:29 msg=操作成功
2018-09-05 06:21:29 payCode=
2018-09-05 06:21:29 platformOrderId=1037283875690119168
2018-09-05 06:21:29 sign=DA95459344743F8219152E3CF1F5CBBE
2018-09-05 06:21:29 status=0
2018-09-05 06:21:29 tradeNo=19520320180905061841
2018-09-05 06:21:29 signtext=amount=100&code=100&date=1536142889678&msg=操作成功&platformOrderId=1037283875690119168&status=0&tradeNo=19520320180905061841&appkey=EDDE14BCFD0F4031944EAB9A5AA12F14
2018-09-05 06:21:29 mysign=DA95459344743F8219152E3CF1F5CBBE
2018-09-05 06:21:29 100at 1
2018-09-05 06:23:04 notify
2018-09-05 06:23:04 input方法
2018-09-05 06:23:04 Array
2018-09-05 06:23:04 amount=11100
2018-09-05 06:23:04 channelNo=
2018-09-05 06:23:04 code=100
2018-09-05 06:23:04 date=1536142983880
2018-09-05 06:23:04 extents=
2018-09-05 06:23:04 msg=操作成功
2018-09-05 06:23:04 payCode=
2018-09-05 06:23:04 platformOrderId=1037283705267159040
2018-09-05 06:23:04 sign=C73C903AB9E44948D6CB327B564EB06B
2018-09-05 06:23:04 status=2
2018-09-05 06:23:04 tradeNo=85033620180905061801
2018-09-05 06:23:04 signtext=amount=11100&code=100&date=1536142983880&msg=操作成功&platformOrderId=1037283705267159040&status=2&tradeNo=85033620180905061801&appkey=EDDE14BCFD0F4031944EAB9A5AA12F14
2018-09-05 06:23:04 mysign=C73C903AB9E44948D6CB327B564EB06B
2018-09-05 06:23:04 100at 1
2018-09-05 06:25:09 notify
2018-09-05 06:25:09 input方法
2018-09-05 06:25:09 Array
2018-09-05 06:25:09 amount=33300
2018-09-05 06:25:09 channelNo=
2018-09-05 06:25:09 code=100
2018-09-05 06:25:09 date=1536143109232
2018-09-05 06:25:09 extents=
2018-09-05 06:25:09 msg=操作成功
2018-09-05 06:25:09 payCode=
2018-09-05 06:25:09 platformOrderId=1037284230914113536
2018-09-05 06:25:09 sign=2EC16F5CFD6BE24DC5C361EE9C7D3B0B
2018-09-05 06:25:09 status=2
2018-09-05 06:25:09 tradeNo=70978520180905062006
2018-09-05 06:25:09 signtext=amount=33300&code=100&date=1536143109232&msg=操作成功&platformOrderId=1037284230914113536&status=2&tradeNo=70978520180905062006&appkey=EDDE14BCFD0F4031944EAB9A5AA12F14
2018-09-05 06:25:09 mysign=2EC16F5CFD6BE24DC5C361EE9C7D3B0B
2018-09-05 06:25:09 100at 1
2018-09-05 06:58:05 notify
2018-09-05 06:58:05 input方法
2018-09-05 06:58:05 Array
2018-09-05 06:58:05 amount=44400
2018-09-05 06:58:05 channelNo=
2018-09-05 06:58:05 code=100
2018-09-05 06:58:05 date=1536145085628
2018-09-05 06:58:05 extents=
2018-09-05 06:58:05 msg=操作成功
2018-09-05 06:58:05 payCode=
2018-09-05 06:58:05 platformOrderId=1037292519206944768
2018-09-05 06:58:05 sign=5CC9183457B9A50614C598B7E8159009
2018-09-05 06:58:05 status=2
2018-09-05 06:58:05 tradeNo=42722620180905065302
2018-09-05 06:58:05 signtext=amount=44400&code=100&date=1536145085628&msg=操作成功&platformOrderId=1037292519206944768&status=2&tradeNo=42722620180905065302&appkey=EDDE14BCFD0F4031944EAB9A5AA12F14
2018-09-05 06:58:05 mysign=5CC9183457B9A50614C598B7E8159009
2018-09-05 06:58:06 100at 1
2018-09-05 09:27:31 notify
2018-09-05 09:27:31 input方法
2018-09-05 09:27:31 Array
2018-09-05 09:27:31 amount=10000
2018-09-05 09:27:31 channelNo=
2018-09-05 09:27:31 code=100
2018-09-05 09:27:31 date=1536154051356
2018-09-05 09:27:31 extents=
2018-09-05 09:27:31 msg=操作成功
2018-09-05 09:27:31 payCode=
2018-09-05 09:27:31 platformOrderId=1037330129845485568
2018-09-05 09:27:31 sign=A3D5ACEC3F7EFF9F16FC64C963F9D8E8
2018-09-05 09:27:31 status=2
2018-09-05 09:27:31 tradeNo=95717020180905092228
2018-09-05 09:27:31 signtext=amount=10000&code=100&date=1536154051356&msg=操作成功&platformOrderId=1037330129845485568&status=2&tradeNo=95717020180905092228&appkey=EDDE14BCFD0F4031944EAB9A5AA12F14
2018-09-05 09:27:31 mysign=A3D5ACEC3F7EFF9F16FC64C963F9D8E8
2018-09-05 09:27:31 交易失败
2018-09-05 09:29:01 notify
2018-09-05 09:29:01 input方法
2018-09-05 09:29:01 Array
2018-09-05 09:29:01 amount=100
2018-09-05 09:29:01 channelNo=
2018-09-05 09:29:01 code=100
2018-09-05 09:29:01 date=1536154141882
2018-09-05 09:29:01 extents=
2018-09-05 09:29:01 msg=操作成功
2018-09-05 09:29:01 payCode=
2018-09-05 09:29:01 platformOrderId=1037331558228295680
2018-09-05 09:29:01 sign=9764C4A4ACB065559665A8DA61EEB057
2018-09-05 09:29:01 status=0
2018-09-05 09:29:01 tradeNo=63652620180905092810
2018-09-05 09:29:01 signtext=amount=100&code=100&date=1536154141882&msg=操作成功&platformOrderId=1037331558228295680&status=0&tradeNo=63652620180905092810&appkey=EDDE14BCFD0F4031944EAB9A5AA12F14
2018-09-05 09:29:01 mysign=9764C4A4ACB065559665A8DA61EEB057
2018-09-05 09:29:01 100at 1
2018-09-05 09:31:59 notify
2018-09-05 09:31:59 input方法
2018-09-05 09:31:59 Array
2018-09-05 09:31:59 amount=100
2018-09-05 09:31:59 channelNo=
2018-09-05 09:31:59 code=100
2018-09-05 09:31:59 date=1536154318781
2018-09-05 09:31:59 extents=
2018-09-05 09:31:59 msg=操作成功
2018-09-05 09:31:59 payCode=
2018-09-05 09:31:59 platformOrderId=1037331246675394560
2018-09-05 09:31:59 sign=A7AD1376C5DF39BE9A7F41ABAEC5BFC5
2018-09-05 09:31:59 status=2
2018-09-05 09:31:59 tradeNo=97872320180905092656
2018-09-05 09:31:59 signtext=amount=100&code=100&date=1536154318781&msg=操作成功&platformOrderId=1037331246675394560&status=2&tradeNo=97872320180905092656&appkey=EDDE14BCFD0F4031944EAB9A5AA12F14
2018-09-05 09:31:59 mysign=A7AD1376C5DF39BE9A7F41ABAEC5BFC5
2018-09-05 09:31:59 交易失败
