2018-08-02 23:13:16 request方法
2018-08-02 23:13:16 post方法
2018-08-02 23:13:16 input方法
2018-08-02 23:13:16 {"MERCHANT_ID":"SP20180731163235","PAY_TIME":"20180803111316","REMARK":"REMARK","SIGNED_MSG":"3836edb1643f1561c0395678a89bb367","STATUS":"1","SYS_CODE":"PA20180803111113AINON2526","TRAN_AMT":"100","TRAN_CODE":"27809220180803111112","TYPE":"4"}
2018-08-02 23:13:16 {"MERCHANT_ID":"SP20180731163235","PAY_TIME":"20180803111316","REMARK":"REMARK","SIGNED_MSG":"3836edb1643f1561c0395678a89bb367","STATUS":"1","SYS_CODE":"PA20180803111113AINON2526","TRAN_AMT":"100","TRAN_CODE":"27809220180803111112","TYPE":"4"}
2018-08-02 23:13:16 MERCHANT_ID=SP20180731163235
2018-08-02 23:13:16 PAY_TIME=20180803111316
2018-08-02 23:13:16 REMARK=REMARK
2018-08-02 23:13:16 SIGNED_MSG=3836edb1643f1561c0395678a89bb367
2018-08-02 23:13:16 STATUS=1
2018-08-02 23:13:16 SYS_CODE=PA20180803111113AINON2526
2018-08-02 23:13:16 TRAN_AMT=100
2018-08-02 23:13:16 TRAN_CODE=27809220180803111112
2018-08-02 23:13:16 TYPE=4
2018-08-02 23:13:16 signtext=MERCHANT_ID=SP20180731163235&PAY_TIME=20180803111316&REMARK=REMARK&STATUS=1&SYS_CODE=PA20180803111113AINON2526&TRAN_AMT=100&TRAN_CODE=27809220180803111112&TYPE=4cb86549d55969770
2018-08-02 23:13:16 mysign=3836edb1643f1561c0395678a89bb367
2018-08-02 23:13:17 successat 1
2018-08-02 23:14:00 request方法
2018-08-02 23:14:00 post方法
2018-08-02 23:14:00 input方法
2018-08-02 23:14:00 {"MERCHANT_ID":"SP20180731163235","PAY_TIME":"20180803111316","REMARK":"REMARK","SIGNED_MSG":"3836edb1643f1561c0395678a89bb367","STATUS":"1","SYS_CODE":"PA20180803111113AINON2526","TRAN_AMT":"100","TRAN_CODE":"27809220180803111112","TYPE":"4"}
2018-08-02 23:14:00 {"MERCHANT_ID":"SP20180731163235","PAY_TIME":"20180803111316","REMARK":"REMARK","SIGNED_MSG":"3836edb1643f1561c0395678a89bb367","STATUS":"1","SYS_CODE":"PA20180803111113AINON2526","TRAN_AMT":"100","TRAN_CODE":"27809220180803111112","TYPE":"4"}
2018-08-02 23:14:00 MERCHANT_ID=SP20180731163235
2018-08-02 23:14:00 PAY_TIME=20180803111316
2018-08-02 23:14:00 REMARK=REMARK
2018-08-02 23:14:00 SIGNED_MSG=3836edb1643f1561c0395678a89bb367
2018-08-02 23:14:00 STATUS=1
2018-08-02 23:14:00 SYS_CODE=PA20180803111113AINON2526
2018-08-02 23:14:00 TRAN_AMT=100
2018-08-02 23:14:00 TRAN_CODE=27809220180803111112
2018-08-02 23:14:00 TYPE=4
2018-08-02 23:14:00 signtext=MERCHANT_ID=SP20180731163235&PAY_TIME=20180803111316&REMARK=REMARK&STATUS=1&SYS_CODE=PA20180803111113AINON2526&TRAN_AMT=100&TRAN_CODE=27809220180803111112&TYPE=4cb86549d55969770
2018-08-02 23:14:00 mysign=3836edb1643f1561c0395678a89bb367
2018-08-02 23:14:00 successat 0
