2018-08-26 22:23:14 request方法
2018-08-26 22:23:14 memberid=10003
2018-08-26 22:23:14 orderid=60408120180826222249
2018-08-26 22:23:14 transaction_id=20180827102222101565
2018-08-26 22:23:14 amount=1.0000
2018-08-26 22:23:14 datetime=20180827102245
2018-08-26 22:23:14 returncode=00
2018-08-26 22:23:14 sign=AE53C517133FC6EE3DBAF714880F04F7
2018-08-26 22:23:14 attach=
2018-08-26 22:23:14 post方法
2018-08-26 22:23:14 memberid=10003
2018-08-26 22:23:14 orderid=60408120180826222249
2018-08-26 22:23:14 transaction_id=20180827102222101565
2018-08-26 22:23:14 amount=1.0000
2018-08-26 22:23:14 datetime=20180827102245
2018-08-26 22:23:14 returncode=00
2018-08-26 22:23:14 sign=AE53C517133FC6EE3DBAF714880F04F7
2018-08-26 22:23:14 attach=
2018-08-26 22:23:14 input方法
2018-08-26 22:23:14 memberid=10003&orderid=60408120180826222249&transaction_id=20180827102222101565&amount=1.0000&datetime=20180827102245&returncode=00&sign=AE53C517133FC6EE3DBAF714880F04F7&attach=
2018-08-26 22:23:14 memberid=10003
2018-08-26 22:23:14 orderid=60408120180826222249
2018-08-26 22:23:14 transaction_id=20180827102222101565
2018-08-26 22:23:14 amount=1.0000
2018-08-26 22:23:14 datetime=20180827102245
2018-08-26 22:23:14 returncode=00
2018-08-26 22:23:14 sign=AE53C517133FC6EE3DBAF714880F04F7
2018-08-26 22:23:14 attach=
2018-08-26 22:23:14 signtext=amount=1.0000&datetime=20180827102245&memberid=10003&orderid=60408120180826222249&returncode=00&transaction_id=20180827102222101565&key=kuqukvvagxwflmo3s3cesf1892ynl63h
2018-08-26 22:23:14 mysign=AE53C517133FC6EE3DBAF714880F04F7
2018-08-26 22:23:14 OKat 1
