2018-08-13 22:55:08 return
2018-08-13 22:55:10 notify
2018-08-13 22:55:10 mid=10306
2018-08-13 22:55:10 oid=13375620180813225245
2018-08-13 22:55:10 amt=500.00
2018-08-13 22:55:10 tamt=500.00
2018-08-13 22:55:10 way=1
2018-08-13 22:55:10 remark=
2018-08-13 22:55:10 code=100
2018-08-13 22:55:10 sign=d91193f3a631049a7d27104c14cb882d
2018-08-13 22:55:10 signtext=1030613375620180813225245500.0011009c306963c0c816df450f911c2ba07490
2018-08-13 22:55:10 mysign=d91193f3a631049a7d27104c14cb882d
2018-08-13 22:55:10 okat 1
2018-08-13 22:55:13 notify
2018-08-13 22:55:13 mid=10306
2018-08-13 22:55:13 oid=13375620180813225245
2018-08-13 22:55:13 amt=500.00
2018-08-13 22:55:13 tamt=500.00
2018-08-13 22:55:13 way=1
2018-08-13 22:55:13 remark=
2018-08-13 22:55:13 code=100
2018-08-13 22:55:13 sign=d91193f3a631049a7d27104c14cb882d
2018-08-13 22:55:13 signtext=1030613375620180813225245500.0011009c306963c0c816df450f911c2ba07490
2018-08-13 22:55:13 mysign=d91193f3a631049a7d27104c14cb882d
2018-08-13 22:55:13 okat 0
