2018-06-29 04:58:09 request方法
2018-06-29 04:58:09 appid=10000001
2018-06-29 04:58:09 ordernumber=43071720180629165647
2018-06-29 04:58:09 orderstatus=1
2018-06-29 04:58:09 paymoney=1.0000
2018-06-29 04:58:09 sysnumber=201806291656302728766516547
2018-06-29 04:58:09 attach=
2018-06-29 04:58:09 sign=432f5c4fe2b64742cc5e39c5354d725c
2018-06-29 04:58:09 post方法
2018-06-29 04:58:09 input方法
2018-06-29 04:58:09 
2018-06-29 04:58:09 appid=10000001
2018-06-29 04:58:09 ordernumber=43071720180629165647
2018-06-29 04:58:09 orderstatus=1
2018-06-29 04:58:09 paymoney=1.0000
2018-06-29 04:58:09 sysnumber=201806291656302728766516547
2018-06-29 04:58:09 attach=
2018-06-29 04:58:09 sign=432f5c4fe2b64742cc5e39c5354d725c
2018-06-29 04:58:09 signtext=appid=10000001&ordernumber=43071720180629165647&orderstatus=1&paymoney=1.0000a006e912ceb3eb4d9682d9aa6b47b291
2018-06-29 04:58:09 mysign=432f5c4fe2b64742cc5e39c5354d725c
2018-06-29 04:58:09 successat 1
