2018-10-23 04:08:27 trade_no=201810231500838910
2018-10-23 04:08:27 trade_type=60107
2018-10-23 04:08:27 time_start=20181023155923
2018-10-23 04:08:27 total_fee=2000
2018-10-23 04:08:27 goods_name=pay
2018-10-23 04:08:27 sign=4530649AB74D89FCD9523B93556DC32A
2018-10-23 04:08:27 goods_detail=
2018-10-23 04:08:27 fee_type=CNY
2018-10-23 04:08:27 orig_trade_no=
2018-10-23 04:08:27 mchid=145772
2018-10-23 04:08:27 pay_time=20181023155934
2018-10-23 04:08:27 out_mchid=
2018-10-23 04:08:27 cancel=1
2018-10-23 04:08:27 order_status=3
2018-10-23 04:08:27 src_code=XFrhui1540211759CgGoQ
2018-10-23 04:08:27 time_expire=20181023162924
2018-10-23 04:08:27 out_trade_no=53023420181023155923
2018-10-23 04:08:27 order_type=1
2018-10-23 04:08:27 signtext=cancel=1&fee_type=CNY&goods_name=pay&mchid=145772&order_status=3&order_type=1&out_trade_no=53023420181023155923&pay_time=20181023155934&src_code=XFrhui1540211759CgGoQ&time_expire=20181023162924&time_start=20181023155923&total_fee=2000&trade_no=201810231500838910&trade_type=60107&key=Icv16p4DlI1540211759U4XnC3pfFrW
2018-10-23 04:08:27 mysign=4530649AB74D89FCD9523B93556DC32A
2018-10-23 04:08:27 SUCCESSat 1
