2018-08-07 22:56:33 notify
2018-08-07 22:56:33 32D6CA9F39546F7701CFE560143C76F6|{"code":"000000","message":"PaySuccess","data":{"orderId":"70152720180807225612","trade_no":"2018080821001004900536291515","outTradeNo":"015336969511982981","orderAmount":1,"dateTime":"2018-08-08 10:56:31"}}
2018-08-07 22:56:33 json={"code":"000000","message":"PaySuccess","data":{"orderId":"70152720180807225612","trade_no":"2018080821001004900536291515","outTradeNo":"015336969511982981","orderAmount":1,"dateTime":"2018-08-08 10:56:31"}}
2018-08-07 22:56:33 md5josn=333eb971e32de38bc4e50c9bbe7c17c0
2018-08-07 22:56:33 signtext=D7F19F0D2EC8D6531DF9738318E9CEF7333eb971e32de38bc4e50c9bbe7c17c0
2018-08-07 22:56:33 mysign=32D6CA9F39546F7701CFE560143C76F6
2018-08-07 22:56:33 签名不正确！
2018-08-07 22:56:49 notify
2018-08-07 22:56:49 
2018-08-07 22:56:49 json=
2018-08-07 22:56:49 非法提交参数
2018-08-07 22:57:50 notify
2018-08-07 22:57:50 
2018-08-07 22:57:50 json=
2018-08-07 22:57:50 非法提交参数
2018-08-07 22:57:52 notify
2018-08-07 22:57:52 
2018-08-07 22:57:52 json=
2018-08-07 22:57:52 非法提交参数
2018-08-07 23:00:28 notify
2018-08-07 23:00:28 32D6CA9F39546F7701CFE560143C76F6|{"code":"000000","message":"PaySuccess","data":{"orderId":"70152720180807225612","trade_no":"2018080821001004900536291515","outTradeNo":"015336969511982981","orderAmount":1,"dateTime":"2018-08-08 10:56:31"}}
2018-08-07 23:00:28 json={"code":"000000","message":"PaySuccess","data":{"orderId":"70152720180807225612","trade_no":"2018080821001004900536291515","outTradeNo":"015336969511982981","orderAmount":1,"dateTime":"2018-08-08 10:56:31"}}
2018-08-07 23:00:28 md5josn=333eb971e32de38bc4e50c9bbe7c17c0
2018-08-07 23:00:28 signtext=D7F19F0D2EC8D6531DF9738318E9CEF7333eb971e32de38bc4e50c9bbe7c17c0
2018-08-07 23:00:28 mysign=32D6CA9F39546F7701CFE560143C76F6
2018-08-07 23:00:28 签名不正确！
