2018-08-08 00:20:46 notify
2018-08-08 00:20:46 32D6CA9F39546F7701CFE560143C76F6|{"code":"000000","message":"PaySuccess","data":{"orderId":"70152720180807225612","trade_no":"2018080821001004900536291515","outTradeNo":"015336969511982981","orderAmount":1,"dateTime":"2018-08-08 10:56:31"}}
2018-08-08 00:20:46 json={"code":"000000","message":"PaySuccess","data":{"orderId":"70152720180807225612","trade_no":"2018080821001004900536291515","outTradeNo":"015336969511982981","orderAmount":1,"dateTime":"2018-08-08 10:56:31"}}
2018-08-08 00:20:46 md5josn=333eb971e32de38bc4e50c9bbe7c17c0
2018-08-08 00:20:46 signtext=D7F19F0D2EC8D6531DF9738318E9CEF7333eb971e32de38bc4e50c9bbe7c17c0
2018-08-08 00:20:46 mysign=32D6CA9F39546F7701CFE560143C76F6
2018-08-08 00:20:46 successat 0
2018-08-08 00:30:32 notify
2018-08-08 00:30:32 B023C9A207CEA691B2454B0B05A857F0|{"code":"000000","message":"PaySuccess","data":{"orderId":"27787920180807230547","trade_no":"2018080821001004900536873682","outTradeNo":"015336975275786211","orderAmount":1,"dateTime":"2018-08-08 11:06:23"}}
2018-08-08 00:30:32 json={"code":"000000","message":"PaySuccess","data":{"orderId":"27787920180807230547","trade_no":"2018080821001004900536873682","outTradeNo":"015336975275786211","orderAmount":1,"dateTime":"2018-08-08 11:06:23"}}
2018-08-08 00:30:32 md5josn=e111d4571b64902af7f8f4b3fced379e
2018-08-08 00:30:32 signtext=D7F19F0D2EC8D6531DF9738318E9CEF7e111d4571b64902af7f8f4b3fced379e
2018-08-08 00:30:32 mysign=B023C9A207CEA691B2454B0B05A857F0
2018-08-08 00:30:32 successat 0
2018-08-08 02:20:43 notify
2018-08-08 02:20:43 32D6CA9F39546F7701CFE560143C76F6|{"code":"000000","message":"PaySuccess","data":{"orderId":"70152720180807225612","trade_no":"2018080821001004900536291515","outTradeNo":"015336969511982981","orderAmount":1,"dateTime":"2018-08-08 10:56:31"}}
2018-08-08 02:20:43 json={"code":"000000","message":"PaySuccess","data":{"orderId":"70152720180807225612","trade_no":"2018080821001004900536291515","outTradeNo":"015336969511982981","orderAmount":1,"dateTime":"2018-08-08 10:56:31"}}
2018-08-08 02:20:43 md5josn=333eb971e32de38bc4e50c9bbe7c17c0
2018-08-08 02:20:43 signtext=D7F19F0D2EC8D6531DF9738318E9CEF7333eb971e32de38bc4e50c9bbe7c17c0
2018-08-08 02:20:43 mysign=32D6CA9F39546F7701CFE560143C76F6
2018-08-08 02:20:43 successat 0
2018-08-08 02:30:28 notify
2018-08-08 02:30:28 B023C9A207CEA691B2454B0B05A857F0|{"code":"000000","message":"PaySuccess","data":{"orderId":"27787920180807230547","trade_no":"2018080821001004900536873682","outTradeNo":"015336975275786211","orderAmount":1,"dateTime":"2018-08-08 11:06:23"}}
2018-08-08 02:30:28 json={"code":"000000","message":"PaySuccess","data":{"orderId":"27787920180807230547","trade_no":"2018080821001004900536873682","outTradeNo":"015336975275786211","orderAmount":1,"dateTime":"2018-08-08 11:06:23"}}
2018-08-08 02:30:28 md5josn=e111d4571b64902af7f8f4b3fced379e
2018-08-08 02:30:28 signtext=D7F19F0D2EC8D6531DF9738318E9CEF7e111d4571b64902af7f8f4b3fced379e
2018-08-08 02:30:28 mysign=B023C9A207CEA691B2454B0B05A857F0
2018-08-08 02:30:28 successat 0
2018-08-08 03:56:19 return
2018-08-08 03:56:19 27787920180807230547
2018-08-08 03:56:19 1.00
2018-08-08 04:00:30 notify
2018-08-08 04:00:30 22E745B2C417A6D79DDF807EE60B7C29|{"code":"000000","message":"PaySuccess","data":{"orderId":"84867020180808035958","trade_no":"2018080821001004900536897842","outTradeNo":"015337151774107180","orderAmount":1,"dateTime":"2018-08-08 16:00:29"}}
2018-08-08 04:00:30 json={"code":"000000","message":"PaySuccess","data":{"orderId":"84867020180808035958","trade_no":"2018080821001004900536897842","outTradeNo":"015337151774107180","orderAmount":1,"dateTime":"2018-08-08 16:00:29"}}
2018-08-08 04:00:30 md5josn=1c9f2b03669d2f866be7bf88082615b8
2018-08-08 04:00:30 signtext=D7F19F0D2EC8D6531DF9738318E9CEF71c9f2b03669d2f866be7bf88082615b8
2018-08-08 04:00:30 mysign=22E745B2C417A6D79DDF807EE60B7C29
2018-08-08 04:00:30 successat 1
2018-08-08 04:00:43 return
2018-08-08 04:00:43 84867020180808035958
2018-08-08 04:00:43 1.00
2018-08-08 04:04:03 notify
2018-08-08 04:04:03 22E745B2C417A6D79DDF807EE60B7C29|{"code":"000000","message":"PaySuccess","data":{"orderId":"84867020180808035958","trade_no":"2018080821001004900536897842","outTradeNo":"015337151774107180","orderAmount":1,"dateTime":"2018-08-08 16:00:29"}}
2018-08-08 04:04:03 json={"code":"000000","message":"PaySuccess","data":{"orderId":"84867020180808035958","trade_no":"2018080821001004900536897842","outTradeNo":"015337151774107180","orderAmount":1,"dateTime":"2018-08-08 16:00:29"}}
2018-08-08 04:04:03 md5josn=1c9f2b03669d2f866be7bf88082615b8
2018-08-08 04:04:03 signtext=D7F19F0D2EC8D6531DF9738318E9CEF71c9f2b03669d2f866be7bf88082615b8
2018-08-08 04:04:03 mysign=22E745B2C417A6D79DDF807EE60B7C29
2018-08-08 04:04:03 successat 0
