2018-09-03 23:55:48 notify
2018-09-03 23:55:48 request方法
2018-09-03 23:55:48 result=SUCCESS
2018-09-03 23:55:48 trxMerchantOrderno=90660220180903235520
2018-09-03 23:55:48 amount=1.00
2018-09-03 23:55:48 trxMerchantNo=80086000960
2018-09-03 23:55:48 memberGoods=90660220180903235520
2018-09-03 23:55:48 reCode=1
2018-09-03 23:55:48 hmac=da059841b026bee708b564792c4d7af9
2018-09-03 23:55:48 productNo=WX-JS
2018-09-03 23:55:48 post方法
2018-09-03 23:55:48 result=SUCCESS
2018-09-03 23:55:48 trxMerchantOrderno=90660220180903235520
2018-09-03 23:55:48 amount=1.00
2018-09-03 23:55:48 trxMerchantNo=80086000960
2018-09-03 23:55:48 memberGoods=90660220180903235520
2018-09-03 23:55:48 reCode=1
2018-09-03 23:55:48 hmac=da059841b026bee708b564792c4d7af9
2018-09-03 23:55:48 productNo=WX-JS
2018-09-03 23:55:48 input方法
2018-09-03 23:55:48 result=SUCCESS&trxMerchantOrderno=90660220180903235520&amount=1.00&trxMerchantNo=80086000960&memberGoods=90660220180903235520&reCode=1&hmac=da059841b026bee708b564792c4d7af9&productNo=WX-JS
2018-09-03 23:55:48 result=SUCCESS
2018-09-03 23:55:48 trxMerchantOrderno=90660220180903235520
2018-09-03 23:55:48 amount=1.00
2018-09-03 23:55:48 trxMerchantNo=80086000960
2018-09-03 23:55:48 memberGoods=90660220180903235520
2018-09-03 23:55:48 reCode=1
2018-09-03 23:55:48 hmac=da059841b026bee708b564792c4d7af9
2018-09-03 23:55:48 productNo=WX-JS
2018-09-03 23:55:48 signtext=reCode=1&trxMerchantNo=80086000960&trxMerchantOrderno=90660220180903235520&result=SUCCESS&productNo=WX-JS&memberGoods=90660220180903235520&amount=1.00&key=pEw8Iwo1673VuSD42b478r968Gub420181qS9238yZ06021sMu8P9p8PJ035
2018-09-03 23:55:48 mysign=da059841b026bee708b564792c4d7af9
2018-09-03 23:55:48 SUCCESSat 1
