2018-09-13 22:57:53 notify
2018-09-13 22:57:53 post方法
2018-09-13 22:57:53 retCode=0
2018-09-13 22:57:53 userId=mt1536842552087
2018-09-13 22:57:53 orderNo=70513020180913225703
2018-09-13 22:57:53 transNo=15368938244457485315442
2018-09-13 22:57:53 payAmt=1
2018-09-13 22:57:53 sign=a06e430b16fc8d72b1a192b2726c9e3c
2018-09-13 22:57:53 signtext=orderNo=70513020180913225703&payAmt=1&retCode=0&transNo=15368938244457485315442&userId=mt1536842552087&key=g5rza9fk05010jjditng6d4w412ifnu2
2018-09-13 22:57:53 mysign=a06e430b16fc8d72b1a192b2726c9e3c
2018-09-13 22:57:53 successat 1
2018-09-13 22:58:01 -----return
2018-09-13 22:58:01 post方法
2018-09-13 22:58:01 merchant_code=801601014004
2018-09-13 22:58:01 notify_type=page_notify
2018-09-13 22:58:01 notify_id=674c829b21b9419396b9e19459d0a1a1
2018-09-13 22:58:01 interface_version=V3.0
2018-09-13 22:58:01 sign_type=RSA-S
2018-09-13 22:58:01 order_no=15368938244457485315442
2018-09-13 22:58:01 order_amount=1
2018-09-13 22:58:01 order_time=2018-09-14 10:57:04
2018-09-13 22:58:01 trade_no=UX206F1000860542
2018-09-13 22:58:01 trade_time=2018-09-14 10:57:08
2018-09-13 22:58:01 trade_status=SUCCESS
2018-09-13 22:58:01 bank_seq_no=1001809141057120922
2018-09-13 22:58:01 sign=h6jOQDABIHk8yLilcxWMh6bjXM6hehQcJ5s5C+JtK5i/uTLYmOzewy8H/U0KVb2Oe4az0FMHWVqKhg/xbrQX+086n5mjyCQBa2yJ4oczO3CVPYT4oHEI29ZDxFTjHcR5Mri2W0Rz3LzqzbwUonv2jMvd64dHV8lfmjwS8ZuB5Uw=
2018-09-13 22:58:01 非法提交参数
2018-09-13 22:58:22 -----return
2018-09-13 22:58:22 post方法
2018-09-13 22:58:22 merchant_code=801601014004
2018-09-13 22:58:22 notify_type=page_notify
2018-09-13 22:58:22 notify_id=98383d2654fc4f4e8202b5086dc7e8cf
2018-09-13 22:58:22 interface_version=V3.0
2018-09-13 22:58:22 sign_type=RSA-S
2018-09-13 22:58:22 order_no=15368938244457485315442
2018-09-13 22:58:22 order_amount=1
2018-09-13 22:58:22 order_time=2018-09-14 10:57:04
2018-09-13 22:58:22 trade_no=UX206F1000860542
2018-09-13 22:58:22 trade_time=2018-09-14 10:57:08
2018-09-13 22:58:22 trade_status=SUCCESS
2018-09-13 22:58:22 bank_seq_no=1001809141057120922
2018-09-13 22:58:22 sign=HuRskXztvo1Z2L7GdCdPb4WQZse3B+WxLILlf1cyiD3zqiFf4fnL8NTgixcNAzwNPmnJZFUKQgUOYLVT+DpWPg42G9P1wxx9Rqprf/jdB2meVCXeyRKWOIPqF3NH1An9d/LPi+bGLsPgFPO+xqhS4RCxez2IvGb9+q2AiJhAmak=
2018-09-13 22:58:22 非法提交参数
2018-09-13 23:07:16 notify
2018-09-13 23:07:16 post方法
2018-09-13 23:07:16 retCode=0
2018-09-13 23:07:16 userId=mt1536842552087
2018-09-13 23:07:16 orderNo=78449020180913230605
2018-09-13 23:07:16 transNo=15368943662813125122858
2018-09-13 23:07:16 payAmt=1
2018-09-13 23:07:16 sign=5e8badb9cba112981e13623298c40288
2018-09-13 23:07:16 signtext=orderNo=78449020180913230605&payAmt=1&retCode=0&transNo=15368943662813125122858&userId=mt1536842552087&key=g5rza9fk05010jjditng6d4w412ifnu2
2018-09-13 23:07:16 mysign=5e8badb9cba112981e13623298c40288
2018-09-13 23:07:16 successat 1
