2018-09-18 22:40:55 notify
2018-09-18 22:40:55 post方法
2018-09-18 22:40:55 retCode=0
2018-09-18 22:40:55 userId=mt1536842552087
2018-09-18 22:40:55 orderNo=85278920180918224016
2018-09-18 22:40:55 transNo=15373248168160883628413
2018-09-18 22:40:55 payAmt=1.00
2018-09-18 22:40:55 sign=1a4304d28f024077b0eb648b0e6f53d6
2018-09-18 22:40:55 signtext=orderNo=85278920180918224016&payAmt=1.00&retCode=0&transNo=15373248168160883628413&userId=mt1536842552087&key=g5rza9fk05010jjditng6d4w412ifnu2
2018-09-18 22:40:55 mysign=1a4304d28f024077b0eb648b0e6f53d6
2018-09-18 22:40:55 successat 1
2018-09-18 22:40:57 -----return
2018-09-18 22:40:57 post方法
2018-09-18 22:40:57 status=1
2018-09-18 22:40:57 customerid=10956
2018-09-18 22:40:57 sdpayno=thr2018091910401784891
2018-09-18 22:40:57 sdorderno=3247796515964395881
2018-09-18 22:40:57 total_fee=1.00
2018-09-18 22:40:57 paytype=wxcode
2018-09-18 22:40:57 remark=phone
2018-09-18 22:40:57 sign=172f31689194255c7ece2823f80696a8
2018-09-18 22:41:57 -----return
2018-09-18 22:41:57 post方法
2018-09-18 22:41:57 status=1
2018-09-18 22:41:57 customerid=10956
2018-09-18 22:41:57 sdpayno=thr2018091910401784891
2018-09-18 22:41:57 sdorderno=3247796515964395881
2018-09-18 22:41:57 total_fee=1.00
2018-09-18 22:41:57 paytype=wxcode
2018-09-18 22:41:57 remark=phone
2018-09-18 22:41:57 sign=172f31689194255c7ece2823f80696a8
