2018-10-09 03:19:41 request方法
2018-10-09 03:19:41 mid=80182
2018-10-09 03:19:41 oid=64801520181009031818
2018-10-09 03:19:41 amt=500.00
2018-10-09 03:19:41 tamt=500.02
2018-10-09 03:19:41 way=3
2018-10-09 03:19:41 remark=
2018-10-09 03:19:41 code=100
2018-10-09 03:19:41 sign=7dd5d52d6e3017efb6e07c5f6dcc39f3
2018-10-09 03:19:41 post方法
2018-10-09 03:19:41 mid=80182
2018-10-09 03:19:41 oid=64801520181009031818
2018-10-09 03:19:41 amt=500.00
2018-10-09 03:19:41 tamt=500.02
2018-10-09 03:19:41 way=3
2018-10-09 03:19:41 remark=
2018-10-09 03:19:41 code=100
2018-10-09 03:19:41 sign=7dd5d52d6e3017efb6e07c5f6dcc39f3
2018-10-09 03:19:41 input方法
2018-10-09 03:19:41 
2018-10-09 03:19:41 mid=80182
2018-10-09 03:19:41 oid=64801520181009031818
2018-10-09 03:19:41 amt=500.00
2018-10-09 03:19:41 tamt=500.02
2018-10-09 03:19:41 way=3
2018-10-09 03:19:41 remark=
2018-10-09 03:19:41 code=100
2018-10-09 03:19:41 sign=7dd5d52d6e3017efb6e07c5f6dcc39f3
2018-10-09 03:19:41 signtext=8018264801520181009031818500.003100adf1a5576c78bc0dbb1bc8f67f2dad8b
2018-10-09 03:19:41 mysign=7dd5d52d6e3017efb6e07c5f6dcc39f3
2018-10-09 03:19:41 okat 1
