2018-07-10 22:49:03 request方法
2018-07-10 22:49:03 out_trade_no=61579420180711104810
2018-07-10 22:49:03 out_channel_no=W16WY81Q1531277291299
2018-07-10 22:49:03 respCode=00000
2018-07-10 22:49:03 respMsg=付款成功
2018-07-10 22:49:03 sign=1118310326c590013df555a9a5af126e
2018-07-10 22:49:03 attach=0.01
2018-07-10 22:49:03 notifytime=2018-07-11 10:49:03.0
2018-07-10 22:49:03 post方法
2018-07-10 22:49:03 out_trade_no=61579420180711104810
2018-07-10 22:49:03 out_channel_no=W16WY81Q1531277291299
2018-07-10 22:49:03 respCode=00000
2018-07-10 22:49:03 respMsg=付款成功
2018-07-10 22:49:03 sign=1118310326c590013df555a9a5af126e
2018-07-10 22:49:03 attach=0.01
2018-07-10 22:49:03 notifytime=2018-07-11 10:49:03.0
2018-07-10 22:49:03 input方法
2018-07-10 22:49:03 out_trade_no=61579420180711104810&out_channel_no=W16WY81Q1531277291299&respCode=00000&respMsg=%E4%BB%98%E6%AC%BE%E6%88%90%E5%8A%9F&sign=1118310326c590013df555a9a5af126e&attach=0.01&notifytime=2018-07-11+10%3A49%3A03.0
2018-07-10 22:49:03 out_trade_no=61579420180711104810
2018-07-10 22:49:03 out_channel_no=W16WY81Q1531277291299
2018-07-10 22:49:03 respCode=00000
2018-07-10 22:49:03 respMsg=付款成功
2018-07-10 22:49:03 sign=1118310326c590013df555a9a5af126e
2018-07-10 22:49:03 attach=0.01
2018-07-10 22:49:03 notifytime=2018-07-11 10:49:03.0
2018-07-10 22:49:03 signtext=out_channel_no=W16WY81Q1531277291299&out_trade_no=61579420180711104810&key=10045abc
2018-07-10 22:49:03 mysign=1118310326c590013df555a9a5af126e
2018-07-10 22:49:03 {"status":true}at 1
