2018-07-10 22:19:16 request方法
2018-07-10 22:19:16 out_trade_no=38642120180711091501
2018-07-10 22:19:16 out_channel_no=W16WY81Q1531271702729
2018-07-10 22:19:16 respCode=00000
2018-07-10 22:19:16 respMsg=付款成功
2018-07-10 22:19:16 sign=f61f372c24c07c2cb3094f4bed3f45d7
2018-07-10 22:19:16 attach=00
2018-07-10 22:19:16 notifytime=2018-07-11 09:19:41.0
2018-07-10 22:19:16 post方法
2018-07-10 22:19:16 out_trade_no=38642120180711091501
2018-07-10 22:19:16 out_channel_no=W16WY81Q1531271702729
2018-07-10 22:19:16 respCode=00000
2018-07-10 22:19:16 respMsg=付款成功
2018-07-10 22:19:16 sign=f61f372c24c07c2cb3094f4bed3f45d7
2018-07-10 22:19:16 attach=00
2018-07-10 22:19:16 notifytime=2018-07-11 09:19:41.0
2018-07-10 22:19:16 input方法
2018-07-10 22:19:16 out_trade_no=38642120180711091501&out_channel_no=W16WY81Q1531271702729&respCode=00000&respMsg=%E4%BB%98%E6%AC%BE%E6%88%90%E5%8A%9F&sign=f61f372c24c07c2cb3094f4bed3f45d7&attach=00&notifytime=2018-07-11+09%3A19%3A41.0
2018-07-10 22:19:16 out_trade_no=38642120180711091501
2018-07-10 22:19:16 out_channel_no=W16WY81Q1531271702729
2018-07-10 22:19:16 respCode=00000
2018-07-10 22:19:16 respMsg=付款成功
2018-07-10 22:19:16 sign=f61f372c24c07c2cb3094f4bed3f45d7
2018-07-10 22:19:16 attach=00
2018-07-10 22:19:16 notifytime=2018-07-11 09:19:41.0
2018-07-10 22:19:16 signtext=out_channel_no=W16WY81Q1531271702729&out_trade_no=38642120180711091501&key=10045abc
2018-07-10 22:19:16 mysign=f61f372c24c07c2cb3094f4bed3f45d7
2018-07-10 22:19:16 {"status":true}at 0
