2018-09-06 04:28:02 request方法
2018-09-06 04:28:02 payId=1037618335769956352
2018-09-06 04:28:02 prdOrdNo=72788420180906042743
2018-09-06 04:28:02 transType=008
2018-09-06 04:28:02 orderAmount=2000
2018-09-06 04:28:02 signType=MD5
2018-09-06 04:28:02 merId=JQ00519099
2018-09-06 04:28:02 versionId=1.1
2018-09-06 04:28:02 payTime=20180906162802
2018-09-06 04:28:02 orderStatus=01
2018-09-06 04:28:02 synNotifyUrl=http://pay7.5566205.com/pay/jinjiupay/return_url.php
2018-09-06 04:28:02 signData=3B3B844C908176456B8C3C7F03267D4B
2018-09-06 04:28:02 asynNotifyUrl=http://pay7.5566205.com/pay/jinjiupay/notify_url.php
2018-09-06 04:28:02 post方法
2018-09-06 04:28:02 payId=1037618335769956352
2018-09-06 04:28:02 prdOrdNo=72788420180906042743
2018-09-06 04:28:02 transType=008
2018-09-06 04:28:02 orderAmount=2000
2018-09-06 04:28:02 signType=MD5
2018-09-06 04:28:02 merId=JQ00519099
2018-09-06 04:28:02 versionId=1.1
2018-09-06 04:28:02 payTime=20180906162802
2018-09-06 04:28:02 orderStatus=01
2018-09-06 04:28:02 synNotifyUrl=http://pay7.5566205.com/pay/jinjiupay/return_url.php
2018-09-06 04:28:02 signData=3B3B844C908176456B8C3C7F03267D4B
2018-09-06 04:28:02 asynNotifyUrl=http://pay7.5566205.com/pay/jinjiupay/notify_url.php
2018-09-06 04:28:02 input方法
2018-09-06 04:28:02 payId=1037618335769956352&prdOrdNo=72788420180906042743&transType=008&orderAmount=2000&signType=MD5&merId=JQ00519099&versionId=1.1&payTime=20180906162802&orderStatus=01&synNotifyUrl=http%3A%2F%2Fpay7.5566205.com%2Fpay%2Fjinjiupay%2Freturn_url.php&signData=3B3B844C908176456B8C3C7F03267D4B&asynNotifyUrl=http%3A%2F%2Fpay7.5566205.com%2Fpay%2Fjinjiupay%2Fnotify_url.php
2018-09-06 04:28:02 payId=1037618335769956352
2018-09-06 04:28:02 prdOrdNo=72788420180906042743
2018-09-06 04:28:02 transType=008
2018-09-06 04:28:02 orderAmount=2000
2018-09-06 04:28:02 signType=MD5
2018-09-06 04:28:02 merId=JQ00519099
2018-09-06 04:28:02 versionId=1.1
2018-09-06 04:28:02 payTime=20180906162802
2018-09-06 04:28:02 orderStatus=01
2018-09-06 04:28:02 synNotifyUrl=http://pay7.5566205.com/pay/jinjiupay/return_url.php
2018-09-06 04:28:02 signData=3B3B844C908176456B8C3C7F03267D4B
2018-09-06 04:28:02 asynNotifyUrl=http://pay7.5566205.com/pay/jinjiupay/notify_url.php
2018-09-06 04:28:02 signtext=asynNotifyUrl=http://pay7.5566205.com/pay/jinjiupay/notify_url.php&merId=JQ00519099&orderAmount=2000&orderStatus=01&payId=1037618335769956352&payTime=20180906162802&prdOrdNo=72788420180906042743&signType=MD5&synNotifyUrl=http://pay7.5566205.com/pay/jinjiupay/return_url.php&transType=008&versionId=1.1&key=uyxguU7mKTHB
2018-09-06 04:28:02 mysign=3B3B844C908176456B8C3C7F03267D4B
2018-09-06 04:28:02 SUCCESSat 1
