2018-07-17 23:03:08 request方法
2018-07-17 23:03:08 req=%3C%3Fxml+version%3D%221.0%22+encoding%3D%22GBK%22+standalone%3D%22yes%22%3F%3E%3Cxml%3E%3Ccode%3E0000%3C%2Fcode%3E%3Corderid%3E38561820180718110124%3C%2Forderid%3E%3Cprice%3E50%3C%2Fprice%3E%3Csign%3E4fc300d6d2d98605d72c35082dc74bbc%3C%2Fsign%3E%3Crealprice%3E50.01%3C%2Frealprice%3E%3Cmchno%3EM201801010001%3C%2Fmchno%3E%3C%2Fxml%3E
2018-07-17 23:03:08 post方法
2018-07-17 23:03:08 req=%3C%3Fxml+version%3D%221.0%22+encoding%3D%22GBK%22+standalone%3D%22yes%22%3F%3E%3Cxml%3E%3Ccode%3E0000%3C%2Fcode%3E%3Corderid%3E38561820180718110124%3C%2Forderid%3E%3Cprice%3E50%3C%2Fprice%3E%3Csign%3E4fc300d6d2d98605d72c35082dc74bbc%3C%2Fsign%3E%3Crealprice%3E50.01%3C%2Frealprice%3E%3Cmchno%3EM201801010001%3C%2Fmchno%3E%3C%2Fxml%3E
2018-07-17 23:03:08 input方法
2018-07-17 23:03:08 req=%253C%253Fxml%2Bversion%253D%25221.0%2522%2Bencoding%253D%2522GBK%2522%2Bstandalone%253D%2522yes%2522%253F%253E%253Cxml%253E%253Ccode%253E0000%253C%252Fcode%253E%253Corderid%253E38561820180718110124%253C%252Forderid%253E%253Cprice%253E50%253C%252Fprice%253E%253Csign%253E4fc300d6d2d98605d72c35082dc74bbc%253C%252Fsign%253E%253Crealprice%253E50.01%253C%252Frealprice%253E%253Cmchno%253EM201801010001%253C%252Fmchno%253E%253C%252Fxml%253E
2018-07-17 23:03:08 request方法
2018-07-17 23:03:08 req=%3C%3Fxml+version%3D%221.0%22+encoding%3D%22GBK%22+standalone%3D%22yes%22%3F%3E%3Cxml%3E%3Ccode%3E0000%3C%2Fcode%3E%3Corderid%3E38561820180718110124%3C%2Forderid%3E%3Cprice%3E50%3C%2Fprice%3E%3Csign%3E4fc300d6d2d98605d72c35082dc74bbc%3C%2Fsign%3E%3Crealprice%3E50.01%3C%2Frealprice%3E%3Cmchno%3EM201801010001%3C%2Fmchno%3E%3C%2Fxml%3E
2018-07-17 23:03:08 0=
2018-07-17 23:03:08 非法提交参数
2018-07-17 23:03:08 signtext=&key=12345678901234567890123456789012
2018-07-17 23:03:08 mysign=6e6b840f192467553a2a469a92d49cbe
2018-07-17 23:03:08 签名不正确！
2018-07-17 23:03:18 request方法
2018-07-17 23:03:18 req=%3C%3Fxml+version%3D%221.0%22+encoding%3D%22GBK%22+standalone%3D%22yes%22%3F%3E%3Cxml%3E%3Ccode%3E0000%3C%2Fcode%3E%3Corderid%3E38561820180718110124%3C%2Forderid%3E%3Cprice%3E50%3C%2Fprice%3E%3Csign%3E4fc300d6d2d98605d72c35082dc74bbc%3C%2Fsign%3E%3Crealprice%3E50.01%3C%2Frealprice%3E%3Cmchno%3EM201801010001%3C%2Fmchno%3E%3C%2Fxml%3E
2018-07-17 23:03:18 post方法
2018-07-17 23:03:18 req=%3C%3Fxml+version%3D%221.0%22+encoding%3D%22GBK%22+standalone%3D%22yes%22%3F%3E%3Cxml%3E%3Ccode%3E0000%3C%2Fcode%3E%3Corderid%3E38561820180718110124%3C%2Forderid%3E%3Cprice%3E50%3C%2Fprice%3E%3Csign%3E4fc300d6d2d98605d72c35082dc74bbc%3C%2Fsign%3E%3Crealprice%3E50.01%3C%2Frealprice%3E%3Cmchno%3EM201801010001%3C%2Fmchno%3E%3C%2Fxml%3E
2018-07-17 23:03:18 input方法
2018-07-17 23:03:18 req=%253C%253Fxml%2Bversion%253D%25221.0%2522%2Bencoding%253D%2522GBK%2522%2Bstandalone%253D%2522yes%2522%253F%253E%253Cxml%253E%253Ccode%253E0000%253C%252Fcode%253E%253Corderid%253E38561820180718110124%253C%252Forderid%253E%253Cprice%253E50%253C%252Fprice%253E%253Csign%253E4fc300d6d2d98605d72c35082dc74bbc%253C%252Fsign%253E%253Crealprice%253E50.01%253C%252Frealprice%253E%253Cmchno%253EM201801010001%253C%252Fmchno%253E%253C%252Fxml%253E
2018-07-17 23:03:18 request方法
2018-07-17 23:03:18 req=%3C%3Fxml+version%3D%221.0%22+encoding%3D%22GBK%22+standalone%3D%22yes%22%3F%3E%3Cxml%3E%3Ccode%3E0000%3C%2Fcode%3E%3Corderid%3E38561820180718110124%3C%2Forderid%3E%3Cprice%3E50%3C%2Fprice%3E%3Csign%3E4fc300d6d2d98605d72c35082dc74bbc%3C%2Fsign%3E%3Crealprice%3E50.01%3C%2Frealprice%3E%3Cmchno%3EM201801010001%3C%2Fmchno%3E%3C%2Fxml%3E
2018-07-17 23:03:18 0=
2018-07-17 23:03:18 非法提交参数
2018-07-17 23:03:18 signtext=&key=12345678901234567890123456789012
2018-07-17 23:03:18 mysign=6e6b840f192467553a2a469a92d49cbe
2018-07-17 23:03:18 签名不正确！
2018-07-17 23:03:38 request方法
2018-07-17 23:03:38 req=%3C%3Fxml+version%3D%221.0%22+encoding%3D%22GBK%22+standalone%3D%22yes%22%3F%3E%3Cxml%3E%3Ccode%3E0000%3C%2Fcode%3E%3Corderid%3E38561820180718110124%3C%2Forderid%3E%3Cprice%3E50%3C%2Fprice%3E%3Csign%3E4fc300d6d2d98605d72c35082dc74bbc%3C%2Fsign%3E%3Crealprice%3E50.01%3C%2Frealprice%3E%3Cmchno%3EM201801010001%3C%2Fmchno%3E%3C%2Fxml%3E
2018-07-17 23:03:38 post方法
2018-07-17 23:03:38 req=%3C%3Fxml+version%3D%221.0%22+encoding%3D%22GBK%22+standalone%3D%22yes%22%3F%3E%3Cxml%3E%3Ccode%3E0000%3C%2Fcode%3E%3Corderid%3E38561820180718110124%3C%2Forderid%3E%3Cprice%3E50%3C%2Fprice%3E%3Csign%3E4fc300d6d2d98605d72c35082dc74bbc%3C%2Fsign%3E%3Crealprice%3E50.01%3C%2Frealprice%3E%3Cmchno%3EM201801010001%3C%2Fmchno%3E%3C%2Fxml%3E
2018-07-17 23:03:38 input方法
2018-07-17 23:03:38 req=%253C%253Fxml%2Bversion%253D%25221.0%2522%2Bencoding%253D%2522GBK%2522%2Bstandalone%253D%2522yes%2522%253F%253E%253Cxml%253E%253Ccode%253E0000%253C%252Fcode%253E%253Corderid%253E38561820180718110124%253C%252Forderid%253E%253Cprice%253E50%253C%252Fprice%253E%253Csign%253E4fc300d6d2d98605d72c35082dc74bbc%253C%252Fsign%253E%253Crealprice%253E50.01%253C%252Frealprice%253E%253Cmchno%253EM201801010001%253C%252Fmchno%253E%253C%252Fxml%253E
2018-07-17 23:03:38 request方法
2018-07-17 23:03:38 req=%3C%3Fxml+version%3D%221.0%22+encoding%3D%22GBK%22+standalone%3D%22yes%22%3F%3E%3Cxml%3E%3Ccode%3E0000%3C%2Fcode%3E%3Corderid%3E38561820180718110124%3C%2Forderid%3E%3Cprice%3E50%3C%2Fprice%3E%3Csign%3E4fc300d6d2d98605d72c35082dc74bbc%3C%2Fsign%3E%3Crealprice%3E50.01%3C%2Frealprice%3E%3Cmchno%3EM201801010001%3C%2Fmchno%3E%3C%2Fxml%3E
2018-07-17 23:03:38 0=
2018-07-17 23:03:38 非法提交参数
2018-07-17 23:03:38 signtext=&key=12345678901234567890123456789012
2018-07-17 23:03:38 mysign=6e6b840f192467553a2a469a92d49cbe
2018-07-17 23:03:38 签名不正确！
