2018-09-19 02:50:31 notify
2018-09-19 02:50:31 request方法
2018-09-19 02:50:31 order_id=48957420180919025005
2018-09-19 02:50:31 order_uid=
2018-09-19 02:50:31 pay_num=H919397990004277
2018-09-19 02:50:31 price=10.00
2018-09-19 02:50:31 transaction_id=
2018-09-19 02:50:31 code=0000
2018-09-19 02:50:31 key=72db2a77852c1159e8644043e1d3e0ea
2018-09-19 02:50:31 sign=dca60f1d0c139ebbc3b51794ed213e3d
2018-09-19 02:50:31 msg=success
2018-09-19 02:50:31 post方法
2018-09-19 02:50:31 order_id=48957420180919025005
2018-09-19 02:50:31 order_uid=
2018-09-19 02:50:31 pay_num=H919397990004277
2018-09-19 02:50:31 price=10.00
2018-09-19 02:50:31 transaction_id=
2018-09-19 02:50:31 code=0000
2018-09-19 02:50:31 key=72db2a77852c1159e8644043e1d3e0ea
2018-09-19 02:50:31 sign=dca60f1d0c139ebbc3b51794ed213e3d
2018-09-19 02:50:31 msg=success
2018-09-19 02:50:31 input方法
2018-09-19 02:50:31 
2018-09-19 02:50:31 order_id=48957420180919025005
2018-09-19 02:50:31 order_uid=
2018-09-19 02:50:31 pay_num=H919397990004277
2018-09-19 02:50:31 price=10.00
2018-09-19 02:50:31 transaction_id=
2018-09-19 02:50:31 code=0000
2018-09-19 02:50:31 key=72db2a77852c1159e8644043e1d3e0ea
2018-09-19 02:50:31 sign=dca60f1d0c139ebbc3b51794ed213e3d
2018-09-19 02:50:31 msg=success
2018-09-19 02:50:31 signtext=4895742018091902500510.003183a483baeac69173d0774178b9b2d239c56727
2018-09-19 02:50:31 mysign=dca60f1d0c139ebbc3b51794ed213e3d
2018-09-19 02:50:31 successat 1
