2018-07-30 23:34:34 request方法
2018-07-30 23:34:34 mch_id=100028
2018-07-30 23:34:34 out_trade_no=65529320180731112536
2018-07-30 23:34:34 trade_state=1
2018-07-30 23:34:34 fee_type=CNY
2018-07-30 23:34:34 pay_type=106
2018-07-30 23:34:34 total_amount=1000
2018-07-30 23:34:34 receipt_amount=1000
2018-07-30 23:34:34 sys_trade_no=20180731112536262664
2018-07-30 23:34:34 txn_id=2018073121001004900502875881
2018-07-30 23:34:34 device_info=0
2018-07-30 23:34:34 attach=
2018-07-30 23:34:34 time_end=20180731112605
2018-07-30 23:34:34 sign=d72a716c74cd29b27dde8d232ae4b7f4
2018-07-30 23:34:34 post方法
2018-07-30 23:34:34 mch_id=100028
2018-07-30 23:34:34 out_trade_no=65529320180731112536
2018-07-30 23:34:34 trade_state=1
2018-07-30 23:34:34 fee_type=CNY
2018-07-30 23:34:34 pay_type=106
2018-07-30 23:34:34 total_amount=1000
2018-07-30 23:34:34 receipt_amount=1000
2018-07-30 23:34:34 sys_trade_no=20180731112536262664
2018-07-30 23:34:34 txn_id=2018073121001004900502875881
2018-07-30 23:34:34 device_info=0
2018-07-30 23:34:34 attach=
2018-07-30 23:34:34 time_end=20180731112605
2018-07-30 23:34:34 sign=d72a716c74cd29b27dde8d232ae4b7f4
2018-07-30 23:34:34 input方法
2018-07-30 23:34:34 mch_id=100028&out_trade_no=65529320180731112536&trade_state=1&fee_type=CNY&pay_type=106&total_amount=1000&receipt_amount=1000&sys_trade_no=20180731112536262664&txn_id=2018073121001004900502875881&device_info=0&attach=&time_end=20180731112605&sign=d72a716c74cd29b27dde8d232ae4b7f4
2018-07-30 23:34:34 mch_id=100028
2018-07-30 23:34:34 out_trade_no=65529320180731112536
2018-07-30 23:34:34 trade_state=1
2018-07-30 23:34:34 fee_type=CNY
2018-07-30 23:34:34 pay_type=106
2018-07-30 23:34:34 total_amount=1000
2018-07-30 23:34:34 receipt_amount=1000
2018-07-30 23:34:34 sys_trade_no=20180731112536262664
2018-07-30 23:34:34 txn_id=2018073121001004900502875881
2018-07-30 23:34:34 device_info=0
2018-07-30 23:34:34 attach=
2018-07-30 23:34:34 time_end=20180731112605
2018-07-30 23:34:34 sign=d72a716c74cd29b27dde8d232ae4b7f4
2018-07-30 23:34:34 signtext=mch_id=100028&out_trade_no=65529320180731112536&fee_type=CNY&pay_type=106&total_amount=1000&receipt_amount=1000&device_info=0&key=t5qdby1ht217wmgwupjfbd0ddb3sq6l0
2018-07-30 23:34:34 mysign=d72a716c74cd29b27dde8d232ae4b7f4
2018-07-30 23:34:34 successat 1
