2018-07-04 02:16:49 tenantId=5241468478628593687-----return
2018-07-04 02:16:49 tenantOrderNo=67640620180704141511-----return
2018-07-04 02:16:49 amount=100.00-----return
2018-07-04 02:16:49 支付成功-----return
2018-07-04 02:16:50 request方法
2018-07-04 02:16:50 total_amount=100.00
2018-07-04 02:16:50 sign_=d3f90d87d7590f66a955849b71643c23
2018-07-04 02:16:50 tenantId=5241468478628593687
2018-07-04 02:16:50 tenantOrderNo=67640620180704141511
2018-07-04 02:16:50 schlep=
2018-07-04 02:16:50 post方法
2018-07-04 02:16:50 input方法
2018-07-04 02:16:50 
2018-07-04 02:16:50 total_amount=100.00
2018-07-04 02:16:50 sign_=d3f90d87d7590f66a955849b71643c23
2018-07-04 02:16:50 tenantId=5241468478628593687
2018-07-04 02:16:50 tenantOrderNo=67640620180704141511
2018-07-04 02:16:50 schlep=
2018-07-04 02:16:50 signtext={"tenantId":"5241468478628593687","tenantOrderNo":"67640620180704141511","total_amount":"100.00"}jMgB7xZW6rArJ1AOq3r9mMDWZ1na2Kgo
2018-07-04 02:16:50 mysign=d3f90d87d7590f66a955849b71643c23
2018-07-04 02:16:50 successat 0
