2018-07-27 06:20:33 request方法
2018-07-27 06:20:33 orderid=13828820180727182009
2018-07-27 06:20:33 opstate=0
2018-07-27 06:20:33 ovalue=10.00
2018-07-27 06:20:33 sysorderid=18072718201108583135
2018-07-27 06:20:33 systime=2018/07/27 18:20:33
2018-07-27 06:20:33 attach=
2018-07-27 06:20:33 msg=
2018-07-27 06:20:33 sign=c68926bbc20c49740a7a9e1b89985e13
2018-07-27 06:20:33 post方法
2018-07-27 06:20:33 input方法
2018-07-27 06:20:33 
2018-07-27 06:20:33 orderid=13828820180727182009
2018-07-27 06:20:33 opstate=0
2018-07-27 06:20:33 ovalue=10.00
2018-07-27 06:20:33 sysorderid=18072718201108583135
2018-07-27 06:20:33 systime=2018/07/27 18:20:33
2018-07-27 06:20:33 attach=
2018-07-27 06:20:33 msg=
2018-07-27 06:20:33 sign=c68926bbc20c49740a7a9e1b89985e13
2018-07-27 06:20:33 signtext=orderid=13828820180727182009&opstate=0&ovalue=10.00839a592921aa4c4e97e64d5bb6216cbd
2018-07-27 06:20:33 mysign=c68926bbc20c49740a7a9e1b89985e13
2018-07-27 06:20:33 opstate=0at 1
