2018-08-21 06:18:40 notify
2018-08-21 06:18:40 input方法
2018-08-21 06:18:40 {"field003":"900022","field041":"88000100","field042":"100013900000008","field055":"80472020180821181723|00|20180821181839|1000|alipay|","field062":"2018082106036187","field128":"51167E273B6FB29A","txcode":"F60006","txdate":"20180821","txtime":"181725","version":"2.0.0"}
2018-08-21 06:20:11 notify
2018-08-21 06:20:11 input方法
2018-08-21 06:20:11 {"field003":"900022","field041":"88000100","field042":"100013900000008","field055":"80472020180821181723|00|20180821181839|1000|alipay|","field062":"2018082106036187","field128":"51167E273B6FB29A","txcode":"F60006","txdate":"20180821","txtime":"181725","version":"2.0.0"}
2018-08-21 06:24:45 notify
2018-08-21 06:24:45 input方法
2018-08-21 06:24:45 {"field003":"900022","field041":"88000100","field042":"100013900000008","field055":"80472020180821181723|00|20180821181839|1000|alipay|","field062":"2018082106036187","field128":"51167E273B6FB29A","txcode":"F60006","txdate":"20180821","txtime":"181725","version":"2.0.0"}
2018-08-21 06:27:47 notify
2018-08-21 06:27:47 input方法
2018-08-21 06:27:47 {"field003":"900022","field041":"88000100","field042":"100013900000008","field055":"22711520180821152358|00|20180821152504|1000|alipay|","field062":"2018082106034750","field128":"C21E08AF3C91DE99","txcode":"F60006","txdate":"20180821","txtime":"152359","version":"2.0.0"}
2018-08-21 06:38:26 notify
2018-08-21 06:38:26 input方法
2018-08-21 06:38:26 {"field003":"900022","field041":"88000100","field042":"100013900000008","field055":"80472020180821181723|00|20180821181839|1000|alipay|","field062":"2018082106036187","field128":"51167E273B6FB29A","txcode":"F60006","txdate":"20180821","txtime":"181725","version":"2.0.0"}
2018-08-21 07:19:00 notify
2018-08-21 07:19:00 input方法
2018-08-21 07:19:00 {"field003":"900022","field041":"88000100","field042":"100013900000008","field055":"80472020180821181723|00|20180821181839|1000|alipay|","field062":"2018082106036187","field128":"51167E273B6FB29A","txcode":"F60006","txdate":"20180821","txtime":"181725","version":"2.0.0"}
2018-08-21 09:20:53 notify
2018-08-21 09:20:53 input方法
2018-08-21 09:20:53 {"field003":"900022","field041":"88000100","field042":"100013900000008","field055":"80472020180821181723|00|20180821181839|1000|alipay|","field062":"2018082106036187","field128":"51167E273B6FB29A","txcode":"F60006","txdate":"20180821","txtime":"181725","version":"2.0.0"}
2018-08-21 12:32:43 notify
2018-08-21 12:32:43 input方法
2018-08-21 12:32:43 {"field003":"900022","field041":"88000100","field042":"100013900000008","field055":"22711520180821152358|00|20180821152504|1000|alipay|","field062":"2018082106034750","field128":"C21E08AF3C91DE99","txcode":"F60006","txdate":"20180821","txtime":"152359","version":"2.0.0"}
2018-08-21 15:25:46 notify
2018-08-21 15:25:46 input方法
2018-08-21 15:25:46 {"field003":"900022","field041":"88000100","field042":"100013900000008","field055":"80472020180821181723|00|20180821181839|1000|alipay|","field062":"2018082106036187","field128":"51167E273B6FB29A","txcode":"F60006","txdate":"20180821","txtime":"181725","version":"2.0.0"}
2018-08-21 21:01:31 notify
2018-08-21 21:01:31 input方法
2018-08-21 21:01:31 
2018-08-21 21:01:31 field003=900022
2018-08-21 21:01:31 field041=88000100
2018-08-21 21:01:31 field042=100013900000008
2018-08-21 21:01:31 field055=22711520180821152358|00|20180821152504|1000|alipay|
2018-08-21 21:01:31 field062=2018082106034750
2018-08-21 21:01:31 field128=C21E08AF3C91DE99
2018-08-21 21:01:31 txcode=F60006
2018-08-21 21:01:31 txdate=20180821
2018-08-21 21:01:31 txtime=152359
2018-08-21 21:01:31 version=2.0.0
2018-08-21 21:01:31 111
2018-08-21 21:01:31 signtext=F60006201808211523592.0.09000228800010010001390000000822711520180821152358|00|20180821152504|1000|alipay|2018082106034750wzfgg79bcxwkyfa1
2018-08-21 21:01:31 mysign=C21E08AF3C91DE99
2018-08-21 21:01:31 SUCCESSat 0
