2018-08-03 23:50:30 notify
2018-08-03 23:50:30 request方法
2018-08-03 23:50:30 out_trade_no=86853520180803232203
2018-08-03 23:50:30 trade_no=18080411215819348913001
2018-08-03 23:50:30 trade_status=SUCCESS
2018-08-03 23:50:30 extra_return_param=
2018-08-03 23:50:30 total_amount=100
2018-08-03 23:50:30 trade_time=2018-08-04 11:22:42
2018-08-03 23:50:30 sign=f8ccc55e3b4dd02bb1c590a06bc5ea4c
2018-08-03 23:50:30 signtext=out_trade_no=86853520180803232203&total_amount=100&trade_status=SUCCESS4c76d1cdc4db6dfdeb461c9e79029096
2018-08-03 23:50:30 mysign=f8ccc55e3b4dd02bb1c590a06bc5ea4c
2018-08-03 23:50:31 SUCCESS:at 1
2018-08-03 23:50:42 notify
2018-08-03 23:50:42 request方法
2018-08-03 23:50:42 out_trade_no=86853520180803232203
2018-08-03 23:50:42 trade_no=18080411215819348913001
2018-08-03 23:50:42 trade_status=SUCCESS
2018-08-03 23:50:42 extra_return_param=
2018-08-03 23:50:42 total_amount=100
2018-08-03 23:50:42 trade_time=2018-08-04 11:22:42
2018-08-03 23:50:42 sign=f8ccc55e3b4dd02bb1c590a06bc5ea4c
2018-08-03 23:50:42 signtext=out_trade_no=86853520180803232203&total_amount=100&trade_status=SUCCESS4c76d1cdc4db6dfdeb461c9e79029096
2018-08-03 23:50:42 mysign=f8ccc55e3b4dd02bb1c590a06bc5ea4c
2018-08-03 23:50:42 SUCCESS:at 0
