2018-09-13 05:38:45 notify
2018-09-13 05:38:45 request方法
2018-09-13 05:38:45 {"shopCode":"686cz1223","outOrderNo":"57968920180913053752","goodsClauses":"goodsClauses","tradeAmount":"10_00","code":"0","nonStr":"NNoQz0roTjpri2aa","msg":"SUCCESS","sign":"981a0a0b2aca997e0d3c418d2adc8910"}=
2018-09-13 05:38:45 post方法
2018-09-13 05:38:45 {"shopCode":"686cz1223","outOrderNo":"57968920180913053752","goodsClauses":"goodsClauses","tradeAmount":"10_00","code":"0","nonStr":"NNoQz0roTjpri2aa","msg":"SUCCESS","sign":"981a0a0b2aca997e0d3c418d2adc8910"}=
2018-09-13 05:38:45 input方法
2018-09-13 05:38:45 {"shopCode":"686cz1223","outOrderNo":"57968920180913053752","goodsClauses":"goodsClauses","tradeAmount":"10.00","code":"0","nonStr":"NNoQz0roTjpri2aa","msg":"SUCCESS","sign":"981a0a0b2aca997e0d3c418d2adc8910"}
2018-09-13 05:38:45 input方法
2018-09-13 05:38:45 {"shopCode":"686cz1223","outOrderNo":"57968920180913053752","goodsClauses":"goodsClauses","tradeAmount":"10.00","code":"0","nonStr":"NNoQz0roTjpri2aa","msg":"SUCCESS","sign":"981a0a0b2aca997e0d3c418d2adc8910"}
2018-09-13 05:38:45 shopCode=686cz1223
2018-09-13 05:38:45 outOrderNo=57968920180913053752
2018-09-13 05:38:45 goodsClauses=goodsClauses
2018-09-13 05:38:45 tradeAmount=10.00
2018-09-13 05:38:45 code=0
2018-09-13 05:38:45 nonStr=NNoQz0roTjpri2aa
2018-09-13 05:38:45 msg=SUCCESS
2018-09-13 05:38:45 sign=981a0a0b2aca997e0d3c418d2adc8910
2018-09-13 05:38:45 signtext=code=0&goodsClauses=goodsClauses&msg=SUCCESS&nonStr=NNoQz0roTjpri2aa&outOrderNo=57968920180913053752&shopCode=686cz1223&tradeAmount=10.00&key=qFY8OltTZJdGtr0SyYRiCwUtCv4r2huT
2018-09-13 05:38:45 mysign=981a0a0b2aca997e0d3c418d2adc8910
2018-09-13 05:38:45 SUCCESSat 1
