2018-06-14 01:47:09 request方法
2018-06-14 01:47:09 respType=S
2018-06-14 01:47:09 transTime=2018-06-14 13:46:58
2018-06-14 01:47:09 merchantId=2018061200002012
2018-06-14 01:47:09 outOrderId=12217720180614014658
2018-06-14 01:47:09 transAmt=1.00
2018-06-14 01:47:09 sign=PJpLMUAjxmdboXyl6tmhMEuBec0dIF9zWDWDnUv/QCAVRhVac1ujLxXoOahoSul++UPLsHHe9jrRgavHjT267eedVHucZC79dK5+PLG65LJqNHYsEawiQfejlW5JXnPUpZo1clGQupKbUeqQ9+ZIK0jnYwSi/q0zHjbrXjVbpFIzqO7vvjUSVWLSbZ01UXxRhkp4i8yYjJn+3haZcSlBGfDfVwWqM2pSUaPExFMAX8Dxuul8GavZ/kaPXfSg9ah17Txo7BDLVFxsW9CMVfXNpb3CA271sBaMG2IgO+sk5pnqwLJbMcKw+1181a/Pq0gXiAIqwF0e39V4AQGRnhQfLw==
2018-06-14 01:47:09 respMsg=交易成功
2018-06-14 01:47:09 localOrderId=2018061405139886
2018-06-14 01:47:09 respCode=00
2018-06-14 01:47:09 post方法
2018-06-14 01:47:09 respType=S
2018-06-14 01:47:09 transTime=2018-06-14 13:46:58
2018-06-14 01:47:09 merchantId=2018061200002012
2018-06-14 01:47:09 outOrderId=12217720180614014658
2018-06-14 01:47:09 transAmt=1.00
2018-06-14 01:47:09 sign=PJpLMUAjxmdboXyl6tmhMEuBec0dIF9zWDWDnUv/QCAVRhVac1ujLxXoOahoSul++UPLsHHe9jrRgavHjT267eedVHucZC79dK5+PLG65LJqNHYsEawiQfejlW5JXnPUpZo1clGQupKbUeqQ9+ZIK0jnYwSi/q0zHjbrXjVbpFIzqO7vvjUSVWLSbZ01UXxRhkp4i8yYjJn+3haZcSlBGfDfVwWqM2pSUaPExFMAX8Dxuul8GavZ/kaPXfSg9ah17Txo7BDLVFxsW9CMVfXNpb3CA271sBaMG2IgO+sk5pnqwLJbMcKw+1181a/Pq0gXiAIqwF0e39V4AQGRnhQfLw==
2018-06-14 01:47:09 respMsg=交易成功
2018-06-14 01:47:09 localOrderId=2018061405139886
2018-06-14 01:47:09 respCode=00
2018-06-14 01:47:09 input方法
2018-06-14 01:47:09 respType=S&transTime=2018-06-14+13%3A46%3A58&merchantId=2018061200002012&outOrderId=12217720180614014658&transAmt=1.00&sign=PJpLMUAjxmdboXyl6tmhMEuBec0dIF9zWDWDnUv%2FQCAVRhVac1ujLxXoOahoSul%2B%2BUPLsHHe9jrRgavHjT267eedVHucZC79dK5%2BPLG65LJqNHYsEawiQfejlW5JXnPUpZo1clGQupKbUeqQ9%2BZIK0jnYwSi%2Fq0zHjbrXjVbpFIzqO7vvjUSVWLSbZ01UXxRhkp4i8yYjJn%2B3haZcSlBGfDfVwWqM2pSUaPExFMAX8Dxuul8GavZ%2FkaPXfSg9ah17Txo7BDLVFxsW9CMVfXNpb3CA271sBaMG2IgO%2Bsk5pnqwLJbMcKw%2B1181a%2FPq0gXiAIqwF0e39V4AQGRnhQfLw%3D%3D&respMsg=%E4%BA%A4%E6%98%93%E6%88%90%E5%8A%9F&localOrderId=2018061405139886&respCode=00
2018-06-14 01:47:09 respType=S
2018-06-14 01:47:09 transTime=2018-06-14 13:46:58
2018-06-14 01:47:09 merchantId=2018061200002012
2018-06-14 01:47:09 outOrderId=12217720180614014658
2018-06-14 01:47:09 transAmt=1.00
2018-06-14 01:47:09 sign=PJpLMUAjxmdboXyl6tmhMEuBec0dIF9zWDWDnUv/QCAVRhVac1ujLxXoOahoSul++UPLsHHe9jrRgavHjT267eedVHucZC79dK5+PLG65LJqNHYsEawiQfejlW5JXnPUpZo1clGQupKbUeqQ9+ZIK0jnYwSi/q0zHjbrXjVbpFIzqO7vvjUSVWLSbZ01UXxRhkp4i8yYjJn+3haZcSlBGfDfVwWqM2pSUaPExFMAX8Dxuul8GavZ/kaPXfSg9ah17Txo7BDLVFxsW9CMVfXNpb3CA271sBaMG2IgO+sk5pnqwLJbMcKw+1181a/Pq0gXiAIqwF0e39V4AQGRnhQfLw==
2018-06-14 01:47:09 respMsg=交易成功
2018-06-14 01:47:09 localOrderId=2018061405139886
2018-06-14 01:47:09 respCode=00
2018-06-14 01:47:09 signtext=localOrderId=2018061405139886&merchantId=2018061200002012&outOrderId=12217720180614014658&respCode=00&respMsg=交易成功&respType=S&transAmt=1.00&transTime=2018-06-14 13:46:58
2018-06-14 01:47:09 mysign=1
2018-06-14 01:47:09 success at 1
