2018-07-30 07:10:06 notify
2018-07-30 07:10:06 post方法
2018-07-30 07:10:06 tradesno=OID04201807301832065551750
2018-07-30 07:10:06 status=0
2018-07-30 07:10:06 realamount=1.00
2018-07-30 07:10:06 timeend=20180730183216
2018-07-30 07:10:06 appid=mx_gaohui
2018-07-30 07:10:06 apporderid=20126520180730183206
2018-07-30 07:10:06 statusdesc=成功
2018-07-30 07:10:06 hmac=401f22cbcf08310ebc2137f4a63d70d8
2018-07-30 07:10:06 signtext=appid=mx_gaohui&apporderid=20126520180730183206&realamount=1.00&status=0&statusdesc=成功&timeend=20180730183216&tradesno=OID04201807301832065551750nhT7609OZDZuvhgooYADhp0G1xL9oJW1uDNsk5wtTS4BOdEekj6yUPy3kHvzf5r30ODac5T8iZEh6iaOXSWDvD7mRWH0KwOJNUulyPXYlt8kaPqGFhsWcIYi1HFpe9pf
2018-07-30 07:10:06 mysign=401f22cbcf08310ebc2137f4a63d70d8
2018-07-30 07:10:06 successat 0
2018-07-30 07:13:08 notify
2018-07-30 07:13:08 post方法
2018-07-30 07:13:08 appid=mx_gaohui
2018-07-30 07:13:08 apporderid=89276220180730191253
2018-07-30 07:13:08 realamount=1.00
2018-07-30 07:13:08 status=0
2018-07-30 07:13:08 statusdesc=成功
2018-07-30 07:13:08 timeend=20180730191308
2018-07-30 07:13:08 tradesno=OID03201807301912540401889
2018-07-30 07:13:08 hmac=0b8f4f5cd388b3d305587b6d03bae204
2018-07-30 07:13:08 signtext=appid=mx_gaohui&apporderid=89276220180730191253&realamount=1.00&status=0&statusdesc=成功&timeend=20180730191308&tradesno=OID03201807301912540401889nhT7609OZDZuvhgooYADhp0G1xL9oJW1uDNsk5wtTS4BOdEekj6yUPy3kHvzf5r30ODac5T8iZEh6iaOXSWDvD7mRWH0KwOJNUulyPXYlt8kaPqGFhsWcIYi1HFpe9pf
2018-07-30 07:13:08 mysign=0b8f4f5cd388b3d305587b6d03bae204
2018-07-30 07:13:08 successat 1
