2018-09-11 23:08:44 notify
2018-09-11 23:08:44 input方法
2018-09-11 23:08:44 {"order_status":"2","order_status_msg":"\u652f\u4ed8\u6210\u529f","sys_order_code":"2018091211081831254867","m_order_code":"51747720180912110818","total_fee":"1.00","fact_total_fee":"0.97","pay_time":"2018-09-12 11:08:44","passback_params":"","sign":"481DA3B09588B5991ACBDBAC3D955059"}
2018-09-11 23:08:44 order_status=2
2018-09-11 23:08:44 order_status_msg=支付成功
2018-09-11 23:08:44 sys_order_code=2018091211081831254867
2018-09-11 23:08:44 m_order_code=51747720180912110818
2018-09-11 23:08:44 total_fee=1.00
2018-09-11 23:08:44 fact_total_fee=0.97
2018-09-11 23:08:44 pay_time=2018-09-12 11:08:44
2018-09-11 23:08:44 passback_params=
2018-09-11 23:08:44 sign=481DA3B09588B5991ACBDBAC3D955059
2018-09-11 23:08:44 signtext=fact_total_fee=0.97&m_order_code=51747720180912110818&order_status=2&order_status_msg=支付成功&pay_time=2018-09-12 11:08:44&sys_order_code=2018091211081831254867&total_fee=1.00G3LC7qPhy8KE4LzdVFE91IlOnjxf0nq7
2018-09-11 23:08:44 mysign=481DA3B09588B5991ACBDBAC3D955059
2018-09-11 23:08:44 successat 1
2018-09-11 23:08:47 return
2018-09-11 23:08:47 m_order_code=51747720180912110818
2018-09-11 23:09:47 return
2018-09-11 23:09:48 return
2018-09-11 23:09:48 m_order_code=51747720180912110818
