2018-08-16 05:45:51 request方法
2018-08-16 05:45:51 post方法
2018-08-16 05:45:51 input方法
2018-08-16 05:45:51 {"transaction_id":"20180816174420201808112303291614","out_trade_no":"79575820180816054420","real_fee":"199","total_fee":"200","sign":"95562E0636E0EA9B276150A95C47014D","result_code":"0","attach":"attach","mch_id":"201808112303291","status":"0"}
2018-08-16 05:45:51 {"transaction_id":"20180816174420201808112303291614","out_trade_no":"79575820180816054420","real_fee":"199","total_fee":"200","sign":"95562E0636E0EA9B276150A95C47014D","result_code":"0","attach":"attach","mch_id":"201808112303291","status":"0"}
2018-08-16 05:45:51 transaction_id=20180816174420201808112303291614
2018-08-16 05:45:51 out_trade_no=79575820180816054420
2018-08-16 05:45:51 real_fee=199
2018-08-16 05:45:51 total_fee=200
2018-08-16 05:45:51 sign=95562E0636E0EA9B276150A95C47014D
2018-08-16 05:45:51 result_code=0
2018-08-16 05:45:51 attach=attach
2018-08-16 05:45:51 mch_id=201808112303291
2018-08-16 05:45:51 status=0
2018-08-16 05:45:51 signtext=attach=attach&mch_id=201808112303291&out_trade_no=79575820180816054420&real_fee=199&result_code=0&status=0&total_fee=200&transaction_id=20180816174420201808112303291614&key=200c3c094c7e40a88d3ef98856184fd1
2018-08-16 05:45:51 mysign=95562E0636E0EA9B276150A95C47014D
2018-08-16 05:45:51 {"status":"0","sign":"0&key=200c3c094c7e40a88d3ef98856184fd1"}at 1
2018-08-16 05:46:21 request方法
2018-08-16 05:46:21 post方法
2018-08-16 05:46:21 input方法
2018-08-16 05:46:21 {"transaction_id":"20180816174420201808112303291614","out_trade_no":"79575820180816054420","real_fee":"199","total_fee":"200","sign":"95562E0636E0EA9B276150A95C47014D","result_code":"0","attach":"attach","mch_id":"201808112303291","status":"0"}
2018-08-16 05:46:21 {"transaction_id":"20180816174420201808112303291614","out_trade_no":"79575820180816054420","real_fee":"199","total_fee":"200","sign":"95562E0636E0EA9B276150A95C47014D","result_code":"0","attach":"attach","mch_id":"201808112303291","status":"0"}
2018-08-16 05:46:21 transaction_id=20180816174420201808112303291614
2018-08-16 05:46:21 out_trade_no=79575820180816054420
2018-08-16 05:46:21 real_fee=199
2018-08-16 05:46:21 total_fee=200
2018-08-16 05:46:21 sign=95562E0636E0EA9B276150A95C47014D
2018-08-16 05:46:21 result_code=0
2018-08-16 05:46:21 attach=attach
2018-08-16 05:46:21 mch_id=201808112303291
2018-08-16 05:46:21 status=0
2018-08-16 05:46:21 signtext=attach=attach&mch_id=201808112303291&out_trade_no=79575820180816054420&real_fee=199&result_code=0&status=0&total_fee=200&transaction_id=20180816174420201808112303291614&key=200c3c094c7e40a88d3ef98856184fd1
2018-08-16 05:46:21 mysign=95562E0636E0EA9B276150A95C47014D
2018-08-16 05:46:21 {"status":"0","sign":"0&key=200c3c094c7e40a88d3ef98856184fd1"}at 0
2018-08-16 05:47:21 request方法
2018-08-16 05:47:21 post方法
2018-08-16 05:47:21 input方法
2018-08-16 05:47:21 {"transaction_id":"20180816174420201808112303291614","out_trade_no":"79575820180816054420","real_fee":"199","total_fee":"200","sign":"95562E0636E0EA9B276150A95C47014D","result_code":"0","attach":"attach","mch_id":"201808112303291","status":"0"}
2018-08-16 05:47:21 {"transaction_id":"20180816174420201808112303291614","out_trade_no":"79575820180816054420","real_fee":"199","total_fee":"200","sign":"95562E0636E0EA9B276150A95C47014D","result_code":"0","attach":"attach","mch_id":"201808112303291","status":"0"}
2018-08-16 05:47:21 transaction_id=20180816174420201808112303291614
2018-08-16 05:47:21 out_trade_no=79575820180816054420
2018-08-16 05:47:21 real_fee=199
2018-08-16 05:47:21 total_fee=200
2018-08-16 05:47:21 sign=95562E0636E0EA9B276150A95C47014D
2018-08-16 05:47:21 result_code=0
2018-08-16 05:47:21 attach=attach
2018-08-16 05:47:21 mch_id=201808112303291
2018-08-16 05:47:21 status=0
2018-08-16 05:47:21 signtext=attach=attach&mch_id=201808112303291&out_trade_no=79575820180816054420&real_fee=199&result_code=0&status=0&total_fee=200&transaction_id=20180816174420201808112303291614&key=200c3c094c7e40a88d3ef98856184fd1
2018-08-16 05:47:21 mysign=95562E0636E0EA9B276150A95C47014D
2018-08-16 05:47:21 {"status":"0","sign":"0&key=200c3c094c7e40a88d3ef98856184fd1"}at 0
2018-08-16 05:48:51 request方法
2018-08-16 05:48:51 post方法
2018-08-16 05:48:51 input方法
2018-08-16 05:48:51 {"transaction_id":"20180816174420201808112303291614","out_trade_no":"79575820180816054420","real_fee":"199","total_fee":"200","sign":"95562E0636E0EA9B276150A95C47014D","result_code":"0","attach":"attach","mch_id":"201808112303291","status":"0"}
2018-08-16 05:48:51 {"transaction_id":"20180816174420201808112303291614","out_trade_no":"79575820180816054420","real_fee":"199","total_fee":"200","sign":"95562E0636E0EA9B276150A95C47014D","result_code":"0","attach":"attach","mch_id":"201808112303291","status":"0"}
2018-08-16 05:48:51 transaction_id=20180816174420201808112303291614
2018-08-16 05:48:51 out_trade_no=79575820180816054420
2018-08-16 05:48:51 real_fee=199
2018-08-16 05:48:51 total_fee=200
2018-08-16 05:48:51 sign=95562E0636E0EA9B276150A95C47014D
2018-08-16 05:48:51 result_code=0
2018-08-16 05:48:51 attach=attach
2018-08-16 05:48:51 mch_id=201808112303291
2018-08-16 05:48:51 status=0
2018-08-16 05:48:51 signtext=attach=attach&mch_id=201808112303291&out_trade_no=79575820180816054420&real_fee=199&result_code=0&status=0&total_fee=200&transaction_id=20180816174420201808112303291614&key=200c3c094c7e40a88d3ef98856184fd1
2018-08-16 05:48:51 mysign=95562E0636E0EA9B276150A95C47014D
2018-08-16 05:48:51 {"status":"0","sign":"0&key=200c3c094c7e40a88d3ef98856184fd1"}at 0
2018-08-16 05:50:51 request方法
2018-08-16 05:50:51 post方法
2018-08-16 05:50:51 input方法
2018-08-16 05:50:51 {"transaction_id":"20180816174420201808112303291614","out_trade_no":"79575820180816054420","real_fee":"199","total_fee":"200","sign":"95562E0636E0EA9B276150A95C47014D","result_code":"0","attach":"attach","mch_id":"201808112303291","status":"0"}
2018-08-16 05:50:51 {"transaction_id":"20180816174420201808112303291614","out_trade_no":"79575820180816054420","real_fee":"199","total_fee":"200","sign":"95562E0636E0EA9B276150A95C47014D","result_code":"0","attach":"attach","mch_id":"201808112303291","status":"0"}
2018-08-16 05:50:51 transaction_id=20180816174420201808112303291614
2018-08-16 05:50:51 out_trade_no=79575820180816054420
2018-08-16 05:50:51 real_fee=199
2018-08-16 05:50:51 total_fee=200
2018-08-16 05:50:51 sign=95562E0636E0EA9B276150A95C47014D
2018-08-16 05:50:51 result_code=0
2018-08-16 05:50:51 attach=attach
2018-08-16 05:50:51 mch_id=201808112303291
2018-08-16 05:50:51 status=0
2018-08-16 05:50:51 signtext=attach=attach&mch_id=201808112303291&out_trade_no=79575820180816054420&real_fee=199&result_code=0&status=0&total_fee=200&transaction_id=20180816174420201808112303291614&key=200c3c094c7e40a88d3ef98856184fd1
2018-08-16 05:50:51 mysign=95562E0636E0EA9B276150A95C47014D
2018-08-16 05:50:51 {"status":"0","sign":"0&key=200c3c094c7e40a88d3ef98856184fd1"}at 0
