2018-10-29 11:34:08 request方法
2018-10-29 11:34:08 p_id=33CD65B5-6C74-27C4-013A-A97E004D0A2C
2018-10-29 11:34:08 orderid=10931820181029233339
2018-10-29 11:34:08 orderuid=10931820181029233339
2018-10-29 11:34:08 price=1.00
2018-10-29 11:34:08 realprice=0.99
2018-10-29 11:34:08 key=fa7cc0e4aa5e13cd90cf9d5e658cf98b
2018-10-29 11:34:08 post方法
2018-10-29 11:34:08 p_id=33CD65B5-6C74-27C4-013A-A97E004D0A2C
2018-10-29 11:34:08 orderid=10931820181029233339
2018-10-29 11:34:08 orderuid=10931820181029233339
2018-10-29 11:34:08 price=1.00
2018-10-29 11:34:08 realprice=0.99
2018-10-29 11:34:08 key=fa7cc0e4aa5e13cd90cf9d5e658cf98b
2018-10-29 11:34:08 input方法
2018-10-29 11:34:08 p_id=33CD65B5-6C74-27C4-013A-A97E004D0A2C&orderid=10931820181029233339&orderuid=10931820181029233339&price=1.00&realprice=0.99&key=fa7cc0e4aa5e13cd90cf9d5e658cf98b
2018-10-29 11:34:08 p_id=33CD65B5-6C74-27C4-013A-A97E004D0A2C
2018-10-29 11:34:08 orderid=10931820181029233339
2018-10-29 11:34:08 orderuid=10931820181029233339
2018-10-29 11:34:08 price=1.00
2018-10-29 11:34:08 realprice=0.99
2018-10-29 11:34:08 key=fa7cc0e4aa5e13cd90cf9d5e658cf98b
2018-10-29 11:34:08 signtext=109318201810292333391093182018102923333933CD65B5-6C74-27C4-013A-A97E004D0A2C1.000.99jqkhqtdsfupznwslkvxqcljjxhveeljt
2018-10-29 11:34:08 mysign=fa7cc0e4aa5e13cd90cf9d5e658cf98b
2018-10-29 11:34:08 successat 1
