2018-09-11 01:56:56 notify
2018-09-11 01:56:56 request方法
2018-09-11 01:56:56 status=1
2018-09-11 01:56:56 customerid=11063
2018-09-11 01:56:56 sdpayno=20180911135627584895
2018-09-11 01:56:56 sdorderno=48796620180911015627
2018-09-11 01:56:56 total_fee=10.00
2018-09-11 01:56:56 paytype=weixin
2018-09-11 01:56:56 remark=
2018-09-11 01:56:56 sign=765d7f04b5d8642fe519a7247174fbea
2018-09-11 01:56:56 post方法
2018-09-11 01:56:56 status=1
2018-09-11 01:56:56 customerid=11063
2018-09-11 01:56:56 sdpayno=20180911135627584895
2018-09-11 01:56:56 sdorderno=48796620180911015627
2018-09-11 01:56:56 total_fee=10.00
2018-09-11 01:56:56 paytype=weixin
2018-09-11 01:56:56 remark=
2018-09-11 01:56:56 sign=765d7f04b5d8642fe519a7247174fbea
2018-09-11 01:56:56 input方法
2018-09-11 01:56:56 
2018-09-11 01:56:56 status=1
2018-09-11 01:56:56 customerid=11063
2018-09-11 01:56:56 sdpayno=20180911135627584895
2018-09-11 01:56:56 sdorderno=48796620180911015627
2018-09-11 01:56:56 total_fee=10.00
2018-09-11 01:56:56 paytype=weixin
2018-09-11 01:56:56 remark=
2018-09-11 01:56:56 sign=765d7f04b5d8642fe519a7247174fbea
2018-09-11 01:56:56 signtext=customerid=11063&status=1&sdpayno=20180911135627584895&sdorderno=48796620180911015627&total_fee=10.00&paytype=weixin&38d3f6f1e01e84422111fdf8f6b69c0d8a8cd79c
2018-09-11 01:56:56 mysign=765d7f04b5d8642fe519a7247174fbea
2018-09-11 01:56:56 successat 1
