2018-10-15 22:59:53 apps_id=a1e38c8170044a0fab4294c31c0b8371
2018-10-15 22:59:53 out_trade_no=11090720181016105438
2018-10-15 22:59:53 trade_no=fca64de04e144377b5fd75ddc45b2441
2018-10-15 22:59:53 mer_id=18101417411129657
2018-10-15 22:59:53 total_fee=1000
2018-10-15 22:59:53 subject=订单11090720181016105438
2018-10-15 22:59:53 body=
2018-10-15 22:59:53 pay_name=微信PC网页支付
2018-10-15 22:59:53 pay_time=2018-10-16 10:59:53
2018-10-15 22:59:53 user_id=
2018-10-15 22:59:53 extra=
2018-10-15 22:59:53 sign=g7W0zQCo7L7RqGiVNy4Jba5s4FzD7b9bAksGzT0py50eAT0ff3vyBjbaSNqdTfsGzlaAHeUa9HKDr9jljzEM4ISaivspXaqD1ttjuUW4CLR0iT2wRDw4SSxB6qWTtQD5reuXR9+AfTtl0N2BlvDJSPa8m0lQmpzlXr7941hSsFQ=
2018-10-15 22:59:53 sign_type=RSA
2018-10-15 22:59:53 public_pem=-----BEGIN PUBLIC KEY-----
MIGfMA0GCSqGSIb3DQEBAQUAA4GNADCBiQKBgQDO7CQpYHhEonv1g9YjRVGJDaCO
u0bXogD7pBLQu2dDvJ8TGROCEw6ArIWgAWEEE1uEShPBa4MpCP4ZMjT5RMj45o0p
b0Z8s4k6CpS9D1LFK9msNpsN8PyaRDQC86R6jxAVQMWgfIZ9cxfZR8Ple3GJGjwB
feRnzh75rE1DHCBOcwIDAQAB
-----END PUBLIC KEY-----

2018-10-15 22:59:53 signtext=apps_id=a1e38c8170044a0fab4294c31c0b8371&mer_id=18101417411129657&out_trade_no=11090720181016105438&pay_name=微信PC网页支付&pay_time=2018-10-16 10:59:53&subject=订单11090720181016105438&total_fee=1000&trade_no=fca64de04e144377b5fd75ddc45b2441
2018-10-15 22:59:53 successat 1
