2018-07-23 03:01:13 re-------
2018-07-23 03:01:13 memberid=10005--------------re-------
2018-07-23 03:01:13 orderid=84290320180723150056--------------re-------
2018-07-23 03:01:13 transaction_id=20180723150041571014--------------re-------
2018-07-23 03:01:13 amount=1.0000--------------re-------
2018-07-23 03:01:13 datetime=20180723150058--------------re-------
2018-07-23 03:01:13 returncode=00--------------re-------
2018-07-23 03:01:13 sign=FF61554FB065D0808A3ED985C2DDF5BD--------------re-------
2018-07-23 03:01:13 attach=--------------re-------
2018-07-23 03:01:14 memberid=10005
2018-07-23 03:01:14 orderid=84290320180723150056
2018-07-23 03:01:14 transaction_id=20180723150041571014
2018-07-23 03:01:14 amount=1.0000
2018-07-23 03:01:14 datetime=20180723150058
2018-07-23 03:01:14 returncode=00
2018-07-23 03:01:14 sign=FF61554FB065D0808A3ED985C2DDF5BD
2018-07-23 03:01:14 attach=
2018-07-23 03:01:14 signtext=amount=1.0000&datetime=20180723150058&memberid=10005&orderid=84290320180723150056&returncode=00&transaction_id=20180723150041571014&key=87qlzmyf6q0zxrsx1hwczjnhr1yoq0p2
2018-07-23 03:01:14 mysign=FF61554FB065D0808A3ED985C2DDF5BD
2018-07-23 03:01:14 OKat 0
