2018-05-03 22:08:47 notify
2018-05-03 22:08:47 REQUEST方法
2018-05-03 22:08:47 status=1
2018-05-03 22:08:47 partner=21735
2018-05-03 22:08:47 sdpayno=2018050410065332013
2018-05-03 22:08:47 ordernumber=31803720180503220830
2018-05-03 22:08:47 paymoney=1.00
2018-05-03 22:08:47 paytype=wxwap
2018-05-03 22:08:47 remark=
2018-05-03 22:08:47 sign=7f017a9b6d6c1b4913914991ee9e7bfe
2018-05-03 22:08:47 input方法
2018-05-03 22:08:47 
2018-05-03 22:08:47 post方法
2018-05-03 22:08:47 status=1
2018-05-03 22:08:47 partner=21735
2018-05-03 22:08:47 sdpayno=2018050410065332013
2018-05-03 22:08:47 ordernumber=31803720180503220830
2018-05-03 22:08:47 paymoney=1.00
2018-05-03 22:08:47 paytype=wxwap
2018-05-03 22:08:47 remark=
2018-05-03 22:08:47 sign=7f017a9b6d6c1b4913914991ee9e7bfe
2018-05-03 22:08:47 signtext=partner=21735&status=1&sdpayno=2018050410065332013&ordernumber=31803720180503220830&paymoney=1.00&paytype=wxwap&1d2888396f68e387f5b8ad25f07e56fde8c4f6b0
2018-05-03 22:08:47 mysign=7f017a9b6d6c1b4913914991ee9e7bfe
2018-05-03 22:08:47 successat 1
