2018-10-12 04:23:26 notify
2018-10-12 04:23:26 order_id=23970420181012160219
2018-10-12 04:23:26 order_uid=
2018-10-12 04:23:26 pay_num=HA12313409973655
2018-10-12 04:23:26 price=100.00
2018-10-12 04:23:26 transaction_id=2018101539332606
2018-10-12 04:23:26 code=0000
2018-10-12 04:23:26 key=7c0b713e3ba6655687afa374bef7a647
2018-10-12 04:23:26 msg=success
2018-10-12 04:23:26 signtext=23970420181012160219100.0020181015393326064ebe2237ce200abe80142b7b9d7c19696c46c0f9
2018-10-12 04:23:26 mysign=7c0b713e3ba6655687afa374bef7a647
2018-10-12 04:23:26 successat 1
2018-10-12 04:24:02 notify
2018-10-12 04:24:02 order_id=23970420181012160219
2018-10-12 04:24:02 order_uid=
2018-10-12 04:24:02 pay_num=HA12313409973655
2018-10-12 04:24:02 price=100.00
2018-10-12 04:24:02 transaction_id=2018101539332642
2018-10-12 04:24:02 code=0000
2018-10-12 04:24:02 key=872960cd90bae5085abac898fb498fa3
2018-10-12 04:24:02 msg=success
2018-10-12 04:24:02 signtext=23970420181012160219100.0020181015393326424ebe2237ce200abe80142b7b9d7c19696c46c0f9
2018-10-12 04:24:02 mysign=872960cd90bae5085abac898fb498fa3
2018-10-12 04:24:02 successat 0
