2018-07-12 01:08:11 input方法
2018-07-12 01:08:11 POST方法
2018-07-12 01:08:11 amount=1.00
2018-07-12 01:08:11 app_id=rPGpJp0F4pmVd0rim4oOI6Al7zVcBvor
2018-07-12 01:08:11 nonce_str=47bh2F6rmZPq16Fyq5KjGgyyyaDMqF9X
2018-07-12 01:08:11 notify_count=1
2018-07-12 01:08:11 order_sn=20910220180712010732
2018-07-12 01:08:11 payment_sn=20180712200040011100900021496944
2018-07-12 01:08:11 sign=ad41ef1b9ede9db588909ae3147610d2
2018-07-12 01:08:11 GET
2018-07-12 01:08:11 signtext=amount=1.00&app_id=rPGpJp0F4pmVd0rim4oOI6Al7zVcBvor&nonce_str=47bh2F6rmZPq16Fyq5KjGgyyyaDMqF9X&notify_count=1&order_sn=20910220180712010732&payment_sn=20180712200040011100900021496944&app_key=juf3PbBymu3jpu2D9q1BorpNmApK33RI
2018-07-12 01:08:11 mysign=ad41ef1b9ede9db588909ae3147610d2
2018-07-12 01:08:11 at 1
2018-07-12 01:08:11 input方法
2018-07-12 01:08:11 POST方法
2018-07-12 01:08:11 amount=1.00
2018-07-12 01:08:11 app_id=rPGpJp0F4pmVd0rim4oOI6Al7zVcBvor
2018-07-12 01:08:11 nonce_str=5syw5vAvfMnbFf39nvzg0FRUu1zqAkWy
2018-07-12 01:08:11 notify_count=2
2018-07-12 01:08:11 order_sn=20910220180712010732
2018-07-12 01:08:11 payment_sn=20180712200040011100900021496944
2018-07-12 01:08:11 sign=6f1a5616b6a326d93a9c7533539c96a0
2018-07-12 01:08:11 GET
2018-07-12 01:08:11 signtext=amount=1.00&app_id=rPGpJp0F4pmVd0rim4oOI6Al7zVcBvor&nonce_str=5syw5vAvfMnbFf39nvzg0FRUu1zqAkWy&notify_count=2&order_sn=20910220180712010732&payment_sn=20180712200040011100900021496944&app_key=juf3PbBymu3jpu2D9q1BorpNmApK33RI
2018-07-12 01:08:11 mysign=6f1a5616b6a326d93a9c7533539c96a0
2018-07-12 01:08:11 at 0
2018-07-12 01:08:21 input方法
2018-07-12 01:08:21 POST方法
2018-07-12 01:08:21 amount=1.00
2018-07-12 01:08:21 app_id=rPGpJp0F4pmVd0rim4oOI6Al7zVcBvor
2018-07-12 01:08:21 nonce_str=Pyz4kWVxeprdmxI5rXOIisq287cvV2pV
2018-07-12 01:08:21 notify_count=1
2018-07-12 01:08:21 order_sn=20910220180712010732
2018-07-12 01:08:21 payment_sn=20180712200040011100900021496944
2018-07-12 01:08:21 sign=68d267cb66f4624946d1ecf31adec1aa
2018-07-12 01:08:21 GET
2018-07-12 01:08:21 signtext=amount=1.00&app_id=rPGpJp0F4pmVd0rim4oOI6Al7zVcBvor&nonce_str=Pyz4kWVxeprdmxI5rXOIisq287cvV2pV&notify_count=1&order_sn=20910220180712010732&payment_sn=20180712200040011100900021496944&app_key=juf3PbBymu3jpu2D9q1BorpNmApK33RI
2018-07-12 01:08:21 mysign=68d267cb66f4624946d1ecf31adec1aa
2018-07-12 01:08:21 at 0
