2018-07-09 04:07:18 request方法
2018-07-09 04:07:18 attach=
2018-07-09 04:07:18 mch_id=1000016
2018-07-09 04:07:18 time_end=20180709160716
2018-07-09 04:07:18 transtypeid=100415
2018-07-09 04:07:18 out_trade_no=42035920180709160433
2018-07-09 04:07:18 transaction_id=1807091604461031509155700676
2018-07-09 04:07:18 ordernumber=1807091604461031509155700676
2018-07-09 04:07:18 way=wap
2018-07-09 04:07:18 total_fee=10.00
2018-07-09 04:07:18 service=al
2018-07-09 04:07:18 result_code=0
2018-07-09 04:07:18 sign=D4C91F91FA06FD3E3DF933BE00EBACF3
2018-07-09 04:07:18 post方法
2018-07-09 04:07:18 input方法
2018-07-09 04:07:18 
2018-07-09 04:07:18 attach=
2018-07-09 04:07:18 mch_id=1000016
2018-07-09 04:07:18 time_end=20180709160716
2018-07-09 04:07:18 transtypeid=100415
2018-07-09 04:07:18 out_trade_no=42035920180709160433
2018-07-09 04:07:18 transaction_id=1807091604461031509155700676
2018-07-09 04:07:18 ordernumber=1807091604461031509155700676
2018-07-09 04:07:18 way=wap
2018-07-09 04:07:18 total_fee=10.00
2018-07-09 04:07:18 service=al
2018-07-09 04:07:18 result_code=0
2018-07-09 04:07:18 sign=D4C91F91FA06FD3E3DF933BE00EBACF3
2018-07-09 04:07:18 signtext=100001620180709160716420359201807091604331807091604461031509155700676100415180709160446103150915570067610.00alwap0fc72253272f54c2e866468a2c0338a19
2018-07-09 04:07:18 mysign=D4C91F91FA06FD3E3DF933BE00EBACF3
2018-07-09 04:07:18 SUCCESSat 1
