2018-10-15 22:12:24 -----return
2018-10-15 22:12:24 out_trade_no=95863520181016100753-----return
2018-10-15 22:12:24 total_fee=1000-----return
2018-10-15 22:14:37 -----return
2018-10-15 22:14:37 out_trade_no=95863520181016100753-----return
2018-10-15 22:14:37 total_fee=2000-----return
2018-10-15 22:22:44 apps_id=a1e38c8170044a0fab4294c31c0b8371
2018-10-15 22:22:44 out_trade_no=28471820181016102225
2018-10-15 22:22:44 trade_no=7001ababed7d4cc1a0345f7f0bd02418
2018-10-15 22:22:44 mer_id=18101417411129657
2018-10-15 22:22:44 total_fee=1000
2018-10-15 22:22:44 subject=pay
2018-10-15 22:22:44 body=
2018-10-15 22:22:44 pay_name=支付宝PC网页支付
2018-10-15 22:22:44 pay_time=2018-10-16 10:22:43
2018-10-15 22:22:44 user_id=
2018-10-15 22:22:44 extra=
2018-10-15 22:22:44 sign=HOEDEn61rLKmYkWgeuDznY9je9AoEw51TVKeobdtmGfV+2FnAe7+vak5Gedo6x79xGQ5HZ3dRpXPKWjeuoW55sIm5aj0Xe0/qE0kD2jVhuUh+fk+J0+7uQKxxlfYsZ5ObRzY60J+RXYNw/XfcgQsMZV3RBNyVQU0YQIfHqZANQ8=
2018-10-15 22:22:44 sign_type=RSA
2018-10-15 22:22:44 public_pem=-----BEGIN PUBLIC KEY-----
MIGfMA0GCSqGSIb3DQEBAQUAA4GNADCBiQKBgQDO7CQpYHhEonv1g9YjRVGJDaCO
u0bXogD7pBLQu2dDvJ8TGROCEw6ArIWgAWEEE1uEShPBa4MpCP4ZMjT5RMj45o0p
b0Z8s4k6CpS9D1LFK9msNpsN8PyaRDQC86R6jxAVQMWgfIZ9cxfZR8Ple3GJGjwB
feRnzh75rE1DHCBOcwIDAQAB
-----END PUBLIC KEY-----

2018-10-15 22:22:44 signtext=apps_id=a1e38c8170044a0fab4294c31c0b8371&mer_id=18101417411129657&out_trade_no=28471820181016102225&pay_name=支付宝PC网页支付&pay_time=2018-10-16 10:22:43&subject=pay&total_fee=1000&trade_no=7001ababed7d4cc1a0345f7f0bd02418
2018-10-15 22:22:44 successat 1
2018-10-15 22:22:55 -----return
2018-10-15 22:22:55 out_trade_no=28471820181016102225-----return
2018-10-15 22:22:55 total_fee=1000-----return
2018-10-15 22:22:55 subject=pay-----return
2018-10-15 22:22:55 body=null-----return
2018-10-15 22:22:55 extra=null-----return
2018-10-15 22:23:55 -----return
2018-10-15 22:23:55 out_trade_no=28471820181016102225-----return
2018-10-15 22:23:55 total_fee=1000-----return
2018-10-15 22:23:55 subject=pay-----return
2018-10-15 22:23:55 body=null-----return
2018-10-15 22:23:55 extra=null-----return
