2018-09-11 22:38:10 request方法
2018-09-11 22:38:10 orderPrice=10.00
2018-09-11 22:38:10 orderTime=20180911223712
2018-09-11 22:38:10 outTradeNo=58300420180911223712
2018-09-11 22:38:10 payKey=24b2deba13a542ecb75a66901db099e4
2018-09-11 22:38:10 productName=productName
2018-09-11 22:38:10 productType=20000303
2018-09-11 22:38:10 successTime=20180912103810
2018-09-11 22:38:10 tradeStatus=SUCCESS
2018-09-11 22:38:10 trxNo=SF77772018091210305177
2018-09-11 22:38:10 sign=63308CB93CBEF66CC65F421BB29FBAA9
2018-09-11 22:38:10 post方法
2018-09-11 22:38:10 input方法
2018-09-11 22:38:10 
2018-09-11 22:38:10 orderPrice=10.00
2018-09-11 22:38:10 orderTime=20180911223712
2018-09-11 22:38:10 outTradeNo=58300420180911223712
2018-09-11 22:38:10 payKey=24b2deba13a542ecb75a66901db099e4
2018-09-11 22:38:10 productName=productName
2018-09-11 22:38:10 productType=20000303
2018-09-11 22:38:10 successTime=20180912103810
2018-09-11 22:38:10 tradeStatus=SUCCESS
2018-09-11 22:38:10 trxNo=SF77772018091210305177
2018-09-11 22:38:10 sign=63308CB93CBEF66CC65F421BB29FBAA9
2018-09-11 22:38:10 signtext=orderPrice=10.00&orderTime=20180911223712&outTradeNo=58300420180911223712&payKey=24b2deba13a542ecb75a66901db099e4&productName=productName&productType=20000303&successTime=20180912103810&tradeStatus=SUCCESS&trxNo=SF77772018091210305177&paySecret=3506c6d3fdbc40bd9fb66f0c1f522f04
2018-09-11 22:38:10 mysign=63308CB93CBEF66CC65F421BB29FBAA9
2018-09-11 22:38:10 SUCCESSat 1
