2018-08-13 23:58:30 return
2018-08-13 23:58:37 notify
2018-08-13 23:58:37 mid=10306
2018-08-13 23:58:37 oid=34748220180813235721
2018-08-13 23:58:37 amt=500.00
2018-08-13 23:58:37 tamt=500.00
2018-08-13 23:58:37 way=1
2018-08-13 23:58:37 remark=
2018-08-13 23:58:37 code=100
2018-08-13 23:58:37 sign=b65d9d13349e6e415862fdcbad32a65a
2018-08-13 23:58:37 signtext=1030634748220180813235721500.0011009c306963c0c816df450f911c2ba07490
2018-08-13 23:58:37 mysign=b65d9d13349e6e415862fdcbad32a65a
2018-08-13 23:58:38 okat 1
2018-08-13 23:58:38 notify
2018-08-13 23:58:38 mid=10306
2018-08-13 23:58:38 oid=34748220180813235721
2018-08-13 23:58:38 amt=500.00
2018-08-13 23:58:38 tamt=500.00
2018-08-13 23:58:38 way=1
2018-08-13 23:58:38 remark=
2018-08-13 23:58:38 code=100
2018-08-13 23:58:38 sign=b65d9d13349e6e415862fdcbad32a65a
2018-08-13 23:58:38 signtext=1030634748220180813235721500.0011009c306963c0c816df450f911c2ba07490
2018-08-13 23:58:38 mysign=b65d9d13349e6e415862fdcbad32a65a
2018-08-13 23:58:38 okat 0
