2018-07-14 10:31:02 request方法
2018-07-14 10:31:02 post方法
2018-07-14 10:31:02 input方法
2018-07-14 10:31:02 eyJvcGF5X3N0YXR1cyI6IjAiLCJvcmRlcl90eXBlIjoiMjcwNCIsIm91dF90cmFkZV9ubyI6IjQw
Nzk0ODIwMTgwNzE0MjIwNjQ0IiwicGF5X3N0YXR1cyI6IjEiLCJyZXR1cm5fY29kZSI6IlNVQ0NF
U1MiLCJyZXR1cm5fbXNnIjoib3JkZXJfbm90aWZ5Iiwic2VsbGVyX2lkIjoiNTYxNzEzMjE3Iiwi
c2lnbiI6ImpZZkFIU2hpVERtQzF1Q25IMXNnSTJ3VFN6L0MrWVdoalkxc2EzeWxXWURCRDJ0OW84
T0VjY0lvQ1NoMHN3ZE5kMUU2Y2Vxdy9mVUhLS2RmdGtTMFBSZXhEWSsydkdraG1PTWNXTTN2NTlT
S0JmWmJ5SHlURmlDSk81MFF4MDJ4QkhSNUJscHhxSDRWbFZJd0VFYzJDb0hudGFjdEpqaXpEWllT
V3NDdG5ZTm1lYk5MbEczRk5Xc3g4OFE0TDR1RmhTMFNwQTgzM0psdWpSOGhRZGpGUUxLZ1NaSFQ0
TGRaQWkxSjNIeWFYUVBGT3pnOUJDVnVURlVpTjROTUYxa0Nsc202ZzRwV1Z5K0tsYllPNmh4NHdr
UEovMEdudkU5WDY2RWVNNGJGVnhsOUpLN1JZdkFZNnhDaDU0ZW92T1dyZkdQOWt6Qis0UVc3L1BJ
TnBicmE3UT09Iiwic3RhdGUiOiIwMCIsInRvdGFsX2ZlZSI6MTAwfQ==
2018-07-14 10:31:02 input方法
2018-07-14 10:31:02 eyJvcGF5X3N0YXR1cyI6IjAiLCJvcmRlcl90eXBlIjoiMjcwNCIsIm91dF90cmFkZV9ubyI6IjQw
Nzk0ODIwMTgwNzE0MjIwNjQ0IiwicGF5X3N0YXR1cyI6IjEiLCJyZXR1cm5fY29kZSI6IlNVQ0NF
U1MiLCJyZXR1cm5fbXNnIjoib3JkZXJfbm90aWZ5Iiwic2VsbGVyX2lkIjoiNTYxNzEzMjE3Iiwi
c2lnbiI6ImpZZkFIU2hpVERtQzF1Q25IMXNnSTJ3VFN6L0MrWVdoalkxc2EzeWxXWURCRDJ0OW84
T0VjY0lvQ1NoMHN3ZE5kMUU2Y2Vxdy9mVUhLS2RmdGtTMFBSZXhEWSsydkdraG1PTWNXTTN2NTlT
S0JmWmJ5SHlURmlDSk81MFF4MDJ4QkhSNUJscHhxSDRWbFZJd0VFYzJDb0hudGFjdEpqaXpEWllT
V3NDdG5ZTm1lYk5MbEczRk5Xc3g4OFE0TDR1RmhTMFNwQTgzM0psdWpSOGhRZGpGUUxLZ1NaSFQ0
TGRaQWkxSjNIeWFYUVBGT3pnOUJDVnVURlVpTjROTUYxa0Nsc202ZzRwV1Z5K0tsYllPNmh4NHdr
UEovMEdudkU5WDY2RWVNNGJGVnhsOUpLN1JZdkFZNnhDaDU0ZW92T1dyZkdQOWt6Qis0UVc3L1BJ
TnBicmE3UT09Iiwic3RhdGUiOiIwMCIsInRvdGFsX2ZlZSI6MTAwfQ==
2018-07-14 10:31:02 {"opay_status":"0","order_type":"2704","out_trade_no":"40794820180714220644","pay_status":"1","return_code":"SUCCESS","return_msg":"order_notify","seller_id":"561713217","sign":"jYfAHShiTDmC1uCnH1sgI2wTSz/C+YWhjY1sa3ylWYDBD2t9o8OEccIoCSh0swdNd1E6ceqw/fUHKKdftkS0PRexDY+2vGkhmOMcWM3v59SKBfZbyHyTFiCJO50Qx02xBHR5BlpxqH4VlVIwEEc2CoHntactJjizDZYSWsCtnYNmebNLlG3FNWsx88Q4L4uFhS0SpA833JlujR8hQdjFQLKgSZHT4LdZAi1J3HyaXQPFOzg9BCVuTFUiN4NMF1kClsm6g4pWVy+KlbYO6hx4wkPJ/0GnvE9X66EeM4bFVxl9JK7RYvAY6xCh54eovOWrfGP9kzB+4QW7/PINpbra7Q==","state":"00","total_fee":100}
2018-07-14 10:31:02 opay_status=0
2018-07-14 10:31:02 order_type=2704
2018-07-14 10:31:02 out_trade_no=40794820180714220644
2018-07-14 10:31:02 pay_status=1
2018-07-14 10:31:02 return_code=SUCCESS
2018-07-14 10:31:02 return_msg=order_notify
2018-07-14 10:31:02 seller_id=561713217
2018-07-14 10:31:02 sign=jYfAHShiTDmC1uCnH1sgI2wTSz/C+YWhjY1sa3ylWYDBD2t9o8OEccIoCSh0swdNd1E6ceqw/fUHKKdftkS0PRexDY+2vGkhmOMcWM3v59SKBfZbyHyTFiCJO50Qx02xBHR5BlpxqH4VlVIwEEc2CoHntactJjizDZYSWsCtnYNmebNLlG3FNWsx88Q4L4uFhS0SpA833JlujR8hQdjFQLKgSZHT4LdZAi1J3HyaXQPFOzg9BCVuTFUiN4NMF1kClsm6g4pWVy+KlbYO6hx4wkPJ/0GnvE9X66EeM4bFVxl9JK7RYvAY6xCh54eovOWrfGP9kzB+4QW7/PINpbra7Q==
2018-07-14 10:31:02 state=00
2018-07-14 10:31:02 total_fee=100
2018-07-14 10:31:02 signtext=opay_status=0&order_type=2704&out_trade_no=40794820180714220644&pay_status=1&return_code=SUCCESS&return_msg=order_notify&seller_id=561713217&state=00&total_fee=100
2018-07-14 10:31:02 mysign=0
2018-07-14 10:31:02 签名不正确！
