2018-09-06 04:21:52 notify
2018-09-06 04:21:52 request方法
2018-09-06 04:21:52 productDesc=
2018-09-06 04:21:52 orderAmount=1000
2018-09-06 04:21:52 orderNo=23877820180906042054
2018-09-06 04:21:52 wtfOrderNo=H906162015640725364
2018-09-06 04:21:52 payTime=2018-09-06 16:21:08
2018-09-06 04:21:52 sign=41d55678f1c0b89f533931fd878a0979
2018-09-06 04:21:52 orderStatus=SUCCESS
2018-09-06 04:21:52 remark=
2018-09-06 04:21:52 productName=
2018-09-06 04:21:52 merchantNo=W80905191923525
2018-09-06 04:21:52 post方法
2018-09-06 04:21:52 productDesc=
2018-09-06 04:21:52 orderAmount=1000
2018-09-06 04:21:52 orderNo=23877820180906042054
2018-09-06 04:21:52 wtfOrderNo=H906162015640725364
2018-09-06 04:21:52 payTime=2018-09-06 16:21:08
2018-09-06 04:21:52 sign=41d55678f1c0b89f533931fd878a0979
2018-09-06 04:21:52 orderStatus=SUCCESS
2018-09-06 04:21:52 remark=
2018-09-06 04:21:52 productName=
2018-09-06 04:21:52 merchantNo=W80905191923525
2018-09-06 04:21:52 input方法
2018-09-06 04:21:52 productDesc&orderAmount=1000&orderNo=23877820180906042054&wtfOrderNo=H906162015640725364&payTime=2018-09-06+16%3A21%3A08&sign=41d55678f1c0b89f533931fd878a0979&orderStatus=SUCCESS&remark&productName&merchantNo=W80905191923525
2018-09-06 04:21:52 productDesc=
2018-09-06 04:21:52 orderAmount=1000
2018-09-06 04:21:52 orderNo=23877820180906042054
2018-09-06 04:21:52 wtfOrderNo=H906162015640725364
2018-09-06 04:21:52 payTime=2018-09-06 16:21:08
2018-09-06 04:21:52 sign=41d55678f1c0b89f533931fd878a0979
2018-09-06 04:21:52 orderStatus=SUCCESS
2018-09-06 04:21:52 remark=
2018-09-06 04:21:52 productName=
2018-09-06 04:21:52 merchantNo=W80905191923525
2018-09-06 04:21:52 signtext=merchantNo=W80905191923525&orderAmount=1000&orderNo=23877820180906042054&orderStatus=SUCCESS&payTime=2018-09-06 16:21:08&wtfOrderNo=H906162015640725364x24ffxrwysnkkjfoujj4bt0zms3fqer7
2018-09-06 04:21:52 mysign=41d55678f1c0b89f533931fd878a0979
2018-09-06 04:21:52 OKat 1
