2018-06-25 02:15:19 return
2018-06-25 02:15:19 signText ============= orderid=20180625141441603983&opstate=0&ovalue=1.10&time=2018/06/25 14:15:25&sysorderid=B5446758191184184162ad3dcc1994bf49c280616b21de16ddc9
2018-06-25 02:15:19 mysign ============== 72db846cbbd26522fe992039f4bf6396
2018-06-25 02:15:20 notify
2018-06-25 02:15:20 signText = orderid=20180625141441603983&opstate=0&ovalue=1.10&time=2018/06/25 14:15:25&sysorderid=B5446758191184184162ad3dcc1994bf49c280616b21de16ddc9
2018-06-25 02:15:20 mysign = 72db846cbbd26522fe992039f4bf6396
2018-06-25 02:15:20 0
2018-06-25 02:15:21 notify
2018-06-25 02:15:21 signText = orderid=20180625141441603983&opstate=0&ovalue=1.10&time=2018/06/25 14:15:25&sysorderid=B5446758191184184162ad3dcc1994bf49c280616b21de16ddc9
2018-06-25 02:15:21 mysign = 72db846cbbd26522fe992039f4bf6396
2018-06-25 02:15:21 0
2018-06-25 02:15:41 notify
2018-06-25 02:15:41 signText = orderid=20180625141441603983&opstate=0&ovalue=1.10&time=2018/06/25 14:15:25&sysorderid=B5446758191184184162ad3dcc1994bf49c280616b21de16ddc9
2018-06-25 02:15:41 mysign = 72db846cbbd26522fe992039f4bf6396
2018-06-25 02:15:41 0
2018-06-25 02:16:19 return
2018-06-25 02:16:41 notify
2018-06-25 02:16:41 signText = orderid=20180625141441603983&opstate=0&ovalue=1.10&time=2018/06/25 14:15:25&sysorderid=B5446758191184184162ad3dcc1994bf49c280616b21de16ddc9
2018-06-25 02:16:41 mysign = 72db846cbbd26522fe992039f4bf6396
2018-06-25 02:16:41 0
