2018-09-10 05:50:51 request方法
2018-09-10 05:50:51 platform_trade_no=153657302841236
2018-09-10 05:50:51 orderid=60104720180910055028
2018-09-10 05:50:51 orderuid=100013
2018-09-10 05:50:51 price=1
2018-09-10 05:50:51 key=586d382ca02b22c1e1a2ad1865abc237
2018-09-10 05:50:51 post方法
2018-09-10 05:50:51 platform_trade_no=153657302841236
2018-09-10 05:50:51 orderid=60104720180910055028
2018-09-10 05:50:51 orderuid=100013
2018-09-10 05:50:51 price=1
2018-09-10 05:50:51 key=586d382ca02b22c1e1a2ad1865abc237
2018-09-10 05:50:51 input方法
2018-09-10 05:50:51 platform_trade_no=153657302841236&orderid=60104720180910055028&orderuid=100013&price=1&key=586d382ca02b22c1e1a2ad1865abc237
2018-09-10 05:50:51 platform_trade_no=153657302841236
2018-09-10 05:50:51 orderid=60104720180910055028
2018-09-10 05:50:51 orderuid=100013
2018-09-10 05:50:51 price=1
2018-09-10 05:50:51 key=586d382ca02b22c1e1a2ad1865abc237
2018-09-10 05:50:51 signtext=6010472018091005502810001315365730284123617ca07e137d62bd0e8a5598459e2b7e1a
2018-09-10 05:50:51 mysign=586d382ca02b22c1e1a2ad1865abc237
2018-09-10 05:50:51 OKat 1
