2018-10-03 10:49:49 request方法
2018-10-03 10:49:49 post方法
2018-10-03 10:49:49 input方法
2018-10-03 10:49:49 {"merId":"360888890000144","orderAmt":"1.00","orderNo":"80378420181003104653","payDate":"2018-10-03","payNo":"2018100322465422391974665","payStatus":"S","payTime":"22:49:40","realAmt":"0.99","remark1":"remark1","remark2":"remark2","sign":"d5b6fa9b802610636d6363879baa9a48","version":"1.0.0"}
2018-10-03 10:49:49 {"merId":"360888890000144","orderAmt":"1.00","orderNo":"80378420181003104653","payDate":"2018-10-03","payNo":"2018100322465422391974665","payStatus":"S","payTime":"22:49:40","realAmt":"0.99","remark1":"remark1","remark2":"remark2","sign":"d5b6fa9b802610636d6363879baa9a48","version":"1.0.0"}
2018-10-03 10:49:49 merId=360888890000144
2018-10-03 10:49:49 orderAmt=1.00
2018-10-03 10:49:49 orderNo=80378420181003104653
2018-10-03 10:49:49 payDate=2018-10-03
2018-10-03 10:49:49 payNo=2018100322465422391974665
2018-10-03 10:49:49 payStatus=S
2018-10-03 10:49:49 payTime=22:49:40
2018-10-03 10:49:49 realAmt=0.99
2018-10-03 10:49:49 remark1=remark1
2018-10-03 10:49:49 remark2=remark2
2018-10-03 10:49:49 sign=d5b6fa9b802610636d6363879baa9a48
2018-10-03 10:49:49 version=1.0.0
2018-10-03 10:49:49 signtext=merId=360888890000144&orderAmt=1.00&orderNo=80378420181003104653&payDate=2018-10-03&payNo=2018100322465422391974665&payStatus=S&payTime=22:49:40&realAmt=0.99&remark1=remark1&remark2=remark2&version=1.0.0&key=13496d0126edc7f48e3e717feca3c200
2018-10-03 10:49:49 mysign=d5b6fa9b802610636d6363879baa9a48
2018-10-03 10:49:49 successat 1
