2018-08-27 04:08:34 notify
2018-08-27 04:08:34 request方法
2018-08-27 04:08:34 account_name=test
2018-08-27 04:08:34 pay_time=1535357313
2018-08-27 04:08:34 status=success
2018-08-27 04:08:34 amount=1.00
2018-08-27 04:08:34 out_trade_no=20329420180827160809
2018-08-27 04:08:34 trade_no=2018082716080987214
2018-08-27 04:08:34 fees=0.03
2018-08-27 04:08:34 sign=128f0dafc1ccfc284cc731e2e8b24e5d
2018-08-27 04:08:34 callback_time=1535357314
2018-08-27 04:08:34 type=1
2018-08-27 04:08:34 account_key=F9F0C8481E2671
2018-08-27 04:08:34 post方法
2018-08-27 04:08:34 account_name=test
2018-08-27 04:08:34 pay_time=1535357313
2018-08-27 04:08:34 status=success
2018-08-27 04:08:34 amount=1.00
2018-08-27 04:08:34 out_trade_no=20329420180827160809
2018-08-27 04:08:34 trade_no=2018082716080987214
2018-08-27 04:08:34 fees=0.03
2018-08-27 04:08:34 sign=128f0dafc1ccfc284cc731e2e8b24e5d
2018-08-27 04:08:34 callback_time=1535357314
2018-08-27 04:08:34 type=1
2018-08-27 04:08:34 account_key=F9F0C8481E2671
2018-08-27 04:08:34 input方法
2018-08-27 04:08:34 account_name=test&pay_time=1535357313&status=success&amount=1.00&out_trade_no=20329420180827160809&trade_no=2018082716080987214&fees=0.03&sign=128f0dafc1ccfc284cc731e2e8b24e5d&callback_time=1535357314&type=1&account_key=F9F0C8481E2671
2018-08-27 04:08:34 account_name=test
2018-08-27 04:08:34 pay_time=1535357313
2018-08-27 04:08:34 status=success
2018-08-27 04:08:34 amount=1.00
2018-08-27 04:08:34 out_trade_no=20329420180827160809
2018-08-27 04:08:34 trade_no=2018082716080987214
2018-08-27 04:08:34 fees=0.03
2018-08-27 04:08:34 sign=128f0dafc1ccfc284cc731e2e8b24e5d
2018-08-27 04:08:34 callback_time=1535357314
2018-08-27 04:08:34 type=1
2018-08-27 04:08:34 account_key=F9F0C8481E2671
2018-08-27 04:08:34 mysign=128f0dafc1ccfc284cc731e2e8b24e5d
2018-08-27 04:08:34 successat 1
