2018-10-29 12:06:51 request方法
2018-10-29 12:06:51 p_id=0409BDF5-768A-5A7C-9E28-45BDAC3CEBD5
2018-10-29 12:06:51 orderid=42702820181030000532
2018-10-29 12:06:51 orderuid=42702820181030000532
2018-10-29 12:06:51 price=1.00
2018-10-29 12:06:51 realprice=0.99
2018-10-29 12:06:51 key=c632aed40012710331290606cb367901
2018-10-29 12:06:51 post方法
2018-10-29 12:06:51 p_id=0409BDF5-768A-5A7C-9E28-45BDAC3CEBD5
2018-10-29 12:06:51 orderid=42702820181030000532
2018-10-29 12:06:51 orderuid=42702820181030000532
2018-10-29 12:06:51 price=1.00
2018-10-29 12:06:51 realprice=0.99
2018-10-29 12:06:51 key=c632aed40012710331290606cb367901
2018-10-29 12:06:51 input方法
2018-10-29 12:06:51 p_id=0409BDF5-768A-5A7C-9E28-45BDAC3CEBD5&orderid=42702820181030000532&orderuid=42702820181030000532&price=1.00&realprice=0.99&key=c632aed40012710331290606cb367901
2018-10-29 12:06:51 p_id=0409BDF5-768A-5A7C-9E28-45BDAC3CEBD5
2018-10-29 12:06:51 orderid=42702820181030000532
2018-10-29 12:06:51 orderuid=42702820181030000532
2018-10-29 12:06:51 price=1.00
2018-10-29 12:06:51 realprice=0.99
2018-10-29 12:06:51 key=c632aed40012710331290606cb367901
2018-10-29 12:06:51 signtext=42702820181030000532427028201810300005320409BDF5-768A-5A7C-9E28-45BDAC3CEBD51.000.99jqkhqtdsfupznwslkvxqcljjxhveeljt
2018-10-29 12:06:51 mysign=c632aed40012710331290606cb367901
2018-10-29 12:06:51 successat 1
