2018-10-04 04:36:51 {"appid":"LJBGDRFK","goods_name":"cGF5","currency_type":"CNY","out_trade_no":"80599720181004043613","pay_id":"ALIPAY","payment":"1","pay_no":"201810041636145244861965","resp_code":"00","resp_desc":"\u652f\u4ed8\u6210\u529f","tran_amount":"96.80","sign_type":"MD5","version":"1.0","amount":"100.00","sign":"f06d8e58460af3f016aae8d721ce0b01"}
2018-10-04 04:36:51 appid=LJBGDRFK
2018-10-04 04:36:51 goods_name=cGF5
2018-10-04 04:36:51 currency_type=CNY
2018-10-04 04:36:51 out_trade_no=80599720181004043613
2018-10-04 04:36:51 pay_id=ALIPAY
2018-10-04 04:36:51 payment=1
2018-10-04 04:36:51 pay_no=201810041636145244861965
2018-10-04 04:36:51 resp_code=00
2018-10-04 04:36:51 resp_desc=支付成功
2018-10-04 04:36:51 tran_amount=96.80
2018-10-04 04:36:51 sign_type=MD5
2018-10-04 04:36:51 version=1.0
2018-10-04 04:36:51 amount=100.00
2018-10-04 04:36:51 sign=f06d8e58460af3f016aae8d721ce0b01
2018-10-04 04:36:51 signtext=amount=100.00&appid=LJBGDRFK&currency_type=CNY&goods_name=cGF5&out_trade_no=80599720181004043613&pay_id=ALIPAY&pay_no=201810041636145244861965&payment=1&resp_code=00&resp_desc=支付成功&sign_type=MD5&tran_amount=96.80&version=1.09abf3925806c2703e979a926350e6cfc
2018-10-04 04:36:51 mysign=f06d8e58460af3f016aae8d721ce0b01
2018-10-04 04:36:51 SUCCESSat 1
2018-10-04 04:36:54 -----return
2018-10-04 04:36:54 appid=LJBGDRFK-----return
2018-10-04 04:36:54 goods_name=cGF5-----return
2018-10-04 04:36:54 currency_type=CNY-----return
2018-10-04 04:36:54 out_trade_no=80599720181004043613-----return
2018-10-04 04:36:54 pay_id=ALIPAY-----return
2018-10-04 04:36:54 payment=1-----return
2018-10-04 04:36:54 pay_no=201810041636145244861965-----return
2018-10-04 04:36:54 resp_code=00-----return
2018-10-04 04:36:54 resp_desc=支付成功-----return
2018-10-04 04:36:54 tran_amount=96.80-----return
2018-10-04 04:36:54 sign_type=MD5-----return
2018-10-04 04:36:54 version=1.0-----return
2018-10-04 04:36:54 amount=100.00-----return
2018-10-04 04:36:54 sign=f06d8e58460af3f016aae8d721ce0b01-----return
2018-10-04 04:36:54 signtext=amount=100.00&appid=LJBGDRFK&currency_type=CNY&goods_name=cGF5&out_trade_no=80599720181004043613&pay_id=ALIPAY&pay_no=201810041636145244861965&payment=1&resp_code=00&resp_desc=支付成功&sign_type=MD5&tran_amount=96.80&version=1.09abf3925806c2703e979a926350e6cfc
2018-10-04 04:36:54 mysign=f06d8e58460af3f016aae8d721ce0b01
