2018-10-02 10:20:55 request方法
2018-10-02 10:20:55 post方法
2018-10-02 10:20:55 input方法
2018-10-02 10:20:55 {"appid":"7RZLYE7H","goods_name":"cGF5","currency_type":"CNY","out_trade_no":"23305120181002102002","pay_id":"ALIPAY","payment":"1","pay_no":"201810022220033870943356","resp_code":"00","resp_desc":"\u652f\u4ed8\u6210\u529f","tran_amount":"96.80","sign_type":"MD5","version":"1.0","amount":"100.00","sign":"8e73aefcd4d1436ee31346050411f010"}
2018-10-02 10:20:55 {"appid":"7RZLYE7H","goods_name":"cGF5","currency_type":"CNY","out_trade_no":"23305120181002102002","pay_id":"ALIPAY","payment":"1","pay_no":"201810022220033870943356","resp_code":"00","resp_desc":"\u652f\u4ed8\u6210\u529f","tran_amount":"96.80","sign_type":"MD5","version":"1.0","amount":"100.00","sign":"8e73aefcd4d1436ee31346050411f010"}
2018-10-02 10:20:55 appid=7RZLYE7H
2018-10-02 10:20:55 goods_name=cGF5
2018-10-02 10:20:55 currency_type=CNY
2018-10-02 10:20:55 out_trade_no=23305120181002102002
2018-10-02 10:20:55 pay_id=ALIPAY
2018-10-02 10:20:55 payment=1
2018-10-02 10:20:55 pay_no=201810022220033870943356
2018-10-02 10:20:55 resp_code=00
2018-10-02 10:20:55 resp_desc=支付成功
2018-10-02 10:20:55 tran_amount=96.80
2018-10-02 10:20:55 sign_type=MD5
2018-10-02 10:20:55 version=1.0
2018-10-02 10:20:55 amount=100.00
2018-10-02 10:20:55 sign=8e73aefcd4d1436ee31346050411f010
2018-10-02 10:20:55 signtext=amount=100.00&appid=7RZLYE7H&currency_type=CNY&goods_name=cGF5&out_trade_no=23305120181002102002&pay_id=ALIPAY&pay_no=201810022220033870943356&payment=1&resp_code=00&resp_desc=支付成功&sign_type=MD5&tran_amount=96.80&version=1.0f5fde174bab030541d625996ef325139
2018-10-02 10:20:55 mysign=8e73aefcd4d1436ee31346050411f010
2018-10-02 10:20:55 SUCCESSat 1
2018-10-02 10:20:59 -----return
2018-10-02 10:20:59 appid=7RZLYE7H-----return
2018-10-02 10:20:59 goods_name=cGF5-----return
2018-10-02 10:20:59 currency_type=CNY-----return
2018-10-02 10:20:59 out_trade_no=23305120181002102002-----return
2018-10-02 10:20:59 pay_id=ALIPAY-----return
2018-10-02 10:20:59 payment=1-----return
2018-10-02 10:20:59 pay_no=201810022220033870943356-----return
2018-10-02 10:20:59 resp_code=00-----return
2018-10-02 10:20:59 resp_desc=支付成功-----return
2018-10-02 10:20:59 tran_amount=96.80-----return
2018-10-02 10:20:59 sign_type=MD5-----return
2018-10-02 10:20:59 version=1.0-----return
2018-10-02 10:20:59 amount=100.00-----return
2018-10-02 10:20:59 sign=8e73aefcd4d1436ee31346050411f010-----return
2018-10-02 10:20:59 signtext=amount=100.00&appid=7RZLYE7H&currency_type=CNY&goods_name=cGF5&out_trade_no=23305120181002102002&pay_id=ALIPAY&pay_no=201810022220033870943356&payment=1&resp_code=00&resp_desc=支付成功&sign_type=MD5&tran_amount=96.80&version=1.0f5fde174bab030541d625996ef325139
2018-10-02 10:20:59 mysign=8e73aefcd4d1436ee31346050411f010
