2018-10-30 23:13:54 notify
2018-10-30 23:13:54 fxid=2018128
2018-10-30 23:13:54 fxddh=98937220181030231333
2018-10-30 23:13:54 fxorder=bfb2b42f3aaf2934af418eca
2018-10-30 23:13:54 fxdesc=pay
2018-10-30 23:13:54 fxfee=1.00
2018-10-30 23:13:54 fxattch=
2018-10-30 23:13:54 fxstatus=1
2018-10-30 23:13:54 fxtime=1540955632
2018-10-30 23:13:54 fxsign=78d2b29b41bf55fc751939eef6e1a6c1
2018-10-30 23:13:54 signtext=12018128989372201810302313331.00AjrnzCZdsNciYpMeyllxvVgvVgwXltUY
2018-10-30 23:13:54 mysign=78d2b29b41bf55fc751939eef6e1a6c1
2018-10-30 23:13:54 successat 1
2018-10-30 23:13:57 return
2018-10-30 23:13:57 fxid=2018128
2018-10-30 23:13:57 fxddh=98937220181030231333
2018-10-30 23:13:57 fxorder=bfb2b42f3aaf2934af418eca
2018-10-30 23:13:57 fxdesc=pay
2018-10-30 23:13:57 fxfee=1.00
2018-10-30 23:13:57 fxattch=
2018-10-30 23:13:57 fxstatus=1
2018-10-30 23:13:57 fxtime=1540955632
2018-10-30 23:13:57 fxsign=78d2b29b41bf55fc751939eef6e1a6c1
2018-10-30 23:13:57 signtext=12018128989372201810302313331.00AjrnzCZdsNciYpMeyllxvVgvVgwXltUY
2018-10-30 23:13:57 mysign=78d2b29b41bf55fc751939eef6e1a6c1
2018-10-30 23:14:57 return
