2018-10-26 02:38:58 notify
2018-10-26 02:38:58 order_no=72018920181026023828
2018-10-26 02:38:58 payment_trx_no=PAY55710233642401792
2018-10-26 02:38:58 merchant_no=DFSX10010030
2018-10-26 02:38:58 ord_status=SUCCESS
2018-10-26 02:38:58 complete_time=2018-10-26 14:38:57
2018-10-26 02:38:58 pay_code=20000
2018-10-26 02:38:58 order_amount=20.00
2018-10-26 02:38:58 pay_amount=20.00
2018-10-26 02:38:58 sign=49ff2776fc7d0835c7681a9c36c205af
2018-10-26 02:38:58 currency=156
2018-10-26 02:38:58 remark=
2018-10-26 02:38:58 product_name=goods
2018-10-26 02:38:58 signtext=complete_time=2018-10-26 14:38:57&currency=156&merchant_no=DFSX10010030&ord_status=SUCCESS&order_amount=20.00&order_no=72018920181026023828&pay_amount=20.00&pay_code=20000&payment_trx_no=PAY55710233642401792&product_name=goods&key=e518f2f23a737c063d555148033e7c11
2018-10-26 02:38:58 mysign=49ff2776fc7d0835c7681a9c36c205af
2018-10-26 02:38:58 SUCCESSat 1
2018-10-26 04:07:38 notify
2018-10-26 04:07:38 order_no=81835520181026040607
2018-10-26 04:07:38 payment_trx_no=PAY55732292082728960
2018-10-26 04:07:38 merchant_no=DFSX10010030
2018-10-26 04:07:38 ord_status=SUCCESS
2018-10-26 04:07:38 complete_time=2018-10-26 16:07:38
2018-10-26 04:07:38 pay_code=20000
2018-10-26 04:07:38 order_amount=20.00
2018-10-26 04:07:38 pay_amount=20.00
2018-10-26 04:07:38 sign=3744162fa0dd004b0fb4ec27989b4af5
2018-10-26 04:07:38 currency=156
2018-10-26 04:07:38 remark=
2018-10-26 04:07:38 product_name=goods
2018-10-26 04:07:38 signtext=complete_time=2018-10-26 16:07:38&currency=156&merchant_no=DFSX10010030&ord_status=SUCCESS&order_amount=20.00&order_no=81835520181026040607&pay_amount=20.00&pay_code=20000&payment_trx_no=PAY55732292082728960&product_name=goods&key=e518f2f23a737c063d555148033e7c11
2018-10-26 04:07:38 mysign=3744162fa0dd004b0fb4ec27989b4af5
2018-10-26 04:07:38 SUCCESSat 1
