2018-08-15 12:11:32 request方法
2018-08-15 12:11:32 type=alipay
2018-08-15 12:11:32 money=1.00
2018-08-15 12:11:32 extend=extend
2018-08-15 12:11:32 out_order_id=15343494474278
2018-08-15 12:11:32 no=2018081621001004900570860478
2018-08-15 12:11:32 pid=10005
2018-08-15 12:11:32 sign=5e59f7d7d68f9375e4ae93834c612114
2018-08-15 12:11:32 post方法
2018-08-15 12:11:32 type=alipay
2018-08-15 12:11:32 money=1.00
2018-08-15 12:11:32 extend=extend
2018-08-15 12:11:32 out_order_id=15343494474278
2018-08-15 12:11:32 no=2018081621001004900570860478
2018-08-15 12:11:32 pid=10005
2018-08-15 12:11:32 sign=5e59f7d7d68f9375e4ae93834c612114
2018-08-15 12:11:32 input方法
2018-08-15 12:11:32 type=alipay&money=1.00&extend=extend&out_order_id=15343494474278&no=2018081621001004900570860478&pid=10005&sign=5e59f7d7d68f9375e4ae93834c612114
2018-08-15 12:11:32 type=alipay
2018-08-15 12:11:32 money=1.00
2018-08-15 12:11:32 extend=extend
2018-08-15 12:11:32 out_order_id=15343494474278
2018-08-15 12:11:32 no=2018081621001004900570860478
2018-08-15 12:11:32 pid=10005
2018-08-15 12:11:32 sign=5e59f7d7d68f9375e4ae93834c612114
2018-08-15 12:11:32 signtext=10005alipay20180816210010049005708604781.00extend153434944742784b59ce7595c39aa6daaa1973fd4199b4
2018-08-15 12:11:32 mysign=5e59f7d7d68f9375e4ae93834c612114
2018-08-15 12:11:32 successat 1
