2018-07-25 02:53:36 notify
2018-07-25 02:53:36 request方法
2018-07-25 02:53:36 merchantId=5920722181537665
2018-07-25 02:53:36 corp_flow_no=6208520180725143528
2018-07-25 02:53:36 reqMsgId=201807251435286281006
2018-07-25 02:53:36 amount=1.000
2018-07-25 02:53:36 respType=S
2018-07-25 02:53:36 respCode=00
2018-07-25 02:53:36 respMsg=交易成功
2018-07-25 02:53:36 notifyTime=2018-07-25 14:53:36
2018-07-25 02:53:36 sign=6abc7af770bd031107be64d11b34f5d0
2018-07-25 02:53:36 post方法
2018-07-25 02:53:36 merchantId=5920722181537665
2018-07-25 02:53:36 corp_flow_no=6208520180725143528
2018-07-25 02:53:36 reqMsgId=201807251435286281006
2018-07-25 02:53:36 amount=1.000
2018-07-25 02:53:36 respType=S
2018-07-25 02:53:36 respCode=00
2018-07-25 02:53:36 respMsg=交易成功
2018-07-25 02:53:36 notifyTime=2018-07-25 14:53:36
2018-07-25 02:53:36 sign=6abc7af770bd031107be64d11b34f5d0
2018-07-25 02:53:36 input方法
2018-07-25 02:53:36 merchantId=5920722181537665&corp_flow_no=6208520180725143528&reqMsgId=201807251435286281006&amount=1.000&respType=S&respCode=00&respMsg=%E4%BA%A4%E6%98%93%E6%88%90%E5%8A%9F&notifyTime=2018-07-25+14%3A53%3A36&sign=6abc7af770bd031107be64d11b34f5d0
2018-07-25 02:53:36 merchantId=5920722181537665
2018-07-25 02:53:36 corp_flow_no=6208520180725143528
2018-07-25 02:53:36 reqMsgId=201807251435286281006
2018-07-25 02:53:36 amount=1.000
2018-07-25 02:53:36 respType=S
2018-07-25 02:53:36 respCode=00
2018-07-25 02:53:36 respMsg=交易成功
2018-07-25 02:53:36 notifyTime=2018-07-25 14:53:36
2018-07-25 02:53:36 sign=6abc7af770bd031107be64d11b34f5d0
2018-07-25 02:53:36 signtext=59207221815376656208520180725143528201807251435286281006SD2571525387B5746B6701102D722FABC2018072218153
2018-07-25 02:53:36 mysign=f688b420ca015143864b65fe7125e1c6
2018-07-25 02:53:36 签名不正确！
