2018-10-23 03:19:00 trade_no=201810231500274783
2018-10-23 03:19:00 trade_type=50107
2018-10-23 03:19:00 time_start=20181023151837
2018-10-23 03:19:00 total_fee=2000
2018-10-23 03:19:00 goods_name=pay
2018-10-23 03:19:00 sign=AC0AC92E23098E283ABF4B70514C9A98
2018-10-23 03:19:00 goods_detail=
2018-10-23 03:19:00 fee_type=CNY
2018-10-23 03:19:00 orig_trade_no=
2018-10-23 03:19:00 mchid=145772
2018-10-23 03:19:00 pay_time=20181023151900
2018-10-23 03:19:00 out_mchid=
2018-10-23 03:19:00 cancel=1
2018-10-23 03:19:00 order_status=3
2018-10-23 03:19:00 src_code=XFrhui1540211759CgGoQ
2018-10-23 03:19:00 time_expire=20181023154839
2018-10-23 03:19:00 out_trade_no=92199620181023151837
2018-10-23 03:19:00 order_type=1
2018-10-23 03:19:00 signtext=cancel=1&fee_type=CNY&goods_name=pay&mchid=145772&order_status=3&order_type=1&out_trade_no=92199620181023151837&pay_time=20181023151900&src_code=XFrhui1540211759CgGoQ&time_expire=20181023154839&time_start=20181023151837&total_fee=2000&trade_no=201810231500274783&trade_type=50107&key=Icv16p4DlI1540211759U4XnC3pfFrW
2018-10-23 03:19:00 mysign=AC0AC92E23098E283ABF4B70514C9A98
2018-10-23 03:19:00 SUCCESSat 1
