2018-07-27 06:13:00 request方法
2018-07-27 06:13:00 orderid=96571720180727181241
2018-07-27 06:13:00 opstate=0
2018-07-27 06:13:00 ovalue=10.00
2018-07-27 06:13:00 sysorderid=18072718124306442749
2018-07-27 06:13:00 systime=2018/07/27 18:13:00
2018-07-27 06:13:00 attach=
2018-07-27 06:13:00 msg=
2018-07-27 06:13:00 sign=93c5a108a6bcfae82fe2001ac5a8bbe6
2018-07-27 06:13:00 post方法
2018-07-27 06:13:00 input方法
2018-07-27 06:13:00 
2018-07-27 06:13:00 orderid=96571720180727181241
2018-07-27 06:13:00 opstate=0
2018-07-27 06:13:00 ovalue=10.00
2018-07-27 06:13:00 sysorderid=18072718124306442749
2018-07-27 06:13:00 systime=2018/07/27 18:13:00
2018-07-27 06:13:00 attach=
2018-07-27 06:13:00 msg=
2018-07-27 06:13:00 sign=93c5a108a6bcfae82fe2001ac5a8bbe6
2018-07-27 06:13:00 signtext=orderid=96571720180727181241&opstate=0&ovalue=10.00839a592921aa4c4e97e64d5bb6216cbd
2018-07-27 06:13:00 mysign=93c5a108a6bcfae82fe2001ac5a8bbe6
2018-07-27 06:13:00 opstate=0at 1
