2018-10-11 04:02:25 notify
2018-10-11 04:02:25 memberid=10110
2018-10-11 04:02:25 orderid=22616520181011040209
2018-10-11 04:02:25 transaction_id=20181011160208481015
2018-10-11 04:02:25 amount=1.0000
2018-10-11 04:02:25 datetime=20181011160225
2018-10-11 04:02:25 returncode=00
2018-10-11 04:02:25 sign=2F8FA769131A4DABB22111C27092CD55
2018-10-11 04:02:25 attach=
2018-10-11 04:02:25 signtext=amount=1.0000&datetime=20181011160225&memberid=10110&orderid=22616520181011040209&returncode=00&transaction_id=20181011160208481015&key=miq9es4vopfbjw2a6dsq8hzsogjq8iaa
2018-10-11 04:02:25 mysign=2F8FA769131A4DABB22111C27092CD55
2018-10-11 04:02:25 OKat 1
2018-10-11 04:02:26 return:memberid=10110
2018-10-11 04:02:26 return:orderid=22616520181011040209
2018-10-11 04:02:26 return:transaction_id=20181011160208481015
2018-10-11 04:02:26 return:amount=1.0000
2018-10-11 04:02:26 return:datetime=20181011160225
2018-10-11 04:02:26 return:returncode=00
2018-10-11 04:02:26 return:sign=2F8FA769131A4DABB22111C27092CD55
2018-10-11 04:02:26 return:attach=
2018-10-11 04:02:26 signtext=amount=1.0000&datetime=20181011160225&memberid=10110&orderid=22616520181011040209&returncode=00&transaction_id=20181011160208481015&key=miq9es4vopfbjw2a6dsq8hzsogjq8iaa
2018-10-11 04:02:26 mysign=2F8FA769131A4DABB22111C27092CD55
