2018-10-10 02:48:31 notify
2018-10-10 02:48:31 memberid=10110
2018-10-10 02:48:31 orderid=87050620181010022810
2018-10-10 02:48:31 transaction_id=20181010142810975253
2018-10-10 02:48:31 amount=10.0000
2018-10-10 02:48:31 datetime=20181010144830
2018-10-10 02:48:31 returncode=00
2018-10-10 02:48:31 sign=979E67B9B282AC4D9B8258B6C1638EA7
2018-10-10 02:48:31 attach=
2018-10-10 02:48:31 signtext=amount=10.0000&datetime=20181010144830&memberid=10110&orderid=87050620181010022810&returncode=00&key=miq9es4vopfbjw2a6dsq8hzsogjq8iaa
2018-10-10 02:48:31 mysign=D3B6F948DCE1A65FA37ABACB7780EE6B
2018-10-10 02:48:31 签名不正确！
2018-10-10 02:49:02 notify
2018-10-10 02:49:02 memberid=10110
2018-10-10 02:49:02 orderid=42562920181010024836
2018-10-10 02:49:02 transaction_id=20181010144836525499
2018-10-10 02:49:02 amount=10.0000
2018-10-10 02:49:02 datetime=20181010144901
2018-10-10 02:49:02 returncode=00
2018-10-10 02:49:02 sign=58F7F42330A6545F86D3368C556EDA66
2018-10-10 02:49:02 attach=
2018-10-10 02:49:02 signtext=amount=10.0000&datetime=20181010144901&memberid=10110&orderid=42562920181010024836&returncode=00&key=miq9es4vopfbjw2a6dsq8hzsogjq8iaa
2018-10-10 02:49:02 mysign=087BF235D7B393EC34EB70339181C3A5
2018-10-10 02:49:02 签名不正确！
2018-10-10 02:49:03 return:memberid=10110
2018-10-10 02:49:03 return:orderid=42562920181010024836
2018-10-10 02:49:03 return:transaction_id=20181010144836525499
2018-10-10 02:49:03 return:amount=10.0000
2018-10-10 02:49:03 return:datetime=20181010144902
2018-10-10 02:49:03 return:returncode=00
2018-10-10 02:49:03 return:sign=E2505F62E476681C5F6D37FD68A14216
2018-10-10 02:49:03 return:attach=
2018-10-10 02:49:03 signtext=amount=10.0000&datetime=20181010144902&memberid=10110&orderid=42562920181010024836&returncode=00&key=miq9es4vopfbjw2a6dsq8hzsogjq8iaa
2018-10-10 02:49:03 mysign=6DB10851572B369A4AD1E3DB2458F5D9
2018-10-10 02:52:17 notify
2018-10-10 02:52:17 memberid=10110
2018-10-10 02:52:17 orderid=87050620181010022810
2018-10-10 02:52:17 transaction_id=20181010142810975253
2018-10-10 02:52:17 amount=10.0000
2018-10-10 02:52:17 datetime=20181010142855
2018-10-10 02:52:17 returncode=00
2018-10-10 02:52:17 sign=E8ECFA07C0A6048E62645B3B40D970C9
2018-10-10 02:52:17 signtext=amount=10.0000&datetime=20181010142855&memberid=10110&orderid=87050620181010022810&returncode=00&key=miq9es4vopfbjw2a6dsq8hzsogjq8iaa
2018-10-10 02:52:17 mysign=4FDBD19B70AD84C56644DDD66A094D7B
2018-10-10 02:52:17 签名不正确！
2018-10-10 03:06:20 notify
2018-10-10 03:06:20 memberid=10110
2018-10-10 03:06:20 orderid=87050620181010022810
2018-10-10 03:06:20 transaction_id=20181010142810975253
2018-10-10 03:06:20 amount=10.0000
2018-10-10 03:06:20 datetime=20181010142855
2018-10-10 03:06:20 returncode=00
2018-10-10 03:06:20 sign=E8ECFA07C0A6048E62645B3B40D970C9
2018-10-10 03:06:20 signtext=amount=10.0000&datetime=20181010142855&memberid=10110&orderid=87050620181010022810&returncode=00&key=miq9es4vopfbjw2a6dsq8hzsogjq8iaa
2018-10-10 03:06:20 mysign=4FDBD19B70AD84C56644DDD66A094D7B
2018-10-10 03:06:20 签名不正确！
2018-10-10 03:07:43 notify
2018-10-10 03:07:43 memberid=10110
2018-10-10 03:07:43 orderid=87050620181010022810
2018-10-10 03:07:43 transaction_id=20181010142810975253
2018-10-10 03:07:43 amount=10.0000
2018-10-10 03:07:43 datetime=20181010142855
2018-10-10 03:07:43 returncode=00
2018-10-10 03:07:43 sign=E8ECFA07C0A6048E62645B3B40D970C9
2018-10-10 03:07:43 signtext=amount=10.00&datetime=20181010142855&memberid=10110&orderid=87050620181010022810&returncode=00&key=miq9es4vopfbjw2a6dsq8hzsogjq8iaa
2018-10-10 03:07:43 mysign=ED43E254FB00BF22DE46132CD2082C6C
2018-10-10 03:07:43 签名不正确！
