2018-09-25 23:50:51 notify
2018-09-25 23:50:51 request方法
2018-09-25 23:50:51 memberid=YM123328
2018-09-25 23:50:51 orderid=59799320180925234936
2018-09-25 23:50:51 amount=100.00
2018-09-25 23:50:51 datetime=20180926115051
2018-09-25 23:50:51 returncode=2
2018-09-25 23:50:51 reserved=
2018-09-25 23:50:51 sign=C2E38D8385393C2472C80F3D21D8B180
2018-09-25 23:50:51 post方法
2018-09-25 23:50:51 memberid=YM123328
2018-09-25 23:50:51 orderid=59799320180925234936
2018-09-25 23:50:51 amount=100.00
2018-09-25 23:50:51 datetime=20180926115051
2018-09-25 23:50:51 returncode=2
2018-09-25 23:50:51 reserved=
2018-09-25 23:50:51 sign=C2E38D8385393C2472C80F3D21D8B180
2018-09-25 23:50:51 input方法
2018-09-25 23:50:51 memberid=YM123328&orderid=59799320180925234936&amount=100.00&datetime=20180926115051&returncode=2&reserved&sign=C2E38D8385393C2472C80F3D21D8B180
2018-09-25 23:50:51 memberid=YM123328
2018-09-25 23:50:51 orderid=59799320180925234936
2018-09-25 23:50:51 amount=100.00
2018-09-25 23:50:51 datetime=20180926115051
2018-09-25 23:50:51 returncode=2
2018-09-25 23:50:51 reserved=
2018-09-25 23:50:51 sign=C2E38D8385393C2472C80F3D21D8B180
2018-09-25 23:50:51 signtext=amount^100.00&datetime^20180926115051&memberid^YM123328&orderid^59799320180925234936&returncode^2&key=ee414e7f3907105e944d95c03f43c334
2018-09-25 23:50:51 mysign=C2E38D8385393C2472C80F3D21D8B180
2018-09-25 23:50:52 SUCCESSat 1
