2018-10-03 06:27:02 request方法
2018-10-03 06:27:02 post方法
2018-10-03 06:27:02 input方法
2018-10-03 06:27:02 {"merId":"360888890000144","orderAmt":"1.00","orderNo":"72006320181003062645","payDate":"2018-10-03","payNo":"2018100318264672069847710","payStatus":"S","payTime":"18:27:02","realAmt":"0.96","remark1":"remark1","remark2":"remark2","sign":"956d3a0078c99a589e08b48455b1068b","version":"1.0.0"}
2018-10-03 06:27:02 {"merId":"360888890000144","orderAmt":"1.00","orderNo":"72006320181003062645","payDate":"2018-10-03","payNo":"2018100318264672069847710","payStatus":"S","payTime":"18:27:02","realAmt":"0.96","remark1":"remark1","remark2":"remark2","sign":"956d3a0078c99a589e08b48455b1068b","version":"1.0.0"}
2018-10-03 06:27:02 merId=360888890000144
2018-10-03 06:27:02 orderAmt=1.00
2018-10-03 06:27:02 orderNo=72006320181003062645
2018-10-03 06:27:02 payDate=2018-10-03
2018-10-03 06:27:02 payNo=2018100318264672069847710
2018-10-03 06:27:02 payStatus=S
2018-10-03 06:27:02 payTime=18:27:02
2018-10-03 06:27:02 realAmt=0.96
2018-10-03 06:27:02 remark1=remark1
2018-10-03 06:27:02 remark2=remark2
2018-10-03 06:27:02 sign=956d3a0078c99a589e08b48455b1068b
2018-10-03 06:27:02 version=1.0.0
2018-10-03 06:27:02 signtext=merId=360888890000144&orderAmt=1.00&orderNo=72006320181003062645&payDate=2018-10-03&payNo=2018100318264672069847710&payStatus=S&payTime=18:27:02&realAmt=0.96&remark1=remark1&remark2=remark2&version=1.0.0&key=13496d0126edc7f48e3e717feca3c200
2018-10-03 06:27:02 mysign=956d3a0078c99a589e08b48455b1068b
2018-10-03 06:27:02 successat 1
