2018-06-20 04:43:24 request方法
2018-06-20 04:43:24 status=1
2018-06-20 04:43:24 customerid=10898
2018-06-20 04:43:24 sdpayno=2018062016412225545
2018-06-20 04:43:24 sdorderno=51942220180620044124
2018-06-20 04:43:24 total_fee=1.02
2018-06-20 04:43:24 paytype=alipay
2018-06-20 04:43:24 remark=remark
2018-06-20 04:43:24 sign=8a1f6e28f1fcb6e004a0f58d791c4403
2018-06-20 04:43:24 post方法
2018-06-20 04:43:24 status=1
2018-06-20 04:43:24 customerid=10898
2018-06-20 04:43:24 sdpayno=2018062016412225545
2018-06-20 04:43:24 sdorderno=51942220180620044124
2018-06-20 04:43:24 total_fee=1.02
2018-06-20 04:43:24 paytype=alipay
2018-06-20 04:43:24 remark=remark
2018-06-20 04:43:24 sign=8a1f6e28f1fcb6e004a0f58d791c4403
2018-06-20 04:43:24 input方法
2018-06-20 04:43:24 
2018-06-20 04:43:24 status=1
2018-06-20 04:43:24 customerid=10898
2018-06-20 04:43:24 sdpayno=2018062016412225545
2018-06-20 04:43:24 sdorderno=51942220180620044124
2018-06-20 04:43:24 total_fee=1.02
2018-06-20 04:43:24 paytype=alipay
2018-06-20 04:43:24 remark=remark
2018-06-20 04:43:24 sign=8a1f6e28f1fcb6e004a0f58d791c4403
2018-06-20 04:43:24 signtext=customerid=10898&status=1&sdpayno=2018062016412225545&sdorderno=51942220180620044124&total_fee=1.02&paytype=alipay&d19fc1d614573dc387dc3669fa8b9e752285cbb0
2018-06-20 04:43:24 mysign=8a1f6e28f1fcb6e004a0f58d791c4403
2018-06-20 04:43:24 success at 1
