2018-09-29 04:21:07 notify
2018-09-29 04:21:07 request方法
2018-09-29 04:21:07 amount=1.00
2018-09-29 04:21:07 code=1
2018-09-29 04:21:07 mid=105471000153
2018-09-29 04:21:07 msg=支付成功
2018-09-29 04:21:07 orderNo=74972220180929162048
2018-09-29 04:21:07 sign=+ArSnC93JiYTzKkBwBwLdg==
2018-09-29 04:21:07 type=alipay_srb
2018-09-29 04:21:07 post方法
2018-09-29 04:21:07 amount=1.00
2018-09-29 04:21:07 code=1
2018-09-29 04:21:07 mid=105471000153
2018-09-29 04:21:07 msg=支付成功
2018-09-29 04:21:07 orderNo=74972220180929162048
2018-09-29 04:21:07 sign=+ArSnC93JiYTzKkBwBwLdg==
2018-09-29 04:21:07 type=alipay_srb
2018-09-29 04:21:07 input方法
2018-09-29 04:21:07 amount=1.00&code=1&mid=105471000153&msg=%E6%94%AF%E4%BB%98%E6%88%90%E5%8A%9F&orderNo=74972220180929162048&sign=%2BArSnC93JiYTzKkBwBwLdg%3D%3D&type=alipay_srb
2018-09-29 04:21:07 amount=1.00
2018-09-29 04:21:07 code=1
2018-09-29 04:21:07 mid=105471000153
2018-09-29 04:21:07 msg=支付成功
2018-09-29 04:21:07 orderNo=74972220180929162048
2018-09-29 04:21:07 sign=+ArSnC93JiYTzKkBwBwLdg==
2018-09-29 04:21:07 type=alipay_srb
2018-09-29 04:21:07 signtext=amount=1.00&code=1&mid=105471000153&msg=支付成功&orderNo=74972220180929162048&type=alipay_srb&key=2f76c133-187a-4ec0-976d-51933b393c41
2018-09-29 04:21:07 mysign=+ArSnC93JiYTzKkBwBwLdg==
2018-09-29 04:21:07 at 1
2018-09-29 04:22:00 notify
2018-09-29 04:22:00 request方法
2018-09-29 04:22:00 amount=1.00
2018-09-29 04:22:00 code=1
2018-09-29 04:22:00 mid=105471000153
2018-09-29 04:22:00 msg=支付成功
2018-09-29 04:22:00 orderNo=74972220180929162048
2018-09-29 04:22:00 sign=+ArSnC93JiYTzKkBwBwLdg==
2018-09-29 04:22:00 type=alipay_srb
2018-09-29 04:22:00 post方法
2018-09-29 04:22:00 amount=1.00
2018-09-29 04:22:00 code=1
2018-09-29 04:22:00 mid=105471000153
2018-09-29 04:22:00 msg=支付成功
2018-09-29 04:22:00 orderNo=74972220180929162048
2018-09-29 04:22:00 sign=+ArSnC93JiYTzKkBwBwLdg==
2018-09-29 04:22:00 type=alipay_srb
2018-09-29 04:22:00 input方法
2018-09-29 04:22:00 amount=1.00&code=1&mid=105471000153&msg=%E6%94%AF%E4%BB%98%E6%88%90%E5%8A%9F&orderNo=74972220180929162048&sign=%2BArSnC93JiYTzKkBwBwLdg%3D%3D&type=alipay_srb
2018-09-29 04:22:00 amount=1.00
2018-09-29 04:22:00 code=1
2018-09-29 04:22:00 mid=105471000153
2018-09-29 04:22:00 msg=支付成功
2018-09-29 04:22:00 orderNo=74972220180929162048
2018-09-29 04:22:00 sign=+ArSnC93JiYTzKkBwBwLdg==
2018-09-29 04:22:00 type=alipay_srb
2018-09-29 04:22:00 signtext=amount=1.00&code=1&mid=105471000153&msg=支付成功&orderNo=74972220180929162048&type=alipay_srb&key=2f76c133-187a-4ec0-976d-51933b393c41
2018-09-29 04:22:00 mysign=+ArSnC93JiYTzKkBwBwLdg==
2018-09-29 04:22:00 at 0
