2018-06-21 21:37:27 request方法
2018-06-21 21:37:27 orderid=41969720180621212201
2018-06-21 21:37:27 opstate=0
2018-06-21 21:37:27 ovalue=1.00
2018-06-21 21:37:27 sysorderid=2280000191515296305222653
2018-06-21 21:37:27 systime=2018-06-22 09:22:21
2018-06-21 21:37:27 attach=luanma
2018-06-21 21:37:27 msg=
2018-06-21 21:37:27 sign=a4fc74a363d2af4c43245c17fceb4235
2018-06-21 21:37:27 post方法
2018-06-21 21:37:27 input方法
2018-06-21 21:37:27 
2018-06-21 21:37:27 -----BEGIN NOTIFY REQUEST DATA-----
2018-06-21 21:37:27 orderid=41969720180621212201
2018-06-21 21:37:27 opstate=0
2018-06-21 21:37:27 ovalue=1.00
2018-06-21 21:37:27 sysorderid=2280000191515296305222653
2018-06-21 21:37:27 systime=2018-06-22 09:22:21
2018-06-21 21:37:27 attach=luanma
2018-06-21 21:37:27 msg=
2018-06-21 21:37:27 sign=a4fc74a363d2af4c43245c17fceb4235
2018-06-21 21:37:27 -----END NOTIFY REQUEST DATA-----
2018-06-21 21:37:27 signtext=orderid=41969720180621212201&opstate=0&ovalue=1.0039d385f0f9d5d55b5e9873fe4f246c6f
2018-06-21 21:37:27 mysign=a4fc74a363d2af4c43245c17fceb4235
2018-06-21 21:37:27 opstate=0at 0
2018-06-21 21:38:33 request方法
2018-06-21 21:38:33 orderid=89904120180621213819
2018-06-21 21:38:33 opstate=0
2018-06-21 21:38:33 ovalue=1.00
2018-06-21 21:38:33 sysorderid=2280000191515296314996324
2018-06-21 21:38:33 systime=2018-06-22 09:38:31
2018-06-21 21:38:33 attach=luanma
2018-06-21 21:38:33 msg=
2018-06-21 21:38:33 sign=ce3b29f7f8ab38136153f57574d596b7
2018-06-21 21:38:33 post方法
2018-06-21 21:38:33 input方法
2018-06-21 21:38:33 
2018-06-21 21:38:33 -----BEGIN NOTIFY REQUEST DATA-----
2018-06-21 21:38:33 orderid=89904120180621213819
2018-06-21 21:38:33 opstate=0
2018-06-21 21:38:33 ovalue=1.00
2018-06-21 21:38:33 sysorderid=2280000191515296314996324
2018-06-21 21:38:33 systime=2018-06-22 09:38:31
2018-06-21 21:38:33 attach=luanma
2018-06-21 21:38:33 msg=
2018-06-21 21:38:33 sign=ce3b29f7f8ab38136153f57574d596b7
2018-06-21 21:38:33 -----END NOTIFY REQUEST DATA-----
2018-06-21 21:38:33 signtext=orderid=89904120180621213819&opstate=0&ovalue=1.0039d385f0f9d5d55b5e9873fe4f246c6f
2018-06-21 21:38:33 mysign=ce3b29f7f8ab38136153f57574d596b7
2018-06-21 21:38:33 opstate=0at 1
