2018-08-31 01:51:29 notify
2018-08-31 01:51:29 cpid=nfsq01
2018-08-31 01:51:29 cpparam=28523020180831135114
2018-08-31 01:51:29 fee=1000
2018-08-31 01:51:29 ffid=08sdt80376947862
2018-08-31 01:51:29 status=1
2018-08-31 01:51:29 ip=27.109.114.123
2018-08-31 01:51:29 sign=3537d2cb5fce616734431cbf5d46a89f
2018-08-31 01:51:29 transid=P0020180831135115016897
2018-08-31 01:51:29 signtext=cpid=nfsq01&cpparam=28523020180831135114&fee=1000&ffid=08sdt80376947862&key=8b2de685acc4efnfsq3f147eaded49bd
2018-08-31 01:51:29 mysign=3537d2cb5fce616734431cbf5d46a89f
2018-08-31 01:51:29 okat 1
2018-08-31 01:54:15 notify
2018-08-31 01:54:15 cpid=nfsq01
2018-08-31 01:54:15 cpparam=61517220180831135356
2018-08-31 01:54:15 fee=1000
2018-08-31 01:54:15 ffid=08sdx00179901506
2018-08-31 01:54:15 status=1
2018-08-31 01:54:15 ip=27.109.114.123
2018-08-31 01:54:15 sign=03c802fed084bffcfd55fecc1a2482da
2018-08-31 01:54:15 transid=P0020180831135356017266
2018-08-31 01:54:15 signtext=cpid=nfsq01&cpparam=61517220180831135356&fee=1000&ffid=08sdx00179901506&key=8b2de685acc4efnfsq3f147eaded49bd
2018-08-31 01:54:15 mysign=03c802fed084bffcfd55fecc1a2482da
2018-08-31 01:54:16 okat 1