2018-07-24 22:47:00 request方法
2018-07-24 22:47:00 apiName=PAY_RESULT_NOTIFY
2018-07-24 22:47:00 notifyTime=20180725104546
2018-07-24 22:47:00 tradeAmt=1.00
2018-07-24 22:47:00 merchNo=1000080002420
2018-07-24 22:47:00 merchParam=merchParam
2018-07-24 22:47:00 orderNo=29750120180725104625
2018-07-24 22:47:00 tradeDate=20180725
2018-07-24 22:47:00 accNo=7004592
2018-07-24 22:47:00 accDate=20180725
2018-07-24 22:47:00 orderStatus=1
2018-07-24 22:47:00 signMsg=FF994B2F5BA13717219AE70232D224EA
2018-07-24 22:47:00 notifyType=1
2018-07-24 22:47:00 post方法
2018-07-24 22:47:00 apiName=PAY_RESULT_NOTIFY
2018-07-24 22:47:00 notifyTime=20180725104546
2018-07-24 22:47:00 tradeAmt=1.00
2018-07-24 22:47:00 merchNo=1000080002420
2018-07-24 22:47:00 merchParam=merchParam
2018-07-24 22:47:00 orderNo=29750120180725104625
2018-07-24 22:47:00 tradeDate=20180725
2018-07-24 22:47:00 accNo=7004592
2018-07-24 22:47:00 accDate=20180725
2018-07-24 22:47:00 orderStatus=1
2018-07-24 22:47:00 signMsg=FF994B2F5BA13717219AE70232D224EA
2018-07-24 22:47:00 notifyType=1
2018-07-24 22:47:00 input方法
2018-07-24 22:47:00 apiName=PAY_RESULT_NOTIFY&notifyTime=20180725104546&tradeAmt=1.00&merchNo=1000080002420&merchParam=merchParam&orderNo=29750120180725104625&tradeDate=20180725&accNo=7004592&accDate=20180725&orderStatus=1&signMsg=FF994B2F5BA13717219AE70232D224EA&notifyType=1
2018-07-24 22:47:00 apiName=PAY_RESULT_NOTIFY
2018-07-24 22:47:00 notifyTime=20180725104546
2018-07-24 22:47:00 tradeAmt=1.00
2018-07-24 22:47:00 merchNo=1000080002420
2018-07-24 22:47:00 merchParam=merchParam
2018-07-24 22:47:00 orderNo=29750120180725104625
2018-07-24 22:47:00 tradeDate=20180725
2018-07-24 22:47:00 accNo=7004592
2018-07-24 22:47:00 accDate=20180725
2018-07-24 22:47:00 orderStatus=1
2018-07-24 22:47:00 signMsg=FF994B2F5BA13717219AE70232D224EA
2018-07-24 22:47:00 notifyType=1
2018-07-24 22:47:00 signtext=apiName=PAY_RESULT_NOTIFY&notifyTime=20180725104546&tradeAmt=1.00&merchNo=1000080002420&merchParam=merchParam&orderNo=29750120180725104625&tradeDate=20180725&accNo=7004592&accDate=20180725&orderStatus=1301ba128277cb56151f3c966f3fdd55e
2018-07-24 22:47:00 mysign=FF994B2F5BA13717219AE70232D224EA
2018-07-24 22:47:00 SUCCESSat 1
