2018-11-05 06:01:51 notify
2018-11-05 06:01:51 request方法
2018-11-05 06:01:51 number=2018110518002309720649476
2018-11-05 06:01:51 amount=1000
2018-11-05 06:01:51 tradeNo=74235420181105180122
2018-11-05 06:01:51 sign=d24795f8cb2bafedcf8006d4d7c06ed7
2018-11-05 06:01:51 state=1
2018-11-05 06:01:51 keyword=pay
2018-11-05 06:01:51 mchNo=xqemsp60
2018-11-05 06:01:51 signtext=amount=1000&keyword=pay&mchNo=xqemsp60&number=2018110518002309720649476&state=1&tradeNo=74235420181105180122&secret=ol08k2ed43pcvv34wo36qsqe2uo21sygq22y7b4tjqcsfegm0ih1k2rzv5q7m0zb
2018-11-05 06:01:51 mysign=d24795f8cb2bafedcf8006d4d7c06ed7
2018-11-05 06:01:51 SUCCESSat 1
2018-11-05 06:01:54 notify
2018-11-05 06:01:54 request方法
2018-11-05 06:01:54 number=2018110518002309720649476
2018-11-05 06:01:54 amount=1000
2018-11-05 06:01:54 tradeNo=74235420181105180122
2018-11-05 06:01:54 sign=d24795f8cb2bafedcf8006d4d7c06ed7
2018-11-05 06:01:54 state=1
2018-11-05 06:01:54 keyword=pay
2018-11-05 06:01:54 mchNo=xqemsp60
2018-11-05 06:01:54 signtext=amount=1000&keyword=pay&mchNo=xqemsp60&number=2018110518002309720649476&state=1&tradeNo=74235420181105180122&secret=ol08k2ed43pcvv34wo36qsqe2uo21sygq22y7b4tjqcsfegm0ih1k2rzv5q7m0zb
2018-11-05 06:01:54 mysign=d24795f8cb2bafedcf8006d4d7c06ed7
2018-11-05 06:01:54 SUCCESSat 0
