2018-07-22 05:53:55 request方法
2018-07-22 05:53:55 memberid=10132
2018-07-22 05:53:55 orderid=41807820180722174828
2018-07-22 05:53:55 transaction_id=20180722174826975450
2018-07-22 05:53:55 amount=1.0000
2018-07-22 05:53:55 datetime=20180722175352
2018-07-22 05:53:55 returncode=00
2018-07-22 05:53:55 sign=65EA4B3806692B70EC8BE5DBC055D97D
2018-07-22 05:53:55 attach=
2018-07-22 05:53:55 post方法
2018-07-22 05:53:55 memberid=10132
2018-07-22 05:53:55 orderid=41807820180722174828
2018-07-22 05:53:55 transaction_id=20180722174826975450
2018-07-22 05:53:55 amount=1.0000
2018-07-22 05:53:55 datetime=20180722175352
2018-07-22 05:53:55 returncode=00
2018-07-22 05:53:55 sign=65EA4B3806692B70EC8BE5DBC055D97D
2018-07-22 05:53:55 attach=
2018-07-22 05:53:55 input方法
2018-07-22 05:53:55 memberid=10132&orderid=41807820180722174828&transaction_id=20180722174826975450&amount=1.0000&datetime=20180722175352&returncode=00&sign=65EA4B3806692B70EC8BE5DBC055D97D&attach=
2018-07-22 05:53:55 memberid=10132
2018-07-22 05:53:55 orderid=41807820180722174828
2018-07-22 05:53:55 transaction_id=20180722174826975450
2018-07-22 05:53:55 amount=1.0000
2018-07-22 05:53:55 datetime=20180722175352
2018-07-22 05:53:55 returncode=00
2018-07-22 05:53:55 sign=65EA4B3806692B70EC8BE5DBC055D97D
2018-07-22 05:53:55 attach=
2018-07-22 05:53:55 signtext=amount=1.0000&datetime=20180722175352&memberid=10132&orderid=41807820180722174828&returncode=00&transaction_id=20180722174826975450&key=pyok7kkarp9yuzzj9ccxqert0a0nwj98
2018-07-22 05:53:55 mysign=65EA4B3806692B70EC8BE5DBC055D97D
2018-07-22 05:53:55 OKat 1
