2018-07-13 02:37:25 request方法
2018-07-13 02:37:25 memberid=10093
2018-07-13 02:37:25 orderid=57719620180713143642
2018-07-13 02:37:25 transaction_id=2018071314364415314638040000
2018-07-13 02:37:25 amount=10.0000
2018-07-13 02:37:25 datetime=2018-07-13 14:37:25
2018-07-13 02:37:25 returncode=00
2018-07-13 02:37:25 sign=9F9DAC9F231D4E7D547B0AC4495AB192
2018-07-13 02:37:25 attach=
2018-07-13 02:37:25 post方法
2018-07-13 02:37:25 memberid=10093
2018-07-13 02:37:25 orderid=57719620180713143642
2018-07-13 02:37:25 transaction_id=2018071314364415314638040000
2018-07-13 02:37:25 amount=10.0000
2018-07-13 02:37:25 datetime=2018-07-13 14:37:25
2018-07-13 02:37:25 returncode=00
2018-07-13 02:37:25 sign=9F9DAC9F231D4E7D547B0AC4495AB192
2018-07-13 02:37:25 attach=
2018-07-13 02:37:25 input方法
2018-07-13 02:37:25 memberid=10093&orderid=57719620180713143642&transaction_id=2018071314364415314638040000&amount=10.0000&datetime=2018-07-13 14:37:25&returncode=00&sign=9F9DAC9F231D4E7D547B0AC4495AB192&attach=
2018-07-13 02:37:25 memberid=10093
2018-07-13 02:37:25 orderid=57719620180713143642
2018-07-13 02:37:25 transaction_id=2018071314364415314638040000
2018-07-13 02:37:25 amount=10.0000
2018-07-13 02:37:25 datetime=2018-07-13 14:37:25
2018-07-13 02:37:25 returncode=00
2018-07-13 02:37:25 sign=9F9DAC9F231D4E7D547B0AC4495AB192
2018-07-13 02:37:25 attach=
2018-07-13 02:37:25 signtext=amount=10.0000&datetime=2018-07-13 14:37:25&memberid=10093&orderid=57719620180713143642&returncode=00&transaction_id=2018071314364415314638040000&key=r6wafwridc6zd89pe4iygjxqvc14xshh
2018-07-13 02:37:25 mysign=9F9DAC9F231D4E7D547B0AC4495AB192
2018-07-13 02:37:25 OKat 1
