2018-09-13 02:21:57 request方法
2018-09-13 02:21:57 status=1
2018-09-13 02:21:57 trade_no=2018091314202594234
2018-09-13 02:21:57 out_trade_no=41497320180913142025
2018-09-13 02:21:57 total_amount=1.00
2018-09-13 02:21:57 trade_type=gateway
2018-09-13 02:21:57 pay_time=
2018-09-13 02:21:57 sign=8247af76778b2e4bbe398895c31e5783
2018-09-13 02:21:57 sign_type=MD5
2018-09-13 02:21:57 post方法
2018-09-13 02:21:57 status=1
2018-09-13 02:21:57 trade_no=2018091314202594234
2018-09-13 02:21:57 out_trade_no=41497320180913142025
2018-09-13 02:21:57 total_amount=1.00
2018-09-13 02:21:57 trade_type=gateway
2018-09-13 02:21:57 pay_time=
2018-09-13 02:21:57 sign=8247af76778b2e4bbe398895c31e5783
2018-09-13 02:21:57 sign_type=MD5
2018-09-13 02:21:57 input方法
2018-09-13 02:21:57 
2018-09-13 02:21:57 status=1
2018-09-13 02:21:57 trade_no=2018091314202594234
2018-09-13 02:21:57 out_trade_no=41497320180913142025
2018-09-13 02:21:57 total_amount=1.00
2018-09-13 02:21:57 trade_type=gateway
2018-09-13 02:21:57 pay_time=
2018-09-13 02:21:57 sign=8247af76778b2e4bbe398895c31e5783
2018-09-13 02:21:57 sign_type=MD5
2018-09-13 02:21:57 signtext=out_trade_no=41497320180913142025&status=1&total_amount=1.00&trade_no=2018091314202594234&trade_type=gateway&key=d1b178a98429fb979f4fde57cf0bf67032c530af
2018-09-13 02:21:57 mysign=8247af76778b2e4bbe398895c31e5783
2018-09-13 02:21:57 successat 1
