2018-09-14 03:31:58 notify
2018-09-14 03:31:58 request方法
2018-09-14 03:31:58 amount=1
2018-09-14 03:31:58 cent=2
2018-09-14 03:31:58 create_time=1536910282
2018-09-14 03:31:58 fee=0.04
2018-09-14 03:31:58 finish_time=1536910317
2018-09-14 03:31:58 order_no=46963620180914033121
2018-09-14 03:31:58 order_status=1
2018-09-14 03:31:58 pay_type=1
2018-09-14 03:31:58 time=1536910317
2018-09-14 03:31:58 true_money=0.98
2018-09-14 03:31:58 true_price=1.02
2018-09-14 03:31:58 union_order_no=LU00065B9B63CA002284E3
2018-09-14 03:31:58 sign=9bc07f8cb039a718fa7a796cd250efa6
2018-09-14 03:31:58 post方法
2018-09-14 03:31:58 amount=1
2018-09-14 03:31:58 cent=2
2018-09-14 03:31:58 create_time=1536910282
2018-09-14 03:31:58 fee=0.04
2018-09-14 03:31:58 finish_time=1536910317
2018-09-14 03:31:58 order_no=46963620180914033121
2018-09-14 03:31:58 order_status=1
2018-09-14 03:31:58 pay_type=1
2018-09-14 03:31:58 time=1536910317
2018-09-14 03:31:58 true_money=0.98
2018-09-14 03:31:58 true_price=1.02
2018-09-14 03:31:58 union_order_no=LU00065B9B63CA002284E3
2018-09-14 03:31:58 sign=9bc07f8cb039a718fa7a796cd250efa6
2018-09-14 03:31:58 input方法
2018-09-14 03:31:58 amount=1&cent=2&create_time=1536910282&fee=0.04&finish_time=1536910317&order_no=46963620180914033121&order_status=1&pay_type=1&time=1536910317&true_money=0.98&true_price=1.02&union_order_no=LU00065B9B63CA002284E3&sign=9bc07f8cb039a718fa7a796cd250efa6
2018-09-14 03:31:58 amount=1
2018-09-14 03:31:58 cent=2
2018-09-14 03:31:58 create_time=1536910282
2018-09-14 03:31:58 fee=0.04
2018-09-14 03:31:58 finish_time=1536910317
2018-09-14 03:31:58 order_no=46963620180914033121
2018-09-14 03:31:58 order_status=1
2018-09-14 03:31:58 pay_type=1
2018-09-14 03:31:58 time=1536910317
2018-09-14 03:31:58 true_money=0.98
2018-09-14 03:31:58 true_price=1.02
2018-09-14 03:31:58 union_order_no=LU00065B9B63CA002284E3
2018-09-14 03:31:58 sign=9bc07f8cb039a718fa7a796cd250efa6
2018-09-14 03:31:58 signtext=1215369102820.041536910317469636201809140331211115369103170.981.02LU00065B9B63CA002284E3f9c8aea5aaef991b449e5b636e927308
2018-09-14 03:31:58 mysign=9bc07f8cb039a718fa7a796cd250efa6
2018-09-14 03:31:58 successat 1
