2018-10-12 05:45:40 notify
2018-10-12 05:45:40 order_id=17717120181012170302
2018-10-12 05:45:40 order_uid=
2018-10-12 05:45:40 pay_num=HA12349845038128
2018-10-12 05:45:40 price=100.00
2018-10-12 05:45:40 transaction_id=2018101539337538
2018-10-12 05:45:40 code=0000
2018-10-12 05:45:40 key=ddd4c176536b7e9988e0f3146dc1ea82
2018-10-12 05:45:40 msg=success
2018-10-12 05:45:40 signtext=17717120181012170302100.0020181015393375384ebe2237ce200abe80142b7b9d7c19696c46c0f9
2018-10-12 05:45:40 mysign=ddd4c176536b7e9988e0f3146dc1ea82
2018-10-12 05:45:40 successat 0
2018-10-12 05:46:02 notify
2018-10-12 05:46:02 order_id=17717120181012170302
2018-10-12 05:46:02 order_uid=
2018-10-12 05:46:02 pay_num=HA12349845038128
2018-10-12 05:46:02 price=100.00
2018-10-12 05:46:02 transaction_id=2018101539337562
2018-10-12 05:46:02 code=0000
2018-10-12 05:46:02 key=53e78742ed696e0df593127624db2754
2018-10-12 05:46:02 msg=success
2018-10-12 05:46:02 signtext=17717120181012170302100.0020181015393375624ebe2237ce200abe80142b7b9d7c19696c46c0f9
2018-10-12 05:46:02 mysign=53e78742ed696e0df593127624db2754
2018-10-12 05:46:02 successat 0
