2018-07-31 23:33:16 notify
2018-07-31 23:33:16 input方法
2018-07-31 23:33:16 amount=1.00&app_id=VgouOoNAoAbPMPvW7mALqTrUg4xDVIAV&nonce_str=4esWO3B9bwiBLYqX9kViUez9VTQD9G3k&notify_count=1&order_sn=83046220180731233256&payment_sn=2018080121001004900506740236&sign=ac484e5f4955beb268c0de5ed67c39ef
2018-07-31 23:33:16 REQUEST方法
2018-07-31 23:33:16 amount=1.00
2018-07-31 23:33:16 app_id=VgouOoNAoAbPMPvW7mALqTrUg4xDVIAV
2018-07-31 23:33:16 nonce_str=4esWO3B9bwiBLYqX9kViUez9VTQD9G3k
2018-07-31 23:33:16 notify_count=1
2018-07-31 23:33:16 order_sn=83046220180731233256
2018-07-31 23:33:16 payment_sn=2018080121001004900506740236
2018-07-31 23:33:16 sign=ac484e5f4955beb268c0de5ed67c39ef
2018-07-31 23:33:16 signtext=amount=1.00&app_id=VgouOoNAoAbPMPvW7mALqTrUg4xDVIAV&nonce_str=4esWO3B9bwiBLYqX9kViUez9VTQD9G3k&notify_count=1&order_sn=83046220180731233256&payment_sn=2018080121001004900506740236&app_key=HM2FlnY0Fyd5doHVeESuZxqdhbiNO5q4
2018-07-31 23:33:16 mysign=ac484e5f4955beb268c0de5ed67c39ef
2018-07-31 23:33:16 successat 1
2018-07-31 23:33:16 notify
2018-07-31 23:33:16 input方法
2018-07-31 23:33:16 amount=1.00&app_id=VgouOoNAoAbPMPvW7mALqTrUg4xDVIAV&nonce_str=5EALSCBIvEv6XChLlukYoSJs5IQUcVgY&notify_count=2&order_sn=83046220180731233256&payment_sn=2018080121001004900506740236&sign=4d9f4d3faedc63426d4b166afdd3cc3c
2018-07-31 23:33:16 REQUEST方法
2018-07-31 23:33:16 amount=1.00
2018-07-31 23:33:16 app_id=VgouOoNAoAbPMPvW7mALqTrUg4xDVIAV
2018-07-31 23:33:16 nonce_str=5EALSCBIvEv6XChLlukYoSJs5IQUcVgY
2018-07-31 23:33:16 notify_count=2
2018-07-31 23:33:16 order_sn=83046220180731233256
2018-07-31 23:33:16 payment_sn=2018080121001004900506740236
2018-07-31 23:33:16 sign=4d9f4d3faedc63426d4b166afdd3cc3c
2018-07-31 23:33:16 signtext=amount=1.00&app_id=VgouOoNAoAbPMPvW7mALqTrUg4xDVIAV&nonce_str=5EALSCBIvEv6XChLlukYoSJs5IQUcVgY&notify_count=2&order_sn=83046220180731233256&payment_sn=2018080121001004900506740236&app_key=HM2FlnY0Fyd5doHVeESuZxqdhbiNO5q4
2018-07-31 23:33:16 mysign=4d9f4d3faedc63426d4b166afdd3cc3c
2018-07-31 23:33:16 successat 0
2018-07-31 23:33:26 notify
2018-07-31 23:33:26 input方法
2018-07-31 23:33:26 amount=1.00&app_id=VgouOoNAoAbPMPvW7mALqTrUg4xDVIAV&nonce_str=er1uGBDir5SafT7POQo02TC8dYP5abwm&notify_count=1&order_sn=83046220180731233256&payment_sn=2018080121001004900506740236&sign=020bc0005af637c4c76caf3f51a34b2a
2018-07-31 23:33:26 REQUEST方法
2018-07-31 23:33:26 amount=1.00
2018-07-31 23:33:26 app_id=VgouOoNAoAbPMPvW7mALqTrUg4xDVIAV
2018-07-31 23:33:26 nonce_str=er1uGBDir5SafT7POQo02TC8dYP5abwm
2018-07-31 23:33:26 notify_count=1
2018-07-31 23:33:26 order_sn=83046220180731233256
2018-07-31 23:33:26 payment_sn=2018080121001004900506740236
2018-07-31 23:33:26 sign=020bc0005af637c4c76caf3f51a34b2a
2018-07-31 23:33:26 signtext=amount=1.00&app_id=VgouOoNAoAbPMPvW7mALqTrUg4xDVIAV&nonce_str=er1uGBDir5SafT7POQo02TC8dYP5abwm&notify_count=1&order_sn=83046220180731233256&payment_sn=2018080121001004900506740236&app_key=HM2FlnY0Fyd5doHVeESuZxqdhbiNO5q4
2018-07-31 23:33:26 mysign=020bc0005af637c4c76caf3f51a34b2a
2018-07-31 23:33:26 successat 0
