2018-10-09 02:09:22 request方法
2018-10-09 02:09:22 mid=80182
2018-10-09 02:09:22 oid=24173220181009020822
2018-10-09 02:09:22 amt=500.00
2018-10-09 02:09:22 tamt=500.00
2018-10-09 02:09:22 way=1
2018-10-09 02:09:22 remark=
2018-10-09 02:09:22 code=100
2018-10-09 02:09:22 sign=c5049f80033d1c471592e82cd2fa5580
2018-10-09 02:09:22 post方法
2018-10-09 02:09:22 mid=80182
2018-10-09 02:09:22 oid=24173220181009020822
2018-10-09 02:09:22 amt=500.00
2018-10-09 02:09:22 tamt=500.00
2018-10-09 02:09:22 way=1
2018-10-09 02:09:22 remark=
2018-10-09 02:09:22 code=100
2018-10-09 02:09:22 sign=c5049f80033d1c471592e82cd2fa5580
2018-10-09 02:09:22 input方法
2018-10-09 02:09:22 
2018-10-09 02:09:22 mid=80182
2018-10-09 02:09:22 oid=24173220181009020822
2018-10-09 02:09:22 amt=500.00
2018-10-09 02:09:22 tamt=500.00
2018-10-09 02:09:22 way=1
2018-10-09 02:09:22 remark=
2018-10-09 02:09:22 code=100
2018-10-09 02:09:22 sign=c5049f80033d1c471592e82cd2fa5580
2018-10-09 02:09:22 signtext=8018224173220181009020822500.001100adf1a5576c78bc0dbb1bc8f67f2dad8b
2018-10-09 02:09:22 mysign=c5049f80033d1c471592e82cd2fa5580
2018-10-09 02:09:22 okat 1
2018-10-09 02:09:25 -----return
