2018-08-19 03:49:55 notify
2018-08-19 03:49:55 respcode=1
2018-08-19 03:49:55 merchantid=10952
2018-08-19 03:49:55 ordernum=2018081915363748590
2018-08-19 03:49:55 merordernum=50445520180819033637
2018-08-19 03:49:55 orderamt=1.00
2018-08-19 03:49:55 paytype=alipay
2018-08-19 03:49:55 attach=
2018-08-19 03:49:55 sign=7bca9ee95ac46d682b765cc4587ef700
2018-08-19 03:49:55 signtext=merchantid=10952&respcode=1&ordernum=2018081915363748590&merordernum=50445520180819033637&orderamt=1.00&paytype=alipay&166f325a6bdbec33f99e4069540aaddfff5b383a
2018-08-19 03:49:55 mysign=7bca9ee95ac46d682b765cc4587ef700
2018-08-19 03:49:55 successat 1
2018-08-19 03:49:59 notify
2018-08-19 03:49:59 respcode=1
2018-08-19 03:49:59 merchantid=10952
2018-08-19 03:49:59 ordernum=2018081915345936336
2018-08-19 03:49:59 merordernum=66886720180819033459
2018-08-19 03:49:59 orderamt=1.00
2018-08-19 03:49:59 paytype=weixin
2018-08-19 03:49:59 attach=
2018-08-19 03:49:59 sign=9300402f6ff0f4e6c512b869a4c46937
2018-08-19 03:49:59 signtext=merchantid=10952&respcode=1&ordernum=2018081915345936336&merordernum=66886720180819033459&orderamt=1.00&paytype=weixin&166f325a6bdbec33f99e4069540aaddfff5b383a
2018-08-19 03:49:59 mysign=9300402f6ff0f4e6c512b869a4c46937
2018-08-19 03:49:59 successat 1
