2018-09-06 05:02:28 request方法
2018-09-06 05:02:28 payId=1037626822226874368
2018-09-06 05:02:28 prdOrdNo=53678320180906050127
2018-09-06 05:02:28 transType=008
2018-09-06 05:02:28 orderAmount=2000
2018-09-06 05:02:28 signType=MD5
2018-09-06 05:02:28 merId=JQ00519099
2018-09-06 05:02:28 versionId=1.1
2018-09-06 05:02:28 payTime=20180906170228
2018-09-06 05:02:28 orderStatus=01
2018-09-06 05:02:28 synNotifyUrl=http://paytest.7k111.com/pay/jinjiupay/return_url.php
2018-09-06 05:02:28 signData=FA8800C75D53E06A5DCF231719A3EAD3
2018-09-06 05:02:28 asynNotifyUrl=http://paytest.7k111.com/pay/jinjiupay/notify_url.php
2018-09-06 05:02:28 post方法
2018-09-06 05:02:28 payId=1037626822226874368
2018-09-06 05:02:28 prdOrdNo=53678320180906050127
2018-09-06 05:02:28 transType=008
2018-09-06 05:02:28 orderAmount=2000
2018-09-06 05:02:28 signType=MD5
2018-09-06 05:02:28 merId=JQ00519099
2018-09-06 05:02:28 versionId=1.1
2018-09-06 05:02:28 payTime=20180906170228
2018-09-06 05:02:28 orderStatus=01
2018-09-06 05:02:28 synNotifyUrl=http://paytest.7k111.com/pay/jinjiupay/return_url.php
2018-09-06 05:02:28 signData=FA8800C75D53E06A5DCF231719A3EAD3
2018-09-06 05:02:28 asynNotifyUrl=http://paytest.7k111.com/pay/jinjiupay/notify_url.php
2018-09-06 05:02:28 input方法
2018-09-06 05:02:28 payId=1037626822226874368&prdOrdNo=53678320180906050127&transType=008&orderAmount=2000&signType=MD5&merId=JQ00519099&versionId=1.1&payTime=20180906170228&orderStatus=01&synNotifyUrl=http%3A%2F%2Fpaytest.7k111.com%2Fpay%2Fjinjiupay%2Freturn_url.php&signData=FA8800C75D53E06A5DCF231719A3EAD3&asynNotifyUrl=http%3A%2F%2Fpaytest.7k111.com%2Fpay%2Fjinjiupay%2Fnotify_url.php
2018-09-06 05:02:28 payId=1037626822226874368
2018-09-06 05:02:28 prdOrdNo=53678320180906050127
2018-09-06 05:02:28 transType=008
2018-09-06 05:02:28 orderAmount=2000
2018-09-06 05:02:28 signType=MD5
2018-09-06 05:02:28 merId=JQ00519099
2018-09-06 05:02:28 versionId=1.1
2018-09-06 05:02:28 payTime=20180906170228
2018-09-06 05:02:28 orderStatus=01
2018-09-06 05:02:28 synNotifyUrl=http://paytest.7k111.com/pay/jinjiupay/return_url.php
2018-09-06 05:02:28 signData=FA8800C75D53E06A5DCF231719A3EAD3
2018-09-06 05:02:28 asynNotifyUrl=http://paytest.7k111.com/pay/jinjiupay/notify_url.php
2018-09-06 05:02:28 signtext=asynNotifyUrl=http://paytest.7k111.com/pay/jinjiupay/notify_url.php&merId=JQ00519099&orderAmount=2000&orderStatus=01&payId=1037626822226874368&payTime=20180906170228&prdOrdNo=53678320180906050127&signType=MD5&synNotifyUrl=http://paytest.7k111.com/pay/jinjiupay/return_url.php&transType=008&versionId=1.1&key=uyxguU7mKTHB
2018-09-06 05:02:28 mysign=FA8800C75D53E06A5DCF231719A3EAD3
2018-09-06 05:02:29 SUCCESSat 1
