2018-10-30 01:25:02 notify
2018-10-30 01:25:02 memberid=10077
2018-10-30 01:25:02 orderid=96795420181030012426
2018-10-30 01:25:02 transaction_id=20181030132427985453
2018-10-30 01:25:02 amount=1.0000
2018-10-30 01:25:02 datetime=20181030132502
2018-10-30 01:25:02 returncode=00
2018-10-30 01:25:02 sign=4C165DFBD77004336A19EBB012FC5603
2018-10-30 01:25:02 attach=
2018-10-30 01:25:02 signtext=amount=1.0000&datetime=20181030132502&memberid=10077&orderid=96795420181030012426&returncode=00&transaction_id=20181030132427985453&key=v480ht6n6t9xwdlfa7s5gh8a2axcjmvx
2018-10-30 01:25:02 mysign=4C165DFBD77004336A19EBB012FC5603
2018-10-30 01:25:02 OKat 1
2018-10-30 01:25:05 return:memberid=10077
2018-10-30 01:25:05 return:orderid=96795420181030012426
2018-10-30 01:25:05 return:transaction_id=20181030132427985453
2018-10-30 01:25:05 return:amount=1.0000
2018-10-30 01:25:05 return:datetime=20181030132505
2018-10-30 01:25:05 return:returncode=00
2018-10-30 01:25:05 return:sign=4DF9031371FDA6AAA8C35F8B54688946
2018-10-30 01:25:05 return:attach=
2018-10-30 01:25:05 signtext=amount=1.0000&datetime=20181030132505&memberid=10077&orderid=96795420181030012426&returncode=00&transaction_id=20181030132427985453&key=v480ht6n6t9xwdlfa7s5gh8a2axcjmvx
2018-10-30 01:25:05 mysign=4DF9031371FDA6AAA8C35F8B54688946
