2018-06-27 05:00:00 code=0000
2018-06-27 05:00:00 currency=CNY
2018-06-27 05:00:00 merId=929000053991119
2018-06-27 05:00:00 merOrderId=98056820180627045518
2018-06-27 05:00:00 message=请求处理成功
2018-06-27 05:00:00 orderId=16180627165519409887
2018-06-27 05:00:00 signMethod=MD5
2018-06-27 05:00:00 signature=DB98CC2A2703F684EA6F309EA13B5CAB
2018-06-27 05:00:00 success=true
2018-06-27 05:00:00 txnAmt=3000
2018-06-27 05:00:00 signtext=&code=0000&currency=CNY&merId=929000053991119&merOrderId=98056820180627045518&message=请求处理成功&orderId=16180627165519409887&success=true&txnAmt=3000fc9811183f29ee408112fea010a1f288
2018-06-27 05:00:00 mysign=DB98CC2A2703F684EA6F309EA13B5CAB
2018-06-27 05:00:00 successat 1
2018-06-27 05:00:00 code=0000
2018-06-27 05:00:00 currency=CNY
2018-06-27 05:00:00 merId=929000053991119
2018-06-27 05:00:00 merOrderId=98056820180627045518
2018-06-27 05:00:00 message=请求处理成功
2018-06-27 05:00:00 orderId=16180627165519409887
2018-06-27 05:00:00 signMethod=MD5
2018-06-27 05:00:00 signature=DB98CC2A2703F684EA6F309EA13B5CAB
2018-06-27 05:00:00 success=true
2018-06-27 05:00:00 txnAmt=3000
2018-06-27 05:00:00 signtext=&code=0000&currency=CNY&merId=929000053991119&merOrderId=98056820180627045518&message=请求处理成功&orderId=16180627165519409887&success=true&txnAmt=3000fc9811183f29ee408112fea010a1f288
2018-06-27 05:00:00 mysign=DB98CC2A2703F684EA6F309EA13B5CAB
2018-06-27 05:00:00 successat 0
