2018-07-04 22:14:54 orderid=13275120180704221401
2018-07-04 22:14:54 opstate=0
2018-07-04 22:14:54 ovalue=1.00
2018-07-04 22:14:54 systime=2018/07/05 10:14:56
2018-07-04 22:14:54 sysorderid=1807051014062680440
2018-07-04 22:14:54 completiontime=2018/07/05 10:14:56
2018-07-04 22:14:54 attach=
2018-07-04 22:14:54 msg=支付成功
2018-07-04 22:14:54 sign=2806d5b454cc53a2eeb8f8301a7c95b1
2018-07-04 22:14:54 signtext=orderid=13275120180704221401&opstate=0&ovalue=1.006f509c8d0346455f948c9f171d03a077
2018-07-04 22:14:54 mysign=2806d5b454cc53a2eeb8f8301a7c95b1
2018-07-04 22:14:54 opstate=0at 1
2018-07-04 22:14:54 orderid=13275120180704221401
2018-07-04 22:14:54 opstate=0
2018-07-04 22:14:54 ovalue=1.00
2018-07-04 22:14:54 systime=2018/07/05 10:14:58
2018-07-04 22:14:54 sysorderid=1807051014062680440
2018-07-04 22:14:54 completiontime=2018/07/05 10:14:58
2018-07-04 22:14:54 attach=
2018-07-04 22:14:54 msg=支付成功
2018-07-04 22:14:54 sign=2806d5b454cc53a2eeb8f8301a7c95b1
2018-07-04 22:14:54 signtext=orderid=13275120180704221401&opstate=0&ovalue=1.006f509c8d0346455f948c9f171d03a077
2018-07-04 22:14:54 mysign=2806d5b454cc53a2eeb8f8301a7c95b1
2018-07-04 22:14:54 opstate=0at 0
